0. 273.698 -> 1
1. 272.899 -> 2
2. 231.049 -> 6
3. 207.18 -> 7
4. 202.695 -> 10
5. 182.934 -> 11
6. 181.616 -> 12
7. 167.528 -> 13
8. 153.563 -> 14
9. 153.438 -> 15
10. 149.737 -> 16
11. 143.69 -> 18
12. 142.843 -> 19
13. 124.097 -> 21
14. 113.543 -> 22
15. 112.153 -> 23
16. 90.4805 -> 24
17. 89.2937 -> 25
18. 82.1255 -> 26
19. 61.3553 -> 27
20. 61.0445 -> 28
21. 47.8681 -> 30
22. 32.0923 -> 35
23. 30.0612 -> 39
24. 27.5428 -> 40
25. 23.1428 -> 41
26. 5.67731 -> 50
27. 5.11891 -> 52
28. 5.10956 -> 53
29. 5.06574 -> 59
30. 3.42923 -> 60
31. 3.42717 -> 70
32. 3.24177 -> 71
33. 3.1805 -> 72
34. 3.06081 -> 73
35. 2.44788 -> 82
36. 2.42147 -> 83
37. 2.37787 -> 84
38. 2.29427 -> 85
39. 2.00206 -> 93
40. 1.87136 -> 94
41. 1.52912 -> 96
42. 1.21035 -> 101
43. 1.17209 -> 119
44. 0.94422 -> 130
45. 0.922305 -> 169
46. 0.91343 -> 170
47. 0.71572 -> 174
48. 0.293123 -> 181
49. 0.289648 -> 182
50. 0.289073 -> 183
51. 0.287548 -> 184
52. 0.287225 -> 185
53. 0.286805 -> 186
54. 0.192977 -> 205
55. 0.192139 -> 206
56. 0.185539 -> 209
57. 0.182877 -> 211
58. 0.177277 -> 212
59. 0.175427 -> 214
60. 0.171841 -> 265
61. 0.171295 -> 269
62. 0.161727 -> 272
63. 0.160803 -> 275
64. 0.158559 -> 277
65. 0.132064 -> 280
66. 0.105169 -> 299
67. 0.104956 -> 300
68. 0.0931562 -> 301
69. 0.0741562 -> 302
70. 0.0720703 -> 304
71. 0.0689266 -> 387
72. 0.0469266 -> 388
73. 0.0454812 -> 395
74. 210.665 -> 1001
75. 192.79 -> 1002
76. 189.494 -> 1003
77. 173.887 -> 1004
78. 166.842 -> 1005
79. 158.253 -> 1006
80. 145.571 -> 1007
81. 121.789 -> 1008
82. 103.352 -> 1011
83. 88.1461 -> 1012
84. 76.416 -> 1015
85. 73.7075 -> 1017
86. 45.3438 -> 1018
87. 43.8867 -> 1020
88. 26.9078 -> 1021
89. 22.6453 -> 1023
90. 18.1463 -> 1025
91. 14.6219 -> 1026
92. 13.541 -> 1028
93. 13.4563 -> 1029
94. 12.873 -> 1032
95. 11.7075 -> 1034
96. 10.3032 -> 1036
97. 8.96758 -> 1040
98. 8.96755 -> 1043
99. 8.96244 -> 1044
100. 8.01364 -> 1045
101. 4.74576 -> 1047
102. 4.7453 -> 1049
103. 4.60401 -> 1051
104. 4.38764 -> 1063
105. 2.73586 -> 1066
106. 2.47995 -> 1068
107. 1.66686 -> 1069
108. 1.58101 -> 1143
109. 1.51327 -> 1145
110. 1.49913 -> 1146
111. 0.963731 -> 1147
112. 0.959206 -> 1148
113. 0.857606 -> 1151
114. 0.851469 -> 1153
115. 0.819544 -> 1154
116. 0.817464 -> 1155
117. 0.693623 -> 1156
118. 0.574408 -> 1157
119. 0.365056 -> 1158
120. 0.365006 -> 1159
121. 0.360788 -> 1160
122. 0.351588 -> 1161
123. 0.320313 -> 1167
124. 0.311975 -> 1171
125. 0.311377 -> 1172
126. 0.284242 -> 1180
127. 0.273006 -> 1182
128. 0.260806 -> 1183
129. 0.255811 -> 1184
130. 0.246331 -> 1186
131. 0.243469 -> 1189
132. 0.236669 -> 1190
133. 0.111084 -> 1203
134. 0.110836 -> 1206
135. 0.101436 -> 1207
136. 0.0618359 -> 1208
137. 0.0509656 -> 1211
138. 308.423 -> 2001
139. 135.006 -> 2002
140. 120.755 -> 2007
141. 114.851 -> 2008
142. 93.2238 -> 2009
143. 85.0187 -> 2010
144. 79.857 -> 2011
145. 79.291 -> 2012
146. 50.8438 -> 2015
147. 50.2569 -> 2017
148. 42.4319 -> 2025
149. 28.2612 -> 2026
150. 27.3666 -> 2027
151. 25.3477 -> 2029
152. 24.5852 -> 2030
153. 24.0272 -> 2031
154. 15.2479 -> 2032
155. 14.7938 -> 2041
156. 9.1457 -> 2049
157. 8.1089 -> 2050
158. 7.41956 -> 2055
159. 6.35241 -> 2057
160. 6.23277 -> 2068
161. 5.85112 -> 2072
162. 5.80312 -> 2075
163. 4.76777 -> 2082
164. 4.70957 -> 2087
165. 4.55435 -> 2088
166. 4.07844 -> 2089
167. 4.07575 -> 2090
168. 3.50454 -> 2091
169. 3.45932 -> 2093
170. 3.21581 -> 2097
171. 2.91461 -> 2098
172. 2.38981 -> 2100
173. 1.88185 -> 2137
174. 1.64651 -> 2141
175. 1.61056 -> 2144
176. 1.53042 -> 2145
177. 1.14999 -> 2148
178. 0.877111 -> 2150
179. 0.738327 -> 2156
180. 0.665252 -> 2160
181. 0.629652 -> 2161
182. 0.588452 -> 2168
183. 0.558417 -> 2193
184. 0.473198 -> 2199
185. 0.399175 -> 2220
186. 0.347692 -> 2270
187. 0.330891 -> 2274
188. 0.254066 -> 2275
189. 0.163691 -> 2276
190. 0.145584 -> 2306
191. 0.118191 -> 2312
192. 0.11615 -> 2313
193. 0.108314 -> 2319
194. 0.106889 -> 2320
195. 0.0605438 -> 2740
196. 0.0604437 -> 2742
197. 0.0551938 -> 2744
198. 0.0470625 -> 2745
199. 142.67 -> 3001
200. 141.936 -> 3002
201. 141.013 -> 3003
202. 122.92 -> 3004
203. 117.125 -> 3005
204. 109.566 -> 3006
205. 91.3682 -> 3007
206. 64.2345 -> 3009
207. 64.1356 -> 3010
208. 60.7017 -> 3011
209. 48.7558 -> 3012
210. 47.8878 -> 3016
211. 46.0391 -> 3019
212. 45.6996 -> 3020
213. 45.3703 -> 3024
214. 38.5862 -> 3025
215. 37.5502 -> 3026
216. 32.1456 -> 3033
217. 19.315 -> 3036
218. 19.1123 -> 3043
219. 17.642 -> 3045
220. 16.7218 -> 3046
221. 7.58264 -> 3047
222. 7.54124 -> 3049
223. 6.59212 -> 3050
224. 3.75787 -> 3053
225. 3.73118 -> 3060
226. 3.61008 -> 3061
227. 3.34248 -> 3062
228. 3.3355 -> 3064
229. 3.20706 -> 3065
230. 3.20438 -> 3068
231. 2.95695 -> 3073
232. 2.0351 -> 3079
233. 1.91419 -> 3089
234. 1.91268 -> 3090
235. 1.45035 -> 3096
236. 1.15861 -> 3125
237. 1.13471 -> 3126
238. 1.04325 -> 3127
239. 0.961947 -> 3129
240. 0.83587 -> 3142
241. 0.624414 -> 3146
242. 0.611386 -> 3154
243. 0.5484 -> 3157
244. 0.502494 -> 3158
245. 0.439048 -> 3283
246. 0.395294 -> 3284
247. 0.342638 -> 3367
248. 0.33935 -> 3368
249. 0.2925 -> 3376
250. 0.29167 -> 3377
251. 0.29135 -> 3378
252. 0.288888 -> 3379
253. 0.252558 -> 3380
254. 0.237995 -> 3382
255. 0.196395 -> 3384
256. 0.13637 -> 3385
257. 0.1362 -> 3387
258. 0.13587 -> 3389
259. 0.135352 -> 3390
260. 0.134177 -> 3391
261. 0.123553 -> 3392
262. 0.122687 -> 3396
263. 0.108302 -> 3557
264. 280.72 -> 4001
265. 181.959 -> 4002
266. 84.0314 -> 4006
267. 68.5813 -> 4007
268. 68.2417 -> 4008
269. 62.1423 -> 4009
270. 61.2069 -> 4011
271. 53.9605 -> 4012
272. 53.7633 -> 4013
273. 43.8905 -> 4014
274. 35.5577 -> 4017
275. 35.0097 -> 4021
276. 35.001 -> 4022
277. 34.9001 -> 4023
278. 28.5543 -> 4024
279. 28.4692 -> 4027
280. 26.1573 -> 4028
281. 20.4565 -> 4029
282. 20.0785 -> 4030
283. 19.2362 -> 4031
284. 16.1414 -> 4032
285. 10.4505 -> 4034
286. 9.80593 -> 4036
287. 9.50017 -> 4039
288. 8.61768 -> 4042
289. 7.30123 -> 4049
290. 7.01586 -> 4051
291. 4.92946 -> 4052
292. 4.45233 -> 4066
293. 4.01587 -> 4077
294. 3.6927 -> 4079
295. 3.6315 -> 4080
296. 3.30318 -> 4085
297. 3.02545 -> 4090
298. 2.57644 -> 4092
299. 2.41178 -> 4093
300. 2.36235 -> 4094
301. 2.33675 -> 4096
302. 1.94095 -> 4098
303. 1.69228 -> 4099
304. 1.62779 -> 4100
305. 1.61911 -> 4102
306. 1.49991 -> 4103
307. 1.38602 -> 4107
308. 1.36482 -> 4109
309. 1.31473 -> 4112
310. 1.16535 -> 4127
311. 1.16108 -> 4128
312. 1.06229 -> 4129
313. 0.433014 -> 4130
314. 0.388064 -> 4132
315. 0.371227 -> 4133
316. 0.226672 -> 4139
317. 0.222427 -> 4159
318. 0.117627 -> 4160
319. 0.113727 -> 4161
320. 0.0910516 -> 4164
321. 0.0796781 -> 4171
322. 0.0639234 -> 4180
323. 0.0614234 -> 4182
324. 0.0564234 -> 4183
325. 0.0563031 -> 4185
326. 0.0557484 -> 4186
327. 0.0503234 -> 4187
328. 0.0445484 -> 4188
329. 0.0351484 -> 4189
330. 0.0348859 -> 4190
331. 0.0257953 -> 4194
332. 0.0252953 -> 4195
333. 0.0215625 -> 4198
334. 0.0211125 -> 4199
335. 0.0204328 -> 4201
336. 0.0166516 -> 4203
337. 0.01555 -> 4204
338. 194.9 -> 5001
339. 153.863 -> 5002
340. 103.632 -> 5003
341. 101.578 -> 5004
342. 99.715 -> 5005
343. 97.4512 -> 5006
344. 84.4258 -> 5007
345. 70.5051 -> 5009
346. 70.3585 -> 5010
347. 48.2301 -> 5011
348. 45.0706 -> 5016
349. 42.4756 -> 5017
350. 30.6985 -> 5022
351. 29.4948 -> 5024
352. 28.9864 -> 5025
353. 28.2576 -> 5026
354. 22.2798 -> 5027
355. 15.4611 -> 5030
356. 15.0811 -> 5038
357. 13.0229 -> 5039
358. 11.7237 -> 5040
359. 11.6888 -> 5041
360. 9.14036 -> 5042
361. 7.4627 -> 5054
362. 7.46131 -> 5055
363. 7.31178 -> 5060
364. 6.54853 -> 5062
365. 5.92323 -> 5075
366. 4.45543 -> 5088
367. 4.1693 -> 5112
368. 4.16775 -> 5135
369. 3.78276 -> 5139
370. 3.6558 -> 5166
371. 3.57333 -> 5171
372. 3.52275 -> 5173
373. 2.46353 -> 5174
374. 2.35293 -> 5175
375. 2.08088 -> 5176
376. 1.90739 -> 5187
377. 1.83118 -> 5192
378. 1.69736 -> 5193
379. 1.68536 -> 5194
380. 1.64756 -> 5196
381. 1.6421 -> 5197
382. 1.3821 -> 5198
383. 1.23684 -> 5199
384. 1.05261 -> 5200
385. 0.969483 -> 5212
386. 0.914027 -> 5217
387. 0.503337 -> 5223
388. 0.407909 -> 5338
389. 0.383284 -> 5339
390. 0.345295 -> 5342
391. 0.20817 -> 5350
392. 0.15897 -> 5352
393. 0.149595 -> 5353
394. 0.119747 -> 5358
395. 271.195 -> 6001
396. 205.771 -> 6002
397. 180.752 -> 6003
398. 156.24 -> 6004
399. 146.276 -> 6005
400. 136.796 -> 6006
401. 135.052 -> 6007
402. 129.363 -> 6008
403. 94.2047 -> 6009
404. 74.8299 -> 6011
405. 74.0451 -> 6012
406. 63.1523 -> 6013
407. 58.7773 -> 6014
408. 45.9099 -> 6016
409. 39.8904 -> 6018
410. 27.1379 -> 6021
411. 26.706 -> 6024
412. 25.5028 -> 6025
413. 25.2992 -> 6027
414. 25.2893 -> 6028
415. 23.1414 -> 6030
416. 23.0381 -> 6031
417. 22.5541 -> 6032
418. 19.049 -> 6033
419. 17.8001 -> 6037
420. 17.7907 -> 6038
421. 14.4148 -> 6043
422. 13.7569 -> 6050
423. 13.6683 -> 6051
424. 11.7083 -> 6052
425. 10.8132 -> 6056
426. 7.94758 -> 6062
427. 6.5498 -> 6070
428. 4.5562 -> 6073
429. 4.0926 -> 6075
430. 3.91009 -> 6084
431. 2.24207 -> 6085
432. 1.71247 -> 6086
433. 1.30757 -> 6094
434. 1.26948 -> 6106
435. 1.12468 -> 6107
436. 0.899856 -> 6108
437. 0.706725 -> 6115
438. 0.460322 -> 6118
439. 0.423222 -> 6119
440. 0.347752 -> 6122
441. 0.320364 -> 6123
442. 0.307164 -> 6124
443. 0.256508 -> 6129
444. 0.0695859 -> 6130
445. 0.0657359 -> 6131
446. 0.0557359 -> 6132
447. 0.0555422 -> 6133
448. 0.0517422 -> 6134
449. 0.0382672 -> 6135
450. 255.957 -> 7001
451. 197.36 -> 7002
452. 163.439 -> 7004
453. 116.732 -> 7005
454. 51.0517 -> 7007
455. 41.0541 -> 7008
456. 38.5722 -> 7009
457. 36.4715 -> 7010
458. 36.2395 -> 7011
459. 36.1015 -> 7012
460. 32.9087 -> 7013
461. 20.7625 -> 7018
462. 20.6648 -> 7020
463. 10.8646 -> 7023
464. 10.7972 -> 7024
465. 7.85078 -> 7025
466. 6.18901 -> 7046
467. 4.22505 -> 7048
468. 4.2169 -> 7050
469. 4.19784 -> 7051
470. 3.81141 -> 7052
471. 2.6127 -> 7055
472. 2.52513 -> 7056
473. 2.37823 -> 7057
474. 1.86562 -> 7058
475. 1.85402 -> 7059
476. 1.785 -> 7069
477. 1.7218 -> 7070
478. 1.53087 -> 7071
479. 1.22704 -> 7072
480. 1.07254 -> 7073
481. 0.765352 -> 7082
482. 0.699352 -> 7087
483. 0.583002 -> 7090
484. 0.530723 -> 7146
485. 0.306061 -> 7149
486. 0.238452 -> 7509
487. 0.229483 -> 7597
488. 0.227972 -> 7598
489. 0.193995 -> 7599
490. 0.176583 -> 7602
491. 0.135745 -> 7652
492. 0.13507 -> 7653
493. 0.12808 -> 7932
494. 0.114798 -> 7933
495. 0.112998 -> 7934
496. 207.291 -> 8001
497. 204.494 -> 8002
498. 202.323 -> 8003
499. 199.99 -> 8004
500. 199.95 -> 8005
501. 192.996 -> 8006
502. 170.149 -> 8007
503. 143.48 -> 8010
504. 141.317 -> 8011
505. 117.078 -> 8012
506. 116.301 -> 8013
507. 113.976 -> 8014
508. 99.524 -> 8016
509. 75.7626 -> 8020
510. 74.794 -> 8025
511. 64.4833 -> 8026
512. 56.9367 -> 8027
513. 52.0844 -> 8029
514. 42.561 -> 8030
515. 38.0234 -> 8031
516. 26.7993 -> 8034
517. 26.7988 -> 8035
518. 26.1474 -> 8037
519. 23.3703 -> 8038
520. 20.8335 -> 8042
521. 20.766 -> 8043
522. 16.3975 -> 8045
523. 15.0764 -> 8046
524. 15.0675 -> 8047
525. 14.943 -> 8048
526. 14.9394 -> 8049
527. 13.9824 -> 8051
528. 6.11941 -> 8052
529. 6.11219 -> 8083
530. 4.19591 -> 8084
531. 4.18519 -> 8102
532. 3.81968 -> 8146
533. 3.69768 -> 8147
534. 3.62036 -> 8151
535. 2.95216 -> 8152
536. 2.82694 -> 8158
537. 2.56013 -> 8161
538. 2.40115 -> 8162
539. 2.37826 -> 8163
540. 2.14726 -> 8166
541. 1.76806 -> 8187
542. 1.603 -> 8188
543. 1.51651 -> 8211
544. 1.35152 -> 8215
545. 0.963598 -> 8221
546. 0.839391 -> 8256
547. 0.746497 -> 8320
548. 0.687773 -> 8321
549. 0.676223 -> 8323
550. 0.671936 -> 8325
551. 0.647331 -> 8345
552. 0.632783 -> 8348
553. 0.376152 -> 8349
554. 0.316919 -> 8358
555. 0.242552 -> 8365
556. 0.212717 -> 8387
557. 0.206681 -> 8393
558. 0.205194 -> 8394
559. 0.107062 -> 8399
560. 0.106444 -> 8400
561. 0.106225 -> 8403
562. 0.101025 -> 8404
563. 0.0976641 -> 8407
564. 0.0609625 -> 8409
565. 215.551 -> 9001
566. 204.096 -> 9002
567. 131.132 -> 9003
568. 107.886 -> 9004
569. 89.974 -> 9005
570. 79.3416 -> 9006
571. 59.9766 -> 9007
572. 57.1172 -> 9009
573. 43.74 -> 9010
574. 41.497 -> 9018
575. 25.9583 -> 9019
576. 23.8131 -> 9023
577. 21.8686 -> 9037
578. 19.915 -> 9054
579. 13.4893 -> 9059
580. 10.9177 -> 9062
581. 10.7721 -> 9063
582. 9.99685 -> 9065
583. 8.051 -> 9067
584. 7.8275 -> 9072
585. 7.55418 -> 9077
586. 5.18197 -> 9081
587. 5.15749 -> 9082
588. 5.08172 -> 9083
589. 4.10092 -> 9084
590. 3.53957 -> 9102
591. 3.25698 -> 9109
592. 3.23488 -> 9111
593. 2.6987 -> 9113
594. 2.53134 -> 9115
595. 1.89267 -> 9116
596. 1.80992 -> 9121
597. 1.69727 -> 9123
598. 1.67772 -> 9124
599. 1.4101 -> 9126
600. 1.3473 -> 9127
601. 1.11476 -> 9128
602. 1.10135 -> 9135
603. 1.03886 -> 9136
604. 0.842062 -> 9138
605. 0.835712 -> 9139
606. 0.804262 -> 9140
607. 0.773881 -> 9141
608. 0.752137 -> 9142
609. 0.635967 -> 9143
610. 0.633505 -> 9144
611. 0.631642 -> 9145
612. 0.470853 -> 9149
613. 0.463903 -> 9150
614. 0.407453 -> 9151
615. 0.406241 -> 9152
616. 0.373441 -> 9153
617. 0.372253 -> 9154
618. 0.356816 -> 9157
619. 0.324169 -> 9302
620. 0.293248 -> 9307
621. 0.219623 -> 9308
622. 0.1734 -> 9310
623. 0.168563 -> 9311
624. 0.128394 -> 9312
625. 0.125656 -> 9315
626. 0.116845 -> 9316
627. 0.0964875 -> 9318
628. 0.0950625 -> 9324
629. 0.0940516 -> 9382
630. 0.0938766 -> 9383
631. 0.0935844 -> 9385
632. 0.0929687 -> 9387
633. 0.0861672 -> 9391
634. 0.0712609 -> 9392
635. 0.0699859 -> 9397
636. 0.0611359 -> 9399
637. 0.0579359 -> 9400
638. 0.0509875 -> 9452
639. 0.0502375 -> 9454
640. 0.0478922 -> 9484
641. 0.0417172 -> 9485
642. 207.895 -> 10001
643. 107.452 -> 10003
644. 101.282 -> 10004
645. 89.2166 -> 10006
646. 89.188 -> 10007
647. 87.2928 -> 10008
648. 86.3229 -> 10009
649. 86.136 -> 10011
650. 79.5997 -> 10016
651. 49.155 -> 10019
652. 41.5862 -> 10040
653. 41.5665 -> 10041
654. 37.1049 -> 10042
655. 27.5043 -> 10043
656. 27.0592 -> 10045
657. 24.173 -> 10046
658. 18.5928 -> 10049
659. 18.5483 -> 10050
660. 18.4759 -> 10051
661. 15.5939 -> 10053
662. 13.7751 -> 10055
663. 13.3844 -> 10056
664. 13.3515 -> 10057
665. 10.4889 -> 10060
666. 9.99871 -> 10061
667. 9.66989 -> 10072
668. 9.15573 -> 10073
669. 7.21256 -> 10074
670. 6.90314 -> 10092
671. 6.8216 -> 10094
672. 3.39821 -> 10095
673. 3.36866 -> 10099
674. 3.07586 -> 10100
675. 3.06731 -> 10101
676. 2.52681 -> 10102
677. 2.52143 -> 10103
678. 2.4836 -> 10104
679. 2.29518 -> 10108
680. 2.23638 -> 10109
681. 1.72598 -> 10111
682. 1.72381 -> 10112
683. 1.19299 -> 10131
684. 1.15339 -> 10132
685. 1.14996 -> 10133
686. 1.11689 -> 10134
687. 1.10019 -> 10136
688. 1.06681 -> 10138
689. 0.89483 -> 10140
690. 0.758992 -> 10141
691. 0.743655 -> 10142
692. 0.610431 -> 10146
693. 0.48758 -> 10152
694. 0.476942 -> 10154
695. 0.474342 -> 10155
696. 0.459928 -> 10157
697. 0.456361 -> 10158
698. 0.456206 -> 10159
699. 0.339406 -> 10160
700. 0.335773 -> 10162
701. 0.283948 -> 10163
702. 0.23765 -> 10164
703. 0.23545 -> 10165
704. 0.1037 -> 10166
705. 0.0991 -> 10167
706. 0.0964438 -> 10168
707. 0.0838703 -> 10169
708. 0.07855 -> 10336
709. 118.821 -> 11001
710. 118.762 -> 11002
711. 112.153 -> 11003
712. 99.5326 -> 11004
713. 85.826 -> 11008
714. 85.8123 -> 11009
715. 70.5684 -> 11010
716. 63.2598 -> 11013
717. 52.3911 -> 11016
718. 47.592 -> 11019
719. 46.7112 -> 11023
720. 37.5382 -> 11030
721. 37.4168 -> 11031
722. 24.8869 -> 11032
723. 22.2675 -> 11040
724. 19.3791 -> 11041
725. 16.9157 -> 11046
726. 15.0915 -> 11048
727. 14.5049 -> 11054
728. 11.3342 -> 11056
729. 11.3047 -> 11057
730. 11.1789 -> 11058
731. 11.1177 -> 11060
732. 10.8785 -> 11061
733. 10.3488 -> 11067
734. 9.42683 -> 11089
735. 7.39853 -> 11090
736. 4.97163 -> 11091
737. 4.7504 -> 11099
738. 2.92765 -> 11107
739. 2.80205 -> 11108
740. 2.79706 -> 11112
741. 2.77382 -> 11113
742. 2.4012 -> 11117
743. 1.866 -> 11118
744. 1.6785 -> 11123
745. 1.5075 -> 11124
746. 1.50495 -> 11125
747. 1.19545 -> 11134
748. 1.1435 -> 11135
749. 1.0745 -> 11136
750. 1.0637 -> 11138
751. 0.860297 -> 11140
752. 0.859466 -> 11144
753. 0.78207 -> 11150
754. 0.691434 -> 11161
755. 0.557434 -> 11162
756. 0.513195 -> 11163
757. 0.485995 -> 11164
758. 0.421434 -> 11165
759. 0.368022 -> 11167
760. 0.304259 -> 11168
761. 0.275409 -> 11174
762. 0.226041 -> 11176
763. 0.217936 -> 11180
764. 0.175736 -> 11181
765. 0.120786 -> 11182
766. 0.120378 -> 11183
767. 0.119753 -> 11184
768. 0.115897 -> 11185
769. 0.115067 -> 11192
770. 0.114759 -> 11230
771. 0.109109 -> 11231
772. 0.100416 -> 11274
773. 0.0974453 -> 11276
774. 0.0957141 -> 11278
775. 0.0869906 -> 11283
776. 0.0850078 -> 11284
777. 0.0797234 -> 11292
778. 0.0699641 -> 11296
779. 0.0674016 -> 11297
780. 0.0653516 -> 11300
781. 0.0530437 -> 11330
782. 0.041575 -> 11332
783. 0.0369875 -> 11333
784. 0.0350125 -> 11334
785. 0.0316562 -> 11337
786. 0.0314875 -> 11338
787. 0.0311047 -> 11341
788. 0.029975 -> 11342
789. 0.0233625 -> 11344
790. 194.325 -> 12001
791. 180.466 -> 12002
792. 179.138 -> 12003
793. 177.277 -> 12004
794. 156.665 -> 12005
795. 79.7858 -> 12006
796. 64.2057 -> 12009
797. 63.0703 -> 12013
798. 63.0167 -> 12014
799. 53.8469 -> 12015
800. 42.713 -> 12016
801. 33.7581 -> 12023
802. 27.0566 -> 12024
803. 23.1967 -> 12027
804. 23.0605 -> 12031
805. 22.1464 -> 12032
806. 21.6676 -> 12033
807. 14.2017 -> 12044
808. 13.5665 -> 12045
809. 6.0298 -> 12046
810. 5.02546 -> 12049
811. 4.93399 -> 12050
812. 3.15745 -> 12052
813. 2.60389 -> 12058
814. 2.36889 -> 12060
815. 1.76985 -> 12071
816. 1.36941 -> 12076
817. 1.05797 -> 12115
818. 0.865728 -> 12118
819. 0.587873 -> 12122
820. 0.508573 -> 12123
821. 0.383261 -> 12126
822. 0.376897 -> 12131
823. 0.369447 -> 12132
824. 0.369297 -> 12133
825. 0.357753 -> 12141
826. 0.344289 -> 12143
827. 0.336889 -> 12144
828. 0.306227 -> 12151
829. 0.295264 -> 12165
830. 0.171834 -> 12289
831. 0.167519 -> 12326
832. 0.162362 -> 12334
833. 0.162155 -> 12335
834. 0.161725 -> 12404
835. 0.147361 -> 12408
836. 0.142694 -> 12536
837. 0.0832266 -> 12540
838. 241.062 -> 13001
839. 189.096 -> 13002
840. 161.863 -> 13003
841. 114.087 -> 13004
842. 92.591 -> 13006
843. 92.5892 -> 13007
844. 84.8056 -> 13008
845. 46.011 -> 13009
846. 33.3616 -> 13010
847. 32.2168 -> 13011
848. 31.0701 -> 13016
849. 30.8369 -> 13017
850. 29.3881 -> 13018
851. 25.1637 -> 13019
852. 23.6993 -> 13021
853. 18.6988 -> 13028
854. 8.01352 -> 13038
855. 8.01219 -> 13039
856. 6.55063 -> 13040
857. 6.42312 -> 13048
858. 6.25295 -> 13050
859. 5.84508 -> 13057
860. 3.94749 -> 13074
861. 3.08971 -> 13086
862. 2.99996 -> 13087
863. 2.63049 -> 13088
864. 2.26344 -> 13095
865. 1.78291 -> 13096
866. 1.59795 -> 13097
867. 1.25467 -> 13101
868. 1.23128 -> 13128
869. 0.792856 -> 13131
870. 0.791055 -> 13444
871. 0.700539 -> 13450
872. 0.527339 -> 13451
873. 0.445297 -> 13525
874. 0.442373 -> 13547
875. 0.439092 -> 13548
876. 0.43603 -> 13550
877. 0.36013 -> 13552
878. 0.352705 -> 13553
879. 0.331405 -> 13554
880. 0.319428 -> 13555
881. 0.274734 -> 13558
882. 0.260241 -> 13567
883. 0.248291 -> 13568
884. 0.228697 -> 13570
885. 0.216097 -> 13571
886. 0.181966 -> 13572
887. 0.158281 -> 13578
888. 0.154058 -> 13920
889. 0.121008 -> 13922
890. 0.120869 -> 13942
891. 0.119006 -> 13944
892. 139.854 -> 14001
893. 138.701 -> 14002
894. 66.4753 -> 14003
895. 54.8005 -> 14004
896. 51.6752 -> 14009
897. 46.3401 -> 14010
898. 28.0041 -> 14011
899. 27.4855 -> 14017
900. 24.5812 -> 14018
901. 21.9317 -> 14019
902. 20.8186 -> 14021
903. 20.8147 -> 14022
904. 19.9786 -> 14023
905. 16.0823 -> 14025
906. 15.1184 -> 14029
907. 11.8057 -> 14031
908. 11.6785 -> 14042
909. 11.5709 -> 14043
910. 11.5665 -> 14044
911. 11.5654 -> 14045
912. 8.52208 -> 14051
913. 7.58993 -> 14055
914. 6.82461 -> 14060
915. 6.74361 -> 14062
916. 4.89066 -> 14065
917. 2.83439 -> 14068
918. 1.49837 -> 14082
919. 1.43287 -> 14085
920. 1.24439 -> 14225
921. 0.797464 -> 14227
922. 0.521602 -> 14230
923. 0.486277 -> 14231
924. 0.366358 -> 14232
925. 0.358845 -> 14239
926. 0.312383 -> 14240
927. 0.29573 -> 14374
928. 0.295559 -> 14375
929. 0.285122 -> 14377
930. 0.281211 -> 14384
931. 0.280494 -> 14385
932. 0.277256 -> 14386
933. 0.261947 -> 14594
934. 0.257684 -> 14600
935. 0.22933 -> 14602
936. 0.17907 -> 14629
937. 0.143378 -> 14801
938. 0.109267 -> 14812
939. 0.0733891 -> 14820
940. 0.0725656 -> 14822
941. 0.0713281 -> 14824
942. 0.0673156 -> 14825
943. 0.0616641 -> 14826
944. 0.0601359 -> 14827
945. 0.0587563 -> 14829
946. 0.0535703 -> 14831
947. 0.0529047 -> 14832
948. 202.022 -> 15001
949. 166.892 -> 15002
950. 166.876 -> 15003
951. 93.2905 -> 15005
952. 82.7606 -> 15007
953. 63.9456 -> 15008
954. 63.927 -> 15009
955. 62.9958 -> 15010
956. 62.5091 -> 15011
957. 61.5031 -> 15013
958. 47.3359 -> 15015
959. 43.5955 -> 15016
960. 42.7882 -> 15030
961. 33.7252 -> 15031
962. 32.543 -> 15032
963. 30.6779 -> 15033
964. 29.7078 -> 15034
965. 27.3358 -> 15035
966. 22.6527 -> 15038
967. 19.3518 -> 15044
968. 18.5354 -> 15045
969. 14.3471 -> 15046
970. 13.1294 -> 15049
971. 10.7335 -> 15050
972. 10.731 -> 15051
973. 10.7084 -> 15052
974. 10.1343 -> 15053
975. 10.0837 -> 15055
976. 9.91921 -> 15064
977. 9.91704 -> 15065
978. 7.25044 -> 15066
979. 6.46152 -> 15075
980. 5.76394 -> 15082
981. 3.25184 -> 15087
982. 3.13018 -> 15089
983. 2.66418 -> 15091
984. 2.50623 -> 15097
985. 2.15384 -> 15098
986. 2.14986 -> 15099
987. 1.81245 -> 15106
988. 1.60799 -> 15107
989. 1.60344 -> 15109
990. 1.24211 -> 15129
991. 0.965073 -> 15130
992. 0.963541 -> 15131
993. 0.929472 -> 15156
994. 0.902523 -> 15157
995. 0.868492 -> 15215
996. 0.399728 -> 15222
997. 0.299442 -> 15231
998. 0.269234 -> 15243
999. 0.268278 -> 15252
1000. 0.156052 -> 15255
1001. 0.104511 -> 15284
1002. 0.10373 -> 15285
1003. 0.0781797 -> 15638
1004. 0.0422672 -> 15639
1005. 0.0257234 -> 15743
1006. 166.489 -> 16001
1007. 145.133 -> 16002
1008. 72.726 -> 16003
1009. 72.4878 -> 16005
1010. 54.8771 -> 16006
1011. 54.5915 -> 16007
1012. 49.5126 -> 16008
1013. 35.0751 -> 16010
1014. 17.3142 -> 16011
1015. 17.298 -> 16012
1016. 6.1606 -> 16013
1017. 4.26123 -> 16014
1018. 4.20793 -> 16015
1019. 3.81717 -> 16016
1020. 3.81071 -> 16017
1021. 3.13411 -> 16020
1022. 2.71752 -> 16027
1023. 2.52935 -> 16028
1024. 2.36932 -> 16029
1025. 2.33566 -> 16037
1026. 2.31984 -> 16039
1027. 2.19997 -> 16040
1028. 1.94588 -> 16041
1029. 1.87772 -> 16085
1030. 1.73178 -> 16086
1031. 1.53306 -> 16087
1032. 1.21487 -> 16093
1033. 1.06795 -> 16096
1034. 1.03435 -> 16097
1035. 0.716852 -> 16147
1036. 0.692334 -> 16157
1037. 0.531888 -> 16181
1038. 0.512417 -> 16186
1039. 0.311317 -> 16187
1040. 0.30575 -> 16194
1041. 0.30225 -> 16195
1042. 0.2988 -> 16196
1043. 0.2879 -> 16197
1044. 0.2759 -> 16198
1045. 0.2238 -> 16199
1046. 0.216672 -> 16213
1047. 0.173245 -> 16219
1048. 0.169597 -> 16255
1049. 0.15587 -> 16261
1050. 0.142045 -> 16271
1051. 0.134361 -> 16274
1052. 0.115794 -> 16278
1053. 0.114169 -> 16279
1054. 0.110309 -> 16425
1055. 0.105795 -> 16760
1056. 0.0942328 -> 16763
1057. 0.0941453 -> 16764
1058. 0.0762766 -> 16766
1059. 0.0760844 -> 16767
1060. 0.0738844 -> 16768
1061. 212.656 -> 17001
1062. 198.005 -> 17002
1063. 197.988 -> 17003
1064. 194.803 -> 17006
1065. 171.575 -> 17008
1066. 168.698 -> 17011
1067. 168.674 -> 17012
1068. 162.43 -> 17013
1069. 150.931 -> 17017
1070. 144.911 -> 17020
1071. 124.429 -> 17021
1072. 107.478 -> 17022
1073. 107.414 -> 17023
1074. 106.617 -> 17024
1075. 97.6019 -> 17025
1076. 72.8719 -> 17030
1077. 45.4175 -> 17034
1078. 41.8738 -> 17035
1079. 31.2659 -> 17037
1080. 26.9202 -> 17038
1081. 22.4451 -> 17049
1082. 14.8157 -> 17051
1083. 13.4069 -> 17052
1084. 10.932 -> 17063
1085. 10.6219 -> 17066
1086. 9.92584 -> 17067
1087. 7.92737 -> 17068
1088. 5.36794 -> 17069
1089. 5.36304 -> 17070
1090. 5.07624 -> 17071
1091. 5.02042 -> 17078
1092. 5.01679 -> 17079
1093. 4.87256 -> 17081
1094. 4.86265 -> 17086
1095. 3.03346 -> 17087
1096. 2.99506 -> 17090
1097. 2.90351 -> 17119
1098. 2.77909 -> 17124
1099. 2.65288 -> 17125
1100. 1.88968 -> 17126
1101. 1.77673 -> 17128
1102. 1.73833 -> 17131
1103. 1.61915 -> 17132
1104. 1.61826 -> 17133
1105. 1.43948 -> 17134
1106. 1.32433 -> 17135
1107. 0.855845 -> 17136
1108. 0.736178 -> 17137
1109. 0.724228 -> 17139
1110. 0.716078 -> 17141
1111. 0.498714 -> 17143
1112. 0.328403 -> 17220
1113. 0.327066 -> 17221
1114. 0.320984 -> 17225
1115. 0.301383 -> 17227
1116. 0.300392 -> 17245
1117. 0.296445 -> 17247
1118. 0.292692 -> 17249
1119. 0.289255 -> 17251
1120. 0.245556 -> 17270
1121. 0.227403 -> 17276
1122. 0.220847 -> 17277
1123. 0.212964 -> 17289
1124. 0.194814 -> 17291
1125. 0.175914 -> 17295
1126. 0.156395 -> 17308
1127. 0.133833 -> 17330
1128. 0.129816 -> 17351
1129. 0.104191 -> 17381
1130. 0.0880578 -> 17512
1131. 0.0871312 -> 17515
1132. 0.0711594 -> 17517
1133. 0.0636937 -> 17578
1134. 0.0550578 -> 17606
1135. 163.134 -> 18001
1136. 162.44 -> 18002
1137. 107.985 -> 18003
1138. 90.6364 -> 18006
1139. 47.3879 -> 18008
1140. 38.7611 -> 18009
1141. 36.6218 -> 18010
1142. 36.5688 -> 18011
1143. 30.2827 -> 18012
1144. 20.3681 -> 18019
1145. 20.1809 -> 18020
1146. 20.1573 -> 18021
1147. 18.3167 -> 18023
1148. 17.3175 -> 18024
1149. 15.1583 -> 18025
1150. 15.1425 -> 18028
1151. 10.3813 -> 18030
1152. 8.8665 -> 18037
1153. 7.11474 -> 18038
1154. 7.0683 -> 18047
1155. 5.8459 -> 18048
1156. 4.99745 -> 18061
1157. 3.35741 -> 18073
1158. 3.35454 -> 18074
1159. 3.32206 -> 18075
1160. 3.30904 -> 18077
1161. 3.07774 -> 18090
1162. 3.05955 -> 18097
1163. 2.92271 -> 18112
1164. 2.63835 -> 18113
1165. 2.4743 -> 18117
1166. 2.1127 -> 18118
1167. 2.09383 -> 18166
1168. 2.03612 -> 18168
1169. 1.87878 -> 18184
1170. 1.8756 -> 18185
1171. 1.84677 -> 18187
1172. 1.30037 -> 18188
1173. 0.831256 -> 18191
1174. 0.807645 -> 18214
1175. 0.756544 -> 18292
1176. 0.754795 -> 18300
1177. 0.703278 -> 18318
1178. 0.595967 -> 18331
1179. 0.519417 -> 18334
1180. 0.491277 -> 18344
1181. 0.445352 -> 18346
1182. 0.306064 -> 18347
1183. 0.285502 -> 18440
1184. 0.246302 -> 18443
1185. 0.239452 -> 18444
1186. 0.227177 -> 18447
1187. 0.222089 -> 18448
1188. 0.21645 -> 18457
1189. 0.127302 -> 18458
1190. 0.125058 -> 18460
1191. 0.115658 -> 18461
1192. 0.1155 -> 18463
1193. 0.0591 -> 18464
1194. 167.865 -> 19001
1195. 157.062 -> 19003
1196. 153.606 -> 19005
1197. 153.558 -> 19006
1198. 149.892 -> 19007
1199. 148.702 -> 19008
1200. 126.825 -> 19009
1201. 90.9155 -> 19011
1202. 83.3667 -> 19012
1203. 52.678 -> 19017
1204. 52.6694 -> 19018
1205. 37.0145 -> 19020
1206. 34.8985 -> 19021
1207. 24.799 -> 19022
1208. 16.9539 -> 19030
1209. 14.4419 -> 19031
1210. 11.7529 -> 19035
1211. 10.8192 -> 19055
1212. 10.7548 -> 19056
1213. 10.3238 -> 19058
1214. 10.2018 -> 19059
1215. 9.66645 -> 19063
1216. 9.15605 -> 19064
1217. 7.26083 -> 19065
1218. 5.45643 -> 19067
1219. 5.45523 -> 19068
1220. 4.59663 -> 19069
1221. 4.12083 -> 19082
1222. 4.10991 -> 19083
1223. 3.36591 -> 19084
1224. 3.2693 -> 19092
1225. 3.26133 -> 19093
1226. 2.87089 -> 19094
1227. 2.70566 -> 19095
1228. 2.68726 -> 19096
1229. 2.67981 -> 19097
1230. 2.46215 -> 19098
1231. 2.07379 -> 19101
1232. 1.8352 -> 19115
1233. 1.33506 -> 19121
1234. 1.26757 -> 19124
1235. 1.20215 -> 19129
1236. 1.05365 -> 19130
1237. 0.821855 -> 19131
1238. 0.805686 -> 19136
1239. 0.644886 -> 19137
1240. 0.637123 -> 19139
1241. 0.633861 -> 19140
1242. 0.620361 -> 19142
1243. 0.568998 -> 19143
1244. 0.556192 -> 19152
1245. 0.545886 -> 19156
1246. 0.537686 -> 19157
1247. 0.466423 -> 19160
1248. 0.463681 -> 19421
1249. 0.297322 -> 19442
1250. 0.290422 -> 19443
1251. 0.280659 -> 19444
1252. 0.267112 -> 19445
1253. 0.198288 -> 19449
1254. 0.167888 -> 19451
1255. 0.166838 -> 19453
1256. 0.154037 -> 19456
1257. 0.153953 -> 19457
1258. 0.152953 -> 19459
1259. 0.14405 -> 19460
1260. 0.0728203 -> 19507
1261. 0.0447953 -> 19512
1262. 0.0369953 -> 19514
1263. 0.0234859 -> 19688
1264. 151.056 -> 20001
1265. 84.0859 -> 20002
1266. 72.3417 -> 20013
1267. 70.6817 -> 20014
1268. 63.1491 -> 20023
1269. 58.2259 -> 20026
1270. 54.426 -> 20027
1271. 54.0414 -> 20028
1272. 53.321 -> 20029
1273. 36.9992 -> 20030
1274. 31.4157 -> 20033
1275. 30.8709 -> 20034
1276. 17.6353 -> 20039
1277. 17.6351 -> 20041
1278. 17.6309 -> 20042
1279. 16.6405 -> 20043
1280. 14.6558 -> 20045
1281. 12.147 -> 20054
1282. 12.1463 -> 20056
1283. 11.9333 -> 20057
1284. 10.6206 -> 20059
1285. 8.91383 -> 20060
1286. 8.27043 -> 20064
1287. 6.95197 -> 20069
1288. 6.60005 -> 20096
1289. 6.06538 -> 20100
1290. 6.06313 -> 20101
1291. 5.91785 -> 20102
1292. 5.1748 -> 20103
1293. 5.14636 -> 20104
1294. 5.09243 -> 20106
1295. 5.09207 -> 20109
1296. 4.85789 -> 20110
1297. 4.58389 -> 20112
1298. 4.47388 -> 20113
1299. 3.99978 -> 20114
1300. 3.47076 -> 20115
1301. 3.13403 -> 20119
1302. 3.09267 -> 20120
1303. 2.7919 -> 20132
1304. 2.7626 -> 20133
1305. 2.6534 -> 20134
1306. 2.6352 -> 20135
1307. 2.13342 -> 20140
1308. 1.78812 -> 20141
1309. 1.27077 -> 20142
1310. 1.22676 -> 20144
1311. 0.904314 -> 20145
1312. 0.894062 -> 20168
1313. 0.586113 -> 20169
1314. 0.404686 -> 20245
1315. 0.335105 -> 20259
1316. 0.332547 -> 20262
1317. 0.20203 -> 20263
1318. 0.18435 -> 20268
1319. 0.156853 -> 20281
1320. 0.126845 -> 20295
1321. 0.113648 -> 20344
1322. 0.110383 -> 20406
1323. 216.82 -> 21001
1324. 128.771 -> 21003
1325. 128.311 -> 21004
1326. 124.969 -> 21005
1327. 120.986 -> 21007
1328. 103.014 -> 21008
1329. 98.0583 -> 21010
1330. 94.0524 -> 21011
1331. 92.8866 -> 21013
1332. 87.1911 -> 21014
1333. 87.0165 -> 21015
1334. 79.1464 -> 21016
1335. 38.9353 -> 21017
1336. 38.8226 -> 21018
1337. 33.6692 -> 21040
1338. 16.1292 -> 21041
1339. 15.5532 -> 21042
1340. 15.2926 -> 21043
1341. 15.263 -> 21044
1342. 14.5082 -> 21045
1343. 14.126 -> 21047
1344. 10.0801 -> 21049
1345. 6.22857 -> 21052
1346. 6.06343 -> 21053
1347. 6.06028 -> 21054
1348. 5.62096 -> 21056
1349. 5.59687 -> 21057
1350. 5.33903 -> 21059
1351. 5.07228 -> 21062
1352. 4.04228 -> 21066
1353. 4.04185 -> 21078
1354. 3.77092 -> 21079
1355. 3.23332 -> 21080
1356. 2.86859 -> 21087
1357. 2.75965 -> 21092
1358. 2.45866 -> 21094
1359. 2.35763 -> 21095
1360. 1.83791 -> 21110
1361. 1.83777 -> 21111
1362. 1.79435 -> 21112
1363. 1.73135 -> 21113
1364. 1.39673 -> 21114
1365. 1.02128 -> 21115
1366. 0.796703 -> 21147
1367. 0.732373 -> 21148
1368. 0.729048 -> 21151
1369. 0.366552 -> 21152
1370. 0.283998 -> 21192
1371. 0.248012 -> 21369
1372. 0.226706 -> 21376
1373. 0.223225 -> 21377
1374. 0.213206 -> 21378
1375. 0.111736 -> 21381
1376. 0.0983172 -> 21388
1377. 0.0861187 -> 21404
1378. 0.0651406 -> 21411
1379. 0.0618297 -> 21415
1380. 0.0344406 -> 21416
1381. 168.225 -> 22001
1382. 168.204 -> 22002
1383. 140.642 -> 22003
1384. 68.2085 -> 22004
1385. 53.5676 -> 22005
1386. 52.5596 -> 22006
1387. 48.3961 -> 22007
1388. 45.8067 -> 22010
1389. 34.6144 -> 22016
1390. 34.2873 -> 22017
1391. 30.291 -> 22019
1392. 22.6558 -> 22020
1393. 21.8567 -> 22022
1394. 19.6402 -> 22036
1395. 19.6199 -> 22039
1396. 19.0733 -> 22044
1397. 16.075 -> 22046
1398. 9.37718 -> 22047
1399. 7.54712 -> 22049
1400. 7.03447 -> 22054
1401. 5.6146 -> 22057
1402. 4.49164 -> 22067
1403. 3.05555 -> 22091
1404. 2.81155 -> 22093
1405. 2.65316 -> 22095
1406. 2.46451 -> 22098
1407. 2.21392 -> 22100
1408. 1.70469 -> 22103
1409. 1.64709 -> 22104
1410. 1.63499 -> 22105
1411. 1.63184 -> 22106
1412. 1.62344 -> 22107
1413. 1.5564 -> 22108
1414. 1.07157 -> 22112
1415. 1.02457 -> 22117
1416. 0.630087 -> 22129
1417. 0.59105 -> 22134
1418. 0.590639 -> 22136
1419. 0.450155 -> 22162
1420. 0.449488 -> 22163
1421. 0.437873 -> 22169
1422. 0.430473 -> 22170
1423. 0.326573 -> 22183
1424. 0.326164 -> 22187
1425. 0.291519 -> 22250
1426. 0.276339 -> 22253
1427. 0.237847 -> 22270
1428. 0.207434 -> 22278
1429. 0.187795 -> 22285
1430. 0.181595 -> 22289
1431. 0.173858 -> 22290
1432. 0.115958 -> 22292
1433. 0.0982266 -> 22868
1434. 324.525 -> 23001
1435. 268.198 -> 23002
1436. 225.463 -> 23005
1437. 150.63 -> 23007
1438. 132.171 -> 23014
1439. 122.386 -> 23018
1440. 115.655 -> 23019
1441. 40.7244 -> 23020
1442. 38.6222 -> 23022
1443. 38.3731 -> 23023
1444. 30.221 -> 23025
1445. 28.7318 -> 23032
1446. 25.0001 -> 23033
1447. 23.8669 -> 23034
1448. 21.6707 -> 23039
1449. 16.6381 -> 23040
1450. 13.3968 -> 23043
1451. 13.2483 -> 23044
1452. 13.0878 -> 23046
1453. 10.5282 -> 23047
1454. 9.09708 -> 23048
1455. 8.4723 -> 23053
1456. 7.7176 -> 23054
1457. 7.62436 -> 23055
1458. 7.09145 -> 23056
1459. 4.61834 -> 23059
1460. 3.71675 -> 23077
1461. 3.43011 -> 23085
1462. 3.11986 -> 23088
1463. 2.80107 -> 23089
1464. 2.79666 -> 23090
1465. 2.33454 -> 23092
1466. 2.29934 -> 23093
1467. 2.03094 -> 23095
1468. 1.84985 -> 23103
1469. 1.60504 -> 23133
1470. 1.43532 -> 23137
1471. 1.3586 -> 23139
1472. 1.33254 -> 23159
1473. 0.849122 -> 23174
1474. 0.84563 -> 23175
1475. 0.775714 -> 23228
1476. 0.743891 -> 23237
1477. 0.72743 -> 23238
1478. 0.703548 -> 23239
1479. 0.688811 -> 23240
1480. 0.523308 -> 23246
1481. 0.364745 -> 23248
1482. 0.323508 -> 23250
1483. 0.309145 -> 23251
1484. 0.217655 -> 23257
1485. 0.217567 -> 23259
1486. 0.217455 -> 23260
1487. 0.191634 -> 23261
1488. 0.160887 -> 23283
1489. 0.153937 -> 23286
1490. 0.142756 -> 23287
1491. 0.130156 -> 23288
1492. 0.126331 -> 23290
1493. 0.0929437 -> 23291
1494. 0.0918484 -> 23679
1495. 0.0772453 -> 23683
1496. 0.0593016 -> 23688
1497. 0.0534281 -> 23691
1498. 0.0529281 -> 23713
1499. 0.0516359 -> 23725
1500. 0.0440109 -> 23728
1501. 0.0426906 -> 23733
1502. 0.0311594 -> 23734
1503. 0.0229266 -> 23735
1504. 313.994 -> 24001
1505. 213.245 -> 24002
1506. 212.422 -> 24003
1507. 200.918 -> 24004
1508. 48.2168 -> 24005
1509. 38.0543 -> 24006
1510. 26.4022 -> 24008
1511. 19.4511 -> 24014
1512. 13.2639 -> 24017
1513. 13.2626 -> 24018
1514. 12.8463 -> 24019
1515. 12.8054 -> 24020
1516. 12.7968 -> 24021
1517. 11.0076 -> 24022
1518. 8.55801 -> 24023
1519. 7.7494 -> 24024
1520. 7.59744 -> 24031
1521. 4.55725 -> 24032
1522. 4.0949 -> 24034
1523. 3.57138 -> 24036
1524. 3.33538 -> 24037
1525. 3.12103 -> 24038
1526. 3.04025 -> 24056
1527. 2.02061 -> 24067
1528. 1.86321 -> 24068
1529. 1.86216 -> 24069
1530. 1.71532 -> 24070
1531. 1.70132 -> 24074
1532. 1.56371 -> 24075
1533. 1.31157 -> 24078
1534. 1.15811 -> 24082
1535. 1.05906 -> 24085
1536. 1.02532 -> 24089
1537. 0.87328 -> 24095
1538. 0.868222 -> 24132
1539. 0.738989 -> 24164
1540. 0.64112 -> 24165
1541. 0.62562 -> 24166
1542. 0.574448 -> 24200
1543. 0.570673 -> 24201
1544. 0.554469 -> 24212
1545. 0.551006 -> 24213
1546. 0.523736 -> 24232
1547. 0.212113 -> 24236
1548. 0.203072 -> 24280
1549. 0.178173 -> 24283
1550. 0.147373 -> 24284
1551. 0.137367 -> 24286
1552. 174.328 -> 25001
1553. 113.61 -> 25002
1554. 98.8936 -> 25005
1555. 95.2753 -> 25006
1556. 80.7973 -> 25007
1557. 72.0791 -> 25008
1558. 54.2231 -> 25009
1559. 49.9248 -> 25013
1560. 49.6816 -> 25014
1561. 45.6695 -> 25019
1562. 42.6564 -> 25022
1563. 39.0668 -> 25025
1564. 34.2861 -> 25035
1565. 34.1405 -> 25036
1566. 34.1346 -> 25038
1567. 31.3087 -> 25041
1568. 14.2773 -> 25043
1569. 10.7061 -> 25044
1570. 7.69586 -> 25046
1571. 7.51751 -> 25047
1572. 6.16343 -> 25050
1573. 5.96638 -> 25079
1574. 5.14304 -> 25080
1575. 4.13074 -> 25090
1576. 4.0789 -> 25091
1577. 3.69537 -> 25095
1578. 3.29376 -> 25127
1579. 2.53268 -> 25137
1580. 2.47268 -> 25138
1581. 2.30503 -> 25140
1582. 1.83138 -> 25143
1583. 1.68194 -> 25144
1584. 1.63104 -> 25149
1585. 1.49988 -> 25152
1586. 1.35188 -> 25153
1587. 1.22833 -> 25250
1588. 1.1545 -> 25260
1589. 0.940866 -> 25261
1590. 0.884989 -> 25274
1591. 0.774589 -> 25276
1592. 0.622177 -> 25278
1593. 0.563412 -> 25321
1594. 0.561587 -> 25323
1595. 0.446862 -> 25326
1596. 0.446358 -> 25327
1597. 0.376758 -> 25328
1598. 0.358158 -> 25330
1599. 0.35772 -> 25331
1600. 0.328116 -> 25345
1601. 0.299406 -> 25362
1602. 0.269337 -> 25522
1603. 0.2692 -> 25533
1604. 0.247031 -> 25534
1605. 0.243762 -> 25539
1606. 0.217775 -> 25540
1607. 0.216037 -> 25541
1608. 0.2055 -> 25542
1609. 0.198203 -> 25543
1610. 0.189591 -> 25569
1611. 0.188853 -> 25574
1612. 0.129847 -> 25578
1613. 0.129334 -> 25579
1614. 0.105469 -> 25713
1615. 0.103314 -> 25790
1616. 0.10098 -> 25792
1617. 0.0937906 -> 25793
1618. 0.0906734 -> 25804
1619. 0.0822719 -> 25931
1620. 231.663 -> 26001
1621. 125.71 -> 26003
1622. 124.42 -> 26005
1623. 90.193 -> 26006
1624. 89.6512 -> 26008
1625. 58.0647 -> 26012
1626. 51.9118 -> 26013
1627. 49.6268 -> 26014
1628. 46.1679 -> 26015
1629. 44.0722 -> 26016
1630. 41.3824 -> 26017
1631. 31.3905 -> 26018
1632. 31.133 -> 26019
1633. 28.0016 -> 26021
1634. 21.0563 -> 26025
1635. 20.3827 -> 26026
1636. 15.6871 -> 26029
1637. 15.6799 -> 26030
1638. 14.7991 -> 26031
1639. 14.1526 -> 26036
1640. 13.6062 -> 26037
1641. 12.1702 -> 26040
1642. 11.8731 -> 26045
1643. 10.7508 -> 26048
1644. 7.9766 -> 26050
1645. 7.9096 -> 26051
1646. 7.8466 -> 26052
1647. 7.20614 -> 26053
1648. 6.97774 -> 26059
1649. 6.90249 -> 26062
1650. 5.0045 -> 26067
1651. 4.42859 -> 26112
1652. 3.92153 -> 26116
1653. 3.46856 -> 26117
1654. 3.12856 -> 26118
1655. 2.96446 -> 26119
1656. 2.86708 -> 26120
1657. 2.70041 -> 26130
1658. 1.97561 -> 26158
1659. 1.9639 -> 26159
1660. 1.87853 -> 26160
1661. 1.8783 -> 26162
1662. 1.82043 -> 26164
1663. 1.80383 -> 26165
1664. 1.80125 -> 26166
1665. 1.50925 -> 26167
1666. 1.50495 -> 26168
1667. 0.980344 -> 26169
1668. 0.950188 -> 26180
1669. 0.916688 -> 26183
1670. 0.770106 -> 26186
1671. 0.756131 -> 26187
1672. 0.673463 -> 26190
1673. 0.62305 -> 26193
1674. 0.606562 -> 26201
1675. 0.467347 -> 26244
1676. 0.459889 -> 26309
1677. 0.459577 -> 26310
1678. 0.458006 -> 26312
1679. 0.435141 -> 26323
1680. 0.432228 -> 26324
1681. 0.396667 -> 26325
1682. 0.35102 -> 26332
1683. 0.274948 -> 26404
1684. 0.166058 -> 26408
1685. 0.16392 -> 26409
1686. 0.152895 -> 26410
1687. 0.140977 -> 26414
1688. 0.140327 -> 26416
1689. 0.0993891 -> 26417
1690. 0.0620813 -> 26418
1691. 192.698 -> 27001
1692. 182.151 -> 27002
1693. 138.538 -> 27003
1694. 133.785 -> 27004
1695. 75.264 -> 27005
1696. 52.7039 -> 27006
1697. 43.7353 -> 27009
1698. 43.392 -> 27014
1699. 39.1596 -> 27015
1700. 32.6427 -> 27017
1701. 32.3701 -> 27019
1702. 32.2376 -> 27021
1703. 19.4434 -> 27024
1704. 18.9166 -> 27026
1705. 18.9021 -> 27027
1706. 15.4541 -> 27028
1707. 11.7955 -> 27031
1708. 10.1935 -> 27033
1709. 9.6444 -> 27034
1710. 9.28546 -> 27038
1711. 9.28457 -> 27040
1712. 9.27441 -> 27044
1713. 8.10521 -> 27045
1714. 7.62721 -> 27046
1715. 6.39923 -> 27047
1716. 6.04663 -> 27076
1717. 5.997 -> 27078
1718. 5.8847 -> 27081
1719. 5.8206 -> 27082
1720. 5.3914 -> 27083
1721. 5.38492 -> 27084
1722. 5.31077 -> 27087
1723. 5.26442 -> 27089
1724. 4.11874 -> 27092
1725. 3.66674 -> 27107
1726. 3.05204 -> 27120
1727. 2.03916 -> 27138
1728. 2.03661 -> 27139
1729. 1.13334 -> 27142
1730. 0.872356 -> 27144
1731. 0.722119 -> 27146
1732. 0.717294 -> 27166
1733. 0.545694 -> 27167
1734. 0.533406 -> 27170
1735. 0.466233 -> 27182
1736. 0.441233 -> 27192
1737. 0.373338 -> 27197
1738. 0.337414 -> 27198
1739. 0.320506 -> 27217
1740. 0.30178 -> 27222
1741. 0.284725 -> 27223
1742. 0.284483 -> 27225
1743. 0.26018 -> 27226
1744. 0.231425 -> 27230
1745. 0.216625 -> 27231
1746. 0.162917 -> 27232
1747. 0.159822 -> 27271
1748. 0.158147 -> 27272
1749. 0.142597 -> 27273
1750. 0.139297 -> 27274
1751. 0.132572 -> 27278
1752. 0.122984 -> 27285
1753. 0.116284 -> 27288
1754. 0.0916516 -> 27515
1755. 0.0813516 -> 27516
1756. 0.0773891 -> 27518
1757. 0.0654687 -> 27519
1758. 0.0570391 -> 27520
1759. 0.05345 -> 27526
1760. 0.0489375 -> 27528
1761. 0.0482438 -> 27531
1762. 0.0455688 -> 27532
1763. 203.014 -> 28001
1764. 164.105 -> 28002
1765. 128.46 -> 28004
1766. 97.0854 -> 28005
1767. 84.5387 -> 28007
1768. 84.1219 -> 28008
1769. 80.9941 -> 28009
1770. 28.583 -> 28010
1771. 20.5501 -> 28017
1772. 19.7084 -> 28018
1773. 17.0993 -> 28032
1774. 15.1604 -> 28033
1775. 14.9521 -> 28034
1776. 13.4858 -> 28037
1777. 13.3902 -> 28038
1778. 8.92386 -> 28041
1779. 8.44395 -> 28048
1780. 7.84231 -> 28050
1781. 7.44045 -> 28052
1782. 5.98166 -> 28056
1783. 5.91175 -> 28057
1784. 5.14028 -> 28059
1785. 4.75382 -> 28061
1786. 3.14802 -> 28064
1787. 3.11816 -> 28065
1788. 2.55723 -> 28066
1789. 2.55472 -> 28067
1790. 2.3772 -> 28068
1791. 1.56493 -> 28089
1792. 1.52068 -> 28091
1793. 1.33357 -> 28092
1794. 1.24439 -> 28098
1795. 1.04268 -> 28102
1796. 1.01655 -> 28106
1797. 1.01648 -> 28107
1798. 1.00788 -> 28109
1799. 0.894184 -> 28110
1800. 0.863091 -> 28112
1801. 0.855136 -> 28114
1802. 0.676336 -> 28115
1803. 0.654733 -> 28116
1804. 0.622933 -> 28117
1805. 0.400397 -> 28118
1806. 0.400241 -> 28126
1807. 0.380156 -> 28138
1808. 0.379394 -> 28140
1809. 0.373356 -> 28141
1810. 0.336656 -> 28142
1811. 0.335575 -> 28212
1812. 0.334369 -> 28213
1813. 0.333769 -> 28215
1814. 0.333669 -> 28234
1815. 0.26978 -> 28236
1816. 0.269467 -> 28237
1817. 0.255669 -> 28238
1818. 0.210094 -> 28239
1819. 0.192514 -> 28247
1820. 0.190806 -> 28248
1821. 0.114552 -> 28249
1822. 0.103305 -> 28537
1823. 0.103023 -> 28538
1824. 0.0997859 -> 28541
1825. 0.0594906 -> 28742
1826. 0.0591297 -> 28747
1827. 0.0558531 -> 28759
1828. 0.0481141 -> 28763
1829. 0.0428141 -> 28764
1830. 0.0415859 -> 28765
1831. 0.0375219 -> 28766
1832. 0.0368375 -> 28775
1833. 304.069 -> 29001
1834. 200.185 -> 29002
1835. 125.232 -> 29005
1836. 116.046 -> 29007
1837. 109.97 -> 29008
1838. 106.54 -> 29009
1839. 95.8148 -> 29011
1840. 83.5857 -> 29014
1841. 72.0489 -> 29015
1842. 55.4197 -> 29016
1843. 47.7038 -> 29020
1844. 43.6369 -> 29022
1845. 43.1239 -> 29024
1846. 39.8008 -> 29028
1847. 35.0769 -> 29029
1848. 32.5048 -> 29034
1849. 31.5036 -> 29039
1850. 26.8828 -> 29040
1851. 23.8167 -> 29043
1852. 22.1928 -> 29044
1853. 19.5335 -> 29047
1854. 19.4931 -> 29048
1855. 9.81732 -> 29050
1856. 8.82692 -> 29051
1857. 6.5823 -> 29061
1858. 6.13221 -> 29072
1859. 6.06884 -> 29096
1860. 6.06854 -> 29097
1861. 5.69102 -> 29098
1862. 5.63269 -> 29101
1863. 3.99414 -> 29103
1864. 2.86893 -> 29107
1865. 2.64196 -> 29111
1866. 2.57686 -> 29124
1867. 1.99446 -> 29125
1868. 1.34646 -> 29126
1869. 1.11884 -> 29131
1870. 0.778141 -> 29132
1871. 0.611745 -> 29148
1872. 0.606525 -> 29153
1873. 0.58017 -> 29155
1874. 0.517625 -> 29156
1875. 0.472525 -> 29159
1876. 0.285608 -> 29161
1877. 0.27802 -> 29164
1878. 0.274677 -> 29165
1879. 0.274445 -> 29166
1880. 0.257377 -> 29171
1881. 0.233753 -> 29184
1882. 0.193072 -> 29187
1883. 0.179472 -> 29188
1884. 0.131738 -> 29241
1885. 0.105247 -> 29563
1886. 0.0787469 -> 29564
1887. 0.0786094 -> 29565
1888. 0.0526094 -> 29566
1889. 0.0510969 -> 29568
1890. 0.0504531 -> 29569
1891. 0.0436391 -> 29575
1892. 0.0352781 -> 29577



Rezultate rulari
Minim: 0.01555
Maxim: 324.525
Medie: 23.8055



