0. 37.9353 -> 1
1. 33.8265 -> 3
2. 13.1328 -> 5
3. 3.48505 -> 8
4. 3.46785 -> 10
5. 2.58015 -> 11
6. 2.30255 -> 12
7. 0.748352 -> 13
8. 0.745652 -> 14
9. 0.651452 -> 16
10. 0.487702 -> 19
11. 0.329108 -> 22
12. 0.173841 -> 25
13. 0.163239 -> 29
14. 0.106439 -> 30
15. 0.0894391 -> 33
16. 0.0859219 -> 35
17. 0.0816625 -> 39
18. 0.0515531 -> 40
19. 0.0441625 -> 43
20. 0.0412187 -> 45
21. 0.0348563 -> 46
22. 0.0228516 -> 48
23. 0.0212516 -> 50
24. 0.0209781 -> 52
25. 0.0165781 -> 54
26. 0.0152281 -> 55
27. 0.0113031 -> 57
28. 0.0112781 -> 58
29. 0.00145156 -> 63
30. 0.00122344 -> 66
31. 0.00061875 -> 103
32. 0.000610937 -> 105
33. 0.000348438 -> 106
34. 0.000346875 -> 120
35. 0.000310937 -> 140
36. 0.000248438 -> 144
37. 0.0001625 -> 156
38. 0.000140625 -> 165
39. 9.21875e-05 -> 226
40. 6.09375e-05 -> 235
41. 4.84375e-05 -> 239
42. 4.375e-05 -> 276
43. 4.0625e-05 -> 288
44. 3.59375e-05 -> 296
45. 3.4375e-05 -> 304
46. 1.5625e-05 -> 306
47. 1.25e-05 -> 311
48. 6.25e-06 -> 316
49. 4.6875e-06 -> 425
50. 3.125e-06 -> 433
51. 22.5703 -> 1001
52. 22.2679 -> 1002
53. 11.6717 -> 1003
54. 9.80483 -> 1009
55. 2.65689 -> 1010
56. 2.53538 -> 1027
57. 2.46338 -> 1029
58. 1.09338 -> 1030
59. 1.08683 -> 1031
60. 0.848578 -> 1033
61. 0.596736 -> 1037
62. 0.402736 -> 1041
63. 0.391956 -> 1045
64. 0.241436 -> 1046
65. 0.200236 -> 1049
66. 0.199998 -> 1051
67. 0.195798 -> 1052
68. 0.191648 -> 1056
69. 0.178361 -> 1058
70. 0.156586 -> 1060
71. 0.0751609 -> 1061
72. 0.0685359 -> 1066
73. 0.0668359 -> 1067
74. 0.0279797 -> 1073
75. 0.0177797 -> 1075
76. 0.0169891 -> 1079
77. 0.0127891 -> 1081
78. 0.0127281 -> 1085
79. 0.00347344 -> 1087
80. 0.00296719 -> 1097
81. 0.00124844 -> 1102
82. 0.000448437 -> 1105
83. 0.000235937 -> 1116
84. 0.000207813 -> 1137
85. 9.53125e-05 -> 1138
86. 9.0625e-05 -> 1148
87. 9.0625e-05 -> 1169
88. 5.3125e-05 -> 1170
89. 5.3125e-05 -> 1175
90. 5.15625e-05 -> 1176
91. 2.65625e-05 -> 1186
92. 1.71875e-05 -> 1217
93. 1.5625e-05 -> 1219
94. 7.8125e-06 -> 1225
95. 3.125e-06 -> 1353
96. 17.8689 -> 2001
97. 12.0969 -> 2002
98. 5.3207 -> 2005
99. 3.53043 -> 2009
100. 3.50842 -> 2014
101. 3.41523 -> 2016
102. 3.15223 -> 2018
103. 1.69404 -> 2019
104. 0.44098 -> 2022
105. 0.308413 -> 2038
106. 0.272273 -> 2039
107. 0.269225 -> 2046
108. 0.170305 -> 2047
109. 0.153905 -> 2048
110. 0.0772297 -> 2049
111. 0.0685172 -> 2051
112. 0.0680297 -> 2052
113. 0.0618172 -> 2053
114. 0.0351969 -> 2055
115. 0.0346469 -> 2057
116. 0.0291797 -> 2058
117. 0.0184422 -> 2059
118. 0.0183297 -> 2060
119. 0.0101297 -> 2061
120. 0.0100906 -> 2065
121. 0.00990937 -> 2067
122. 0.00310938 -> 2068
123. 0.00249687 -> 2086
124. 0.00245312 -> 2087
125. 0.00244063 -> 2089
126. 0.00220312 -> 2090
127. 0.00175312 -> 2091
128. 0.00124063 -> 2096
129. 0.000740625 -> 2101
130. 0.000720313 -> 2105
131. 0.000259375 -> 2108
132. 0.000251563 -> 2110
133. 0.000170313 -> 2111
134. 0.000165625 -> 2118
135. 0.00014375 -> 2133
136. 5.3125e-05 -> 2143
137. 4.6875e-05 -> 2179
138. 4.53125e-05 -> 2188
139. 3.90625e-05 -> 2193
140. 1.09375e-05 -> 2199
141. 7.8125e-06 -> 2285
142. 6.25e-06 -> 2290
143. 4.6875e-06 -> 2294
144. 57.0551 -> 3001
145. 36.0648 -> 3004
146. 30.1217 -> 3005
147. 28.3224 -> 3008
148. 25.357 -> 3010
149. 18.8482 -> 3011
150. 18.1325 -> 3015
151. 12.9149 -> 3016
152. 11.8234 -> 3021
153. 8.38628 -> 3022
154. 2.86013 -> 3025
155. 1.87764 -> 3029
156. 1.75004 -> 3031
157. 1.37079 -> 3033
158. 1.16554 -> 3034
159. 1.1589 -> 3035
160. 0.789723 -> 3040
161. 0.76105 -> 3048
162. 0.73695 -> 3050
163. 0.563612 -> 3052
164. 0.563223 -> 3054
165. 0.556842 -> 3055
166. 0.459183 -> 3058
167. 0.217067 -> 3060
168. 0.21273 -> 3062
169. 0.209855 -> 3063
170. 0.205773 -> 3064
171. 0.0884672 -> 3066
172. 0.0268672 -> 3067
173. 0.0259422 -> 3069
174. 0.0232172 -> 3072
175. 0.0227719 -> 3073
176. 0.0216172 -> 3074
177. 0.0149969 -> 3076
178. 0.0139344 -> 3078
179. 0.0121094 -> 3081
180. 0.00933437 -> 3083
181. 0.00880937 -> 3085
182. 0.00830312 -> 3092
183. 0.00750312 -> 3099
184. 0.00287344 -> 3106
185. 0.00265938 -> 3111
186. 0.00227188 -> 3113
187. 0.00208438 -> 3114
188. 0.00193438 -> 3115
189. 0.00148437 -> 3117
190. 0.00147187 -> 3122
191. 0.00134531 -> 3124
192. 0.000870312 -> 3127
193. 0.00076875 -> 3130
194. 0.000615625 -> 3138
195. 0.000578125 -> 3140
196. 0.000476562 -> 3164
197. 0.000446875 -> 3165
198. 0.000226562 -> 3166
199. 0.000148438 -> 3198
200. 0.000134375 -> 3199
201. 0.000103125 -> 3200
202. 5.9375e-05 -> 3209
203. 4.84375e-05 -> 3210
204. 4.6875e-05 -> 3211
205. 4.0625e-05 -> 3214
206. 3.59375e-05 -> 3216
207. 2.8125e-05 -> 3220
208. 2.03125e-05 -> 3226
209. 1.5625e-05 -> 3229
210. 1.09375e-05 -> 3254
211. 9.375e-06 -> 3262
212. 4.6875e-06 -> 3290
213. 3.125e-06 -> 3300
214. 36.9921 -> 4001
215. 24.0793 -> 4002
216. 20.1641 -> 4003
217. 13.0766 -> 4006
218. 11.9102 -> 4007
219. 11.69 -> 4008
220. 6.57855 -> 4009
221. 6.57507 -> 4010
222. 6.56467 -> 4011
223. 6.54782 -> 4012
224. 2.73171 -> 4013
225. 2.32585 -> 4014
226. 2.32573 -> 4018
227. 2.31051 -> 4019
228. 0.602409 -> 4020
229. 0.60093 -> 4022
230. 0.567409 -> 4023
231. 0.342755 -> 4024
232. 0.337409 -> 4026
233. 0.330558 -> 4029
234. 0.269927 -> 4031
235. 0.134853 -> 4033
236. 0.130703 -> 4038
237. 0.128102 -> 4039
238. 0.0978219 -> 4040
239. 0.0853016 -> 4041
240. 0.0847234 -> 4043
241. 0.0819594 -> 4045
242. 0.0749469 -> 4047
243. 0.0414172 -> 4049
244. 0.0314469 -> 4052
245. 0.0289781 -> 4056
246. 0.0213781 -> 4057
247. 0.0141672 -> 4059
248. 0.0131859 -> 4060
249. 0.0121172 -> 4061
250. 0.00978594 -> 4063
251. 0.00656094 -> 4064
252. 0.0055 -> 4065
253. 0.00367187 -> 4100
254. 0.00360469 -> 4106
255. 0.00336719 -> 4107
256. 0.00247969 -> 4108
257. 0.00153125 -> 4126
258. 0.000315625 -> 4142
259. 0.000265625 -> 4148
260. 0.000159375 -> 4152
261. 0.000109375 -> 4160
262. 7.96875e-05 -> 4215
263. 6.25e-05 -> 4226
264. 2.96875e-05 -> 4228
265. 2.5e-05 -> 4230
266. 2.34375e-05 -> 4260
267. 1.5625e-05 -> 4282
268. 1.25e-05 -> 4385
269. 1.25e-05 -> 4387
270. 7.8125e-06 -> 4391
271. 6.25e-06 -> 4410
272. 46.9722 -> 5001
273. 29.6165 -> 5002
274. 15.6047 -> 5003
275. 14.3836 -> 5005
276. 14.3766 -> 5006
277. 12.0408 -> 5007
278. 11.8492 -> 5008
279. 10.7688 -> 5009
280. 7.31138 -> 5010
281. 7.03726 -> 5012
282. 6.57692 -> 5013
283. 3.22446 -> 5014
284. 3.21355 -> 5015
285. 3.10686 -> 5017
286. 2.84252 -> 5022
287. 2.61973 -> 5024
288. 1.078 -> 5029
289. 0.511072 -> 5034
290. 0.372584 -> 5039
291. 0.371259 -> 5040
292. 0.229809 -> 5041
293. 0.213609 -> 5042
294. 0.205311 -> 5044
295. 0.195409 -> 5046
296. 0.167859 -> 5048
297. 0.0746094 -> 5049
298. 0.0719141 -> 5074
299. 0.0644828 -> 5075
300. 0.0572828 -> 5076
301. 0.0376797 -> 5083
302. 0.0321594 -> 5084
303. 0.00998437 -> 5085
304. 0.00571094 -> 5099
305. 0.00446094 -> 5101
306. 0.00405469 -> 5105
307. 0.00239219 -> 5109
308. 0.0023625 -> 5110
309. 0.00228594 -> 5123
310. 0.00200469 -> 5125
311. 0.00195469 -> 5136
312. 0.00167812 -> 5140
313. 0.000357813 -> 5141
314. 0.000192188 -> 5145
315. 0.000129688 -> 5146
316. 0.0001125 -> 5153
317. 6.71875e-05 -> 5173
318. 5.78125e-05 -> 5181
319. 4.53125e-05 -> 5182
320. 2.96875e-05 -> 5222
321. 2.8125e-05 -> 5248
322. 2.1875e-05 -> 5254
323. 1.40625e-05 -> 5288
324. 1.09375e-05 -> 5291
325. 6.25e-06 -> 5324
326. 4.6875e-06 -> 5337
327. 3.125e-06 -> 5338
328. 1.5625e-06 -> 5373
329. 62.568 -> 6001
330. 61.5634 -> 6003
331. 47.1579 -> 6004
332. 30.4417 -> 6005
333. 28.0833 -> 6006
334. 26.2825 -> 6007
335. 13.3928 -> 6008
336. 13.3914 -> 6009
337. 13.3425 -> 6010
338. 6.79705 -> 6012
339. 1.76139 -> 6014
340. 1.73273 -> 6027
341. 1.6909 -> 6028
342. 1.5645 -> 6029
343. 0.423694 -> 6030
344. 0.407194 -> 6031
345. 0.399194 -> 6032
346. 0.346694 -> 6033
347. 0.309894 -> 6034
348. 0.252727 -> 6035
349. 0.240927 -> 6037
350. 0.191619 -> 6038
351. 0.189244 -> 6039
352. 0.12538 -> 6049
353. 0.123155 -> 6051
354. 0.0517797 -> 6052
355. 0.0471406 -> 6055
356. 0.0399047 -> 6058
357. 0.0287109 -> 6059
358. 0.0191484 -> 6060
359. 0.0182984 -> 6064
360. 0.0115859 -> 6068
361. 0.0115797 -> 6071
362. 0.0115172 -> 6072
363. 0.0102484 -> 6074
364. 0.00662969 -> 6082
365. 0.0065125 -> 6084
366. 0.00645469 -> 6086
367. 0.00556094 -> 6091
368. 0.00465469 -> 6092
369. 0.00434063 -> 6094
370. 0.00365312 -> 6097
371. 0.00312656 -> 6110
372. 0.00274531 -> 6115
373. 0.00262656 -> 6116
374. 0.00192656 -> 6118
375. 0.00138437 -> 6124
376. 0.000229688 -> 6126
377. 0.000228125 -> 6151
378. 0.000160937 -> 6154
379. 6.09375e-05 -> 6159
380. 4.6875e-05 -> 6215
381. 4.21875e-05 -> 6218
382. 2.1875e-05 -> 6224
383. 7.8125e-06 -> 6233
384. 3.125e-06 -> 6327
385. 36.5655 -> 7001
386. 34.6241 -> 7002
387. 29.1969 -> 7003
388. 27.2264 -> 7004
389. 14.546 -> 7005
390. 10.4146 -> 7008
391. 9.81468 -> 7009
392. 1.91593 -> 7011
393. 1.45933 -> 7016
394. 1.41493 -> 7017
395. 1.30988 -> 7018
396. 1.30672 -> 7022
397. 1.12328 -> 7023
398. 1.09302 -> 7026
399. 0.770403 -> 7027
400. 0.471203 -> 7028
401. 0.407903 -> 7029
402. 0.303769 -> 7034
403. 0.231416 -> 7037
404. 0.220616 -> 7041
405. 0.216166 -> 7044
406. 0.0809656 -> 7045
407. 0.0791156 -> 7047
408. 0.0534453 -> 7053
409. 0.0436219 -> 7061
410. 0.0395969 -> 7064
411. 0.0339844 -> 7065
412. 0.0318344 -> 7069
413. 0.0261844 -> 7070
414. 0.0254328 -> 7072
415. 0.0240344 -> 7075
416. 0.0227094 -> 7076
417. 0.0200781 -> 7079
418. 0.0172781 -> 7081
419. 0.0104797 -> 7086
420. 0.00782188 -> 7088
421. 0.00684062 -> 7089
422. 0.00604062 -> 7091
423. 0.00586562 -> 7094
424. 0.00310312 -> 7096
425. 0.00208438 -> 7101
426. 0.00195938 -> 7102
427. 0.000703125 -> 7103
428. 0.000684375 -> 7105
429. 0.000628125 -> 7107
430. 0.000465625 -> 7108
431. 0.000454688 -> 7110
432. 0.000115625 -> 7116
433. 5.3125e-05 -> 7117
434. 4.6875e-05 -> 7119
435. 2.8125e-05 -> 7123
436. 1.875e-05 -> 7152
437. 1.71875e-05 -> 7272
438. 1.25e-05 -> 7339
439. 1.09375e-05 -> 7345
440. 7.8125e-06 -> 7355
441. 6.25e-06 -> 7367
442. 47.9569 -> 8001
443. 45.0913 -> 8002
444. 37.9052 -> 8003
445. 18.2914 -> 8004
446. 14.5536 -> 8006
447. 12.0184 -> 8007
448. 11.9464 -> 8008
449. 6.05229 -> 8009
450. 5.18039 -> 8010
451. 5.06939 -> 8011
452. 5.06857 -> 8012
453. 5.02779 -> 8013
454. 3.08617 -> 8014
455. 3.05999 -> 8015
456. 0.565591 -> 8019
457. 0.322391 -> 8021
458. 0.181103 -> 8024
459. 0.0267906 -> 8026
460. 0.0192547 -> 8039
461. 0.0162172 -> 8047
462. 0.0150172 -> 8048
463. 0.0138547 -> 8066
464. 0.00959219 -> 8069
465. 0.00823594 -> 8076
466. 0.00777344 -> 8079
467. 0.00555469 -> 8086
468. 0.0055 -> 8088
469. 0.003725 -> 8090
470. 0.00360469 -> 8094
471. 0.00290469 -> 8095
472. 0.001425 -> 8097
473. 0.00104687 -> 8124
474. 0.00102188 -> 8129
475. 0.000996875 -> 8130
476. 0.000948438 -> 8135
477. 0.000920312 -> 8148
478. 0.000876562 -> 8152
479. 0.000870312 -> 8153
480. 0.000782812 -> 8154
481. 0.000776562 -> 8155
482. 0.000775 -> 8156
483. 0.000525 -> 8157
484. 0.000175 -> 8170
485. 0.000170313 -> 8172
486. 0.00016875 -> 8174
487. 0.000120313 -> 8175
488. 0.000115625 -> 8178
489. 0.000109375 -> 8192
490. 9.6875e-05 -> 8225
491. 8.90625e-05 -> 8230
492. 7.1875e-05 -> 8231
493. 5.3125e-05 -> 8232
494. 2.03125e-05 -> 8236
495. 1.875e-05 -> 8241
496. 1.40625e-05 -> 8257
497. 7.8125e-06 -> 8272
498. 4.6875e-06 -> 8287
499. 3.125e-06 -> 8301
500. 51.0716 -> 9001
501. 43.9846 -> 9002
502. 40.327 -> 9003
503. 35.0091 -> 9004
504. 34.6102 -> 9005
505. 31.6943 -> 9007
506. 22.3472 -> 9008
507. 22.1508 -> 9009
508. 21.8268 -> 9010
509. 15.4322 -> 9011
510. 6.79625 -> 9013
511. 6.63761 -> 9015
512. 6.47495 -> 9016
513. 3.94993 -> 9018
514. 3.90123 -> 9020
515. 3.0295 -> 9023
516. 2.993 -> 9026
517. 2.7527 -> 9027
518. 2.0487 -> 9028
519. 1.441 -> 9032
520. 1.36905 -> 9033
521. 0.687397 -> 9034
522. 0.677047 -> 9036
523. 0.670347 -> 9038
524. 0.499109 -> 9039
525. 0.475384 -> 9040
526. 0.441984 -> 9041
527. 0.21778 -> 9044
528. 0.105534 -> 9070
529. 0.0918109 -> 9075
530. 0.0725156 -> 9081
531. 0.0620391 -> 9101
532. 0.0549391 -> 9105
533. 0.0545594 -> 9106
534. 0.0544391 -> 9109
535. 0.0473391 -> 9110
536. 0.0384281 -> 9120
537. 0.0254219 -> 9123
538. 0.0252297 -> 9125
539. 0.0208219 -> 9126
540. 0.0207297 -> 9127
541. 0.0102297 -> 9129
542. 0.00466719 -> 9135
543. 0.00451719 -> 9137
544. 0.00254219 -> 9138
545. 0.0017125 -> 9143
546. 0.00154844 -> 9145
547. 0.00136094 -> 9147
548. 0.0012125 -> 9148
549. 0.0010875 -> 9149
550. 0.000325 -> 9157
551. 0.0002 -> 9159
552. 0.00015625 -> 9164
553. 0.000114062 -> 9181
554. 1.40625e-05 -> 9185
555. 1.09375e-05 -> 9199
556. 6.25e-06 -> 9202
557. 4.6875e-06 -> 9398
558. 3.125e-06 -> 9862
559. 65.5282 -> 10001
560. 26.8607 -> 10002
561. 16.4159 -> 10004
562. 13.9261 -> 10005
563. 13.5715 -> 10006
564. 10.0529 -> 10007
565. 9.59804 -> 10008
566. 9.56056 -> 10009
567. 9.45414 -> 10010
568. 8.81931 -> 10012
569. 8.57741 -> 10013
570. 6.73422 -> 10014
571. 5.04828 -> 10015
572. 4.16132 -> 10016
573. 2.36988 -> 10017
574. 1.66748 -> 10018
575. 1.10588 -> 10019
576. 1.10371 -> 10021
577. 0.404934 -> 10024
578. 0.401284 -> 10025
579. 0.246566 -> 10027
580. 0.137998 -> 10029
581. 0.117623 -> 10038
582. 0.102923 -> 10040
583. 0.0826734 -> 10041
584. 0.0825859 -> 10042
585. 0.0818734 -> 10045
586. 0.0816859 -> 10046
587. 0.0767484 -> 10047
588. 0.0651062 -> 10048
589. 0.0420734 -> 10049
590. 0.0311734 -> 10054
591. 0.0019 -> 10058
592. 0.00165 -> 10060
593. 0.00115 -> 10062
594. 0.001025 -> 10064
595. 0.000975 -> 10066
596. 0.000892187 -> 10077
597. 0.000823437 -> 10084
598. 0.000160937 -> 10086
599. 0.000154687 -> 10140
600. 0.000148437 -> 10153
601. 0.000104687 -> 10154
602. 8.28125e-05 -> 10172
603. 7.1875e-05 -> 10174
604. 6.71875e-05 -> 10176
605. 5.3125e-05 -> 10213
606. 3.4375e-05 -> 10217
607. 2.96875e-05 -> 10266
608. 2.1875e-05 -> 10321
609. 1.25e-05 -> 10335
610. 7.8125e-06 -> 10340
611. 43.0039 -> 11001
612. 39.4123 -> 11002
613. 38.7931 -> 11003
614. 29.3226 -> 11005
615. 29.2724 -> 11006
616. 23.6966 -> 11007
617. 20.7161 -> 11009
618. 12.5702 -> 11010
619. 10.0107 -> 11015
620. 6.16912 -> 11017
621. 3.70672 -> 11019
622. 3.67707 -> 11022
623. 1.23389 -> 11024
624. 0.636236 -> 11029
625. 0.616886 -> 11030
626. 0.612636 -> 11033
627. 0.612086 -> 11034
628. 0.531734 -> 11036
629. 0.530673 -> 11037
630. 0.296817 -> 11038
631. 0.238617 -> 11042
632. 0.214698 -> 11044
633. 0.146536 -> 11045
634. 0.145636 -> 11057
635. 0.123809 -> 11058
636. 0.0422047 -> 11060
637. 0.0271703 -> 11076
638. 0.0180984 -> 11079
639. 0.0160938 -> 11083
640. 0.0153703 -> 11084
641. 0.0137609 -> 11096
642. 0.0128703 -> 11097
643. 0.0127687 -> 11098
644. 0.0107734 -> 11100
645. 0.00854531 -> 11103
646. 0.00714219 -> 11106
647. 0.00685469 -> 11110
648. 0.00515313 -> 11119
649. 0.00510313 -> 11123
650. 0.00504063 -> 11124
651. 0.00244063 -> 11126
652. 0.00231719 -> 11130
653. 0.00223125 -> 11141
654. 0.00216875 -> 11143
655. 0.00215 -> 11144
656. 0.00046875 -> 11145
657. 0.00035625 -> 11148
658. 0.000329687 -> 11149
659. 0.0002625 -> 11151
660. 0.000254687 -> 11158
661. 0.000240625 -> 11161
662. 0.000228125 -> 11164
663. 0.000207813 -> 11166
664. 0.000182813 -> 11168
665. 4.0625e-05 -> 11178
666. 3.28125e-05 -> 11180
667. 2.8125e-05 -> 11184
668. 2.03125e-05 -> 11188
669. 1.5625e-05 -> 11190
670. 1.5625e-05 -> 11196
671. 9.375e-06 -> 11204
672. 3.125e-06 -> 11374
673. 71.5325 -> 12001
674. 24.0184 -> 12002
675. 23.7643 -> 12004
676. 14.832 -> 12005
677. 10.0108 -> 12007
678. 7.26843 -> 12009
679. 4.39127 -> 12010
680. 3.49184 -> 12012
681. 3.31824 -> 12013
682. 2.44044 -> 12015
683. 2.42747 -> 12016
684. 2.33654 -> 12017
685. 1.86791 -> 12019
686. 1.49925 -> 12020
687. 0.949145 -> 12021
688. 0.946956 -> 12033
689. 0.640556 -> 12034
690. 0.602419 -> 12038
691. 0.544481 -> 12043
692. 0.156745 -> 12044
693. 0.15497 -> 12047
694. 0.154158 -> 12050
695. 0.145263 -> 12052
696. 0.139162 -> 12053
697. 0.118933 -> 12055
698. 0.0409078 -> 12056
699. 0.0185109 -> 12074
700. 0.0153469 -> 12093
701. 0.0144469 -> 12095
702. 0.00985313 -> 12096
703. 0.00968438 -> 12102
704. 0.00964687 -> 12106
705. 0.00357813 -> 12107
706. 0.00260938 -> 12123
707. 0.00253281 -> 12129
708. 0.00163281 -> 12130
709. 0.00162812 -> 12135
710. 0.00124844 -> 12136
711. 0.00115312 -> 12141
712. 0.000554687 -> 12144
713. 0.000495312 -> 12158
714. 0.000265625 -> 12160
715. 0.000140625 -> 12168
716. 0.000128125 -> 12181
717. 4.0625e-05 -> 12183
718. 2.34375e-05 -> 12208
719. 6.25e-06 -> 12210
720. 4.6875e-06 -> 12265
721. 21.9168 -> 13001
722. 21.7683 -> 13002
723. 13.4701 -> 13003
724. 4.58384 -> 13004
725. 2.91257 -> 13013
726. 2.73763 -> 13024
727. 2.29435 -> 13026
728. 2.01835 -> 13029
729. 1.98275 -> 13030
730. 1.92393 -> 13032
731. 1.49383 -> 13033
732. 1.04728 -> 13035
733. 0.297428 -> 13038
734. 0.201592 -> 13041
735. 0.178992 -> 13043
736. 0.170537 -> 13048
737. 0.124638 -> 13049
738. 0.0915375 -> 13053
739. 0.0789625 -> 13058
740. 0.076925 -> 13064
741. 0.0654672 -> 13065
742. 0.0462359 -> 13066
743. 0.0457359 -> 13067
744. 0.0387359 -> 13070
745. 0.0332859 -> 13072
746. 0.0229672 -> 13079
747. 0.0226469 -> 13086
748. 0.0226391 -> 13091
749. 0.0226125 -> 13092
750. 0.0205125 -> 13093
751. 0.0160297 -> 13095
752. 0.0139547 -> 13096
753. 0.00592656 -> 13114
754. 0.00542656 -> 13115
755. 0.0049 -> 13119
756. 0.0048 -> 13121
757. 0.0045 -> 13122
758. 0.0024 -> 13123
759. 0.00188438 -> 13130
760. 0.00180312 -> 13131
761. 0.00160313 -> 13132
762. 0.00156563 -> 13133
763. 0.00115312 -> 13135
764. 0.00111562 -> 13136
765. 0.000840625 -> 13138
766. 0.000414063 -> 13139
767. 0.000385938 -> 13141
768. 0.000334375 -> 13154
769. 0.000251562 -> 13157
770. 0.000196875 -> 13166
771. 0.000190625 -> 13174
772. 0.000159375 -> 13179
773. 0.000146875 -> 13181
774. 0.000128125 -> 13183
775. 0.000115625 -> 13194
776. 3.90625e-05 -> 13224
777. 2.03125e-05 -> 13253
778. 1.25e-05 -> 13256
779. 7.8125e-06 -> 13259
780. 4.6875e-06 -> 13313
781. 3.125e-06 -> 13342
782. 1.5625e-06 -> 13357
783. 54.6547 -> 14001
784. 43.3211 -> 14003
785. 31.9861 -> 14004
786. 22.5545 -> 14005
787. 21.9532 -> 14006
788. 20.4444 -> 14007
789. 17.1468 -> 14008
790. 10.7088 -> 14009
791. 9.65958 -> 14013
792. 9.6543 -> 14014
793. 8.52637 -> 14015
794. 6.20594 -> 14016
795. 0.861892 -> 14020
796. 0.839492 -> 14022
797. 0.607242 -> 14023
798. 0.552742 -> 14024
799. 0.549892 -> 14025
800. 0.537267 -> 14032
801. 0.27383 -> 14035
802. 0.268355 -> 14036
803. 0.228292 -> 14041
804. 0.214305 -> 14046
805. 0.140709 -> 14047
806. 0.0650219 -> 14048
807. 0.0611469 -> 14051
808. 0.0602094 -> 14052
809. 0.0262094 -> 14053
810. 0.0220094 -> 14054
811. 0.0164094 -> 14058
812. 0.0161719 -> 14059
813. 0.0124594 -> 14061
814. 0.0113344 -> 14071
815. 0.0113172 -> 14072
816. 0.00345469 -> 14073
817. 0.00311406 -> 14074
818. 0.00175937 -> 14075
819. 0.00150937 -> 14077
820. 0.00126719 -> 14086
821. 0.000673438 -> 14092
822. 0.00041875 -> 14103
823. 0.00036875 -> 14108
824. 0.00035 -> 14110
825. 0.000148437 -> 14112
826. 0.000123438 -> 14122
827. 6.09375e-05 -> 14126
828. 4.84375e-05 -> 14134
829. 3.4375e-05 -> 14158
830. 2.96875e-05 -> 14169
831. 2.65625e-05 -> 14172
832. 2.1875e-05 -> 14173
833. 1.71875e-05 -> 14174
834. 1.25e-05 -> 14487
835. 1.25e-05 -> 14686
836. 7.8125e-06 -> 14811
837. 55.9395 -> 15001
838. 50.4707 -> 15002
839. 37.0211 -> 15003
840. 24.1253 -> 15004
841. 17.5887 -> 15006
842. 10.3427 -> 15008
843. 10.1323 -> 15009
844. 8.88202 -> 15010
845. 6.82794 -> 15012
846. 6.78519 -> 15013
847. 6.55483 -> 15018
848. 6.33563 -> 15019
849. 3.69005 -> 15020
850. 3.64305 -> 15021
851. 2.95219 -> 15022
852. 2.91309 -> 15024
853. 2.9093 -> 15025
854. 2.90922 -> 15027
855. 2.7741 -> 15029
856. 1.11276 -> 15030
857. 0.850117 -> 15039
858. 0.802517 -> 15040
859. 0.440967 -> 15042
860. 0.435305 -> 15044
861. 0.358905 -> 15045
862. 0.337662 -> 15048
863. 0.3345 -> 15049
864. 0.156917 -> 15050
865. 0.156453 -> 15054
866. 0.139153 -> 15056
867. 0.106917 -> 15057
868. 0.102886 -> 15061
869. 0.0926484 -> 15062
870. 0.0897547 -> 15064
871. 0.0896109 -> 15066
872. 0.0433984 -> 15067
873. 0.0432609 -> 15068
874. 0.0387609 -> 15069
875. 0.0356109 -> 15070
876. 0.0333859 -> 15078
877. 0.0317359 -> 15079
878. 0.0314984 -> 15080
879. 0.0310859 -> 15081
880. 0.0306859 -> 15082
881. 0.0142125 -> 15086
882. 0.0141813 -> 15089
883. 0.0132906 -> 15090
884. 0.0119234 -> 15091
885. 0.0101875 -> 15094
886. 0.00899062 -> 15101
887. 0.00777813 -> 15104
888. 0.00770781 -> 15106
889. 0.00470781 -> 15108
890. 0.00445156 -> 15112
891. 0.00432812 -> 15114
892. 0.00390156 -> 15116
893. 0.00361406 -> 15117
894. 0.00248438 -> 15126
895. 0.00202813 -> 15127
896. 0.00142812 -> 15130
897. 0.00140781 -> 15137
898. 0.00136562 -> 15138
899. 0.00125781 -> 15139
900. 0.0011875 -> 15141
901. 0.000890625 -> 15146
902. 0.000614062 -> 15148
903. 0.00041875 -> 15164
904. 0.0004125 -> 15165
905. 0.000264062 -> 15167
906. 0.00025 -> 15173
907. 0.000225 -> 15175
908. 0.000126563 -> 15177
909. 9.53125e-05 -> 15179
910. 6.09375e-05 -> 15190
911. 5.3125e-05 -> 15195
912. 4.84375e-05 -> 15196
913. 3.59375e-05 -> 15197
914. 2.34375e-05 -> 15200
915. 1.71875e-05 -> 15219
916. 1.5625e-05 -> 15243
917. 1.25e-05 -> 15340
918. 7.8125e-06 -> 15344
919. 6.25e-06 -> 15346
920. 4.6875e-06 -> 15348
921. 3.125e-06 -> 15351
922. 40.9198 -> 16001
923. 38.6526 -> 16002
924. 19.1094 -> 16003
925. 16.8217 -> 16004
926. 14.0824 -> 16006
927. 4.3854 -> 16008
928. 3.88409 -> 16010
929. 3.32367 -> 16011
930. 3.10287 -> 16012
931. 2.11065 -> 16013
932. 1.07192 -> 16014
933. 1.05854 -> 16017
934. 1.04497 -> 16018
935. 0.901097 -> 16019
936. 0.787109 -> 16021
937. 0.724503 -> 16022
938. 0.451928 -> 16023
939. 0.407528 -> 16024
940. 0.399328 -> 16027
941. 0.194209 -> 16028
942. 0.133059 -> 16030
943. 0.117872 -> 16044
944. 0.0904937 -> 16048
945. 0.0896437 -> 16049
946. 0.0893609 -> 16051
947. 0.0880859 -> 16052
948. 0.0778438 -> 16053
949. 0.0776812 -> 16054
950. 0.0770906 -> 16056
951. 0.0391313 -> 16057
952. 0.0385563 -> 16059
953. 0.0368313 -> 16060
954. 0.00667969 -> 16061
955. 0.00371875 -> 16070
956. 0.00328594 -> 16072
957. 0.00286875 -> 16073
958. 0.00285 -> 16075
959. 0.00182969 -> 16076
960. 0.00149219 -> 16078
961. 0.00134844 -> 16083
962. 0.00112188 -> 16084
963. 0.000898437 -> 16090
964. 0.000703125 -> 16091
965. 0.00045 -> 16096
966. 6.5625e-05 -> 16106
967. 6.09375e-05 -> 16108
968. 5.3125e-05 -> 16114
969. 2.1875e-05 -> 16149
970. 1.09375e-05 -> 16164
971. 7.8125e-06 -> 16193
972. 3.125e-06 -> 16214
973. 1.5625e-06 -> 16232
974. 51.1275 -> 17001
975. 31.5421 -> 17005
976. 31.5225 -> 17006
977. 26.3344 -> 17009
978. 26.1311 -> 17010
979. 26.1301 -> 17011
980. 25.9714 -> 17015
981. 9.46948 -> 17016
982. 9.3656 -> 17017
983. 2.47902 -> 17018
984. 1.95604 -> 17022
985. 1.70104 -> 17023
986. 1.65504 -> 17025
987. 1.33184 -> 17027
988. 1.21264 -> 17029
989. 0.955792 -> 17033
990. 0.667342 -> 17038
991. 0.615967 -> 17041
992. 0.112742 -> 17043
993. 0.112084 -> 17050
994. 0.0941016 -> 17061
995. 0.0738016 -> 17062
996. 0.0627016 -> 17067
997. 0.0626781 -> 17068
998. 0.0411094 -> 17069
999. 0.00870937 -> 17073
1000. 0.00270938 -> 17076
1001. 0.00190938 -> 17077
1002. 0.00190469 -> 17082
1003. 0.0019 -> 17083
1004. 0.00100469 -> 17084
1005. 0.000859375 -> 17086
1006. 0.0004375 -> 17121
1007. 0.00036875 -> 17122
1008. 0.00019375 -> 17127
1009. 0.00011875 -> 17128
1010. 7.5e-05 -> 17146
1011. 7.03125e-05 -> 17151
1012. 2.5e-05 -> 17157
1013. 2.03125e-05 -> 17164
1014. 1.5625e-05 -> 17184
1015. 1.25e-05 -> 17286
1016. 7.8125e-06 -> 17294
1017. 6.25e-06 -> 17453
1018. 21.8917 -> 18001
1019. 17.5495 -> 18002
1020. 17.2101 -> 18003
1021. 15.0113 -> 18004
1022. 8.3975 -> 18005
1023. 7.7463 -> 18006
1024. 7.72925 -> 18007
1025. 5.92641 -> 18008
1026. 3.41303 -> 18012
1027. 2.53284 -> 18016
1028. 1.91551 -> 18017
1029. 1.47024 -> 18019
1030. 1.17535 -> 18020
1031. 1.17053 -> 18021
1032. 0.521447 -> 18023
1033. 0.408647 -> 18031
1034. 0.391697 -> 18035
1035. 0.286463 -> 18038
1036. 0.247278 -> 18053
1037. 0.240378 -> 18055
1038. 0.0996781 -> 18057
1039. 0.0994203 -> 18059
1040. 0.0694359 -> 18062
1041. 0.0325187 -> 18066
1042. 0.0316187 -> 18069
1043. 0.0279187 -> 18070
1044. 0.0270187 -> 18075
1045. 0.0118141 -> 18076
1046. 0.0110437 -> 18081
1047. 0.0100437 -> 18089
1048. 0.00894375 -> 18090
1049. 0.00759375 -> 18092
1050. 0.00408906 -> 18098
1051. 0.00403906 -> 18099
1052. 0.00388906 -> 18101
1053. 0.00360937 -> 18102
1054. 0.00163906 -> 18103
1055. 0.00156406 -> 18112
1056. 0.00105781 -> 18117
1057. 0.000932813 -> 18119
1058. 0.000914063 -> 18122
1059. 0.000789063 -> 18130
1060. 0.000628125 -> 18141
1061. 0.000246875 -> 18144
1062. 0.000170313 -> 18150
1063. 0.000107813 -> 18152
1064. 0.000104688 -> 18156
1065. 0.0001 -> 18158
1066. 8.75e-05 -> 18160
1067. 8.59375e-05 -> 18166
1068. 2.5e-05 -> 18168
1069. 4.6875e-06 -> 18197
1070. 3.125e-06 -> 18204
1071. 58.4884 -> 19001
1072. 57.8991 -> 19003
1073. 57.8967 -> 19004
1074. 48.3155 -> 19006
1075. 33.3566 -> 19007
1076. 29.3497 -> 19009
1077. 9.67268 -> 19010
1078. 8.58501 -> 19012
1079. 8.23588 -> 19013
1080. 6.56571 -> 19014
1081. 5.64343 -> 19023
1082. 4.67508 -> 19025
1083. 4.27531 -> 19027
1084. 2.43395 -> 19031
1085. 1.59254 -> 19032
1086. 1.48366 -> 19035
1087. 1.41766 -> 19036
1088. 1.37174 -> 19037
1089. 1.31444 -> 19038
1090. 1.2671 -> 19039
1091. 1.22214 -> 19041
1092. 1.0207 -> 19042
1093. 0.651941 -> 19045
1094. 0.651558 -> 19046
1095. 0.640958 -> 19047
1096. 0.491358 -> 19048
1097. 0.489533 -> 19049
1098. 0.297508 -> 19050
1099. 0.163283 -> 19051
1100. 0.137495 -> 19054
1101. 0.0888828 -> 19056
1102. 0.0865172 -> 19058
1103. 0.0776406 -> 19065
1104. 0.0739156 -> 19068
1105. 0.0699656 -> 19069
1106. 0.0690016 -> 19072
1107. 0.0623156 -> 19073
1108. 0.0458719 -> 19075
1109. 0.0218734 -> 19077
1110. 0.0216359 -> 19082
1111. 0.0195234 -> 19083
1112. 0.0160234 -> 19084
1113. 0.0117234 -> 19085
1114. 0.0107609 -> 19086
1115. 0.0107313 -> 19087
1116. 0.0105375 -> 19090
1117. 0.00890625 -> 19097
1118. 0.00234844 -> 19099
1119. 0.0014625 -> 19103
1120. 0.0013125 -> 19104
1121. 0.00129844 -> 19105
1122. 0.00115 -> 19106
1123. 0.001125 -> 19114
1124. 0.001 -> 19116
1125. 0.0004125 -> 19118
1126. 0.000398438 -> 19125
1127. 0.0003875 -> 19139
1128. 0.000357813 -> 19142
1129. 0.00030625 -> 19144
1130. 0.000232813 -> 19145
1131. 0.000225 -> 19149
1132. 0.0001125 -> 19152
1133. 0.0001 -> 19154
1134. 9.21875e-05 -> 19158
1135. 7.96875e-05 -> 19160
1136. 7.8125e-05 -> 19164
1137. 7.5e-05 -> 19171
1138. 6.5625e-05 -> 19182
1139. 6.25e-05 -> 19183
1140. 1.71875e-05 -> 19200
1141. 1.09375e-05 -> 19207
1142. 4.6875e-06 -> 19214
1143. 34.318 -> 20001
1144. 19.248 -> 20003
1145. 10.1728 -> 20007
1146. 6.92375 -> 20008
1147. 6.11905 -> 20010
1148. 5.78295 -> 20011
1149. 5.21975 -> 20012
1150. 4.80135 -> 20014
1151. 4.64775 -> 20015
1152. 4.49225 -> 20016
1153. 3.85649 -> 20018
1154. 3.84905 -> 20019
1155. 3.77748 -> 20020
1156. 1.68908 -> 20021
1157. 1.64754 -> 20027
1158. 1.53852 -> 20030
1159. 1.24772 -> 20032
1160. 0.734036 -> 20034
1161. 0.536761 -> 20035
1162. 0.401434 -> 20037
1163. 0.2024 -> 20038
1164. 0.1923 -> 20040
1165. 0.170775 -> 20042
1166. 0.162575 -> 20044
1167. 0.1615 -> 20046
1168. 0.120863 -> 20047
1169. 0.0518 -> 20048
1170. 0.0513297 -> 20057
1171. 0.0128047 -> 20059
1172. 0.00926719 -> 20084
1173. 0.00762969 -> 20086
1174. 0.00662969 -> 20088
1175. 0.00616719 -> 20091
1176. 0.00607969 -> 20092
1177. 0.00605 -> 20093
1178. 0.00404219 -> 20095
1179. 0.00389688 -> 20096
1180. 0.00269688 -> 20098
1181. 0.000896875 -> 20099
1182. 0.00068125 -> 20111
1183. 0.000301563 -> 20112
1184. 0.000271875 -> 20116
1185. 0.000265625 -> 20117
1186. 0.000234375 -> 20120
1187. 0.000229688 -> 20121
1188. 0.000154688 -> 20131
1189. 6.875e-05 -> 20159
1190. 6.09375e-05 -> 20196
1191. 3.59375e-05 -> 20201
1192. 2.8125e-05 -> 20202
1193. 2.34375e-05 -> 20206
1194. 2.1875e-05 -> 20209
1195. 1.71875e-05 -> 20215
1196. 1.40625e-05 -> 20216
1197. 4.6875e-06 -> 20267
1198. 3.125e-06 -> 20271
1199. 11.7445 -> 21001
1200. 11.4159 -> 21002
1201. 10.0933 -> 21004
1202. 8.68032 -> 21005
1203. 4.15989 -> 21007
1204. 3.78211 -> 21015
1205. 3.48611 -> 21016
1206. 3.07781 -> 21017
1207. 2.24651 -> 21019
1208. 2.14832 -> 21024
1209. 2.12024 -> 21025
1210. 0.545866 -> 21027
1211. 0.367895 -> 21032
1212. 0.263703 -> 21039
1213. 0.258053 -> 21040
1214. 0.221703 -> 21041
1215. 0.159303 -> 21043
1216. 0.0940219 -> 21044
1217. 0.0929031 -> 21046
1218. 0.0916531 -> 21048
1219. 0.0754531 -> 21052
1220. 0.0714531 -> 21057
1221. 0.0605281 -> 21059
1222. 0.0579031 -> 21061
1223. 0.0117281 -> 21062
1224. 0.00682188 -> 21088
1225. 0.00627188 -> 21090
1226. 0.00587188 -> 21091
1227. 0.00399062 -> 21095
1228. 0.00397187 -> 21096
1229. 0.00322187 -> 21097
1230. 0.00313594 -> 21104
1231. 0.00259844 -> 21107
1232. 0.00229687 -> 21108
1233. 0.00196094 -> 21112
1234. 0.00117344 -> 21116
1235. 0.00115312 -> 21120
1236. 0.00105625 -> 21124
1237. 0.00070625 -> 21135
1238. 0.00025625 -> 21142
1239. 0.000170313 -> 21144
1240. 0.00015 -> 21146
1241. 0.000132812 -> 21147
1242. 0.00010625 -> 21149
1243. 4.375e-05 -> 21156
1244. 3.125e-05 -> 21163
1245. 1.875e-05 -> 21164
1246. 1.09375e-05 -> 21179
1247. 9.375e-06 -> 21206
1248. 6.25e-06 -> 21209
1249. 4.6875e-06 -> 21309
1250. 3.125e-06 -> 21612
1251. 58.7621 -> 22001
1252. 35.7003 -> 22003
1253. 35.4685 -> 22004
1254. 26.9592 -> 22005
1255. 26.7839 -> 22006
1256. 20.5703 -> 22007
1257. 19.6789 -> 22008
1258. 19.6721 -> 22010
1259. 17.4135 -> 22011
1260. 14.0726 -> 22012
1261. 10.3257 -> 22013
1262. 10.2434 -> 22014
1263. 10.2229 -> 22015
1264. 10.1056 -> 22016
1265. 9.13087 -> 22017
1266. 8.12711 -> 22018
1267. 4.6816 -> 22019
1268. 4.67481 -> 22020
1269. 4.51353 -> 22021
1270. 3.54521 -> 22022
1271. 2.9543 -> 22024
1272. 2.01783 -> 22025
1273. 1.76946 -> 22033
1274. 1.32142 -> 22038
1275. 1.23902 -> 22039
1276. 1.05359 -> 22047
1277. 0.711692 -> 22049
1278. 0.709273 -> 22051
1279. 0.430894 -> 22052
1280. 0.396786 -> 22054
1281. 0.348806 -> 22055
1282. 0.346694 -> 22057
1283. 0.258286 -> 22070
1284. 0.254636 -> 22073
1285. 0.168798 -> 22075
1286. 0.0610984 -> 22077
1287. 0.0523422 -> 22078
1288. 0.0425422 -> 22079
1289. 0.0255547 -> 22083
1290. 0.0147547 -> 22084
1291. 0.0147031 -> 22086
1292. 0.0140547 -> 22087
1293. 0.00770312 -> 22088
1294. 0.00687969 -> 22090
1295. 0.00685312 -> 22093
1296. 0.00577969 -> 22094
1297. 0.00337813 -> 22097
1298. 0.00277813 -> 22099
1299. 0.00105781 -> 22101
1300. 0.00100781 -> 22104
1301. 0.000782812 -> 22107
1302. 0.000751562 -> 22108
1303. 0.000407813 -> 22109
1304. 0.000257813 -> 22111
1305. 0.000232813 -> 22113
1306. 0.000196875 -> 22137
1307. 0.000164063 -> 22158
1308. 0.000121875 -> 22176
1309. 0.000101563 -> 22178
1310. 7.65625e-05 -> 22180
1311. 7.03125e-05 -> 22185
1312. 3.4375e-05 -> 22197
1313. 3.28125e-05 -> 22201
1314. 2.1875e-05 -> 22206
1315. 9.375e-06 -> 22215
1316. 3.125e-06 -> 22225
1317. 1.5625e-06 -> 22242
1318. 0 -> 22256
1319. 34.6851 -> 23001
1320. 30.3219 -> 23002
1321. 21.2551 -> 23003
1322. 16.5565 -> 23005
1323. 16.5421 -> 23006
1324. 12.9935 -> 23007
1325. 11.9707 -> 23008
1326. 9.60613 -> 23013
1327. 8.49596 -> 23014
1328. 6.7946 -> 23015
1329. 5.32188 -> 23016
1330. 3.75708 -> 23020
1331. 2.99577 -> 23022
1332. 2.50745 -> 23024
1333. 2.10705 -> 23025
1334. 1.94562 -> 23026
1335. 1.77527 -> 23037
1336. 1.69265 -> 23038
1337. 1.68804 -> 23040
1338. 0.794903 -> 23041
1339. 0.779003 -> 23042
1340. 0.764303 -> 23043
1341. 0.371941 -> 23046
1342. 0.232797 -> 23050
1343. 0.228884 -> 23051
1344. 0.201328 -> 23053
1345. 0.197416 -> 23054
1346. 0.173578 -> 23055
1347. 0.145397 -> 23058
1348. 0.0876391 -> 23059
1349. 0.0574344 -> 23068
1350. 0.0475516 -> 23072
1351. 0.0356594 -> 23076
1352. 0.0353031 -> 23077
1353. 0.0117016 -> 23078
1354. 0.00720156 -> 23080
1355. 0.00700156 -> 23083
1356. 0.00399688 -> 23091
1357. 0.003075 -> 23116
1358. 0.001275 -> 23117
1359. 0.000839063 -> 23120
1360. 0.000834375 -> 23121
1361. 0.000223438 -> 23122
1362. 0.000210938 -> 23124
1363. 4.84375e-05 -> 23125
1364. 4.6875e-05 -> 23133
1365. 2.8125e-05 -> 23136
1366. 2.34375e-05 -> 23139
1367. 1.71875e-05 -> 23144
1368. 1.09375e-05 -> 23150
1369. 1.09375e-05 -> 23170
1370. 7.8125e-06 -> 23175
1371. 6.25e-06 -> 23185
1372. 4.6875e-06 -> 23482
1373. 45.3824 -> 24001
1374. 43.6986 -> 24002
1375. 43.4617 -> 24003
1376. 30.4996 -> 24004
1377. 25.9244 -> 24006
1378. 25.1041 -> 24007
1379. 20.8427 -> 24008
1380. 10.3136 -> 24009
1381. 9.80242 -> 24011
1382. 9.15762 -> 24012
1383. 9.15716 -> 24014
1384. 9.15335 -> 24015
1385. 8.94615 -> 24016
1386. 5.9664 -> 24019
1387. 4.9568 -> 24020
1388. 4.12925 -> 24021
1389. 3.29895 -> 24023
1390. 3.2308 -> 24026
1391. 2.74217 -> 24029
1392. 2.5897 -> 24032
1393. 1.75737 -> 24033
1394. 1.58637 -> 24036
1395. 0.759727 -> 24040
1396. 0.756958 -> 24041
1397. 0.505758 -> 24042
1398. 0.503439 -> 24044
1399. 0.434884 -> 24045
1400. 0.370284 -> 24047
1401. 0.356752 -> 24058
1402. 0.28193 -> 24070
1403. 0.13883 -> 24075
1404. 0.138255 -> 24076
1405. 0.129942 -> 24079
1406. 0.123681 -> 24080
1407. 0.0296094 -> 24083
1408. 0.0234078 -> 24097
1409. 0.00810312 -> 24104
1410. 0.00412812 -> 24105
1411. 0.00172812 -> 24107
1412. 0.00145312 -> 24108
1413. 0.00143438 -> 24136
1414. 0.000485937 -> 24140
1415. 0.000310937 -> 24143
1416. 0.000271875 -> 24154
1417. 0.000221875 -> 24163
1418. 0.000203125 -> 24169
1419. 0.000159375 -> 24203
1420. 0.000153125 -> 24209
1421. 0.000115625 -> 24210
1422. 0.000109375 -> 24211
1423. 0.000104688 -> 24220
1424. 9.21875e-05 -> 24225
1425. 5e-05 -> 24234
1426. 4.21875e-05 -> 24248
1427. 3.59375e-05 -> 24254
1428. 2.96875e-05 -> 24260
1429. 2.8125e-05 -> 24265
1430. 2.03125e-05 -> 24287
1431. 1.5625e-05 -> 24332
1432. 1.09375e-05 -> 24494
1433. 4.6875e-06 -> 24505
1434. 3.125e-06 -> 24525
1435. 27.6815 -> 25001
1436. 24.5291 -> 25003
1437. 18.0607 -> 25005
1438. 12.6673 -> 25006
1439. 11.0217 -> 25007
1440. 8.79294 -> 25008
1441. 5.38334 -> 25010
1442. 5.32324 -> 25011
1443. 5.3191 -> 25012
1444. 4.53888 -> 25013
1445. 2.73644 -> 25017
1446. 1.32044 -> 25019
1447. 1.25314 -> 25020
1448. 1.2455 -> 25023
1449. 1.03115 -> 25024
1450. 0.927937 -> 25025
1451. 0.864937 -> 25026
1452. 0.652937 -> 25027
1453. 0.652658 -> 25029
1454. 0.319187 -> 25031
1455. 0.294038 -> 25032
1456. 0.237456 -> 25034
1457. 0.178656 -> 25035
1458. 0.173798 -> 25038
1459. 0.170419 -> 25040
1460. 0.0647437 -> 25041
1461. 0.0645562 -> 25045
1462. 0.0236687 -> 25046
1463. 0.0144563 -> 25062
1464. 0.00405625 -> 25063
1465. 0.00364375 -> 25065
1466. 0.00361563 -> 25067
1467. 0.00239375 -> 25069
1468. 0.00229844 -> 25073
1469. 0.00222031 -> 25075
1470. 0.00221875 -> 25076
1471. 0.00175781 -> 25078
1472. 0.00171094 -> 25081
1473. 0.00111094 -> 25086
1474. 0.00103438 -> 25108
1475. 0.000784375 -> 25111
1476. 0.000628125 -> 25113
1477. 0.000620313 -> 25117
1478. 0.000170313 -> 25118
1479. 0.000151563 -> 25119
1480. 0.000121875 -> 25142
1481. 0.000101562 -> 25147
1482. 8.28125e-05 -> 25149
1483. 7.1875e-05 -> 25150
1484. 7.1875e-05 -> 25151
1485. 5.9375e-05 -> 25158
1486. 5.3125e-05 -> 25161
1487. 4.6875e-05 -> 25170
1488. 4.53125e-05 -> 25171
1489. 3.90625e-05 -> 25183
1490. 3.28125e-05 -> 25227
1491. 2.1875e-05 -> 25267
1492. 1.71875e-05 -> 25283
1493. 1.25e-05 -> 25358
1494. 1.09375e-05 -> 25387
1495. 6.25e-06 -> 25396
1496. 44.5695 -> 26001
1497. 32.1024 -> 26003
1498. 29.9491 -> 26004
1499. 29.9307 -> 26005
1500. 23.9472 -> 26006
1501. 17.5974 -> 26007
1502. 17.2391 -> 26009
1503. 10.3248 -> 26010
1504. 10.1893 -> 26011
1505. 9.1564 -> 26015
1506. 7.85369 -> 26016
1507. 7.09831 -> 26018
1508. 5.65387 -> 26020
1509. 3.79552 -> 26022
1510. 3.63472 -> 26026
1511. 3.00185 -> 26031
1512. 2.1028 -> 26034
1513. 1.48582 -> 26035
1514. 1.33142 -> 26037
1515. 0.901992 -> 26039
1516. 0.335241 -> 26041
1517. 0.307017 -> 26046
1518. 0.119842 -> 26070
1519. 0.117342 -> 26072
1520. 0.0534422 -> 26073
1521. 0.0448547 -> 26074
1522. 0.0447156 -> 26075
1523. 0.0392156 -> 26076
1524. 0.0391266 -> 26082
1525. 0.0329656 -> 26083
1526. 0.0303359 -> 26090
1527. 0.0207312 -> 26096
1528. 0.0189937 -> 26104
1529. 0.0185312 -> 26105
1530. 0.0181719 -> 26106
1531. 0.0120922 -> 26109
1532. 0.0114547 -> 26110
1533. 0.00989219 -> 26111
1534. 0.00789219 -> 26112
1535. 0.00693438 -> 26116
1536. 0.00591719 -> 26117
1537. 0.00405469 -> 26119
1538. 0.00398437 -> 26120
1539. 0.003225 -> 26125
1540. 0.00237344 -> 26126
1541. 0.002175 -> 26131
1542. 0.00217187 -> 26133
1543. 0.00214844 -> 26139
1544. 0.00212344 -> 26141
1545. 0.00141563 -> 26142
1546. 0.00129844 -> 26144
1547. 0.000748438 -> 26146
1548. 0.000592188 -> 26162
1549. 0.000415625 -> 26182
1550. 0.000190625 -> 26183
1551. 0.000153125 -> 26186
1552. 0.000121875 -> 26188
1553. 0.00011875 -> 26190
1554. 7.1875e-05 -> 26192
1555. 3.4375e-05 -> 26194
1556. 2.8125e-05 -> 26196
1557. 4.6875e-06 -> 26216
1558. 3.125e-06 -> 26219
1559. 1.5625e-06 -> 26287
1560. 33.8884 -> 27001
1561. 13.5993 -> 27002
1562. 13.0839 -> 27004
1563. 4.51238 -> 27005
1564. 2.86946 -> 27006
1565. 2.53692 -> 27009
1566. 2.53457 -> 27012
1567. 2.01589 -> 27013
1568. 1.95519 -> 27014
1569. 1.9072 -> 27017
1570. 1.84615 -> 27020
1571. 1.25592 -> 27021
1572. 0.71472 -> 27025
1573. 0.689872 -> 27026
1574. 0.685789 -> 27029
1575. 0.578695 -> 27030
1576. 0.56777 -> 27031
1577. 0.396295 -> 27032
1578. 0.300452 -> 27034
1579. 0.290066 -> 27038
1580. 0.17277 -> 27039
1581. 0.0983703 -> 27040
1582. 0.0978891 -> 27041
1583. 0.0842516 -> 27042
1584. 0.0842094 -> 27047
1585. 0.0804438 -> 27048
1586. 0.0745469 -> 27049
1587. 0.0606953 -> 27057
1588. 0.0553359 -> 27060
1589. 0.0431391 -> 27061
1590. 0.0425828 -> 27062
1591. 0.0345828 -> 27064
1592. 0.0342469 -> 27068
1593. 0.0277406 -> 27069
1594. 0.0266344 -> 27073
1595. 0.0227094 -> 27076
1596. 0.0205844 -> 27082
1597. 0.0115094 -> 27088
1598. 0.0106594 -> 27089
1599. 0.00799844 -> 27090
1600. 0.00425938 -> 27091
1601. 0.00374219 -> 27094
1602. 0.00276719 -> 27095
1603. 0.00161719 -> 27098
1604. 0.00143594 -> 27111
1605. 0.00113125 -> 27113
1606. 0.000735937 -> 27114
1607. 0.00071875 -> 27118
1608. 0.000335938 -> 27119
1609. 0.000334375 -> 27121
1610. 0.000320312 -> 27122
1611. 0.000317187 -> 27126
1612. 0.000209375 -> 27128
1613. 0.000196875 -> 27129
1614. 0.000117187 -> 27133
1615. 8.59375e-05 -> 27138
1616. 7.96875e-05 -> 27139
1617. 5.78125e-05 -> 27142
1618. 5.625e-05 -> 27196
1619. 3.28125e-05 -> 27197
1620. 3.125e-05 -> 27209
1621. 1.40625e-05 -> 27213
1622. 1.25e-05 -> 27220
1623. 6.25e-06 -> 27234
1624. 4.6875e-06 -> 27242
1625. 3.125e-06 -> 27243
1626. 1.5625e-06 -> 27599
1627. 9.70012 -> 28001
1628. 9.67912 -> 28002
1629. 7.30113 -> 28003
1630. 6.36253 -> 28004
1631. 4.10258 -> 28008
1632. 1.59478 -> 28010
1633. 1.47898 -> 28012
1634. 1.05918 -> 28014
1635. 1.05551 -> 28015
1636. 0.869681 -> 28016
1637. 0.790781 -> 28017
1638. 0.781781 -> 28019
1639. 0.749381 -> 28021
1640. 0.155931 -> 28023
1641. 0.138381 -> 28024
1642. 0.114344 -> 28028
1643. 0.105931 -> 28029
1644. 0.0873188 -> 28030
1645. 0.0585328 -> 28031
1646. 0.0555438 -> 28036
1647. 0.0449203 -> 28039
1648. 0.0445063 -> 28041
1649. 0.0309813 -> 28043
1650. 0.0265813 -> 28044
1651. 0.0176172 -> 28046
1652. 0.0124625 -> 28051
1653. 0.0123828 -> 28053
1654. 0.00675781 -> 28055
1655. 0.0042125 -> 28066
1656. 0.00185625 -> 28069
1657. 0.00130625 -> 28072
1658. 0.00123594 -> 28076
1659. 0.00113437 -> 28081
1660. 0.000996875 -> 28084
1661. 0.000934375 -> 28085
1662. 0.000915625 -> 28087
1663. 0.000615625 -> 28089
1664. 0.000478125 -> 28091
1665. 0.000421875 -> 28092
1666. 0.000421875 -> 28093
1667. 0.000121875 -> 28098
1668. 9.84375e-05 -> 28101
1669. 4.6875e-05 -> 28104
1670. 4.53125e-05 -> 28137
1671. 3.59375e-05 -> 28200
1672. 3.4375e-05 -> 28235
1673. 3.28125e-05 -> 28435
1674. 2.96875e-05 -> 28439
1675. 1.71875e-05 -> 28449
1676. 1.25e-05 -> 28451
1677. 1.09375e-05 -> 28545
1678. 6.25e-06 -> 28609
1679. 16.7755 -> 29001
1680. 16.6042 -> 29002
1681. 9.84636 -> 29003
1682. 8.83589 -> 29010
1683. 4.24685 -> 29012
1684. 0.440855 -> 29014
1685. 0.388905 -> 29016
1686. 0.381775 -> 29017
1687. 0.35553 -> 29019
1688. 0.355209 -> 29022
1689. 0.334084 -> 29023
1690. 0.312873 -> 29024
1691. 0.308905 -> 29025
1692. 0.170873 -> 29026
1693. 0.160323 -> 29028
1694. 0.141623 -> 29029
1695. 0.0988234 -> 29030
1696. 0.0773234 -> 29032
1697. 0.0713734 -> 29034
1698. 0.0709609 -> 29035
1699. 0.0678484 -> 29038
1700. 0.0337156 -> 29039
1701. 0.0285172 -> 29044
1702. 0.0283797 -> 29045
1703. 0.0237172 -> 29047
1704. 0.0235812 -> 29048
1705. 0.0158781 -> 29051
1706. 0.0138062 -> 29052
1707. 0.0109297 -> 29053
1708. 0.00987656 -> 29064
1709. 0.00600781 -> 29075
1710. 0.00163281 -> 29110
1711. 0.000901563 -> 29112
1712. 0.000889063 -> 29114
1713. 0.000601563 -> 29115
1714. 0.000589063 -> 29116
1715. 0.000501563 -> 29117
1716. 0.000226563 -> 29127
1717. 0.000204688 -> 29156
1718. 0.0001875 -> 29164
1719. 6.25e-05 -> 29174
1720. 2.5e-05 -> 29187
1721. 1.71875e-05 -> 29201
1722. 1.09375e-05 -> 29272
1723. 6.25e-06 -> 29278



Rezultate rulari
Minim: 0
Maxim: 71.5325
Medie: 3.30461



