0. 1340.65 -> 1
1. 1249.78 -> 2
2. 1074.13 -> 3
3. 948.537 -> 4
4. 943.688 -> 5
5. 942.881 -> 6
6. 914.048 -> 13
7. 787.717 -> 15
8. 728.159 -> 21
9. 698.409 -> 23
10. 662.285 -> 25
11. 650.773 -> 26
12. 560.294 -> 35
13. 551.616 -> 37
14. 551.608 -> 38
15. 514.705 -> 39
16. 436.189 -> 41
17. 429.532 -> 42
18. 351.393 -> 45
19. 344.943 -> 70
20. 331.126 -> 74
21. 330.353 -> 75
22. 330.148 -> 76
23. 322.292 -> 78
24. 321.155 -> 79
25. 320.732 -> 82
26. 277.576 -> 85
27. 257.445 -> 86
28. 244.502 -> 88
29. 244.484 -> 89
30. 243.726 -> 117
31. 243.051 -> 118
32. 238.153 -> 119
33. 165.411 -> 134
34. 161.145 -> 140
35. 160.757 -> 141
36. 157.482 -> 143
37. 156.728 -> 144
38. 149.81 -> 157
39. 142.302 -> 485
40. 1015.7 -> 1001
41. 845.121 -> 1003
42. 782.675 -> 1004
43. 759.206 -> 1014
44. 743.132 -> 1015
45. 561.413 -> 1016
46. 493.612 -> 1030
47. 467.889 -> 1067
48. 392.413 -> 1068
49. 371.58 -> 1073
50. 345.525 -> 1091
51. 258.489 -> 1099
52. 256.587 -> 1105
53. 233.182 -> 1204
54. 209.933 -> 1205
55. 198.598 -> 1206
56. 186.88 -> 1207
57. 186.83 -> 1211
58. 176.404 -> 1212
59. 175.895 -> 1216
60. 174.542 -> 1226
61. 173.989 -> 1227
62. 154.282 -> 1228
63. 147.22 -> 1483
64. 142.708 -> 1817
65. 139.403 -> 1852
66. 136.395 -> 1853
67. 129.965 -> 1858
68. 120.884 -> 1866
69. 120.851 -> 1867
70. 110.04 -> 1868
71. 1184.96 -> 2001
72. 1017.03 -> 2002
73. 913.506 -> 2005
74. 845.026 -> 2009
75. 792.339 -> 2010
76. 784.872 -> 2011
77. 748.673 -> 2013
78. 638.118 -> 2015
79. 618.766 -> 2016
80. 426.197 -> 2021
81. 424.521 -> 2022
82. 371.085 -> 2027
83. 360.049 -> 2030
84. 340.66 -> 2031
85. 317.702 -> 2039
86. 301.477 -> 2040
87. 298.763 -> 2041
88. 287.372 -> 2042
89. 280.747 -> 2045
90. 274.954 -> 2046
91. 259.375 -> 2047
92. 257.498 -> 2048
93. 256.676 -> 2049
94. 252.621 -> 2052
95. 251.587 -> 2053
96. 230.173 -> 2054
97. 193.773 -> 2064
98. 189.036 -> 2066
99. 187.933 -> 2067
100. 179.614 -> 2068
101. 168.684 -> 2070
102. 162.007 -> 2072
103. 159.228 -> 2417
104. 901.996 -> 3001
105. 837.744 -> 3003
106. 814.327 -> 3008
107. 804.044 -> 3010
108. 798.675 -> 3011
109. 794.672 -> 3012
110. 789.851 -> 3013
111. 780.416 -> 3014
112. 629.818 -> 3015
113. 619.416 -> 3019
114. 607.271 -> 3025
115. 573.767 -> 3026
116. 537.981 -> 3027
117. 353.689 -> 3028
118. 353.471 -> 3029
119. 329.947 -> 3077
120. 287.08 -> 3078
121. 280.224 -> 3082
122. 268.578 -> 3083
123. 251.828 -> 3084
124. 238.181 -> 3127
125. 235.457 -> 3129
126. 213.477 -> 3130
127. 205.234 -> 3131
128. 193.579 -> 3132
129. 162.185 -> 3138
130. 161.389 -> 3192
131. 159.47 -> 3425
132. 159.095 -> 3426
133. 153.364 -> 3428
134. 130.596 -> 3499
135. 959.023 -> 4001
136. 942.233 -> 4007
137. 929.344 -> 4010
138. 886.757 -> 4014
139. 711.676 -> 4015
140. 600.652 -> 4051
141. 488.917 -> 4052
142. 487.014 -> 4053
143. 420.756 -> 4091
144. 382.041 -> 4155
145. 368.986 -> 4156
146. 341.084 -> 4170
147. 319.16 -> 4172
148. 317.257 -> 4173
149. 303.758 -> 4174
150. 300.497 -> 4182
151. 299.491 -> 4184
152. 286.883 -> 4188
153. 285.75 -> 4214
154. 275.811 -> 4216
155. 263.72 -> 4217
156. 242.287 -> 4219
157. 227.346 -> 4220
158. 203.709 -> 4227
159. 199.728 -> 4228
160. 198.348 -> 4231
161. 194.212 -> 4249
162. 192.959 -> 4250
163. 180.662 -> 4327
164. 180.361 -> 4350
165. 179.583 -> 4351
166. 147.992 -> 4463
167. 146.61 -> 4464
168. 143.986 -> 4465
169. 134.662 -> 4466
170. 121.432 -> 4467
171. 116.467 -> 4470
172. 110.908 -> 4992
173. 109.982 -> 4994
174. 1138.13 -> 5001
175. 1127.06 -> 5002
176. 1022.29 -> 5003
177. 985.914 -> 5007
178. 857.702 -> 5009
179. 843.944 -> 5015
180. 746.537 -> 5025
181. 615.02 -> 5028
182. 340.144 -> 5034
183. 328.845 -> 5036
184. 304.427 -> 5038
185. 300.294 -> 5061
186. 297.279 -> 5062
187. 252.531 -> 5080
188. 231.8 -> 5139
189. 226.719 -> 5180
190. 218.198 -> 5187
191. 209.883 -> 5188
192. 202.161 -> 5189
193. 178.843 -> 5223
194. 171.826 -> 5228
195. 162.685 -> 5232
196. 151.792 -> 5235
197. 1009.71 -> 6001
198. 981.46 -> 6003
199. 888.875 -> 6004
200. 839.928 -> 6007
201. 771.912 -> 6009
202. 714.556 -> 6010
203. 704.914 -> 6014
204. 690.421 -> 6015
205. 676.741 -> 6016
206. 650.049 -> 6017
207. 648.093 -> 6018
208. 592.757 -> 6019
209. 564.121 -> 6021
210. 553.958 -> 6022
211. 525.315 -> 6023
212. 518.376 -> 6024
213. 501.183 -> 6025
214. 486.972 -> 6026
215. 418.016 -> 6027
216. 408.293 -> 6028
217. 406.286 -> 6029
218. 405.99 -> 6030
219. 395.316 -> 6031
220. 393.926 -> 6032
221. 364.978 -> 6033
222. 356.64 -> 6048
223. 304.924 -> 6092
224. 295.803 -> 6095
225. 293.412 -> 6104
226. 263.789 -> 6111
227. 242.785 -> 6114
228. 223.422 -> 6115
229. 210.558 -> 6117
230. 209.102 -> 6118
231. 200.346 -> 6180
232. 174.281 -> 6265
233. 163.109 -> 6284
234. 139.369 -> 6285
235. 129.916 -> 6286
236. 126.322 -> 6287
237. 1146.59 -> 7001
238. 1135.72 -> 7002
239. 907.26 -> 7003
240. 879.108 -> 7006
241. 716.838 -> 7007
242. 694.516 -> 7012
243. 687.352 -> 7013
244. 668.79 -> 7014
245. 668.448 -> 7015
246. 589.989 -> 7016
247. 579.441 -> 7018
248. 509.343 -> 7019
249. 451.438 -> 7021
250. 448.049 -> 7022
251. 434.573 -> 7036
252. 396.377 -> 7038
253. 395.394 -> 7043
254. 387.438 -> 7049
255. 386.286 -> 7054
256. 372.612 -> 7055
257. 359.167 -> 7077
258. 350.799 -> 7080
259. 348.366 -> 7081
260. 347.816 -> 7083
261. 289.787 -> 7090
262. 287.769 -> 7095
263. 279.191 -> 7099
264. 270.41 -> 7107
265. 269.569 -> 7108
266. 237.854 -> 7110
267. 230.313 -> 7327
268. 225.579 -> 7328
269. 214.435 -> 7330
270. 204.508 -> 7332
271. 196.874 -> 7333
272. 195.823 -> 7338
273. 186.974 -> 7714
274. 183.56 -> 7715
275. 179.206 -> 7771
276. 170.239 -> 7783
277. 167.058 -> 7788
278. 160.199 -> 7794
279. 159.067 -> 7833
280. 154.723 -> 7976
281. 961.667 -> 8001
282. 786.56 -> 8002
283. 677.549 -> 8004
284. 627.571 -> 8006
285. 530.827 -> 8007
286. 530.547 -> 8008
287. 491.499 -> 8009
288. 444.01 -> 8010
289. 431.76 -> 8012
290. 400.326 -> 8015
291. 375.899 -> 8032
292. 357.123 -> 8038
293. 348.449 -> 8039
294. 321.465 -> 8082
295. 278.227 -> 8084
296. 277.74 -> 8086
297. 263.191 -> 8087
298. 259.703 -> 8088
299. 238.583 -> 8108
300. 233.658 -> 8109
301. 224.738 -> 8110
302. 217.27 -> 8113
303. 215.465 -> 8115
304. 212.938 -> 8116
305. 192.773 -> 8119
306. 183.098 -> 8127
307. 173.768 -> 8222
308. 162.688 -> 8236
309. 158.663 -> 8254
310. 157.351 -> 8256
311. 140.446 -> 8368
312. 136.188 -> 8372
313. 128.636 -> 8374
314. 127.855 -> 8375
315. 125.792 -> 8386
316. 1273.47 -> 9001
317. 1245.96 -> 9003
318. 1080.03 -> 9006
319. 1053.74 -> 9008
320. 1005.28 -> 9012
321. 1005.05 -> 9013
322. 939.295 -> 9014
323. 936.282 -> 9015
324. 892.883 -> 9017
325. 873.543 -> 9018
326. 853.35 -> 9024
327. 840.066 -> 9025
328. 677.101 -> 9026
329. 669.32 -> 9027
330. 619.673 -> 9028
331. 559.938 -> 9029
332. 549.806 -> 9031
333. 530.8 -> 9033
334. 497.621 -> 9035
335. 471.402 -> 9036
336. 468.169 -> 9085
337. 422.651 -> 9086
338. 417.475 -> 9091
339. 385.649 -> 9139
340. 383.738 -> 9141
341. 374.272 -> 9185
342. 374.069 -> 9186
343. 367.598 -> 9187
344. 363.35 -> 9188
345. 332.752 -> 9189
346. 278.555 -> 9194
347. 264.811 -> 9195
348. 250.089 -> 9211
349. 227.325 -> 9212
350. 220.718 -> 9218
351. 218.329 -> 9252
352. 214.507 -> 9258
353. 179.589 -> 9587
354. 172.235 -> 9588
355. 171.788 -> 9597
356. 161.818 -> 9702
357. 160.775 -> 9759
358. 122.878 -> 9787
359. 116.788 -> 9811
360. 114.069 -> 9812
361. 1128.41 -> 10001
362. 1037.01 -> 10002
363. 1036.78 -> 10003
364. 943.619 -> 10008
365. 876.46 -> 10011
366. 749.63 -> 10012
367. 696.253 -> 10013
368. 639.807 -> 10016
369. 620.432 -> 10017
370. 619.165 -> 10018
371. 580.99 -> 10019
372. 549.084 -> 10021
373. 521.847 -> 10027
374. 515.433 -> 10030
375. 505.457 -> 10031
376. 397.888 -> 10051
377. 326.733 -> 10053
378. 321.953 -> 10077
379. 258.043 -> 10100
380. 247.13 -> 10102
381. 241.35 -> 10103
382. 186.993 -> 10104
383. 161.9 -> 10108
384. 153.687 -> 10109
385. 150.605 -> 10202
386. 149.433 -> 10203
387. 140.991 -> 10561
388. 136.952 -> 10588
389. 130.405 -> 10717
390. 1349.38 -> 11001
391. 1079.74 -> 11002
392. 1051.64 -> 11004
393. 1032.51 -> 11008
394. 983.593 -> 11013
395. 892.232 -> 11018
396. 879.41 -> 11019
397. 859.79 -> 11020
398. 754.602 -> 11021
399. 614.839 -> 11023
400. 609.257 -> 11024
401. 561.043 -> 11034
402. 526.265 -> 11039
403. 513.688 -> 11040
404. 474.263 -> 11041
405. 470.759 -> 11042
406. 459 -> 11043
407. 424.448 -> 11054
408. 406.859 -> 11055
409. 345.931 -> 11059
410. 335.784 -> 11060
411. 302.957 -> 11064
412. 288.084 -> 11065
413. 278.478 -> 11066
414. 275.322 -> 11075
415. 267.811 -> 11093
416. 258.957 -> 11096
417. 233.544 -> 11097
418. 231.349 -> 11099
419. 222.316 -> 11100
420. 203.205 -> 11101
421. 197.71 -> 11372
422. 189.832 -> 11373
423. 177.775 -> 11376
424. 165.843 -> 11379
425. 163.998 -> 11380
426. 163.954 -> 11381
427. 148.386 -> 11387
428. 129.37 -> 11403
429. 123.25 -> 11406
430. 119.916 -> 11427
431. 119.66 -> 11428
432. 118.44 -> 11431
433. 922.417 -> 12001
434. 873.035 -> 12004
435. 842.311 -> 12005
436. 781.05 -> 12009
437. 759.551 -> 12010
438. 742.097 -> 12011
439. 721.766 -> 12012
440. 715.752 -> 12013
441. 571.677 -> 12014
442. 449.697 -> 12022
443. 449.681 -> 12023
444. 433.141 -> 12024
445. 425.767 -> 12026
446. 425.392 -> 12027
447. 415.616 -> 12028
448. 403.177 -> 12029
449. 366.007 -> 12030
450. 363.482 -> 12031
451. 350.886 -> 12033
452. 337.641 -> 12034
453. 335.317 -> 12047
454. 317.243 -> 12072
455. 301.023 -> 12073
456. 292.268 -> 12077
457. 290.724 -> 12078
458. 285.298 -> 12081
459. 284.591 -> 12082
460. 268.875 -> 12101
461. 253.548 -> 12103
462. 225.548 -> 12114
463. 224.755 -> 12130
464. 224.484 -> 12232
465. 195.016 -> 12236
466. 189.633 -> 12239
467. 187.748 -> 12241
468. 178.115 -> 12246
469. 175.655 -> 12341
470. 174.109 -> 12763
471. 168.869 -> 12765
472. 158.212 -> 12766
473. 155.161 -> 12767
474. 152.038 -> 12768
475. 150.717 -> 12770
476. 1156.56 -> 13001
477. 1107.89 -> 13007
478. 1013.22 -> 13013
479. 975.838 -> 13014
480. 795.598 -> 13024
481. 781.346 -> 13025
482. 774.64 -> 13026
483. 645.877 -> 13027
484. 630.355 -> 13031
485. 486.846 -> 13032
486. 485.326 -> 13033
487. 454.14 -> 13034
488. 344.014 -> 13040
489. 336.863 -> 13043
490. 307.735 -> 13044
491. 287.826 -> 13054
492. 217.452 -> 13063
493. 205.14 -> 13111
494. 198.068 -> 13113
495. 183.93 -> 13160
496. 178.964 -> 13238
497. 177.34 -> 13239
498. 171.636 -> 13243
499. 157.897 -> 13244
500. 157.111 -> 13250
501. 157.109 -> 13251
502. 147.445 -> 13252
503. 132.449 -> 13253
504. 122.512 -> 13270
505. 1102.1 -> 14001
506. 1050.77 -> 14003
507. 791.489 -> 14004
508. 708.913 -> 14005
509. 653.869 -> 14006
510. 615.351 -> 14017
511. 614.846 -> 14019
512. 613.187 -> 14020
513. 583.459 -> 14021
514. 547.153 -> 14022
515. 521.619 -> 14023
516. 487.477 -> 14024
517. 434.576 -> 14026
518. 346.488 -> 14029
519. 298.689 -> 14030
520. 281.053 -> 14031
521. 280.21 -> 14032
522. 279.577 -> 14033
523. 275.612 -> 14036
524. 259.131 -> 14037
525. 225.083 -> 14038
526. 223.62 -> 14039
527. 211.931 -> 14040
528. 210.737 -> 14233
529. 201.406 -> 14234
530. 197.131 -> 14236
531. 194.972 -> 14238
532. 188.187 -> 14239
533. 184.632 -> 14249
534. 176.749 -> 14251
535. 146.908 -> 14505
536. 136.403 -> 14648
537. 130.077 -> 14650
538. 122.326 -> 14654
539. 1245.52 -> 15001
540. 1055.3 -> 15002
541. 1051.4 -> 15003
542. 1025.96 -> 15004
543. 999.46 -> 15005
544. 838.827 -> 15006
545. 808.071 -> 15007
546. 805.291 -> 15011
547. 783.39 -> 15012
548. 729.443 -> 15013
549. 699.562 -> 15024
550. 692.422 -> 15026
551. 667.761 -> 15028
552. 613.904 -> 15029
553. 562.152 -> 15034
554. 549.181 -> 15049
555. 522.515 -> 15057
556. 511.236 -> 15058
557. 478.289 -> 15059
558. 468.622 -> 15072
559. 466.263 -> 15073
560. 462.659 -> 15074
561. 442.533 -> 15076
562. 440.066 -> 15077
563. 421.221 -> 15100
564. 401.987 -> 15101
565. 392.649 -> 15102
566. 378.863 -> 15110
567. 377.612 -> 15111
568. 360.832 -> 15117
569. 338.372 -> 15134
570. 337.85 -> 15145
571. 299.41 -> 15147
572. 296.237 -> 15158
573. 269.936 -> 15218
574. 269.119 -> 15219
575. 227.598 -> 15221
576. 200.38 -> 15253
577. 198.437 -> 15254
578. 196.904 -> 15255
579. 177.196 -> 15258
580. 160.563 -> 15304
581. 157.471 -> 15424
582. 145.879 -> 15425
583. 117.139 -> 15503
584. 1116.9 -> 16001
585. 1108.76 -> 16002
586. 1108.75 -> 16003
587. 1062.37 -> 16004
588. 1035.61 -> 16005
589. 974.201 -> 16006
590. 876.056 -> 16007
591. 870.99 -> 16008
592. 867.694 -> 16009
593. 826.903 -> 16010
594. 743.603 -> 16013
595. 721.874 -> 16017
596. 707.483 -> 16020
597. 703.534 -> 16021
598. 693.745 -> 16022
599. 693.153 -> 16023
600. 530.627 -> 16025
601. 518.703 -> 16027
602. 459.01 -> 16028
603. 439.128 -> 16032
604. 437.362 -> 16033
605. 412.073 -> 16034
606. 411.87 -> 16035
607. 410.898 -> 16036
608. 379.847 -> 16039
609. 311.109 -> 16040
610. 282.173 -> 16043
611. 226.672 -> 16044
612. 226.578 -> 16045
613. 225.571 -> 16115
614. 225.279 -> 16116
615. 221.594 -> 16118
616. 211.649 -> 16174
617. 208.668 -> 16175
618. 199.21 -> 16241
619. 190.597 -> 16243
620. 182.431 -> 16246
621. 151.917 -> 16247
622. 149.194 -> 16323
623. 147.175 -> 16329
624. 142.627 -> 16330
625. 136.157 -> 16333
626. 129.163 -> 16334
627. 116.087 -> 16337
628. 111.764 -> 16338
629. 1031.34 -> 17001
630. 926.887 -> 17003
631. 756.284 -> 17006
632. 738.511 -> 17007
633. 620.978 -> 17008
634. 605.564 -> 17011
635. 592.166 -> 17014
636. 522.444 -> 17020
637. 503.351 -> 17077
638. 435.8 -> 17089
639. 417.378 -> 17095
640. 367.729 -> 17096
641. 348.863 -> 17097
642. 329.15 -> 17101
643. 310.573 -> 17102
644. 281.357 -> 17111
645. 256.273 -> 17114
646. 212.16 -> 17115
647. 207.666 -> 17137
648. 196.199 -> 17138
649. 181.16 -> 17139
650. 170.949 -> 17140
651. 169.938 -> 17171
652. 166.044 -> 17206
653. 163.49 -> 17208
654. 155.78 -> 17209
655. 134.113 -> 17229
656. 131.734 -> 17239
657. 1111.5 -> 18001
658. 1103.55 -> 18002
659. 1023.44 -> 18003
660. 1000.52 -> 18004
661. 891.949 -> 18005
662. 872.444 -> 18007
663. 688.46 -> 18008
664. 675.542 -> 18018
665. 602.667 -> 18027
666. 593.98 -> 18028
667. 584.454 -> 18051
668. 526.385 -> 18055
669. 501.5 -> 18056
670. 429.543 -> 18060
671. 395.69 -> 18074
672. 328.948 -> 18091
673. 316.167 -> 18092
674. 314.923 -> 18093
675. 309.609 -> 18096
676. 229.616 -> 18097
677. 222.997 -> 18105
678. 222.974 -> 18106
679. 202.974 -> 18107
680. 198.725 -> 18112
681. 192.035 -> 18116
682. 162.185 -> 18117
683. 155.383 -> 18132
684. 145.191 -> 18140
685. 120.323 -> 18757
686. 119.227 -> 18759
687. 109.452 -> 18760
688. 1176.22 -> 19001
689. 1038.42 -> 19002
690. 1028.71 -> 19005
691. 984.047 -> 19009
692. 856.509 -> 19010
693. 853.572 -> 19011
694. 844.862 -> 19016
695. 810.02 -> 19018
696. 783.999 -> 19019
697. 728.257 -> 19020
698. 693.008 -> 19021
699. 615.947 -> 19024
700. 574.192 -> 19026
701. 571.997 -> 19033
702. 570.67 -> 19034
703. 500.657 -> 19036
704. 487.264 -> 19043
705. 467.458 -> 19044
706. 445.691 -> 19045
707. 419 -> 19046
708. 388.538 -> 19050
709. 385.592 -> 19051
710. 357.984 -> 19059
711. 340.247 -> 19069
712. 332.536 -> 19070
713. 330.797 -> 19071
714. 328.807 -> 19077
715. 326.104 -> 19078
716. 291.686 -> 19091
717. 289.124 -> 19185
718. 283.507 -> 19188
719. 234.198 -> 19189
720. 234.181 -> 19190
721. 208.071 -> 19191
722. 200.8 -> 19193
723. 158.223 -> 19273
724. 145.385 -> 19274
725. 144.455 -> 19275
726. 120.441 -> 19350
727. 1075.82 -> 20001
728. 1018.62 -> 20002
729. 996.252 -> 20004
730. 961.08 -> 20005
731. 716.065 -> 20009
732. 711.316 -> 20011
733. 703.372 -> 20012
734. 651.485 -> 20013
735. 649.007 -> 20014
736. 636.076 -> 20015
737. 613.346 -> 20019
738. 613.155 -> 20025
739. 603.034 -> 20026
740. 500.597 -> 20027
741. 377.706 -> 20028
742. 367.76 -> 20034
743. 338.881 -> 20053
744. 283.292 -> 20100
745. 256.842 -> 20101
746. 256.493 -> 20120
747. 247.157 -> 20125
748. 245.974 -> 20188
749. 222.846 -> 20198
750. 217.746 -> 20202
751. 207.992 -> 20206
752. 198.603 -> 20212
753. 198.11 -> 20218
754. 176.204 -> 20219
755. 173.682 -> 20223
756. 158.328 -> 20227
757. 125.021 -> 20651
758. 121.114 -> 20661
759. 1107 -> 21001
760. 925.998 -> 21002
761. 911.279 -> 21003
762. 865.592 -> 21004
763. 857.491 -> 21005
764. 836.574 -> 21006
765. 812.323 -> 21007
766. 772.395 -> 21008
767. 729.352 -> 21009
768. 658.746 -> 21011
769. 641.312 -> 21013
770. 524.636 -> 21014
771. 488.47 -> 21015
772. 380.298 -> 21042
773. 376.462 -> 21044
774. 373.199 -> 21045
775. 373.076 -> 21046
776. 343.323 -> 21048
777. 338.686 -> 21049
778. 307.904 -> 21050
779. 289.569 -> 21051
780. 280.075 -> 21052
781. 275.531 -> 21062
782. 221.752 -> 21063
783. 214.764 -> 21357
784. 213.044 -> 21358
785. 200.299 -> 21363
786. 196.996 -> 21365
787. 184.227 -> 21367
788. 172.156 -> 21369
789. 152.473 -> 21661
790. 142.937 -> 21786
791. 1125.31 -> 22001
792. 1091.65 -> 22006
793. 1019.68 -> 22007
794. 979.557 -> 22009
795. 772.311 -> 22010
796. 762.422 -> 22011
797. 729.943 -> 22015
798. 676.62 -> 22018
799. 653.425 -> 22019
800. 639.557 -> 22021
801. 573.793 -> 22024
802. 573.286 -> 22025
803. 548.826 -> 22031
804. 500.543 -> 22034
805. 499.324 -> 22035
806. 444.442 -> 22038
807. 392.507 -> 22039
808. 390.643 -> 22040
809. 386.797 -> 22042
810. 363.28 -> 22048
811. 344.009 -> 22049
812. 334.282 -> 22061
813. 320.775 -> 22064
814. 302.98 -> 22071
815. 286.139 -> 22093
816. 280.396 -> 22098
817. 274.678 -> 22099
818. 264.302 -> 22187
819. 261.696 -> 22200
820. 228.849 -> 22217
821. 224.634 -> 22248
822. 220.595 -> 22252
823. 197.404 -> 22254
824. 196.477 -> 22259
825. 190.416 -> 22260
826. 180.528 -> 22262
827. 169.126 -> 22265
828. 169.055 -> 22276
829. 140.296 -> 22429
830. 1084.31 -> 23001
831. 908.941 -> 23003
832. 908.192 -> 23004
833. 747.509 -> 23005
834. 744.952 -> 23006
835. 740.927 -> 23007
836. 716.003 -> 23008
837. 590.108 -> 23012
838. 528.138 -> 23017
839. 498.041 -> 23029
840. 493.365 -> 23030
841. 422.198 -> 23035
842. 417.591 -> 23093
843. 411.562 -> 23109
844. 402.622 -> 23110
845. 396.906 -> 23111
846. 378.986 -> 23112
847. 349.369 -> 23139
848. 347.011 -> 23140
849. 312.103 -> 23145
850. 233.416 -> 23148
851. 193.185 -> 23149
852. 192.028 -> 23150
853. 178.898 -> 23152
854. 167.243 -> 23155
855. 159.608 -> 23169
856. 137.985 -> 23179
857. 1172.94 -> 24001
858. 1162.04 -> 24002
859. 1160.84 -> 24003
860. 1078.65 -> 24004
861. 1044.23 -> 24005
862. 994.752 -> 24006
863. 994.741 -> 24007
864. 988.473 -> 24009
865. 970.099 -> 24010
866. 968.232 -> 24011
867. 881.315 -> 24012
868. 848.987 -> 24013
869. 839.278 -> 24014
870. 812.029 -> 24015
871. 811.253 -> 24016
872. 773.868 -> 24022
873. 764.369 -> 24023
874. 614.441 -> 24025
875. 530.042 -> 24026
876. 502.017 -> 24031
877. 497.985 -> 24032
878. 476.33 -> 24045
879. 464.279 -> 24057
880. 457.396 -> 24058
881. 436.727 -> 24060
882. 414.393 -> 24061
883. 396.534 -> 24065
884. 357.799 -> 24066
885. 308.19 -> 24067
886. 280.815 -> 24069
887. 278.308 -> 24070
888. 275.778 -> 24071
889. 266.404 -> 24072
890. 264.596 -> 24074
891. 245.724 -> 24077
892. 236.283 -> 24120
893. 227.843 -> 24121
894. 200.996 -> 24127
895. 187.906 -> 24193
896. 187.766 -> 24195
897. 183.361 -> 24198
898. 157.251 -> 24199
899. 121.41 -> 24417
900. 1127.01 -> 25001
901. 1022.58 -> 25002
902. 912.195 -> 25011
903. 842.808 -> 25015
904. 822.153 -> 25016
905. 787.515 -> 25017
906. 775.157 -> 25018
907. 754.158 -> 25020
908. 658.106 -> 25024
909. 648.778 -> 25025
910. 637.806 -> 25026
911. 547.634 -> 25039
912. 536.631 -> 25042
913. 494.079 -> 25043
914. 479.405 -> 25044
915. 439.77 -> 25046
916. 399.952 -> 25048
917. 384.748 -> 25049
918. 379.712 -> 25050
919. 379.166 -> 25054
920. 353.083 -> 25055
921. 348.187 -> 25059
922. 327.203 -> 25067
923. 297.789 -> 25072
924. 297.257 -> 25073
925. 273.273 -> 25074
926. 264.461 -> 25077
927. 264.412 -> 25083
928. 227.626 -> 25085
929. 221.136 -> 25106
930. 218.158 -> 25110
931. 203.237 -> 25118
932. 184.358 -> 25125
933. 172.172 -> 25136
934. 168.751 -> 25137
935. 148.273 -> 25138
936. 147.162 -> 25139
937. 146.363 -> 25141
938. 129.633 -> 25143
939. 105.811 -> 25144
940. 100.647 -> 25145
941. 896.256 -> 26001
942. 828.509 -> 26002
943. 780.493 -> 26010
944. 671.531 -> 26020
945. 664.674 -> 26024
946. 611.181 -> 26025
947. 596.508 -> 26029
948. 455.995 -> 26030
949. 427.609 -> 26038
950. 361.093 -> 26041
951. 345.104 -> 26081
952. 344.066 -> 26082
953. 319.367 -> 26083
954. 305.096 -> 26113
955. 301.518 -> 26128
956. 233.259 -> 26138
957. 229.153 -> 26139
958. 226.808 -> 26140
959. 215.505 -> 26141
960. 210.331 -> 26144
961. 203.99 -> 26147
962. 201.359 -> 26163
963. 197.133 -> 26164
964. 193.455 -> 26167
965. 192.176 -> 26168
966. 188.492 -> 26172
967. 175.798 -> 26173
968. 173.428 -> 26174
969. 145.388 -> 26251
970. 140.823 -> 26252
971. 133.169 -> 26253
972. 130.408 -> 26254
973. 126.35 -> 26255
974. 117.902 -> 26257
975. 797.553 -> 27001
976. 727.786 -> 27003
977. 662.422 -> 27012
978. 660.04 -> 27019
979. 652.788 -> 27020
980. 628.55 -> 27022
981. 620.963 -> 27039
982. 597 -> 27041
983. 538.993 -> 27046
984. 326.629 -> 27054
985. 283.01 -> 27055
986. 268.494 -> 27067
987. 219.546 -> 27233
988. 218.875 -> 27234
989. 167.41 -> 27235
990. 159.468 -> 27434
991. 152.993 -> 27494
992. 1070.57 -> 28001
993. 1021.99 -> 28002
994. 935.843 -> 28004
995. 925.85 -> 28007
996. 819.509 -> 28008
997. 747.065 -> 28016
998. 734.185 -> 28021
999. 692.216 -> 28025
1000. 652.746 -> 28026
1001. 568.382 -> 28027
1002. 558.07 -> 28030
1003. 483.304 -> 28065
1004. 476.639 -> 28068
1005. 468.479 -> 28070
1006. 460.244 -> 28073
1007. 428.77 -> 28081
1008. 424.624 -> 28083
1009. 424.441 -> 28084
1010. 395.697 -> 28096
1011. 383.268 -> 28097
1012. 373.694 -> 28102
1013. 361.602 -> 28105
1014. 354.889 -> 28145
1015. 351.82 -> 28169
1016. 348.608 -> 28171
1017. 330.487 -> 28172
1018. 324.32 -> 28173
1019. 314.254 -> 28174
1020. 265.124 -> 28183
1021. 246.656 -> 28184
1022. 244.818 -> 28185
1023. 229.815 -> 28186
1024. 214.901 -> 28188
1025. 214.344 -> 28201
1026. 197.95 -> 28202
1027. 191.662 -> 28203
1028. 181.068 -> 28204
1029. 172.946 -> 28412
1030. 160.863 -> 28415
1031. 159.406 -> 28416
1032. 154.938 -> 28418
1033. 152.652 -> 28421
1034. 143.572 -> 28423
1035. 138.692 -> 28424
1036. 123.224 -> 28427
1037. 1162.37 -> 29001
1038. 1091.77 -> 29002
1039. 897.458 -> 29007
1040. 889.855 -> 29008
1041. 747.394 -> 29009
1042. 697.473 -> 29011
1043. 626.962 -> 29012
1044. 608.896 -> 29013
1045. 606.583 -> 29014
1046. 506.847 -> 29015
1047. 490.284 -> 29016
1048. 487.21 -> 29017
1049. 465.447 -> 29032
1050. 462.904 -> 29036
1051. 453.443 -> 29037
1052. 440.714 -> 29043
1053. 388.842 -> 29044
1054. 379.872 -> 29048
1055. 352.987 -> 29049
1056. 345.572 -> 29051
1057. 329.34 -> 29052
1058. 300.435 -> 29064
1059. 284.669 -> 29065
1060. 277.332 -> 29138
1061. 271.194 -> 29167
1062. 240.998 -> 29169
1063. 226.458 -> 29173
1064. 225.762 -> 29177
1065. 217.198 -> 29179
1066. 207.446 -> 29182
1067. 201.447 -> 29206
1068. 181.839 -> 29382
1069. 171.247 -> 29385
1070. 147.715 -> 29386
1071. 146.934 -> 29387
1072. 139.825 -> 29388
1073. 134.9 -> 29709



Rezultate rulari
Minim: 100.647
Maxim: 1349.38
Medie: 439.947



