0. 642.927 -> 1
1. 642.704 -> 2
2. 623.098 -> 3
3. 581.839 -> 4
4. 420.513 -> 5
5. 348.344 -> 7
6. 317.25 -> 11
7. 313.3 -> 12
8. 159.824 -> 14
9. 91.2881 -> 15
10. 91.2876 -> 17
11. 91.2847 -> 18
12. 63.6384 -> 23
13. 54.9833 -> 24
14. 54.6139 -> 27
15. 33.2887 -> 28
16. 33.2837 -> 29
17. 23.2163 -> 30
18. 22.8035 -> 31
19. 22.7304 -> 32
20. 22.1804 -> 40
21. 20.6416 -> 49
22. 20.5089 -> 50
23. 16.9905 -> 52
24. 16.4592 -> 53
25. 16.4493 -> 55
26. 16.4241 -> 56
27. 12.8073 -> 66
28. 12.8048 -> 67
29. 11.8174 -> 68
30. 10.8426 -> 69
31. 10.531 -> 71
32. 10.409 -> 72
33. 7.83616 -> 74
34. 6.9143 -> 81
35. 6.81487 -> 89
36. 5.59671 -> 93
37. 5.39593 -> 94
38. 4.05233 -> 95
39. 3.91534 -> 97
40. 3.76956 -> 98
41. 3.57099 -> 100
42. 3.54599 -> 102
43. 3.5459 -> 103
44. 3.54487 -> 104
45. 3.11143 -> 105
46. 3.11142 -> 106
47. 3.00974 -> 107
48. 2.51925 -> 108
49. 2.0967 -> 117
50. 1.78906 -> 129
51. 1.78528 -> 130
52. 1.64561 -> 131
53. 1.62488 -> 139
54. 1.62031 -> 154
55. 1.45048 -> 156
56. 1.3117 -> 436
57. 1.30794 -> 437
58. 1.29094 -> 438
59. 1.29037 -> 439
60. 1.29027 -> 440
61. 1.17993 -> 441
62. 1.17639 -> 442
63. 713.584 -> 1001
64. 662.55 -> 1002
65. 525.156 -> 1003
66. 488.028 -> 1004
67. 380.696 -> 1005
68. 370.163 -> 1006
69. 262.677 -> 1008
70. 233.732 -> 1009
71. 199.188 -> 1011
72. 196.701 -> 1012
73. 195.319 -> 1013
74. 194.909 -> 1014
75. 182.27 -> 1015
76. 165.795 -> 1017
77. 111.751 -> 1018
78. 88.6634 -> 1020
79. 64.8551 -> 1021
80. 49.4192 -> 1026
81. 49.1706 -> 1027
82. 39.7479 -> 1030
83. 39.6836 -> 1032
84. 28.4305 -> 1034
85. 23.533 -> 1035
86. 15.316 -> 1038
87. 14.8994 -> 1039
88. 10.8892 -> 1040
89. 5.82757 -> 1041
90. 5.82748 -> 1042
91. 5.80279 -> 1045
92. 5.80234 -> 1046
93. 5.70905 -> 1050
94. 4.79292 -> 1052
95. 4.24465 -> 1060
96. 3.93779 -> 1061
97. 3.42044 -> 1065
98. 3.07219 -> 1078
99. 3.06214 -> 1083
100. 3.03457 -> 1099
101. 2.49901 -> 1143
102. 2.45616 -> 1148
103. 2.45485 -> 1149
104. 2.43387 -> 1150
105. 2.33213 -> 1151
106. 2.15717 -> 1160
107. 1.96284 -> 1163
108. 1.83894 -> 1188
109. 1.72502 -> 1194
110. 1.59995 -> 1272
111. 1.59157 -> 1275
112. 1.59156 -> 1276
113. 1.59152 -> 1277
114. 1.51044 -> 1278
115. 1.50996 -> 1279
116. 1.48557 -> 1282
117. 1.47286 -> 1283
118. 1.46724 -> 1287
119. 1.4088 -> 1292
120. 541.156 -> 2001
121. 528.805 -> 2002
122. 436.024 -> 2003
123. 435.999 -> 2004
124. 345.296 -> 2005
125. 345.284 -> 2006
126. 271.271 -> 2007
127. 185.592 -> 2008
128. 97.8956 -> 2009
129. 97.5522 -> 2011
130. 97.3839 -> 2012
131. 65.7174 -> 2013
132. 45.8326 -> 2014
133. 45.7023 -> 2015
134. 45.3109 -> 2016
135. 35.1847 -> 2017
136. 33.1631 -> 2018
137. 33.163 -> 2019
138. 31.3519 -> 2025
139. 31.3488 -> 2026
140. 30.8888 -> 2029
141. 30.7633 -> 2030
142. 21.249 -> 2039
143. 18.0928 -> 2040
144. 15.5121 -> 2042
145. 14.8277 -> 2044
146. 14.8276 -> 2045
147. 13.6115 -> 2046
148. 12.9166 -> 2047
149. 12.7605 -> 2049
150. 11.5145 -> 2050
151. 11.5139 -> 2051
152. 10.0389 -> 2053
153. 9.84412 -> 2056
154. 9.03657 -> 2057
155. 8.36437 -> 2059
156. 7.23783 -> 2091
157. 6.87866 -> 2102
158. 6.85238 -> 2104
159. 6.69099 -> 2105
160. 4.59356 -> 2107
161. 4.45482 -> 2108
162. 4.26364 -> 2110
163. 4.11603 -> 2111
164. 4.00037 -> 2113
165. 3.62219 -> 2114
166. 3.60518 -> 2115
167. 3.52281 -> 2116
168. 3.22949 -> 2117
169. 2.86344 -> 2118
170. 2.68043 -> 2121
171. 2.46399 -> 2122
172. 1.73384 -> 2132
173. 1.73003 -> 2180
174. 1.36132 -> 2418
175. 1.35364 -> 2422
176. 1.35197 -> 2423
177. 1.22752 -> 2588
178. 365.031 -> 3001
179. 364.486 -> 3002
180. 318.324 -> 3003
181. 310.951 -> 3004
182. 308.248 -> 3005
183. 283.625 -> 3006
184. 283.558 -> 3008
185. 280.621 -> 3009
186. 265.023 -> 3013
187. 244.524 -> 3025
188. 228.239 -> 3026
189. 226.687 -> 3027
190. 217.367 -> 3030
191. 193.151 -> 3036
192. 167.708 -> 3037
193. 133.794 -> 3042
194. 123.88 -> 3049
195. 90.8308 -> 3050
196. 84.5229 -> 3051
197. 80.8229 -> 3052
198. 71.4116 -> 3053
199. 56.221 -> 3064
200. 52.4365 -> 3067
201. 50.4678 -> 3068
202. 46.4627 -> 3072
203. 45.3439 -> 3073
204. 44.9506 -> 3074
205. 43.4609 -> 3075
206. 37.7329 -> 3079
207. 29.9198 -> 3080
208. 29.0155 -> 3081
209. 22.8368 -> 3084
210. 22.7733 -> 3092
211. 21.5396 -> 3094
212. 20.265 -> 3095
213. 13.1804 -> 3096
214. 11.1526 -> 3097
215. 8.86897 -> 3098
216. 8.74921 -> 3100
217. 7.59568 -> 3101
218. 4.28289 -> 3109
219. 3.92977 -> 3111
220. 2.76004 -> 3191
221. 2.68878 -> 3208
222. 2.6886 -> 3209
223. 2.62327 -> 3211
224. 2.22671 -> 3212
225. 2.18891 -> 3242
226. 2.14593 -> 3263
227. 2.14444 -> 3264
228. 1.90893 -> 3272
229. 1.90203 -> 3273
230. 1.6567 -> 3274
231. 1.27727 -> 3515
232. 1.27725 -> 3516
233. 1.27285 -> 3517
234. 1.24432 -> 3518
235. 1.23006 -> 3543
236. 1.20271 -> 3906
237. 1.16306 -> 3915
238. 739.854 -> 4001
239. 488.441 -> 4002
240. 417.514 -> 4003
241. 385.72 -> 4004
242. 344.156 -> 4005
243. 324.684 -> 4007
244. 259.702 -> 4008
245. 249.834 -> 4009
246. 207.699 -> 4014
247. 205.092 -> 4015
248. 204.978 -> 4017
249. 191.565 -> 4018
250. 176.008 -> 4019
251. 163.708 -> 4021
252. 147.099 -> 4022
253. 146.644 -> 4027
254. 119.322 -> 4028
255. 112.298 -> 4034
256. 106.561 -> 4035
257. 79.6507 -> 4036
258. 59.6286 -> 4037
259. 59.6282 -> 4038
260. 29.9119 -> 4041
261. 26.6307 -> 4042
262. 25.0277 -> 4043
263. 24.1205 -> 4044
264. 23.223 -> 4045
265. 21.4349 -> 4052
266. 17.2675 -> 4054
267. 16.5894 -> 4067
268. 16.4606 -> 4068
269. 11.9266 -> 4082
270. 7.2808 -> 4088
271. 6.4543 -> 4089
272. 6.14503 -> 4095
273. 6.01322 -> 4096
274. 6.01318 -> 4097
275. 5.43483 -> 4102
276. 4.8987 -> 4104
277. 4.87311 -> 4105
278. 4.27729 -> 4152
279. 3.91008 -> 4153
280. 3.90401 -> 4163
281. 3.23382 -> 4175
282. 3.2145 -> 4176
283. 3.16295 -> 4189
284. 3.03072 -> 4190
285. 3.03068 -> 4191
286. 2.70837 -> 4192
287. 2.38245 -> 4206
288. 2.3564 -> 4209
289. 2.34713 -> 4210
290. 2.18042 -> 4211
291. 2.10318 -> 4212
292. 2.10197 -> 4215
293. 2.06144 -> 4367
294. 2.05444 -> 4368
295. 2.03092 -> 4371
296. 2.02342 -> 4374
297. 1.5368 -> 4376
298. 1.46612 -> 4385
299. 1.41616 -> 4386
300. 1.33773 -> 4399
301. 1.33632 -> 4400
302. 1.12655 -> 4401
303. 494.265 -> 5001
304. 376.492 -> 5002
305. 364.453 -> 5003
306. 339.241 -> 5004
307. 291.088 -> 5005
308. 284.701 -> 5006
309. 267.703 -> 5014
310. 256.121 -> 5015
311. 197.117 -> 5016
312. 194.677 -> 5021
313. 189.913 -> 5022
314. 181.077 -> 5026
315. 161.936 -> 5032
316. 154.883 -> 5033
317. 154.882 -> 5034
318. 140.684 -> 5035
319. 139.122 -> 5043
320. 108.478 -> 5044
321. 103.066 -> 5046
322. 84.4533 -> 5047
323. 84.3965 -> 5048
324. 84.3964 -> 5049
325. 82.8248 -> 5052
326. 82.1181 -> 5053
327. 69.0142 -> 5055
328. 68.9984 -> 5056
329. 68.1225 -> 5057
330. 47.9733 -> 5059
331. 40.8606 -> 5060
332. 37.2928 -> 5061
333. 35.4004 -> 5063
334. 27.6043 -> 5068
335. 12.642 -> 5108
336. 12.4572 -> 5125
337. 11.1626 -> 5126
338. 8.98248 -> 5128
339. 7.59403 -> 5129
340. 5.59342 -> 5130
341. 5.59335 -> 5133
342. 5.59286 -> 5134
343. 4.83484 -> 5137
344. 4.80516 -> 5138
345. 4.68578 -> 5139
346. 3.8567 -> 5140
347. 3.49425 -> 5150
348. 2.91089 -> 5175
349. 2.76488 -> 5180
350. 2.60719 -> 5182
351. 2.58494 -> 5183
352. 2.34934 -> 5184
353. 1.96069 -> 5199
354. 1.95715 -> 5200
355. 1.90019 -> 5208
356. 1.90015 -> 5210
357. 1.46499 -> 5211
358. 1.42546 -> 5361
359. 1.3653 -> 5363
360. 1.2463 -> 5403
361. 1.19921 -> 5404
362. 355.108 -> 6001
363. 340.113 -> 6002
364. 335.964 -> 6003
365. 330.674 -> 6004
366. 174.517 -> 6007
367. 162.843 -> 6008
368. 162.843 -> 6009
369. 155.252 -> 6010
370. 122.379 -> 6012
371. 122.375 -> 6013
372. 114.181 -> 6014
373. 92.3509 -> 6016
374. 66.8322 -> 6017
375. 66.8251 -> 6018
376. 58.6364 -> 6019
377. 53.3599 -> 6021
378. 41.2904 -> 6024
379. 40.4873 -> 6031
380. 36.235 -> 6034
381. 35.0724 -> 6036
382. 34.8655 -> 6037
383. 31.5062 -> 6038
384. 26.2454 -> 6039
385. 26.0728 -> 6040
386. 26.0709 -> 6041
387. 25.6493 -> 6043
388. 23.9834 -> 6045
389. 23.8262 -> 6046
390. 23.0433 -> 6048
391. 22.4847 -> 6056
392. 22.4271 -> 6057
393. 22.4269 -> 6058
394. 21.2632 -> 6059
395. 16.7919 -> 6060
396. 15.3435 -> 6061
397. 8.87754 -> 6063
398. 8.87086 -> 6065
399. 8.84033 -> 6066
400. 8.8377 -> 6068
401. 8.41405 -> 6070
402. 8.18111 -> 6071
403. 4.05074 -> 6075
404. 3.90914 -> 6166
405. 3.62026 -> 6167
406. 3.17474 -> 6169
407. 3.17144 -> 6170
408. 3.09182 -> 6171
409. 2.45542 -> 6172
410. 2.25576 -> 6173
411. 1.78192 -> 6178
412. 1.75815 -> 6181
413. 1.73306 -> 6182
414. 1.6175 -> 6247
415. 1.60836 -> 6249
416. 1.60825 -> 6250
417. 1.36103 -> 6251
418. 635.113 -> 7001
419. 525.276 -> 7002
420. 459.848 -> 7004
421. 458.403 -> 7005
422. 454.925 -> 7006
423. 391.197 -> 7007
424. 391.186 -> 7009
425. 261.824 -> 7010
426. 261.781 -> 7011
427. 230.918 -> 7014
428. 158.365 -> 7015
429. 157.988 -> 7017
430. 157.969 -> 7018
431. 88.3947 -> 7020
432. 62.8136 -> 7022
433. 51.8437 -> 7024
434. 43.702 -> 7032
435. 41.1811 -> 7033
436. 40.9199 -> 7035
437. 38.3757 -> 7036
438. 38.244 -> 7037
439. 14.7752 -> 7041
440. 12.1854 -> 7042
441. 11.9475 -> 7045
442. 9.07772 -> 7046
443. 6.67381 -> 7048
444. 6.5376 -> 7049
445. 5.69043 -> 7050
446. 5.34407 -> 7056
447. 4.55629 -> 7070
448. 4.17513 -> 7073
449. 2.37854 -> 7075
450. 2.30103 -> 7079
451. 2.2779 -> 7092
452. 2.27776 -> 7093
453. 2.2777 -> 7094
454. 2.27314 -> 7095
455. 1.8932 -> 7096
456. 1.46885 -> 7140
457. 1.46635 -> 7142
458. 1.41912 -> 7143
459. 1.36678 -> 7156
460. 1.25585 -> 7324
461. 1.24194 -> 7325
462. 1.14178 -> 7336
463. 1.0126 -> 7339
464. 643.823 -> 8001
465. 497.688 -> 8002
466. 495.143 -> 8003
467. 378.41 -> 8004
468. 359.912 -> 8007
469. 352.829 -> 8008
470. 262.791 -> 8010
471. 217.49 -> 8011
472. 198.496 -> 8014
473. 198.481 -> 8016
474. 197.645 -> 8018
475. 195.404 -> 8019
476. 195.389 -> 8020
477. 147.467 -> 8022
478. 122.63 -> 8023
479. 121.012 -> 8024
480. 120.259 -> 8026
481. 119.607 -> 8027
482. 89.0758 -> 8028
483. 75.3793 -> 8029
484. 73.0852 -> 8031
485. 65.6271 -> 8032
486. 52.694 -> 8034
487. 51.3241 -> 8035
488. 46.8964 -> 8052
489. 15.7448 -> 8058
490. 15.6508 -> 8059
491. 13.6029 -> 8060
492. 12.7367 -> 8063
493. 11.4766 -> 8068
494. 11.474 -> 8069
495. 10.5025 -> 8070
496. 10.1173 -> 8095
497. 9.48807 -> 8097
498. 7.82864 -> 8099
499. 7.1284 -> 8104
500. 6.93486 -> 8106
501. 6.87556 -> 8107
502. 5.30635 -> 8109
503. 5.29908 -> 8110
504. 5.22491 -> 8111
505. 5.22255 -> 8112
506. 4.40753 -> 8113
507. 3.25476 -> 8118
508. 3.05076 -> 8125
509. 2.84742 -> 8129
510. 2.40762 -> 8131
511. 2.05965 -> 8141
512. 1.984 -> 8148
513. 1.84012 -> 8149
514. 1.53732 -> 8155
515. 1.52604 -> 8168
516. 1.40368 -> 8169
517. 1.31651 -> 8170
518. 1.30249 -> 8171
519. 1.27213 -> 8186
520. 1.26748 -> 8187
521. 1.26251 -> 8190
522. 1.21827 -> 8192
523. 1.19986 -> 8205
524. 0.936209 -> 8206
525. 234.042 -> 9001
526. 217.27 -> 9002
527. 155.163 -> 9005
528. 146.845 -> 9006
529. 140.178 -> 9009
530. 132.646 -> 9010
531. 132.359 -> 9011
532. 118.524 -> 9014
533. 113.095 -> 9017
534. 102.892 -> 9019
535. 98.2946 -> 9020
536. 94.888 -> 9021
537. 88.7004 -> 9022
538. 77.3482 -> 9026
539. 76.8011 -> 9027
540. 76.7957 -> 9028
541. 75.0237 -> 9029
542. 69.0509 -> 9030
543. 63.2193 -> 9032
544. 55.9466 -> 9033
545. 30.3889 -> 9034
546. 28.4617 -> 9049
547. 27.6201 -> 9050
548. 27.1505 -> 9051
549. 26.9364 -> 9053
550. 25.6738 -> 9055
551. 23.0275 -> 9056
552. 22.3871 -> 9057
553. 17.9514 -> 9059
554. 9.47498 -> 9060
555. 9.38603 -> 9061
556. 8.78698 -> 9065
557. 8.56316 -> 9066
558. 8.49108 -> 9067
559. 8.01282 -> 9068
560. 6.51247 -> 9070
561. 6.51232 -> 9073
562. 4.78773 -> 9074
563. 4.04978 -> 9079
564. 3.31014 -> 9082
565. 3.29483 -> 9083
566. 2.93311 -> 9084
567. 2.91689 -> 9085
568. 2.73554 -> 9086
569. 2.46806 -> 9091
570. 2.40887 -> 9092
571. 1.97336 -> 9093
572. 1.97084 -> 9109
573. 1.89371 -> 9134
574. 1.85213 -> 9155
575. 1.70008 -> 9166
576. 1.70006 -> 9167
577. 1.68609 -> 9168
578. 1.26927 -> 9169
579. 723.606 -> 10001
580. 723.585 -> 10002
581. 563.123 -> 10003
582. 327.887 -> 10004
583. 327.263 -> 10005
584. 266.936 -> 10006
585. 266.9 -> 10007
586. 242.424 -> 10008
587. 84.0618 -> 10009
588. 84.0552 -> 10010
589. 38.4378 -> 10011
590. 30.9668 -> 10012
591. 27.5391 -> 10013
592. 27.3421 -> 10015
593. 23.8822 -> 10017
594. 23.8811 -> 10018
595. 23.8686 -> 10020
596. 23.3438 -> 10021
597. 16.8388 -> 10022
598. 15.8366 -> 10025
599. 15.7248 -> 10031
600. 15.7145 -> 10032
601. 12.3653 -> 10033
602. 9.34944 -> 10035
603. 9.26215 -> 10037
604. 5.63539 -> 10045
605. 4.62902 -> 10076
606. 4.37581 -> 10077
607. 4.28095 -> 10079
608. 3.74314 -> 10080
609. 3.10238 -> 10083
610. 3.08995 -> 10084
611. 3.00881 -> 10087
612. 3.00813 -> 10090
613. 2.98147 -> 10091
614. 2.91685 -> 10092
615. 2.71064 -> 10099
616. 2.70938 -> 10100
617. 2.48859 -> 10114
618. 2.43281 -> 10115
619. 2.43265 -> 10116
620. 2.41138 -> 10117
621. 2.05487 -> 10118
622. 1.93179 -> 10123
623. 1.5509 -> 10171
624. 1.48157 -> 10174
625. 1.42658 -> 10463
626. 1.40673 -> 10479
627. 1.37641 -> 10480
628. 1.26343 -> 10485
629. 335.635 -> 11001
630. 335.63 -> 11002
631. 255.173 -> 11003
632. 253.291 -> 11004
633. 251.135 -> 11005
634. 195.731 -> 11006
635. 161.136 -> 11009
636. 150.951 -> 11010
637. 84.1525 -> 11011
638. 83.6456 -> 11012
639. 82.0092 -> 11014
640. 61.1963 -> 11015
641. 40.9911 -> 11019
642. 40.8627 -> 11021
643. 32.2584 -> 11022
644. 31.8529 -> 11023
645. 26.5522 -> 11029
646. 26.4342 -> 11030
647. 25.1094 -> 11031
648. 25.078 -> 11032
649. 22.8139 -> 11033
650. 17.8463 -> 11034
651. 15.3384 -> 11039
652. 10.358 -> 11048
653. 8.35539 -> 11049
654. 8.35531 -> 11050
655. 8.21334 -> 11051
656. 8.13823 -> 11054
657. 7.14185 -> 11055
658. 6.53292 -> 11056
659. 5.67994 -> 11070
660. 3.76495 -> 11075
661. 2.43529 -> 11077
662. 2.3993 -> 11078
663. 1.99722 -> 11079
664. 1.9366 -> 11080
665. 1.78466 -> 11081
666. 1.65635 -> 11120
667. 1.65546 -> 11121
668. 1.60494 -> 11122
669. 1.54963 -> 11123
670. 1.53808 -> 11131
671. 1.5347 -> 11141
672. 1.51747 -> 11147
673. 831.265 -> 12001
674. 717.796 -> 12002
675. 467.766 -> 12004
676. 404.366 -> 12006
677. 327.912 -> 12007
678. 292.676 -> 12008
679. 292.663 -> 12009
680. 255.156 -> 12010
681. 200.979 -> 12012
682. 176.655 -> 12015
683. 149.086 -> 12016
684. 134.048 -> 12019
685. 129.749 -> 12020
686. 129.201 -> 12021
687. 113.466 -> 12023
688. 113.001 -> 12025
689. 112.522 -> 12027
690. 111.562 -> 12028
691. 109.6 -> 12029
692. 89.138 -> 12031
693. 88.7401 -> 12032
694. 66.3871 -> 12038
695. 43.3314 -> 12042
696. 36.057 -> 12043
697. 36.0456 -> 12044
698. 34.5074 -> 12045
699. 33.2865 -> 12047
700. 31.7332 -> 12048
701. 28.2658 -> 12049
702. 26.5641 -> 12053
703. 23.7506 -> 12064
704. 17.9441 -> 12065
705. 14.2756 -> 12066
706. 14.1484 -> 12068
707. 13.5953 -> 12069
708. 13.4933 -> 12072
709. 13.4692 -> 12073
710. 12.8937 -> 12074
711. 12.8911 -> 12075
712. 12.6416 -> 12076
713. 11.7151 -> 12077
714. 11.5345 -> 12079
715. 11.4035 -> 12080
716. 11.0869 -> 12081
717. 9.40155 -> 12085
718. 8.82884 -> 12086
719. 7.97916 -> 12091
720. 7.31905 -> 12092
721. 7.26626 -> 12093
722. 7.26528 -> 12095
723. 7.0679 -> 12104
724. 6.94814 -> 12111
725. 6.70074 -> 12112
726. 6.53312 -> 12114
727. 6.5288 -> 12115
728. 6.51297 -> 12116
729. 6.28444 -> 12117
730. 6.03497 -> 12118
731. 6.03301 -> 12119
732. 6.02903 -> 12120
733. 5.91622 -> 12121
734. 5.68707 -> 12122
735. 5.61116 -> 12123
736. 4.86409 -> 12124
737. 4.40406 -> 12125
738. 4.40248 -> 12127
739. 4.35448 -> 12129
740. 4.35083 -> 12130
741. 3.69702 -> 12149
742. 3.56025 -> 12152
743. 3.52541 -> 12153
744. 3.48943 -> 12155
745. 3.39331 -> 12156
746. 3.34066 -> 12158
747. 1.92145 -> 12163
748. 1.91432 -> 12165
749. 1.81805 -> 12166
750. 1.66357 -> 12168
751. 1.64794 -> 12169
752. 1.57647 -> 12279
753. 1.52465 -> 12281
754. 1.4027 -> 12284
755. 1.40249 -> 12286
756. 1.3697 -> 12287
757. 1.36664 -> 12292
758. 1.36663 -> 12293
759. 1.244 -> 12295
760. 1.06525 -> 12334
761. 169.015 -> 13001
762. 166.355 -> 13002
763. 141.702 -> 13003
764. 120.147 -> 13005
765. 94.7643 -> 13007
766. 77.1755 -> 13018
767. 59.1884 -> 13019
768. 52.8868 -> 13020
769. 52.8822 -> 13021
770. 52.6023 -> 13022
771. 52.059 -> 13023
772. 29.943 -> 13024
773. 14.7629 -> 13029
774. 10.9671 -> 13039
775. 10.9669 -> 13040
776. 10.9624 -> 13041
777. 9.70584 -> 13042
778. 9.4976 -> 13046
779. 8.7184 -> 13047
780. 8.56968 -> 13048
781. 7.84849 -> 13051
782. 7.84741 -> 13052
783. 7.82826 -> 13053
784. 7.35013 -> 13054
785. 6.27758 -> 13059
786. 6.27738 -> 13060
787. 5.39532 -> 13074
788. 4.1552 -> 13077
789. 4.1534 -> 13078
790. 3.50363 -> 13080
791. 3.49774 -> 13081
792. 3.46555 -> 13082
793. 3.38319 -> 13083
794. 3.29687 -> 13089
795. 1.6914 -> 13102
796. 1.68136 -> 13103
797. 1.61585 -> 13104
798. 1.51374 -> 13112
799. 1.30709 -> 13113
800. 1.24654 -> 13617
801. 1.22866 -> 13640
802. 1.2126 -> 13806
803. 1.1854 -> 13853
804. 0.973587 -> 13903
805. 512.188 -> 14001
806. 492.24 -> 14002
807. 491.206 -> 14003
808. 426.527 -> 14004
809. 373.562 -> 14005
810. 372.874 -> 14006
811. 318.864 -> 14008
812. 299.642 -> 14014
813. 299.62 -> 14015
814. 296.592 -> 14016
815. 296.59 -> 14017
816. 295.894 -> 14019
817. 229.583 -> 14020
818. 222.546 -> 14021
819. 177.693 -> 14022
820. 160.98 -> 14023
821. 81.8854 -> 14026
822. 81.8849 -> 14028
823. 78.6806 -> 14030
824. 77.0973 -> 14035
825. 65.1131 -> 14036
826. 62.3397 -> 14037
827. 61.7123 -> 14039
828. 54.0972 -> 14040
829. 46.2433 -> 14042
830. 45.338 -> 14043
831. 43.967 -> 14044
832. 34.6391 -> 14045
833. 34.1809 -> 14062
834. 33.8972 -> 14063
835. 27.5126 -> 14064
836. 25.1337 -> 14065
837. 22.9552 -> 14066
838. 22.5377 -> 14068
839. 22.4015 -> 14069
840. 16.451 -> 14070
841. 15.2833 -> 14079
842. 14.7131 -> 14086
843. 13.5516 -> 14092
844. 13.3152 -> 14093
845. 13.0728 -> 14105
846. 12.1931 -> 14106
847. 9.93594 -> 14118
848. 8.01182 -> 14119
849. 6.32805 -> 14120
850. 4.86279 -> 14135
851. 4.00386 -> 14136
852. 2.3343 -> 14140
853. 2.27052 -> 14151
854. 2.20291 -> 14160
855. 2.12405 -> 14217
856. 2.09454 -> 14218
857. 2.02094 -> 14227
858. 2.01969 -> 14229
859. 1.91356 -> 14230
860. 1.76263 -> 14234
861. 1.6985 -> 14235
862. 1.69414 -> 14237
863. 1.56547 -> 14313
864. 1.5654 -> 14314
865. 1.49242 -> 14315
866. 1.35292 -> 14846
867. 1.28684 -> 14847
868. 1.2503 -> 14848
869. 1.21359 -> 14849
870. 1.21138 -> 14859
871. 1.19841 -> 14866
872. 1.19468 -> 14877
873. 1.18982 -> 14881
874. 422.81 -> 15001
875. 183.971 -> 15003
876. 162.309 -> 15004
877. 146.756 -> 15005
878. 144.995 -> 15006
879. 138.843 -> 15007
880. 134.23 -> 15008
881. 74.6505 -> 15009
882. 72.7058 -> 15010
883. 71.2721 -> 15011
884. 63.2624 -> 15014
885. 38.4356 -> 15015
886. 38.4338 -> 15019
887. 32.6282 -> 15020
888. 32.1164 -> 15023
889. 31.3672 -> 15024
890. 22.2838 -> 15026
891. 22.2771 -> 15027
892. 22.2766 -> 15028
893. 21.936 -> 15034
894. 18.3726 -> 15035
895. 16.0564 -> 15051
896. 15.6939 -> 15056
897. 15.4677 -> 15058
898. 15.3597 -> 15060
899. 15.3112 -> 15061
900. 13.0432 -> 15062
901. 11.7506 -> 15068
902. 9.87702 -> 15069
903. 9.83946 -> 15070
904. 9.83523 -> 15071
905. 9.71637 -> 15074
906. 9.46028 -> 15076
907. 9.06863 -> 15077
908. 8.48044 -> 15079
909. 7.84514 -> 15080
910. 6.18543 -> 15090
911. 5.52684 -> 15091
912. 4.74301 -> 15093
913. 3.83101 -> 15095
914. 3.71241 -> 15100
915. 3.70735 -> 15101
916. 3.52068 -> 15102
917. 2.82207 -> 15103
918. 2.73476 -> 15104
919. 2.53394 -> 15105
920. 2.44869 -> 15107
921. 2.27158 -> 15108
922. 2.24183 -> 15109
923. 2.21446 -> 15114
924. 1.97042 -> 15177
925. 1.93769 -> 15225
926. 1.78776 -> 15253
927. 1.6997 -> 15502
928. 1.49574 -> 15507
929. 1.48769 -> 15511
930. 1.3682 -> 15531
931. 1.3539 -> 15532
932. 1.31418 -> 15745
933. 1.23782 -> 15895
934. 568.398 -> 16001
935. 543.472 -> 16002
936. 379.886 -> 16003
937. 336.666 -> 16004
938. 332.861 -> 16005
939. 332.857 -> 16006
940. 297.225 -> 16007
941. 289.393 -> 16009
942. 246.908 -> 16010
943. 181.866 -> 16011
944. 110.187 -> 16014
945. 109.951 -> 16015
946. 108.625 -> 16016
947. 108.415 -> 16017
948. 105.01 -> 16018
949. 101.983 -> 16020
950. 63.376 -> 16021
951. 62.7488 -> 16022
952. 32.9421 -> 16026
953. 31.022 -> 16045
954. 30.7549 -> 16046
955. 22.9913 -> 16048
956. 19.7818 -> 16054
957. 19.4392 -> 16077
958. 15.4169 -> 16086
959. 13.4659 -> 16096
960. 13.4646 -> 16097
961. 13.0004 -> 16098
962. 12.1031 -> 16099
963. 9.95066 -> 16101
964. 9.25169 -> 16114
965. 7.33589 -> 16116
966. 7.10199 -> 16117
967. 5.941 -> 16118
968. 5.72297 -> 16125
969. 5.38425 -> 16126
970. 5.07851 -> 16127
971. 4.15441 -> 16129
972. 3.6841 -> 16130
973. 3.68389 -> 16131
974. 2.76614 -> 16132
975. 2.29591 -> 16139
976. 2.29254 -> 16141
977. 1.99373 -> 16143
978. 1.61761 -> 16163
979. 1.48176 -> 16171
980. 1.47729 -> 16172
981. 1.35172 -> 16175
982. 1.24151 -> 16234
983. 1.2415 -> 16235
984. 1.23358 -> 16236
985. 1.23352 -> 16237
986. 316.279 -> 17001
987. 255.665 -> 17002
988. 234.232 -> 17003
989. 200.814 -> 17004
990. 172.467 -> 17005
991. 145.077 -> 17008
992. 124.499 -> 17013
993. 123.522 -> 17022
994. 103.365 -> 17025
995. 89.5933 -> 17026
996. 73.5794 -> 17027
997. 58.9711 -> 17028
998. 44.7122 -> 17033
999. 39.0866 -> 17036
1000. 35.7046 -> 17037
1001. 35.5027 -> 17038
1002. 32.0868 -> 17045
1003. 24.8602 -> 17046
1004. 24.8009 -> 17047
1005. 24.7961 -> 17048
1006. 21.7412 -> 17049
1007. 20.1798 -> 17050
1008. 15.0841 -> 17052
1009. 14.956 -> 17053
1010. 14.8958 -> 17055
1011. 14.8335 -> 17062
1012. 14.7761 -> 17066
1013. 14.7701 -> 17067
1014. 8.26562 -> 17068
1015. 7.82918 -> 17069
1016. 7.82883 -> 17071
1017. 5.9855 -> 17073
1018. 5.9568 -> 17076
1019. 5.01059 -> 17077
1020. 5.0044 -> 17078
1021. 4.7691 -> 17079
1022. 4.38556 -> 17098
1023. 4.3786 -> 17148
1024. 4.13753 -> 17149
1025. 4.12313 -> 17150
1026. 3.49026 -> 17152
1027. 3.1714 -> 17160
1028. 3.17098 -> 17161
1029. 3.15283 -> 17164
1030. 2.68847 -> 17166
1031. 2.36503 -> 17174
1032. 2.26154 -> 17553
1033. 2.26146 -> 17554
1034. 2.06798 -> 17568
1035. 1.86604 -> 17569
1036. 1.78342 -> 17705
1037. 1.51894 -> 17783
1038. 1.51835 -> 17837
1039. 598.875 -> 18001
1040. 598.617 -> 18002
1041. 470.887 -> 18003
1042. 148.048 -> 18004
1043. 140.788 -> 18009
1044. 137.924 -> 18013
1045. 106.324 -> 18014
1046. 97.8818 -> 18015
1047. 94.5321 -> 18017
1048. 79.1045 -> 18018
1049. 64.5163 -> 18019
1050. 55.913 -> 18031
1051. 47.5298 -> 18034
1052. 43.5007 -> 18035
1053. 22.2429 -> 18036
1054. 19.5617 -> 18038
1055. 15.996 -> 18039
1056. 13.466 -> 18078
1057. 9.91173 -> 18079
1058. 9.27011 -> 18080
1059. 9.21118 -> 18081
1060. 9.14582 -> 18082
1061. 8.64672 -> 18083
1062. 6.39358 -> 18085
1063. 5.043 -> 18097
1064. 4.63298 -> 18103
1065. 4.63122 -> 18104
1066. 3.9961 -> 18135
1067. 3.9957 -> 18136
1068. 3.58207 -> 18137
1069. 3.55414 -> 18140
1070. 2.96463 -> 18141
1071. 2.96376 -> 18142
1072. 2.79946 -> 18145
1073. 2.7954 -> 18148
1074. 2.55531 -> 18149
1075. 2.51719 -> 18171
1076. 2.0207 -> 18214
1077. 2.01795 -> 18216
1078. 1.92816 -> 18218
1079. 1.89874 -> 18219
1080. 1.89519 -> 18236
1081. 1.82041 -> 18238
1082. 1.79652 -> 18240
1083. 1.61489 -> 18241
1084. 1.53098 -> 18250
1085. 1.53071 -> 18251
1086. 1.48627 -> 18284
1087. 405.218 -> 19001
1088. 394.919 -> 19002
1089. 284.03 -> 19003
1090. 252.224 -> 19009
1091. 228.063 -> 19014
1092. 216.161 -> 19018
1093. 171.642 -> 19019
1094. 170.184 -> 19020
1095. 157.652 -> 19021
1096. 113.7 -> 19022
1097. 113.582 -> 19023
1098. 113.387 -> 19024
1099. 106.024 -> 19025
1100. 102.458 -> 19026
1101. 97.1052 -> 19027
1102. 62.7607 -> 19030
1103. 62.7585 -> 19031
1104. 47.1983 -> 19034
1105. 47.1836 -> 19035
1106. 43.6003 -> 19036
1107. 41.742 -> 19039
1108. 41.4657 -> 19040
1109. 38.8117 -> 19041
1110. 38.7186 -> 19042
1111. 38.0003 -> 19043
1112. 34.4036 -> 19045
1113. 27.9181 -> 19046
1114. 27.8793 -> 19047
1115. 27.5996 -> 19048
1116. 26.1018 -> 19050
1117. 26.1014 -> 19051
1118. 24.3561 -> 19052
1119. 23.7726 -> 19056
1120. 21.5019 -> 19057
1121. 16.2773 -> 19060
1122. 10.7817 -> 19066
1123. 10.6404 -> 19067
1124. 10.4663 -> 19092
1125. 9.83575 -> 19093
1126. 6.58034 -> 19096
1127. 6.55929 -> 19098
1128. 5.66737 -> 19099
1129. 3.25608 -> 19100
1130. 2.64981 -> 19107
1131. 2.51865 -> 19108
1132. 2.42231 -> 19109
1133. 2.3955 -> 19112
1134. 1.86557 -> 19114
1135. 1.85451 -> 19120
1136. 1.82338 -> 19124
1137. 1.73074 -> 19126
1138. 1.66875 -> 19402
1139. 1.58322 -> 19404
1140. 1.43486 -> 19503
1141. 1.42625 -> 19506
1142. 1.38998 -> 19507
1143. 1.38636 -> 19509
1144. 1.37202 -> 19514
1145. 1.3113 -> 19757
1146. 801.88 -> 20001
1147. 469.599 -> 20002
1148. 389.209 -> 20005
1149. 345.614 -> 20006
1150. 345.528 -> 20007
1151. 297.198 -> 20008
1152. 269.081 -> 20009
1153. 243.383 -> 20010
1154. 242.512 -> 20011
1155. 204.755 -> 20012
1156. 189.965 -> 20014
1157. 145.137 -> 20015
1158. 121.812 -> 20017
1159. 110.522 -> 20020
1160. 75.295 -> 20021
1161. 70.0331 -> 20024
1162. 69.7029 -> 20027
1163. 69.6904 -> 20028
1164. 46.4547 -> 20029
1165. 44.2495 -> 20030
1166. 37.486 -> 20031
1167. 36.0212 -> 20033
1168. 32.1395 -> 20035
1169. 26.1403 -> 20036
1170. 25.3701 -> 20039
1171. 21.9773 -> 20042
1172. 16.8218 -> 20046
1173. 16.5972 -> 20047
1174. 16.3902 -> 20048
1175. 16.1686 -> 20049
1176. 14.5785 -> 20055
1177. 12.8316 -> 20056
1178. 12.2979 -> 20057
1179. 5.23934 -> 20059
1180. 5.15662 -> 20078
1181. 4.84132 -> 20079
1182. 4.72166 -> 20081
1183. 4.25032 -> 20082
1184. 3.79537 -> 20132
1185. 2.04421 -> 20168
1186. 2.03839 -> 20262
1187. 2.0187 -> 20263
1188. 2.01754 -> 20264
1189. 2.01463 -> 20265
1190. 1.99598 -> 20267
1191. 1.97891 -> 20268
1192. 1.95747 -> 20269
1193. 1.79108 -> 20270
1194. 1.74633 -> 20288
1195. 1.61032 -> 20289
1196. 1.56238 -> 20296
1197. 1.46066 -> 20305
1198. 1.38571 -> 20307
1199. 1.37451 -> 20308
1200. 1.32178 -> 20826
1201. 1.23324 -> 20846
1202. 1.23182 -> 20847
1203. 1.23161 -> 20850
1204. 1.23038 -> 20851
1205. 1.21357 -> 20853
1206. 728.358 -> 21001
1207. 419.879 -> 21004
1208. 342.251 -> 21005
1209. 307.241 -> 21006
1210. 145.63 -> 21007
1211. 127.143 -> 21010
1212. 88.4047 -> 21011
1213. 73.8832 -> 21014
1214. 73.5676 -> 21015
1215. 73.5666 -> 21016
1216. 70.5541 -> 21019
1217. 68.8451 -> 21020
1218. 51.0112 -> 21021
1219. 41.8051 -> 21023
1220. 35.321 -> 21025
1221. 26.959 -> 21026
1222. 26.8016 -> 21037
1223. 26.8016 -> 21038
1224. 25.5026 -> 21040
1225. 25.0248 -> 21041
1226. 18.6594 -> 21042
1227. 18.383 -> 21043
1228. 17.6336 -> 21044
1229. 17.0593 -> 21045
1230. 15.6585 -> 21046
1231. 9.95884 -> 21048
1232. 9.16093 -> 21060
1233. 6.96463 -> 21065
1234. 6.89955 -> 21066
1235. 6.78659 -> 21067
1236. 6.71021 -> 21068
1237. 6.56787 -> 21069
1238. 5.86279 -> 21073
1239. 5.46212 -> 21082
1240. 5.43867 -> 21083
1241. 4.69708 -> 21098
1242. 4.69702 -> 21100
1243. 4.59711 -> 21101
1244. 4.09538 -> 21102
1245. 3.28243 -> 21103
1246. 3.24906 -> 21105
1247. 3.08872 -> 21107
1248. 3.08682 -> 21108
1249. 3.04785 -> 21111
1250. 3.02105 -> 21113
1251. 2.80084 -> 21116
1252. 2.78632 -> 21128
1253. 2.54985 -> 21130
1254. 2.48919 -> 21133
1255. 2.40289 -> 21145
1256. 2.25352 -> 21146
1257. 2.0285 -> 21157
1258. 1.7076 -> 21162
1259. 1.64479 -> 21177
1260. 1.55711 -> 21180
1261. 1.37714 -> 21598
1262. 1.37573 -> 21599
1263. 1.24876 -> 21600
1264. 1.24035 -> 21628
1265. 1.17198 -> 21634
1266. 1.14181 -> 21635
1267. 422.097 -> 22001
1268. 419.77 -> 22002
1269. 373.43 -> 22003
1270. 208.737 -> 22004
1271. 144.064 -> 22005
1272. 143.304 -> 22007
1273. 107.773 -> 22009
1274. 94.8206 -> 22010
1275. 91.4346 -> 22013
1276. 85.7528 -> 22014
1277. 75.7579 -> 22015
1278. 65.4283 -> 22016
1279. 60.5157 -> 22021
1280. 59.5806 -> 22022
1281. 55.1456 -> 22024
1282. 52.0479 -> 22026
1283. 51.9098 -> 22027
1284. 49.739 -> 22029
1285. 44.6318 -> 22031
1286. 38.3932 -> 22032
1287. 36.3318 -> 22049
1288. 34.5182 -> 22052
1289. 34.4794 -> 22053
1290. 30.673 -> 22067
1291. 30.6194 -> 22069
1292. 30.6047 -> 22070
1293. 30.6038 -> 22071
1294. 23.3295 -> 22076
1295. 21.6709 -> 22080
1296. 21.6708 -> 22081
1297. 21.5426 -> 22082
1298. 20.4608 -> 22084
1299. 19.8977 -> 22085
1300. 12.8563 -> 22086
1301. 12.8554 -> 22087
1302. 12.0782 -> 22088
1303. 12.0746 -> 22089
1304. 12.0737 -> 22091
1305. 11.5056 -> 22092
1306. 11.4606 -> 22093
1307. 9.90577 -> 22099
1308. 7.34759 -> 22107
1309. 7.34375 -> 22108
1310. 5.4323 -> 22118
1311. 4.95874 -> 22122
1312. 4.29283 -> 22168
1313. 4.25104 -> 22169
1314. 4.05458 -> 22170
1315. 2.81952 -> 22178
1316. 2.6794 -> 22180
1317. 2.4491 -> 22359
1318. 2.44208 -> 22368
1319. 2.43852 -> 22373
1320. 2.39465 -> 22377
1321. 1.93653 -> 22379
1322. 1.58402 -> 22382
1323. 1.58375 -> 22383
1324. 1.50957 -> 22532
1325. 1.44314 -> 22547
1326. 1.40526 -> 22938
1327. 1.38965 -> 22958
1328. 1.35151 -> 22959
1329. 1.34538 -> 22961
1330. 934.396 -> 23001
1331. 873.237 -> 23002
1332. 598.238 -> 23006
1333. 561.089 -> 23007
1334. 522.102 -> 23009
1335. 503.329 -> 23012
1336. 423.148 -> 23013
1337. 379.968 -> 23014
1338. 379.964 -> 23015
1339. 368.558 -> 23022
1340. 361.231 -> 23023
1341. 292.008 -> 23024
1342. 284.181 -> 23025
1343. 262.229 -> 23026
1344. 262.229 -> 23027
1345. 259.442 -> 23028
1346. 257.607 -> 23029
1347. 256.824 -> 23030
1348. 219.93 -> 23032
1349. 213.128 -> 23033
1350. 173.084 -> 23035
1351. 131.319 -> 23036
1352. 90.2213 -> 23037
1353. 90.1173 -> 23038
1354. 87.9199 -> 23039
1355. 85.4411 -> 23040
1356. 70.025 -> 23042
1357. 62.5709 -> 23046
1358. 61.9525 -> 23047
1359. 61.8081 -> 23049
1360. 61.4365 -> 23050
1361. 19.676 -> 23051
1362. 15.0913 -> 23073
1363. 14.2928 -> 23081
1364. 14.2927 -> 23082
1365. 11.4866 -> 23083
1366. 11.4163 -> 23084
1367. 10.2635 -> 23085
1368. 8.98894 -> 23087
1369. 8.88053 -> 23089
1370. 8.67158 -> 23090
1371. 8.17646 -> 23091
1372. 7.45824 -> 23092
1373. 7.26628 -> 23093
1374. 7.25681 -> 23094
1375. 6.68159 -> 23095
1376. 6.65234 -> 23096
1377. 5.22643 -> 23100
1378. 5.22579 -> 23111
1379. 5.14337 -> 23113
1380. 4.56908 -> 23114
1381. 4.32207 -> 23115
1382. 3.8532 -> 23158
1383. 3.70098 -> 23160
1384. 3.46092 -> 23165
1385. 3.3237 -> 23172
1386. 2.58336 -> 23217
1387. 2.50511 -> 23218
1388. 2.41189 -> 23220
1389. 1.89682 -> 23222
1390. 1.77525 -> 23225
1391. 1.64429 -> 23231
1392. 1.56495 -> 23269
1393. 1.55848 -> 23271
1394. 1.55651 -> 23317
1395. 1.40994 -> 23343
1396. 1.36358 -> 23372
1397. 1.33283 -> 23542
1398. 1.2984 -> 23545
1399. 1.27783 -> 23546
1400. 1.26994 -> 23547
1401. 1.22063 -> 23548
1402. 1.21108 -> 23552
1403. 1.20811 -> 23558
1404. 1.20095 -> 23559
1405. 792.706 -> 24001
1406. 752.297 -> 24002
1407. 471.518 -> 24003
1408. 421.026 -> 24006
1409. 420.966 -> 24007
1410. 404.235 -> 24009
1411. 385.666 -> 24012
1412. 385.531 -> 24013
1413. 371.516 -> 24018
1414. 331.047 -> 24019
1415. 327.838 -> 24020
1416. 327.746 -> 24021
1417. 326.481 -> 24022
1418. 295.88 -> 24023
1419. 295.309 -> 24024
1420. 289.25 -> 24025
1421. 272.138 -> 24026
1422. 272.138 -> 24027
1423. 260.312 -> 24028
1424. 194.144 -> 24030
1425. 151.956 -> 24034
1426. 115.81 -> 24035
1427. 86.7041 -> 24038
1428. 68.715 -> 24050
1429. 66.719 -> 24052
1430. 64.061 -> 24056
1431. 57.2701 -> 24061
1432. 48.1645 -> 24062
1433. 40.3442 -> 24067
1434. 30.8019 -> 24071
1435. 14.4531 -> 24072
1436. 14.426 -> 24074
1437. 9.56945 -> 24075
1438. 9.00765 -> 24080
1439. 8.90805 -> 24082
1440. 8.82559 -> 24083
1441. 8.79438 -> 24085
1442. 8.7913 -> 24086
1443. 8.04101 -> 24087
1444. 6.37204 -> 24088
1445. 4.86263 -> 24089
1446. 3.79244 -> 24090
1447. 3.16676 -> 24093
1448. 2.80625 -> 24094
1449. 2.61424 -> 24247
1450. 2.59667 -> 24298
1451. 2.59665 -> 24314
1452. 2.39338 -> 24346
1453. 2.13933 -> 24352
1454. 2.09643 -> 24360
1455. 1.98975 -> 24361
1456. 1.43841 -> 24441
1457. 1.38009 -> 24444
1458. 1.34483 -> 24445
1459. 1.3197 -> 24447
1460. 1.22159 -> 24452
1461. 1.13808 -> 24760
1462. 1.1244 -> 24780
1463. 1.1244 -> 24781
1464. 1.11538 -> 24809
1465. 338.171 -> 25001
1466. 310.291 -> 25003
1467. 253.966 -> 25004
1468. 253.966 -> 25005
1469. 227.633 -> 25009
1470. 188.465 -> 25010
1471. 175.348 -> 25012
1472. 165.691 -> 25014
1473. 157.602 -> 25015
1474. 113.984 -> 25016
1475. 62.9681 -> 25027
1476. 54.4053 -> 25037
1477. 41.8247 -> 25040
1478. 30.5668 -> 25042
1479. 30.0142 -> 25043
1480. 23.857 -> 25052
1481. 21.7099 -> 25053
1482. 20.231 -> 25057
1483. 20.1684 -> 25059
1484. 14.0282 -> 25060
1485. 13.8243 -> 25062
1486. 10.0506 -> 25063
1487. 9.99495 -> 25068
1488. 5.1193 -> 25079
1489. 4.51251 -> 25080
1490. 4.31995 -> 25081
1491. 4.21242 -> 25085
1492. 4.09927 -> 25087
1493. 3.97401 -> 25089
1494. 2.88558 -> 25093
1495. 2.82194 -> 25126
1496. 2.60374 -> 25133
1497. 2.59592 -> 25134
1498. 2.36282 -> 25135
1499. 2.33779 -> 25137
1500. 1.9223 -> 25145
1501. 1.57986 -> 25153
1502. 1.43117 -> 25193
1503. 1.38556 -> 25194
1504. 1.32187 -> 25199
1505. 1.24611 -> 25223
1506. 1.24532 -> 25224
1507. 1.22773 -> 25238
1508. 1.2275 -> 25239
1509. 1.1491 -> 25240
1510. 1.13845 -> 25241
1511. 1.13779 -> 25243
1512. 548.486 -> 26001
1513. 527.109 -> 26002
1514. 290.014 -> 26003
1515. 285.081 -> 26004
1516. 239.117 -> 26005
1517. 222.373 -> 26006
1518. 157.743 -> 26010
1519. 144.082 -> 26014
1520. 139.265 -> 26015
1521. 128.431 -> 26016
1522. 122.571 -> 26017
1523. 61.4905 -> 26018
1524. 59.6793 -> 26019
1525. 59.6687 -> 26020
1526. 55.3247 -> 26022
1527. 27.5137 -> 26029
1528. 25.8813 -> 26030
1529. 19.4955 -> 26031
1530. 16.5255 -> 26032
1531. 15.8567 -> 26034
1532. 8.87499 -> 26046
1533. 8.87477 -> 26047
1534. 8.33454 -> 26096
1535. 8.13103 -> 26100
1536. 7.9882 -> 26101
1537. 7.90255 -> 26103
1538. 6.26399 -> 26105
1539. 5.50614 -> 26106
1540. 5.36726 -> 26108
1541. 5.31821 -> 26110
1542. 5.27447 -> 26118
1543. 4.11498 -> 26131
1544. 4.05548 -> 26133
1545. 2.93067 -> 26143
1546. 2.78299 -> 26144
1547. 2.40227 -> 26148
1548. 2.33798 -> 26167
1549. 2.24035 -> 26172
1550. 2.19519 -> 26191
1551. 2.11286 -> 26192
1552. 2.11047 -> 26194
1553. 1.83078 -> 26296
1554. 1.80209 -> 26297
1555. 1.65992 -> 26309
1556. 1.52089 -> 26312
1557. 1.50677 -> 26433
1558. 1.49223 -> 26521
1559. 1.44969 -> 26522
1560. 1.41945 -> 26523
1561. 1.41945 -> 26524
1562. 1.4165 -> 26525
1563. 1.41513 -> 26526
1564. 1.41179 -> 26527
1565. 1.33882 -> 26528
1566. 1.29087 -> 26533
1567. 1.26116 -> 26624
1568. 1.26101 -> 26625
1569. 762.034 -> 27001
1570. 753.441 -> 27005
1571. 683.108 -> 27007
1572. 475.311 -> 27009
1573. 459.781 -> 27010
1574. 438.928 -> 27011
1575. 407.667 -> 27012
1576. 388.299 -> 27013
1577. 342.338 -> 27015
1578. 338.437 -> 27017
1579. 292.262 -> 27021
1580. 292.258 -> 27022
1581. 170.731 -> 27025
1582. 161.259 -> 27027
1583. 145.244 -> 27028
1584. 121.175 -> 27029
1585. 121.172 -> 27030
1586. 106.526 -> 27031
1587. 104.067 -> 27035
1588. 71.7199 -> 27039
1589. 66.8265 -> 27057
1590. 63.908 -> 27063
1591. 56.7658 -> 27064
1592. 50.249 -> 27068
1593. 46.7169 -> 27069
1594. 42.8137 -> 27077
1595. 42.7536 -> 27078
1596. 42.7535 -> 27079
1597. 41.9602 -> 27080
1598. 37.5535 -> 27082
1599. 31.3703 -> 27089
1600. 25.1984 -> 27096
1601. 21.1156 -> 27100
1602. 21.0793 -> 27101
1603. 21.0782 -> 27102
1604. 21.0704 -> 27103
1605. 18.1349 -> 27124
1606. 14.7653 -> 27129
1607. 11.1909 -> 27136
1608. 10.7224 -> 27137
1609. 10.4539 -> 27150
1610. 10.2104 -> 27151
1611. 9.45939 -> 27168
1612. 7.30538 -> 27169
1613. 7.25005 -> 27170
1614. 7.18561 -> 27171
1615. 7.05964 -> 27172
1616. 5.59294 -> 27173
1617. 5.39286 -> 27175
1618. 5.23795 -> 27187
1619. 4.71905 -> 27188
1620. 4.09148 -> 27189
1621. 4.08746 -> 27190
1622. 4.04581 -> 27194
1623. 2.77074 -> 27195
1624. 2.55687 -> 27198
1625. 2.55448 -> 27203
1626. 2.55102 -> 27204
1627. 2.34732 -> 27206
1628. 2.34369 -> 27207
1629. 2.13778 -> 27408
1630. 2.09359 -> 27414
1631. 1.64701 -> 27415
1632. 1.58442 -> 27417
1633. 1.51543 -> 27418
1634. 1.51164 -> 27441
1635. 1.454 -> 27517
1636. 753.155 -> 28001
1637. 632.982 -> 28003
1638. 550.115 -> 28004
1639. 494.064 -> 28005
1640. 480.657 -> 28006
1641. 245.87 -> 28007
1642. 241.794 -> 28008
1643. 196.364 -> 28009
1644. 164.277 -> 28010
1645. 161.351 -> 28014
1646. 124.408 -> 28015
1647. 101.509 -> 28016
1648. 98.534 -> 28018
1649. 94.9674 -> 28023
1650. 39.0583 -> 28025
1651. 37.4379 -> 28026
1652. 37.271 -> 28027
1653. 29.6631 -> 28028
1654. 29.6629 -> 28029
1655. 29.6057 -> 28030
1656. 29.327 -> 28031
1657. 28.897 -> 28033
1658. 28.8881 -> 28034
1659. 6.69587 -> 28036
1660. 6.47544 -> 28038
1661. 5.25158 -> 28040
1662. 5.25145 -> 28041
1663. 4.14956 -> 28042
1664. 3.9256 -> 28043
1665. 3.58378 -> 28055
1666. 3.19826 -> 28056
1667. 3.17753 -> 28059
1668. 2.53017 -> 28132
1669. 2.34031 -> 28151
1670. 2.34029 -> 28153
1671. 2.28834 -> 28154
1672. 2.17955 -> 28156
1673. 1.792 -> 28157
1674. 1.64564 -> 28346
1675. 1.60897 -> 28794
1676. 1.535 -> 28795
1677. 809.977 -> 29001
1678. 479.139 -> 29002
1679. 476.66 -> 29003
1680. 411.227 -> 29004
1681. 409.182 -> 29005
1682. 303.296 -> 29006
1683. 299.3 -> 29007
1684. 270.947 -> 29008
1685. 241.158 -> 29009
1686. 205.751 -> 29010
1687. 191.271 -> 29013
1688. 181.663 -> 29015
1689. 157.323 -> 29017
1690. 148.525 -> 29018
1691. 142.064 -> 29019
1692. 120.063 -> 29021
1693. 109.57 -> 29023
1694. 83.3564 -> 29030
1695. 83.1886 -> 29031
1696. 79.7814 -> 29032
1697. 63.9794 -> 29034
1698. 55.4874 -> 29035
1699. 55.4825 -> 29036
1700. 47.2943 -> 29039
1701. 46.8841 -> 29040
1702. 45.3032 -> 29043
1703. 45.2731 -> 29044
1704. 43.2438 -> 29047
1705. 33.8226 -> 29048
1706. 26.433 -> 29057
1707. 20.8889 -> 29059
1708. 20.7435 -> 29063
1709. 20.742 -> 29064
1710. 19.3682 -> 29073
1711. 17.7368 -> 29074
1712. 16.2484 -> 29091
1713. 16.138 -> 29093
1714. 14.1267 -> 29096
1715. 13.2375 -> 29098
1716. 13.228 -> 29099
1717. 13.1876 -> 29100
1718. 11.9398 -> 29101
1719. 10.8064 -> 29102
1720. 9.91925 -> 29103
1721. 7.10495 -> 29104
1722. 6.01108 -> 29116
1723. 6.01063 -> 29117
1724. 5.66709 -> 29120
1725. 5.41799 -> 29121
1726. 5.22745 -> 29128
1727. 5.0189 -> 29131
1728. 4.16112 -> 29137
1729. 3.59533 -> 29245
1730. 3.59295 -> 29246
1731. 2.83918 -> 29250
1732. 2.3911 -> 29251
1733. 2.35654 -> 29263
1734. 2.16351 -> 29279
1735. 2.15356 -> 29280
1736. 2.14914 -> 29281
1737. 2.12377 -> 29282
1738. 2.11476 -> 29283
1739. 2.01235 -> 29284
1740. 1.75157 -> 29286
1741. 1.7321 -> 29287
1742. 1.65767 -> 29297
1743. 1.54823 -> 29300
1744. 1.54773 -> 29302
1745. 1.54685 -> 29305
1746. 1.54618 -> 29307
1747. 1.19043 -> 29320



Rezultate rulari
Minim: 0.936209
Maxim: 934.396
Medie: 77.3301



