0. 205.69 -> 1
1. 115.427 -> 2
2. 84.2475 -> 4
3. 81.0298 -> 10
4. 50.9622 -> 12
5. 39.4685 -> 14
6. 38.6314 -> 16
7. 38.3593 -> 18
8. 26.0971 -> 21
9. 26.0638 -> 22
10. 25.8386 -> 25
11. 22.9355 -> 26
12. 22.8705 -> 27
13. 19.468 -> 28
14. 19.4494 -> 30
15. 16.3401 -> 32
16. 14.793 -> 33
17. 14.7636 -> 34
18. 11.1786 -> 36
19. 11.1785 -> 38
20. 9.14404 -> 39
21. 5.42 -> 42
22. 4.79231 -> 44
23. 4.79158 -> 45
24. 4.41893 -> 46
25. 4.1854 -> 47
26. 2.56346 -> 52
27. 2.55923 -> 53
28. 2.5554 -> 54
29. 1.00278 -> 55
30. 0.999196 -> 57
31. 0.890739 -> 58
32. 0.890571 -> 59
33. 0.815432 -> 126
34. 0.815426 -> 134
35. 0.811918 -> 136
36. 0.811077 -> 139
37. 0.787495 -> 142
38. 0.621295 -> 146
39. 0.570855 -> 148
40. 0.524926 -> 150
41. 0.524681 -> 151
42. 0.521094 -> 153
43. 0.505291 -> 154
44. 0.430072 -> 158
45. 0.390043 -> 198
46. 0.385241 -> 199
47. 0.348585 -> 200
48. 0.170894 -> 212
49. 0.139436 -> 217
50. 0.119997 -> 220
51. 0.114438 -> 221
52. 0.101128 -> 232
53. 0.090125 -> 257
54. 0.081964 -> 307
55. 0.0812023 -> 316
56. 0.0806682 -> 317
57. 0.0805962 -> 318
58. 0.0805753 -> 319
59. 0.0789491 -> 320
60. 0.0756695 -> 321
61. 0.0715709 -> 335
62. 0.0669373 -> 336
63. 0.0645503 -> 342
64. 0.0643991 -> 343
65. 0.0641919 -> 344
66. 0.0633865 -> 534
67. 0.0631146 -> 544
68. 135.698 -> 1001
69. 135.698 -> 1002
70. 44.3723 -> 1003
71. 37.132 -> 1008
72. 37.1297 -> 1009
73. 4.7012 -> 1010
74. 4.69727 -> 1011
75. 1.85494 -> 1012
76. 1.59672 -> 1013
77. 1.49265 -> 1014
78. 1.48774 -> 1015
79. 1.46189 -> 1017
80. 1.40677 -> 1018
81. 1.4067 -> 1019
82. 1.39844 -> 1020
83. 1.3984 -> 1021
84. 1.22897 -> 1022
85. 1.06228 -> 1026
86. 1.03459 -> 1028
87. 1.01192 -> 1030
88. 0.979166 -> 1031
89. 0.911133 -> 1037
90. 0.90509 -> 1038
91. 0.479136 -> 1039
92. 0.464522 -> 1088
93. 0.459009 -> 1092
94. 0.454651 -> 1093
95. 0.422564 -> 1142
96. 0.414464 -> 1176
97. 0.413406 -> 1178
98. 0.384608 -> 1179
99. 0.384568 -> 1180
100. 0.374667 -> 1182
101. 0.374537 -> 1189
102. 0.360346 -> 1258
103. 0.359762 -> 1262
104. 0.359297 -> 1264
105. 0.287248 -> 1267
106. 0.210747 -> 1285
107. 0.202064 -> 1289
108. 0.171981 -> 1290
109. 0.139288 -> 1293
110. 0.138791 -> 1297
111. 0.138342 -> 1310
112. 0.129878 -> 1315
113. 0.129676 -> 1316
114. 0.128721 -> 1317
115. 0.126412 -> 1319
116. 0.10591 -> 1323
117. 0.105232 -> 1325
118. 0.102295 -> 1326
119. 0.0968367 -> 1327
120. 0.0964818 -> 1331
121. 0.092505 -> 1335
122. 0.0760905 -> 1337
123. 0.0760363 -> 1438
124. 0.0752418 -> 1488
125. 0.0742992 -> 1491
126. 0.0742544 -> 1497
127. 0.0737768 -> 1730
128. 0.0735444 -> 1781
129. 0.0733323 -> 1792
130. 0.0710375 -> 1793
131. 0.0694481 -> 1992
132. 0.0694372 -> 1993
133. 76.7762 -> 2001
134. 59.1301 -> 2002
135. 10.8519 -> 2003
136. 10.7557 -> 2005
137. 9.89401 -> 2006
138. 4.17685 -> 2007
139. 4.15331 -> 2008
140. 3.20527 -> 2009
141. 3.20455 -> 2010
142. 2.17274 -> 2011
143. 2.05714 -> 2012
144. 1.99079 -> 2020
145. 1.87522 -> 2022
146. 1.84483 -> 2024
147. 1.81924 -> 2025
148. 1.78944 -> 2026
149. 1.77853 -> 2027
150. 1.42046 -> 2029
151. 1.40982 -> 2032
152. 1.19794 -> 2035
153. 0.583576 -> 2037
154. 0.575903 -> 2039
155. 0.535491 -> 2040
156. 0.43174 -> 2046
157. 0.403187 -> 2052
158. 0.361255 -> 2053
159. 0.361 -> 2054
160. 0.30013 -> 2055
161. 0.264817 -> 2058
162. 0.241771 -> 2061
163. 0.229038 -> 2066
164. 0.22543 -> 2067
165. 0.215909 -> 2069
166. 0.214214 -> 2106
167. 0.21381 -> 2111
168. 0.208324 -> 2122
169. 0.195308 -> 2124
170. 0.194669 -> 2126
171. 0.1836 -> 2128
172. 0.177958 -> 2149
173. 0.176867 -> 2152
174. 0.16646 -> 2415
175. 0.156164 -> 2431
176. 0.154033 -> 2440
177. 0.152612 -> 2441
178. 0.117446 -> 2460
179. 0.108874 -> 2462
180. 0.108594 -> 2465
181. 0.103229 -> 2467
182. 0.102663 -> 2474
183. 0.0815956 -> 2477
184. 0.0812421 -> 2478
185. 0.0733736 -> 2479
186. 0.0720934 -> 2492
187. 0.0720307 -> 2606
188. 0.0716798 -> 2609
189. 0.0711453 -> 2626
190. 194.593 -> 3001
191. 194.505 -> 3002
192. 187.871 -> 3003
193. 137.342 -> 3004
194. 124.06 -> 3005
195. 123.264 -> 3006
196. 118.907 -> 3007
197. 94.1361 -> 3009
198. 84.0319 -> 3011
199. 34.8686 -> 3012
200. 26.47 -> 3020
201. 21.2744 -> 3022
202. 21.2731 -> 3023
203. 21.2562 -> 3024
204. 21.0391 -> 3025
205. 19.656 -> 3027
206. 13.8995 -> 3028
207. 13.8995 -> 3029
208. 13.3457 -> 3030
209. 7.44784 -> 3031
210. 5.01489 -> 3032
211. 4.32605 -> 3034
212. 1.20191 -> 3035
213. 1.18692 -> 3040
214. 1.17187 -> 3041
215. 1.16113 -> 3046
216. 1.16111 -> 3047
217. 1.15287 -> 3049
218. 1.1453 -> 3051
219. 1.12582 -> 3054
220. 1.09999 -> 3063
221. 1.09541 -> 3064
222. 1.09413 -> 3065
223. 1.08242 -> 3066
224. 1.07918 -> 3067
225. 1.01432 -> 3068
226. 0.926841 -> 3072
227. 0.722513 -> 3073
228. 0.702145 -> 3099
229. 0.658547 -> 3100
230. 0.575175 -> 3103
231. 0.511597 -> 3104
232. 0.508029 -> 3106
233. 0.484599 -> 3109
234. 0.461317 -> 3111
235. 0.44382 -> 3113
236. 0.337887 -> 3114
237. 0.185128 -> 3125
238. 0.182164 -> 3127
239. 0.162283 -> 3128
240. 0.151233 -> 3129
241. 0.143507 -> 3140
242. 0.142527 -> 3141
243. 0.132331 -> 3173
244. 0.0934347 -> 3174
245. 0.0646554 -> 3314
246. 0.0600727 -> 3315
247. 0.0598905 -> 3317
248. 0.0569404 -> 3319
249. 0.0569047 -> 3320
250. 0.0555108 -> 3321
251. 0.0554275 -> 3322
252. 0.0552315 -> 3323
253. 0.0527588 -> 3325
254. 0.04991 -> 3331
255. 0.0499081 -> 3493
256. 0.049664 -> 3496
257. 0.0495923 -> 3497
258. 0.0482654 -> 3501
259. 21.2426 -> 4001
260. 20.5991 -> 4002
261. 19.7602 -> 4003
262. 12.2136 -> 4004
263. 11.9916 -> 4005
264. 11.1008 -> 4006
265. 11.0886 -> 4008
266. 10.3864 -> 4010
267. 8.00543 -> 4011
268. 8.00438 -> 4013
269. 8.00434 -> 4014
270. 7.66214 -> 4015
271. 7.1898 -> 4016
272. 1.64756 -> 4017
273. 1.64705 -> 4019
274. 1.63175 -> 4020
275. 1.58609 -> 4021
276. 1.52612 -> 4023
277. 1.47287 -> 4026
278. 1.32365 -> 4028
279. 1.16225 -> 4030
280. 1.00678 -> 4047
281. 0.922093 -> 4074
282. 0.919309 -> 4075
283. 0.818239 -> 4077
284. 0.534804 -> 4085
285. 0.317257 -> 4089
286. 0.174122 -> 4090
287. 0.159617 -> 4093
288. 0.13336 -> 4105
289. 0.115064 -> 4106
290. 0.115014 -> 4107
291. 0.112152 -> 4119
292. 0.11201 -> 4121
293. 0.111588 -> 4122
294. 0.110486 -> 4128
295. 0.109743 -> 4131
296. 0.109716 -> 4134
297. 0.108445 -> 4137
298. 0.10787 -> 4174
299. 0.107757 -> 4176
300. 0.107166 -> 4177
301. 0.104718 -> 4279
302. 0.104708 -> 4280
303. 0.103789 -> 4290
304. 0.102783 -> 4307
305. 0.0857418 -> 4476
306. 0.0625976 -> 4539
307. 0.0618806 -> 4555
308. 0.0616157 -> 4581
309. 0.061102 -> 4582
310. 0.0604763 -> 4584
311. 0.0599641 -> 4585
312. 0.0597783 -> 4589
313. 0.0597425 -> 4590
314. 0.0584268 -> 4591
315. 0.0584067 -> 4592
316. 0.0505066 -> 4684
317. 0.0497709 -> 4748
318. 0.0428548 -> 4772
319. 0.0369173 -> 4794
320. 0.0323946 -> 4838
321. 0.030908 -> 4860
322. 0.0287754 -> 4861
323. 0.0287465 -> 4862
324. 0.0283188 -> 4959
325. 56.693 -> 5001
326. 38.8674 -> 5002
327. 38.3793 -> 5003
328. 37.6687 -> 5004
329. 26.4646 -> 5005
330. 19.9217 -> 5006
331. 15.3581 -> 5007
332. 11.9787 -> 5008
333. 11.4427 -> 5009
334. 10.2627 -> 5010
335. 8.96282 -> 5012
336. 4.13938 -> 5014
337. 2.09397 -> 5016
338. 2.09378 -> 5018
339. 1.9261 -> 5019
340. 1.62755 -> 5022
341. 1.54977 -> 5025
342. 1.48869 -> 5028
343. 1.48247 -> 5029
344. 1.35352 -> 5033
345. 0.548228 -> 5035
346. 0.527985 -> 5037
347. 0.522498 -> 5038
348. 0.518354 -> 5039
349. 0.517441 -> 5040
350. 0.494451 -> 5043
351. 0.281695 -> 5049
352. 0.236182 -> 5050
353. 0.205435 -> 5067
354. 0.200394 -> 5068
355. 0.164537 -> 5084
356. 0.158958 -> 5085
357. 0.149846 -> 5113
358. 0.146268 -> 5120
359. 0.110991 -> 5121
360. 0.0828056 -> 5123
361. 0.0827395 -> 5124
362. 0.0816565 -> 5209
363. 0.0811623 -> 5215
364. 0.0541328 -> 5216
365. 0.0538231 -> 5217
366. 0.0510142 -> 5226
367. 0.0505505 -> 5264
368. 0.0499372 -> 5269
369. 0.0491061 -> 5270
370. 0.0479405 -> 5272
371. 0.045461 -> 5274
372. 0.0414305 -> 5292
373. 0.0407131 -> 5294
374. 0.0402666 -> 5420
375. 0.0400447 -> 5421
376. 0.0395266 -> 5487
377. 121.579 -> 6001
378. 120.576 -> 6002
379. 77.5001 -> 6003
380. 62.7662 -> 6005
381. 62.0766 -> 6006
382. 44.07 -> 6007
383. 25.0893 -> 6009
384. 15.7229 -> 6014
385. 9.07182 -> 6020
386. 8.38717 -> 6021
387. 7.74046 -> 6023
388. 6.0371 -> 6024
389. 5.40873 -> 6025
390. 5.40028 -> 6027
391. 4.47166 -> 6028
392. 3.88554 -> 6032
393. 3.88012 -> 6033
394. 3.40706 -> 6035
395. 3.40659 -> 6036
396. 2.73224 -> 6037
397. 2.30295 -> 6038
398. 2.28477 -> 6040
399. 1.8457 -> 6042
400. 1.70294 -> 6044
401. 1.59055 -> 6047
402. 1.3898 -> 6050
403. 1.08544 -> 6051
404. 1.07157 -> 6054
405. 0.89385 -> 6056
406. 0.849663 -> 6059
407. 0.776697 -> 6063
408. 0.745041 -> 6070
409. 0.696919 -> 6075
410. 0.68466 -> 6077
411. 0.643866 -> 6079
412. 0.620923 -> 6081
413. 0.597146 -> 6082
414. 0.51406 -> 6084
415. 0.510764 -> 6097
416. 0.495822 -> 6101
417. 0.48289 -> 6106
418. 0.479543 -> 6112
419. 0.398233 -> 6113
420. 0.381007 -> 6115
421. 0.376491 -> 6163
422. 0.362236 -> 6164
423. 0.353047 -> 6166
424. 0.328932 -> 6175
425. 0.20761 -> 6192
426. 0.207511 -> 6196
427. 0.201041 -> 6197
428. 0.159698 -> 6199
429. 0.141471 -> 6200
430. 0.117114 -> 6201
431. 0.114766 -> 6223
432. 0.111471 -> 6225
433. 0.10241 -> 6227
434. 0.0769069 -> 6230
435. 0.0689406 -> 6237
436. 0.0662115 -> 6264
437. 0.0640647 -> 6299
438. 0.0637819 -> 6300
439. 0.0581141 -> 6310
440. 0.0580758 -> 6311
441. 0.0544963 -> 6518
442. 0.0426046 -> 6520
443. 0.0419504 -> 6681
444. 0.0416673 -> 6682
445. 0.0414625 -> 6684
446. 0.040869 -> 6909
447. 111.252 -> 7001
448. 99.3793 -> 7002
449. 95.3768 -> 7003
450. 89.8593 -> 7006
451. 73.8954 -> 7007
452. 38.5183 -> 7008
453. 31.8783 -> 7009
454. 31.8288 -> 7011
455. 31.7435 -> 7012
456. 8.00864 -> 7013
457. 6.33018 -> 7016
458. 6.2471 -> 7018
459. 1.82677 -> 7019
460. 1.37154 -> 7021
461. 1.1703 -> 7026
462. 1.17012 -> 7027
463. 0.814316 -> 7029
464. 0.584451 -> 7036
465. 0.576146 -> 7134
466. 0.500337 -> 7147
467. 0.493302 -> 7148
468. 0.48999 -> 7149
469. 0.463526 -> 7151
470. 0.305852 -> 7153
471. 0.301501 -> 7316
472. 0.2449 -> 7325
473. 0.226821 -> 7351
474. 0.161522 -> 7353
475. 0.138952 -> 7355
476. 0.132241 -> 7364
477. 0.129903 -> 7402
478. 0.12965 -> 7410
479. 0.126663 -> 7412
480. 0.12551 -> 7418
481. 0.125293 -> 7424
482. 0.116532 -> 7429
483. 0.109408 -> 7432
484. 0.0909947 -> 7433
485. 0.0817346 -> 7438
486. 0.0816553 -> 7459
487. 0.0795566 -> 7461
488. 0.0625312 -> 7614
489. 0.0601854 -> 7617
490. 0.0443405 -> 7622
491. 0.0369779 -> 7626
492. 0.0357581 -> 7628
493. 0.0357415 -> 7629
494. 0.0344569 -> 7634
495. 0.034087 -> 7636
496. 0.0328629 -> 7639
497. 0.0325728 -> 7644
498. 209.248 -> 8001
499. 168.749 -> 8002
500. 166.486 -> 8003
501. 82.0626 -> 8004
502. 81.2595 -> 8005
503. 78.076 -> 8006
504. 78.0086 -> 8007
505. 55.9034 -> 8009
506. 36.0767 -> 8010
507. 28.3615 -> 8014
508. 23.2619 -> 8016
509. 13.5408 -> 8017
510. 13.3252 -> 8019
511. 12.9772 -> 8020
512. 11.211 -> 8021
513. 7.54578 -> 8022
514. 6.97222 -> 8024
515. 6.96846 -> 8025
516. 6.91069 -> 8026
517. 3.80674 -> 8030
518. 3.79688 -> 8031
519. 3.79666 -> 8032
520. 3.50404 -> 8035
521. 3.50339 -> 8036
522. 3.37979 -> 8037
523. 2.71411 -> 8038
524. 1.76238 -> 8040
525. 1.46026 -> 8041
526. 1.45405 -> 8042
527. 1.4287 -> 8043
528. 1.35705 -> 8045
529. 1.25476 -> 8047
530. 1.22939 -> 8049
531. 1.22827 -> 8050
532. 1.2099 -> 8057
533. 1.18788 -> 8062
534. 1.17591 -> 8076
535. 1.16915 -> 8082
536. 0.772722 -> 8083
537. 0.75455 -> 8096
538. 0.333199 -> 8112
539. 0.29408 -> 8188
540. 0.273663 -> 8192
541. 0.270989 -> 8195
542. 0.270893 -> 8197
543. 0.260249 -> 8198
544. 0.250019 -> 8199
545. 0.249558 -> 8200
546. 0.24949 -> 8202
547. 0.248776 -> 8315
548. 0.243551 -> 8319
549. 0.242083 -> 8320
550. 0.209338 -> 8321
551. 0.205788 -> 8327
552. 0.199426 -> 8394
553. 0.198649 -> 8430
554. 0.186002 -> 8478
555. 0.122858 -> 8728
556. 0.120738 -> 8731
557. 0.119312 -> 8735
558. 0.114679 -> 8742
559. 0.106206 -> 8745
560. 0.106166 -> 8746
561. 0.0856563 -> 8747
562. 0.0855328 -> 8763
563. 0.0632628 -> 8864
564. 0.0615425 -> 8868
565. 0.0598457 -> 8870
566. 0.0503791 -> 8871
567. 0.0449312 -> 8872
568. 0.0449094 -> 8880
569. 0.0449008 -> 8881
570. 68.1856 -> 9001
571. 54.7684 -> 9002
572. 51.0732 -> 9004
573. 47.773 -> 9005
574. 36.7974 -> 9006
575. 35.1665 -> 9008
576. 28.4171 -> 9009
577. 24.6634 -> 9012
578. 20.4401 -> 9013
579. 12.3609 -> 9014
580. 12.0617 -> 9017
581. 12.0565 -> 9018
582. 11.8416 -> 9019
583. 2.20406 -> 9023
584. 2.20283 -> 9025
585. 2.04166 -> 9026
586. 1.73703 -> 9028
587. 1.69663 -> 9029
588. 1.35092 -> 9030
589. 1.28915 -> 9032
590. 1.28815 -> 9033
591. 1.22378 -> 9035
592. 1.18544 -> 9036
593. 1.16954 -> 9037
594. 1.04761 -> 9038
595. 1.04747 -> 9039
596. 1.04047 -> 9041
597. 0.749658 -> 9042
598. 0.746569 -> 9044
599. 0.373691 -> 9045
600. 0.33593 -> 9058
601. 0.291543 -> 9061
602. 0.290771 -> 9062
603. 0.288741 -> 9063
604. 0.2426 -> 9064
605. 0.168184 -> 9067
606. 0.116795 -> 9071
607. 0.098653 -> 9081
608. 0.0740626 -> 9087
609. 0.0597898 -> 9098
610. 0.0469349 -> 9099
611. 0.0468459 -> 9100
612. 0.0449445 -> 9102
613. 0.0435982 -> 9104
614. 0.0434933 -> 9108
615. 0.0425868 -> 9122
616. 0.0425393 -> 9124
617. 0.041842 -> 9125
618. 0.040401 -> 9126
619. 0.0403192 -> 9128
620. 0.0392961 -> 9130
621. 0.0386894 -> 9144
622. 0.0380094 -> 9147
623. 0.037309 -> 9148
624. 0.0369319 -> 9151
625. 0.0336128 -> 9174
626. 0.0335327 -> 9175
627. 0.0333964 -> 9178
628. 0.0332059 -> 9228
629. 0.0329847 -> 9318
630. 0.0326307 -> 9408
631. 0.0326183 -> 9566
632. 0.0322483 -> 9670
633. 0.0321999 -> 9763
634. 0.0321903 -> 9768
635. 60.1227 -> 10001
636. 52.4159 -> 10002
637. 41.877 -> 10003
638. 29.7318 -> 10005
639. 29.3607 -> 10008
640. 4.14601 -> 10009
641. 4.14589 -> 10010
642. 3.86072 -> 10013
643. 1.46215 -> 10014
644. 1.2839 -> 10016
645. 1.10017 -> 10018
646. 0.839183 -> 10019
647. 0.64505 -> 10022
648. 0.502743 -> 10033
649. 0.474943 -> 10034
650. 0.450883 -> 10038
651. 0.399203 -> 10040
652. 0.230286 -> 10041
653. 0.229328 -> 10043
654. 0.226747 -> 10047
655. 0.226015 -> 10049
656. 0.225944 -> 10051
657. 0.11386 -> 10053
658. 0.113467 -> 10055
659. 0.111986 -> 10056
660. 0.111231 -> 10057
661. 0.108576 -> 10058
662. 0.104373 -> 10059
663. 0.0993443 -> 10060
664. 0.0814752 -> 10064
665. 0.0790661 -> 10093
666. 0.0785503 -> 10094
667. 0.064426 -> 10096
668. 0.0546554 -> 10105
669. 0.0545794 -> 10106
670. 0.0543051 -> 10126
671. 0.0522404 -> 10155
672. 0.0521331 -> 10340
673. 0.0492045 -> 10375
674. 0.0104169 -> 10604
675. 0.00924819 -> 10605
676. 0.00923824 -> 10608
677. 0.00891995 -> 10653
678. 0.00887864 -> 10655
679. 0.00879542 -> 10656
680. 0.00855249 -> 10657
681. 0.00849482 -> 10659
682. 0.00849067 -> 10661
683. 0.00811967 -> 10665
684. 0.00806722 -> 10667
685. 32.3302 -> 11001
686. 31.9704 -> 11003
687. 2.87995 -> 11004
688. 2.87467 -> 11007
689. 2.21371 -> 11008
690. 1.88788 -> 11009
691. 1.88445 -> 11011
692. 1.85154 -> 11013
693. 1.506 -> 11015
694. 1.48331 -> 11016
695. 1.43203 -> 11017
696. 1.19134 -> 11018
697. 0.873687 -> 11025
698. 0.817489 -> 11026
699. 0.641525 -> 11028
700. 0.633834 -> 11032
701. 0.633114 -> 11034
702. 0.633014 -> 11035
703. 0.471958 -> 11036
704. 0.471944 -> 11038
705. 0.464765 -> 11040
706. 0.451165 -> 11042
707. 0.420905 -> 11056
708. 0.420556 -> 11060
709. 0.401453 -> 11061
710. 0.284281 -> 11069
711. 0.260134 -> 11072
712. 0.234381 -> 11084
713. 0.231626 -> 11088
714. 0.230162 -> 11090
715. 0.229815 -> 11091
716. 0.228436 -> 11097
717. 0.199002 -> 11103
718. 0.195173 -> 11106
719. 0.194615 -> 11107
720. 0.170209 -> 11109
721. 0.166891 -> 11370
722. 0.164327 -> 11371
723. 0.163666 -> 11382
724. 0.16319 -> 11388
725. 0.137138 -> 11630
726. 0.129541 -> 11631
727. 0.0896154 -> 11633
728. 0.0847198 -> 11634
729. 0.0828197 -> 11635
730. 0.0807015 -> 11640
731. 0.0701562 -> 11653
732. 0.069061 -> 11656
733. 0.0577679 -> 11659
734. 0.0576709 -> 11661
735. 0.0576159 -> 11712
736. 0.0571125 -> 11715
737. 0.0401152 -> 11742
738. 0.0400212 -> 11743
739. 0.0386805 -> 11804
740. 0.0333731 -> 11823
741. 0.0317872 -> 11873
742. 0.0317674 -> 11875
743. 0.0313418 -> 11877
744. 0.0310639 -> 11878
745. 0.0305149 -> 11881
746. 0.0302909 -> 11885
747. 0.0302652 -> 11886
748. 0.0302228 -> 11890
749. 76.5309 -> 12001
750. 63.2451 -> 12002
751. 27.6895 -> 12003
752. 12.3673 -> 12013
753. 8.60266 -> 12014
754. 8.16713 -> 12016
755. 7.64833 -> 12017
756. 7.63501 -> 12018
757. 7.21064 -> 12019
758. 6.57954 -> 12022
759. 3.32398 -> 12023
760. 2.79796 -> 12025
761. 2.72284 -> 12026
762. 2.0221 -> 12027
763. 2.01969 -> 12028
764. 1.51692 -> 12029
765. 1.35075 -> 12031
766. 0.662066 -> 12032
767. 0.626917 -> 12061
768. 0.601859 -> 12062
769. 0.537564 -> 12064
770. 0.422234 -> 12066
771. 0.134449 -> 12073
772. 0.0533078 -> 12075
773. 0.0520755 -> 12076
774. 0.0505974 -> 12078
775. 0.0486234 -> 12079
776. 0.0482537 -> 12082
777. 0.0459945 -> 12084
778. 0.0450087 -> 12208
779. 0.0450078 -> 12210
780. 0.0425947 -> 12226
781. 0.042006 -> 12231
782. 0.0411803 -> 12239
783. 0.0411443 -> 12260
784. 0.040952 -> 12304
785. 85.5931 -> 13001
786. 67.2164 -> 13002
787. 53.0235 -> 13003
788. 39.9221 -> 13004
789. 6.43787 -> 13008
790. 5.99855 -> 13018
791. 5.47284 -> 13019
792. 4.30975 -> 13020
793. 2.5418 -> 13024
794. 2.02244 -> 13030
795. 2.0202 -> 13031
796. 1.78408 -> 13033
797. 1.78404 -> 13034
798. 1.52474 -> 13039
799. 1.52039 -> 13040
800. 1.11912 -> 13044
801. 0.812896 -> 13045
802. 0.765978 -> 13046
803. 0.709269 -> 13053
804. 0.620208 -> 13054
805. 0.601775 -> 13062
806. 0.59048 -> 13069
807. 0.561751 -> 13073
808. 0.561747 -> 13074
809. 0.475406 -> 13076
810. 0.472878 -> 13077
811. 0.431163 -> 13080
812. 0.42156 -> 13082
813. 0.419068 -> 13083
814. 0.267379 -> 13085
815. 0.242515 -> 13092
816. 0.236511 -> 13126
817. 0.236477 -> 13129
818. 0.235999 -> 13130
819. 0.230896 -> 13170
820. 0.221284 -> 13259
821. 0.195698 -> 13323
822. 0.194672 -> 13324
823. 0.194607 -> 13325
824. 0.150741 -> 13329
825. 0.150482 -> 13330
826. 0.137472 -> 13334
827. 0.136601 -> 13337
828. 0.12126 -> 13356
829. 0.111496 -> 13357
830. 0.0521204 -> 13361
831. 0.0292085 -> 13500
832. 0.0240642 -> 13537
833. 0.0233026 -> 13539
834. 0.0232442 -> 13540
835. 0.0198999 -> 13549
836. 0.0196524 -> 13554
837. 0.0186943 -> 13556
838. 0.0185063 -> 13560
839. 0.0184858 -> 13567
840. 0.0182312 -> 13569
841. 0.0180412 -> 13689
842. 0.0179575 -> 13692
843. 0.0178493 -> 13695
844. 0.0175561 -> 13697
845. 0.0174479 -> 13699
846. 0.0170869 -> 13705
847. 0.0168321 -> 13714
848. 0.0165563 -> 13719
849. 0.0161948 -> 13751
850. 0.0159184 -> 13754
851. 0.0153778 -> 13766
852. 0.0153543 -> 13769
853. 0.0152798 -> 13773
854. 0.0152562 -> 13774
855. 0.0152143 -> 13775
856. 0.0151908 -> 13911
857. 0.0151436 -> 13913
858. 0.0151055 -> 13917
859. 76.5062 -> 14001
860. 68.9362 -> 14002
861. 43.1404 -> 14003
862. 43.1116 -> 14004
863. 41.5895 -> 14005
864. 35.2214 -> 14006
865. 29.5615 -> 14008
866. 28.5698 -> 14010
867. 24.3299 -> 14011
868. 20.9259 -> 14012
869. 17.0882 -> 14018
870. 12.5968 -> 14019
871. 9.78295 -> 14020
872. 8.91995 -> 14021
873. 7.99799 -> 14026
874. 7.6653 -> 14027
875. 6.27403 -> 14028
876. 5.78308 -> 14032
877. 5.36859 -> 14033
878. 5.36836 -> 14034
879. 4.2686 -> 14036
880. 4.25226 -> 14037
881. 4.24446 -> 14038
882. 2.31243 -> 14040
883. 1.34012 -> 14043
884. 0.990149 -> 14045
885. 0.901221 -> 14054
886. 0.901085 -> 14055
887. 0.758844 -> 14057
888. 0.68212 -> 14058
889. 0.416927 -> 14065
890. 0.377283 -> 14082
891. 0.311185 -> 14087
892. 0.27892 -> 14114
893. 0.272064 -> 14117
894. 0.22332 -> 14119
895. 0.207603 -> 14121
896. 0.207478 -> 14122
897. 0.206097 -> 14123
898. 0.172191 -> 14144
899. 0.151615 -> 14180
900. 0.148838 -> 14181
901. 0.147298 -> 14182
902. 0.147218 -> 14184
903. 0.146938 -> 14185
904. 0.137064 -> 14186
905. 0.133903 -> 14202
906. 0.132423 -> 14203
907. 0.132394 -> 14208
908. 0.123584 -> 14219
909. 0.123567 -> 14220
910. 0.120446 -> 14221
911. 0.120291 -> 14222
912. 0.116895 -> 14223
913. 0.116194 -> 14237
914. 0.113636 -> 14238
915. 0.112927 -> 14240
916. 0.112237 -> 14242
917. 0.110917 -> 14244
918. 0.0621984 -> 14247
919. 0.0606337 -> 14249
920. 0.0564195 -> 14251
921. 0.0524082 -> 14252
922. 0.050662 -> 14265
923. 0.0496571 -> 14324
924. 0.0472646 -> 14341
925. 0.0441165 -> 14342
926. 0.0412747 -> 14361
927. 0.0399265 -> 14412
928. 0.0397487 -> 14425
929. 0.0397332 -> 14427
930. 0.0395699 -> 14450
931. 114.488 -> 15001
932. 114.45 -> 15002
933. 24.0242 -> 15003
934. 24.0241 -> 15004
935. 23.7152 -> 15005
936. 8.38379 -> 15006
937. 8.3714 -> 15007
938. 7.01284 -> 15008
939. 4.25123 -> 15009
940. 2.94826 -> 15012
941. 2.45787 -> 15018
942. 2.17452 -> 15024
943. 1.73043 -> 15027
944. 1.72313 -> 15031
945. 1.6194 -> 15034
946. 1.60461 -> 15035
947. 1.59609 -> 15038
948. 1.46642 -> 15039
949. 1.46525 -> 15040
950. 1.4573 -> 15042
951. 1.25128 -> 15044
952. 1.22101 -> 15045
953. 1.18515 -> 15049
954. 1.00453 -> 15050
955. 0.973703 -> 15052
956. 0.953504 -> 15053
957. 0.947737 -> 15056
958. 0.944766 -> 15057
959. 0.916369 -> 15058
960. 0.751372 -> 15059
961. 0.750963 -> 15060
962. 0.708118 -> 15083
963. 0.698569 -> 15093
964. 0.698277 -> 15094
965. 0.576408 -> 15095
966. 0.527666 -> 15114
967. 0.480887 -> 15136
968. 0.471692 -> 15166
969. 0.359274 -> 15188
970. 0.358855 -> 15189
971. 0.354433 -> 15190
972. 0.349948 -> 15191
973. 0.294436 -> 15192
974. 0.29036 -> 15195
975. 0.285188 -> 15205
976. 0.280257 -> 15214
977. 0.279835 -> 15216
978. 0.274531 -> 15217
979. 0.264461 -> 15218
980. 0.224853 -> 15221
981. 0.213722 -> 15225
982. 0.202435 -> 15235
983. 0.183096 -> 15288
984. 0.182856 -> 15289
985. 0.178196 -> 15291
986. 0.170676 -> 15292
987. 0.170368 -> 15506
988. 0.170037 -> 15521
989. 0.169963 -> 15523
990. 0.169785 -> 15526
991. 0.16935 -> 15536
992. 0.159872 -> 15538
993. 0.152651 -> 15539
994. 0.150137 -> 15684
995. 0.148229 -> 15700
996. 0.144443 -> 15924
997. 0.139465 -> 15931
998. 0.133656 -> 15932
999. 192.335 -> 16001
1000. 35.9865 -> 16002
1001. 23.8135 -> 16004
1002. 23.8041 -> 16005
1003. 21.6159 -> 16006
1004. 21.561 -> 16007
1005. 15.1108 -> 16009
1006. 14.2425 -> 16010
1007. 12.6407 -> 16012
1008. 12.2825 -> 16013
1009. 6.71952 -> 16014
1010. 6.71853 -> 16015
1011. 4.83683 -> 16016
1012. 4.83639 -> 16017
1013. 4.74195 -> 16018
1014. 3.46674 -> 16020
1015. 3.3405 -> 16024
1016. 2.51335 -> 16033
1017. 1.9385 -> 16034
1018. 1.43002 -> 16037
1019. 1.18782 -> 16041
1020. 1.12019 -> 16043
1021. 1.11856 -> 16044
1022. 1.11778 -> 16045
1023. 1.05394 -> 16047
1024. 1.02431 -> 16048
1025. 0.952318 -> 16050
1026. 0.618126 -> 16051
1027. 0.604459 -> 16058
1028. 0.592079 -> 16067
1029. 0.557455 -> 16092
1030. 0.47303 -> 16101
1031. 0.444211 -> 16132
1032. 0.412937 -> 16133
1033. 0.400328 -> 16135
1034. 0.397832 -> 16172
1035. 0.376142 -> 16177
1036. 0.373006 -> 16186
1037. 0.364643 -> 16187
1038. 0.276644 -> 16261
1039. 0.276527 -> 16263
1040. 0.270905 -> 16264
1041. 0.264323 -> 16270
1042. 0.201077 -> 16271
1043. 0.200759 -> 16272
1044. 0.196818 -> 16273
1045. 0.194443 -> 16384
1046. 0.187983 -> 16387
1047. 0.187353 -> 16396
1048. 0.18711 -> 16397
1049. 0.185863 -> 16401
1050. 0.184729 -> 16402
1051. 0.179218 -> 16410
1052. 0.178974 -> 16411
1053. 0.148391 -> 16481
1054. 0.146597 -> 16492
1055. 0.146005 -> 16525
1056. 0.144976 -> 16533
1057. 0.144319 -> 16540
1058. 0.142602 -> 16579
1059. 0.142107 -> 16585
1060. 0.138979 -> 16755
1061. 0.136575 -> 16771
1062. 0.0321553 -> 16806
1063. 0.0222244 -> 16814
1064. 0.0216084 -> 16819
1065. 0.0203969 -> 16821
1066. 0.0202462 -> 16827
1067. 0.0192096 -> 16828
1068. 0.0188346 -> 16831
1069. 0.0178827 -> 16838
1070. 0.0166853 -> 16844
1071. 0.0166768 -> 16845
1072. 0.0154272 -> 16846
1073. 0.0152254 -> 16901
1074. 0.0150937 -> 16906
1075. 0.015093 -> 16912
1076. 0.0150928 -> 16913
1077. 0.0150595 -> 16915
1078. 99.6767 -> 17001
1079. 41.9996 -> 17002
1080. 41.936 -> 17003
1081. 39.7675 -> 17004
1082. 38.6811 -> 17005
1083. 25.9894 -> 17006
1084. 22.2635 -> 17007
1085. 22.2613 -> 17008
1086. 13.6401 -> 17009
1087. 13.6399 -> 17010
1088. 13.5844 -> 17011
1089. 11.3481 -> 17012
1090. 8.33673 -> 17014
1091. 3.36061 -> 17025
1092. 1.3521 -> 17027
1093. 1.01822 -> 17031
1094. 1.0174 -> 17033
1095. 0.942361 -> 17038
1096. 0.846156 -> 17039
1097. 0.746251 -> 17041
1098. 0.682436 -> 17042
1099. 0.636592 -> 17043
1100. 0.625678 -> 17044
1101. 0.569654 -> 17046
1102. 0.447078 -> 17049
1103. 0.405039 -> 17050
1104. 0.299039 -> 17067
1105. 0.284682 -> 17094
1106. 0.28134 -> 17184
1107. 0.26656 -> 17186
1108. 0.208364 -> 17226
1109. 0.19658 -> 17227
1110. 0.162587 -> 17242
1111. 0.152573 -> 17296
1112. 0.145167 -> 17321
1113. 0.11922 -> 17335
1114. 0.116245 -> 17783
1115. 0.083763 -> 17793
1116. 0.0802638 -> 17809
1117. 0.0796302 -> 17812
1118. 0.0795484 -> 17820
1119. 0.0783117 -> 17821
1120. 0.0765564 -> 17833
1121. 0.0741971 -> 17836
1122. 0.0734669 -> 17861
1123. 0.0715287 -> 17877
1124. 50.5526 -> 18001
1125. 50.5123 -> 18002
1126. 33.5962 -> 18003
1127. 13.212 -> 18004
1128. 9.53711 -> 18005
1129. 7.49065 -> 18006
1130. 6.62569 -> 18010
1131. 5.10447 -> 18012
1132. 5.10206 -> 18014
1133. 2.71227 -> 18017
1134. 2.43545 -> 18022
1135. 1.51187 -> 18028
1136. 1.14218 -> 18032
1137. 0.837612 -> 18033
1138. 0.653951 -> 18050
1139. 0.430354 -> 18055
1140. 0.398086 -> 18056
1141. 0.396628 -> 18057
1142. 0.383928 -> 18058
1143. 0.337339 -> 18067
1144. 0.283416 -> 18069
1145. 0.282856 -> 18075
1146. 0.262419 -> 18076
1147. 0.22179 -> 18077
1148. 0.182739 -> 18286
1149. 0.169254 -> 18288
1150. 0.157492 -> 18290
1151. 0.121418 -> 18291
1152. 0.113649 -> 18316
1153. 0.113585 -> 18318
1154. 0.110443 -> 18319
1155. 0.110271 -> 18322
1156. 0.105077 -> 18348
1157. 0.0976123 -> 18367
1158. 0.0970697 -> 18369
1159. 0.0958077 -> 18370
1160. 0.0885366 -> 18373
1161. 0.0865345 -> 18442
1162. 0.0861441 -> 18636
1163. 0.0859422 -> 18637
1164. 0.0852904 -> 18641
1165. 0.0835162 -> 18646
1166. 0.0823653 -> 18655
1167. 0.0772791 -> 18656
1168. 0.0760345 -> 18657
1169. 0.0639105 -> 18987
1170. 0.056745 -> 18990
1171. 64.8399 -> 19001
1172. 43.6401 -> 19002
1173. 25.8038 -> 19004
1174. 23.2772 -> 19007
1175. 10.1747 -> 19008
1176. 8.91303 -> 19018
1177. 8.52242 -> 19020
1178. 8.48603 -> 19021
1179. 7.90056 -> 19027
1180. 4.2291 -> 19030
1181. 4.22666 -> 19031
1182. 4.08163 -> 19032
1183. 3.61962 -> 19033
1184. 2.74884 -> 19034
1185. 2.1548 -> 19038
1186. 1.90971 -> 19040
1187. 1.31614 -> 19042
1188. 1.30724 -> 19043
1189. 1.06215 -> 19044
1190. 1.06173 -> 19045
1191. 1.03098 -> 19046
1192. 1.03051 -> 19048
1193. 1.03043 -> 19049
1194. 0.987459 -> 19052
1195. 0.987397 -> 19053
1196. 0.786848 -> 19054
1197. 0.780547 -> 19055
1198. 0.767226 -> 19056
1199. 0.694879 -> 19058
1200. 0.680413 -> 19063
1201. 0.593221 -> 19071
1202. 0.465054 -> 19076
1203. 0.46223 -> 19077
1204. 0.37093 -> 19084
1205. 0.330763 -> 19100
1206. 0.328059 -> 19122
1207. 0.29897 -> 19157
1208. 0.291089 -> 19161
1209. 0.279046 -> 19162
1210. 0.278697 -> 19173
1211. 0.277362 -> 19176
1212. 0.267746 -> 19177
1213. 0.144758 -> 19182
1214. 0.143749 -> 19206
1215. 0.137791 -> 19207
1216. 0.105791 -> 19208
1217. 0.103966 -> 19209
1218. 0.0618654 -> 19211
1219. 0.0615016 -> 19213
1220. 0.0601402 -> 19214
1221. 0.0589144 -> 19223
1222. 0.0404462 -> 19227
1223. 0.0403157 -> 19259
1224. 0.0392175 -> 19264
1225. 0.0388046 -> 19310
1226. 0.0385661 -> 19377
1227. 0.0381154 -> 19384
1228. 0.037444 -> 19556
1229. 74.4394 -> 20001
1230. 72.1382 -> 20002
1231. 43.2671 -> 20003
1232. 38.4653 -> 20007
1233. 38.4363 -> 20008
1234. 31.6074 -> 20009
1235. 30.2741 -> 20010
1236. 27.844 -> 20011
1237. 22.0482 -> 20013
1238. 13.8577 -> 20014
1239. 13.8227 -> 20015
1240. 5.42682 -> 20020
1241. 5.37095 -> 20021
1242. 5.29952 -> 20022
1243. 4.29443 -> 20023
1244. 4.19813 -> 20027
1245. 3.16329 -> 20028
1246. 3.13711 -> 20031
1247. 2.9508 -> 20032
1248. 2.83387 -> 20033
1249. 2.60508 -> 20037
1250. 2.60136 -> 20038
1251. 2.60049 -> 20039
1252. 2.05365 -> 20042
1253. 1.56719 -> 20045
1254. 1.48493 -> 20047
1255. 1.4326 -> 20048
1256. 1.38578 -> 20050
1257. 1.35384 -> 20051
1258. 1.21644 -> 20058
1259. 1.21211 -> 20060
1260. 1.12278 -> 20063
1261. 0.942173 -> 20064
1262. 0.784766 -> 20081
1263. 0.776237 -> 20083
1264. 0.586185 -> 20086
1265. 0.431422 -> 20151
1266. 0.353125 -> 20228
1267. 0.225297 -> 20237
1268. 0.212922 -> 20239
1269. 0.212337 -> 20242
1270. 0.201563 -> 20244
1271. 0.201266 -> 20247
1272. 0.184011 -> 20248
1273. 0.175907 -> 20254
1274. 0.168308 -> 20262
1275. 0.138067 -> 20300
1276. 0.13734 -> 20323
1277. 0.126193 -> 20672
1278. 0.109822 -> 20673
1279. 0.109733 -> 20676
1280. 0.104616 -> 20677
1281. 0.0943938 -> 20678
1282. 0.0875788 -> 20683
1283. 0.0601246 -> 20688
1284. 0.0579592 -> 20695
1285. 0.0540313 -> 20696
1286. 69.1881 -> 21001
1287. 63.0888 -> 21002
1288. 59.7446 -> 21003
1289. 59.1344 -> 21004
1290. 53.6977 -> 21005
1291. 30.9807 -> 21006
1292. 24.7968 -> 21007
1293. 24.1775 -> 21010
1294. 11.6277 -> 21011
1295. 11.6232 -> 21012
1296. 11.1517 -> 21013
1297. 7.52822 -> 21016
1298. 4.28762 -> 21020
1299. 3.84399 -> 21021
1300. 3.84348 -> 21022
1301. 3.82614 -> 21023
1302. 3.44426 -> 21024
1303. 3.44029 -> 21025
1304. 3.44007 -> 21026
1305. 3.20967 -> 21027
1306. 1.44065 -> 21029
1307. 1.28498 -> 21034
1308. 1.25455 -> 21040
1309. 1.22083 -> 21043
1310. 1.18852 -> 21044
1311. 1.08586 -> 21045
1312. 0.905903 -> 21046
1313. 0.831062 -> 21047
1314. 0.825029 -> 21052
1315. 0.823541 -> 21068
1316. 0.783702 -> 21069
1317. 0.748173 -> 21071
1318. 0.645978 -> 21072
1319. 0.5566 -> 21088
1320. 0.550354 -> 21095
1321. 0.543723 -> 21096
1322. 0.507916 -> 21108
1323. 0.341795 -> 21126
1324. 0.338189 -> 21132
1325. 0.331681 -> 21146
1326. 0.200977 -> 21149
1327. 0.195852 -> 21154
1328. 0.184226 -> 21174
1329. 0.179256 -> 21206
1330. 0.176693 -> 21207
1331. 0.174066 -> 21208
1332. 0.154422 -> 21211
1333. 0.154145 -> 21212
1334. 0.141815 -> 21214
1335. 0.141013 -> 21217
1336. 0.133733 -> 21220
1337. 0.133262 -> 21221
1338. 0.131245 -> 21231
1339. 0.130758 -> 21386
1340. 0.130756 -> 21387
1341. 0.13072 -> 21402
1342. 0.129258 -> 21405
1343. 0.12652 -> 21483
1344. 0.0903784 -> 21493
1345. 0.0894748 -> 21495
1346. 0.0736097 -> 21496
1347. 0.0587637 -> 21499
1348. 0.0587469 -> 21502
1349. 0.058155 -> 21507
1350. 0.0569345 -> 21511
1351. 0.0507369 -> 21516
1352. 0.0507336 -> 21523
1353. 57.9666 -> 22001
1354. 15.9 -> 22002
1355. 15.3579 -> 22003
1356. 14.5681 -> 22005
1357. 9.3822 -> 22007
1358. 5.25475 -> 22008
1359. 5.24516 -> 22010
1360. 2.54615 -> 22011
1361. 1.52271 -> 22013
1362. 1.39288 -> 22014
1363. 1.01581 -> 22019
1364. 0.972007 -> 22020
1365. 0.971431 -> 22021
1366. 0.908177 -> 22055
1367. 0.74766 -> 22057
1368. 0.746273 -> 22058
1369. 0.744943 -> 22059
1370. 0.741995 -> 22063
1371. 0.578234 -> 22082
1372. 0.52021 -> 22083
1373. 0.475707 -> 22084
1374. 0.403028 -> 22088
1375. 0.397298 -> 22109
1376. 0.393138 -> 22112
1377. 0.37632 -> 22167
1378. 0.340255 -> 22173
1379. 0.336086 -> 22174
1380. 0.268001 -> 22208
1381. 0.231795 -> 22223
1382. 0.224328 -> 22252
1383. 0.209469 -> 22253
1384. 0.191997 -> 22404
1385. 0.178171 -> 22469
1386. 0.166666 -> 22470
1387. 0.164435 -> 22486
1388. 0.164423 -> 22488
1389. 0.144754 -> 22494
1390. 0.122642 -> 22496
1391. 0.118617 -> 22506
1392. 0.116986 -> 22541
1393. 0.114454 -> 22542
1394. 0.114389 -> 22554
1395. 0.109502 -> 22556
1396. 0.109443 -> 22648
1397. 0.109257 -> 22655
1398. 0.109047 -> 22656
1399. 0.0797147 -> 22725
1400. 0.0757459 -> 22877
1401. 0.0743454 -> 22880
1402. 0.0701343 -> 22881
1403. 0.0677019 -> 22925
1404. 0.0676112 -> 22926
1405. 0.0674504 -> 22958
1406. 0.0663424 -> 22960
1407. 0.0643526 -> 22961
1408. 93.2637 -> 23001
1409. 28.0427 -> 23002
1410. 24.625 -> 23003
1411. 21.2346 -> 23004
1412. 20.7671 -> 23005
1413. 14.4832 -> 23006
1414. 14.284 -> 23007
1415. 13.3329 -> 23009
1416. 10.3653 -> 23010
1417. 8.77445 -> 23011
1418. 8.76915 -> 23012
1419. 4.37636 -> 23013
1420. 4.37614 -> 23014
1421. 4.04555 -> 23015
1422. 3.57545 -> 23019
1423. 2.62222 -> 23020
1424. 2.48692 -> 23021
1425. 2.00156 -> 23025
1426. 1.66189 -> 23026
1427. 1.64505 -> 23028
1428. 1.55087 -> 23029
1429. 1.22748 -> 23034
1430. 1.22664 -> 23035
1431. 0.888368 -> 23040
1432. 0.744903 -> 23048
1433. 0.600239 -> 23051
1434. 0.343604 -> 23054
1435. 0.318913 -> 23068
1436. 0.294259 -> 23071
1437. 0.273727 -> 23072
1438. 0.272023 -> 23073
1439. 0.270516 -> 23075
1440. 0.267222 -> 23076
1441. 0.179587 -> 23077
1442. 0.178363 -> 23173
1443. 0.172656 -> 23179
1444. 0.164935 -> 23180
1445. 0.160094 -> 23189
1446. 0.159302 -> 23192
1447. 0.15921 -> 23198
1448. 0.155404 -> 23265
1449. 0.132167 -> 23326
1450. 0.128498 -> 23340
1451. 0.128492 -> 23343
1452. 0.121633 -> 23344
1453. 0.120299 -> 23345
1454. 0.11736 -> 23351
1455. 0.115847 -> 23353
1456. 0.111264 -> 23384
1457. 0.099438 -> 23392
1458. 0.0974267 -> 23397
1459. 0.0974245 -> 23640
1460. 0.0969441 -> 23642
1461. 0.0948986 -> 23661
1462. 0.0711583 -> 23685
1463. 0.0711391 -> 23688
1464. 0.0708976 -> 23689
1465. 0.0661164 -> 23690
1466. 0.0656695 -> 23692
1467. 0.0329187 -> 23700
1468. 0.0313495 -> 23704
1469. 0.0309386 -> 23720
1470. 0.0309291 -> 23721
1471. 0.0276155 -> 23727
1472. 0.0259942 -> 23739
1473. 0.0259815 -> 23938
1474. 102.3 -> 24001
1475. 77.1216 -> 24002
1476. 46.602 -> 24003
1477. 34.0163 -> 24005
1478. 33.7222 -> 24015
1479. 31.2982 -> 24016
1480. 27.0932 -> 24017
1481. 14.3267 -> 24018
1482. 5.06567 -> 24020
1483. 4.40936 -> 24021
1484. 4.12431 -> 24022
1485. 2.77739 -> 24023
1486. 2.77615 -> 24024
1487. 2.77604 -> 24028
1488. 1.37153 -> 24029
1489. 0.957045 -> 24037
1490. 0.956573 -> 24038
1491. 0.946613 -> 24039
1492. 0.921981 -> 24041
1493. 0.653941 -> 24046
1494. 0.54533 -> 24061
1495. 0.291341 -> 24062
1496. 0.257671 -> 24064
1497. 0.201353 -> 24065
1498. 0.197601 -> 24067
1499. 0.146434 -> 24069
1500. 0.0984715 -> 24113
1501. 0.0959791 -> 24120
1502. 0.0921661 -> 24125
1503. 0.0893998 -> 24128
1504. 0.0893343 -> 24132
1505. 0.0856209 -> 24133
1506. 0.0849205 -> 24150
1507. 0.0805203 -> 24160
1508. 0.0798789 -> 24165
1509. 0.0509284 -> 24166
1510. 0.0509144 -> 24305
1511. 0.0504568 -> 24307
1512. 0.0504446 -> 24311
1513. 0.0503118 -> 24312
1514. 0.0502884 -> 24314
1515. 0.0502206 -> 24590
1516. 0.0494017 -> 24924
1517. 0.0493722 -> 24928
1518. 24.4633 -> 25001
1519. 17.2352 -> 25002
1520. 16.3924 -> 25003
1521. 16.3865 -> 25004
1522. 13.3286 -> 25005
1523. 13.0679 -> 25007
1524. 9.12298 -> 25009
1525. 7.6228 -> 25010
1526. 7.61918 -> 25011
1527. 6.97888 -> 25012
1528. 5.45626 -> 25013
1529. 4.69532 -> 25015
1530. 4.65523 -> 25017
1531. 3.33357 -> 25019
1532. 3.10511 -> 25021
1533. 2.84446 -> 25025
1534. 1.74193 -> 25026
1535. 1.37066 -> 25032
1536. 1.25464 -> 25035
1537. 1.13952 -> 25036
1538. 1.08881 -> 25040
1539. 0.939629 -> 25042
1540. 0.759793 -> 25043
1541. 0.225807 -> 25048
1542. 0.157445 -> 25126
1543. 0.153771 -> 25128
1544. 0.129674 -> 25129
1545. 0.102218 -> 25131
1546. 0.102019 -> 25133
1547. 0.097061 -> 25135
1548. 0.0967803 -> 25137
1549. 0.0899674 -> 25138
1550. 0.0789921 -> 25150
1551. 0.0779861 -> 25156
1552. 0.0739156 -> 25171
1553. 0.0708848 -> 25173
1554. 0.0707873 -> 25174
1555. 0.0707587 -> 25177
1556. 0.0707091 -> 25178
1557. 0.0698142 -> 25232
1558. 0.0673139 -> 25233
1559. 0.0512443 -> 25235
1560. 0.0481054 -> 25236
1561. 0.0480499 -> 25238
1562. 0.0417329 -> 25256
1563. 0.0394555 -> 25257
1564. 0.0392386 -> 25295
1565. 0.0390701 -> 25301
1566. 0.038874 -> 25308
1567. 0.0384393 -> 25320
1568. 0.0384287 -> 25321
1569. 0.0381569 -> 25324
1570. 0.038114 -> 25326
1571. 0.0378894 -> 25395
1572. 0.0378034 -> 25398
1573. 0.0369832 -> 25405
1574. 0.0369212 -> 25409
1575. 0.0368633 -> 25532
1576. 0.0327146 -> 25533
1577. 0.0326912 -> 25662
1578. 0.0326002 -> 25663
1579. 0.0325622 -> 25853
1580. 0.0233833 -> 25873
1581. 20.5745 -> 26001
1582. 7.68692 -> 26002
1583. 7.62655 -> 26006
1584. 5.12786 -> 26008
1585. 2.74917 -> 26010
1586. 2.71674 -> 26011
1587. 2.61777 -> 26012
1588. 1.77892 -> 26014
1589. 1.7572 -> 26016
1590. 1.68279 -> 26017
1591. 1.60371 -> 26018
1592. 1.52703 -> 26020
1593. 1.52641 -> 26021
1594. 1.51191 -> 26023
1595. 1.41314 -> 26027
1596. 1.18082 -> 26028
1597. 1.0654 -> 26029
1598. 1.02947 -> 26031
1599. 1.0286 -> 26032
1600. 1.02644 -> 26033
1601. 0.932427 -> 26037
1602. 0.803298 -> 26038
1603. 0.656785 -> 26039
1604. 0.654791 -> 26040
1605. 0.644634 -> 26043
1606. 0.611892 -> 26044
1607. 0.61173 -> 26045
1608. 0.609172 -> 26046
1609. 0.608116 -> 26047
1610. 0.607275 -> 26050
1611. 0.605753 -> 26051
1612. 0.553034 -> 26052
1613. 0.533346 -> 26054
1614. 0.3659 -> 26057
1615. 0.19262 -> 26061
1616. 0.192484 -> 26062
1617. 0.160512 -> 26063
1618. 0.159905 -> 26065
1619. 0.154386 -> 26067
1620. 0.103025 -> 26071
1621. 0.102891 -> 26072
1622. 0.102555 -> 26073
1623. 0.101735 -> 26074
1624. 0.100141 -> 26078
1625. 0.0940492 -> 26079
1626. 0.0887564 -> 26087
1627. 0.0865496 -> 26089
1628. 0.0860573 -> 26096
1629. 0.0808848 -> 26108
1630. 0.0778413 -> 26125
1631. 0.0457972 -> 26131
1632. 0.0329196 -> 26418
1633. 0.0328876 -> 26421
1634. 0.0324981 -> 26422
1635. 0.032224 -> 26428
1636. 0.0302282 -> 26429
1637. 0.0294852 -> 26430
1638. 0.0152161 -> 26431
1639. 0.0148189 -> 26433
1640. 0.014423 -> 26435
1641. 0.0130191 -> 26438
1642. 0.0126934 -> 26442
1643. 0.0126195 -> 26443
1644. 0.0125248 -> 26444
1645. 0.0124854 -> 26500
1646. 0.012438 -> 26505
1647. 0.0106106 -> 26508
1648. 0.0105176 -> 26510
1649. 0.0105035 -> 26513
1650. 0.010486 -> 26805
1651. 0.0103272 -> 26830
1652. 0.0101228 -> 26839
1653. 207.634 -> 27001
1654. 154.883 -> 27002
1655. 154.879 -> 27004
1656. 95.5915 -> 27005
1657. 85.3873 -> 27008
1658. 40.9262 -> 27011
1659. 37.8516 -> 27013
1660. 36.3962 -> 27014
1661. 18.3098 -> 27015
1662. 17.8131 -> 27016
1663. 15.197 -> 27017
1664. 14.7913 -> 27018
1665. 13.8528 -> 27019
1666. 13.8369 -> 27020
1667. 13.1201 -> 27021
1668. 8.06758 -> 27022
1669. 3.46361 -> 27029
1670. 3.03829 -> 27044
1671. 2.31883 -> 27045
1672. 2.30983 -> 27046
1673. 2.29242 -> 27047
1674. 2.21171 -> 27049
1675. 1.87519 -> 27051
1676. 1.76427 -> 27053
1677. 1.48462 -> 27054
1678. 1.06227 -> 27062
1679. 1.05228 -> 27063
1680. 0.869278 -> 27064
1681. 0.868861 -> 27067
1682. 0.362109 -> 27068
1683. 0.272356 -> 27069
1684. 0.270351 -> 27071
1685. 0.264135 -> 27073
1686. 0.259002 -> 27074
1687. 0.222163 -> 27075
1688. 0.216277 -> 27087
1689. 0.20847 -> 27091
1690. 0.166974 -> 27124
1691. 0.155851 -> 27128
1692. 0.137598 -> 27130
1693. 0.0919209 -> 27158
1694. 0.0915209 -> 27161
1695. 0.0819484 -> 27164
1696. 0.0810544 -> 27168
1697. 0.0449013 -> 27171
1698. 0.0314869 -> 27172
1699. 0.031358 -> 27173
1700. 0.0313391 -> 27174
1701. 0.0223366 -> 27178
1702. 0.019167 -> 27184
1703. 0.0188658 -> 27185
1704. 0.0164357 -> 27220
1705. 0.0162599 -> 27222
1706. 0.0142429 -> 27263
1707. 0.0131877 -> 27308
1708. 0.013132 -> 27314
1709. 0.0129284 -> 27328
1710. 29.9744 -> 28001
1711. 27.9022 -> 28002
1712. 4.87802 -> 28005
1713. 4.85834 -> 28007
1714. 4.73933 -> 28008
1715. 2.41224 -> 28009
1716. 1.9506 -> 28015
1717. 1.528 -> 28016
1718. 1.41066 -> 28024
1719. 1.39552 -> 28025
1720. 1.14301 -> 28027
1721. 0.963982 -> 28052
1722. 0.819001 -> 28076
1723. 0.751016 -> 28079
1724. 0.720877 -> 28085
1725. 0.622679 -> 28114
1726. 0.49632 -> 28117
1727. 0.39064 -> 28121
1728. 0.200167 -> 28127
1729. 0.0944286 -> 28132
1730. 0.0941651 -> 28133
1731. 0.0715478 -> 28135
1732. 0.0712776 -> 28136
1733. 0.0594826 -> 28139
1734. 0.0579958 -> 28140
1735. 0.0559379 -> 28143
1736. 0.0548226 -> 28145
1737. 0.0377278 -> 28146
1738. 0.0341852 -> 28149
1739. 0.0340905 -> 28152
1740. 0.0223897 -> 28153
1741. 0.0217254 -> 28161
1742. 0.0210081 -> 28162
1743. 0.0197822 -> 28172
1744. 0.0179289 -> 28183
1745. 0.0175121 -> 28216
1746. 0.0166301 -> 28219
1747. 0.0164089 -> 28220
1748. 0.0162087 -> 28221
1749. 0.0154476 -> 28222
1750. 0.0153895 -> 28359
1751. 0.0153066 -> 28371
1752. 0.0151484 -> 28418
1753. 0.0151458 -> 28419
1754. 0.0151453 -> 28423
1755. 0.0149558 -> 28424
1756. 0.0149453 -> 28426
1757. 0.0148945 -> 28428
1758. 0.0148134 -> 28439
1759. 56.7693 -> 29001
1760. 43.9963 -> 29002
1761. 21.8045 -> 29003
1762. 20.9401 -> 29007
1763. 19.6848 -> 29010
1764. 19.5914 -> 29011
1765. 18.8554 -> 29012
1766. 6.57272 -> 29013
1767. 1.81987 -> 29021
1768. 1.69085 -> 29022
1769. 1.48083 -> 29024
1770. 1.29141 -> 29029
1771. 1.1625 -> 29030
1772. 1.13411 -> 29039
1773. 1.07331 -> 29050
1774. 0.87591 -> 29052
1775. 0.823311 -> 29063
1776. 0.483052 -> 29066
1777. 0.402867 -> 29078
1778. 0.356804 -> 29079
1779. 0.34826 -> 29085
1780. 0.346321 -> 29087
1781. 0.281571 -> 29091
1782. 0.217105 -> 29093
1783. 0.180677 -> 29094
1784. 0.173401 -> 29096
1785. 0.167157 -> 29108
1786. 0.160349 -> 29115
1787. 0.148272 -> 29221
1788. 0.126002 -> 29603
1789. 0.122264 -> 29765
1790. 0.12184 -> 29769
1791. 0.112983 -> 29770
1792. 0.090028 -> 29771
1793. 0.0706493 -> 29775
1794. 0.070348 -> 29776
1795. 0.0697478 -> 29777
1796. 0.0696407 -> 29779
1797. 0.059671 -> 29780
1798. 0.0517145 -> 29785
1799. 0.0484752 -> 29786
1800. 0.042145 -> 29787
1801. 0.0400139 -> 29789
1802. 0.039263 -> 29810
1803. 0.0334231 -> 29811
1804. 0.0242137 -> 29875
1805. 0.023692 -> 29877
1806. 0.0234975 -> 29881
1807. 0.0219527 -> 29886
1808. 0.017353 -> 29889



Rezultate rulari
Minim: 0.00806722
Maxim: 209.248
Medie: 6.92609



