0. 95.2101 -> 1
1. 92.6106 -> 3
2. 92.0625 -> 6
3. 72.7119 -> 7
4. 56.3204 -> 8
5. 41.3909 -> 10
6. 40.2231 -> 17
7. 40.0784 -> 18
8. 39.2643 -> 19
9. 36.8185 -> 20
10. 29.8449 -> 21
11. 22.5721 -> 30
12. 21.4219 -> 42
13. 19.9056 -> 45
14. 14.665 -> 46
15. 13.4041 -> 49
16. 13.2007 -> 51
17. 12.6264 -> 54
18. 11.2648 -> 64
19. 11.2494 -> 66
20. 9.03299 -> 68
21. 8.19815 -> 81
22. 8.19695 -> 82
23. 7.87345 -> 83
24. 6.19513 -> 121
25. 5.83565 -> 122
26. 5.71845 -> 123
27. 5.64398 -> 124
28. 5.57287 -> 125
29. 5.22332 -> 129
30. 5.10453 -> 130
31. 4.85305 -> 140
32. 3.78497 -> 143
33. 3.55041 -> 146
34. 3.45946 -> 149
35. 2.80955 -> 150
36. 2.78607 -> 151
37. 2.72533 -> 152
38. 2.69696 -> 154
39. 2.67104 -> 159
40. 2.659 -> 162
41. 2.59601 -> 168
42. 2.54812 -> 173
43. 2.48096 -> 177
44. 2.40853 -> 194
45. 2.40673 -> 202
46. 2.4015 -> 203
47. 2.38578 -> 204
48. 2.37302 -> 207
49. 2.36098 -> 255
50. 2.2842 -> 283
51. 2.27428 -> 287
52. 2.26587 -> 415
53. 2.2637 -> 416
54. 1.56089 -> 431
55. 1.54067 -> 437
56. 1.34797 -> 448
57. 1.31579 -> 449
58. 1.30959 -> 450
59. 1.29216 -> 452
60. 1.26428 -> 559
61. 69.7047 -> 1001
62. 69.4346 -> 1002
63. 61.6775 -> 1003
64. 40.816 -> 1004
65. 39.2704 -> 1006
66. 32.176 -> 1007
67. 25.4195 -> 1008
68. 23.9047 -> 1014
69. 21.473 -> 1018
70. 21.2878 -> 1038
71. 14.5907 -> 1048
72. 12.5332 -> 1049
73. 12.0537 -> 1050
74. 11.8205 -> 1054
75. 10.8397 -> 1055
76. 9.78147 -> 1057
77. 9.32736 -> 1058
78. 8.84534 -> 1061
79. 8.84195 -> 1062
80. 8.70747 -> 1064
81. 8.23252 -> 1085
82. 6.1885 -> 1092
83. 6.06031 -> 1093
84. 5.16181 -> 1103
85. 3.34861 -> 1115
86. 2.95476 -> 1120
87. 2.89747 -> 1122
88. 2.76237 -> 1129
89. 2.75127 -> 1147
90. 2.73254 -> 1151
91. 2.59249 -> 1152
92. 2.59084 -> 1238
93. 2.41812 -> 1241
94. 2.39145 -> 1249
95. 2.31336 -> 1252
96. 96.7635 -> 2001
97. 94.0619 -> 2002
98. 91.7064 -> 2005
99. 72.0665 -> 2006
100. 57.1562 -> 2009
101. 57.0784 -> 2014
102. 51.8326 -> 2018
103. 48.1904 -> 2025
104. 41.5447 -> 2029
105. 40.9749 -> 2032
106. 33.6299 -> 2033
107. 28.5024 -> 2039
108. 28.4376 -> 2040
109. 27.8478 -> 2041
110. 24.4669 -> 2042
111. 17.2535 -> 2043
112. 12.2749 -> 2046
113. 12.2146 -> 2047
114. 12.183 -> 2051
115. 11.936 -> 2054
116. 11.2808 -> 2060
117. 11.2308 -> 2061
118. 9.45749 -> 2063
119. 9.34145 -> 2065
120. 9.32949 -> 2072
121. 9.15324 -> 2073
122. 9.10993 -> 2075
123. 9.074 -> 2076
124. 8.91002 -> 2090
125. 7.37576 -> 2218
126. 7.17708 -> 2219
127. 6.46966 -> 2296
128. 6.36723 -> 2301
129. 6.27978 -> 2302
130. 6.24276 -> 2304
131. 4.94458 -> 2306
132. 4.72548 -> 2307
133. 4.66088 -> 2309
134. 4.47323 -> 2310
135. 4.40412 -> 2311
136. 4.38347 -> 2313
137. 4.17337 -> 2314
138. 4.16362 -> 2315
139. 3.49616 -> 2326
140. 3.43687 -> 2379
141. 3.23658 -> 2387
142. 2.23048 -> 2398
143. 2.19501 -> 2451
144. 2.16529 -> 2458
145. 2.1554 -> 2465
146. 2.08781 -> 2492
147. 2.05616 -> 2594
148. 2.03777 -> 2597
149. 2.0292 -> 2611
150. 73.4449 -> 3001
151. 63.52 -> 3003
152. 34.6753 -> 3004
153. 33.7261 -> 3007
154. 31.3562 -> 3008
155. 30.6596 -> 3010
156. 27.8361 -> 3013
157. 21.6577 -> 3021
158. 21.398 -> 3022
159. 20.9248 -> 3023
160. 13.8595 -> 3024
161. 13.3874 -> 3025
162. 12.4066 -> 3026
163. 10.721 -> 3043
164. 5.02624 -> 3046
165. 4.89769 -> 3048
166. 4.75866 -> 3051
167. 4.75523 -> 3053
168. 4.31829 -> 3058
169. 4.0698 -> 3259
170. 4.06407 -> 3266
171. 3.86989 -> 3293
172. 3.74766 -> 3296
173. 3.1213 -> 3297
174. 3.11386 -> 3298
175. 3.11144 -> 3324
176. 2.64543 -> 3337
177. 2.57679 -> 3344
178. 2.55946 -> 3345
179. 2.51827 -> 3355
180. 2.42033 -> 3358
181. 2.25231 -> 3359
182. 2.10395 -> 3362
183. 1.90979 -> 3474
184. 1.85882 -> 3979
185. 1.83063 -> 3981
186. 1.74831 -> 3982
187. 1.28991 -> 3985
188. 1.25924 -> 3987
189. 117.323 -> 4001
190. 116.851 -> 4004
191. 68.2052 -> 4005
192. 51.4955 -> 4006
193. 49.9851 -> 4011
194. 36.6895 -> 4012
195. 31.9858 -> 4013
196. 31.9612 -> 4015
197. 30.9621 -> 4017
198. 30.8296 -> 4019
199. 29.5396 -> 4020
200. 24.7297 -> 4021
201. 21.9844 -> 4023
202. 17.2458 -> 4026
203. 14.08 -> 4028
204. 11.4784 -> 4032
205. 8.91496 -> 4112
206. 7.41976 -> 4113
207. 7.34557 -> 4114
208. 5.80058 -> 4116
209. 5.49012 -> 4117
210. 4.9792 -> 4118
211. 4.89862 -> 4121
212. 4.87838 -> 4124
213. 4.87373 -> 4125
214. 4.34293 -> 4145
215. 4.1692 -> 4148
216. 4.16455 -> 4149
217. 4.11889 -> 4151
218. 3.06775 -> 4152
219. 2.97375 -> 4163
220. 2.85914 -> 4175
221. 2.6531 -> 4186
222. 2.62881 -> 4204
223. 2.6006 -> 4262
224. 2.4366 -> 4300
225. 2.39924 -> 4301
226. 2.35842 -> 4307
227. 2.34756 -> 4335
228. 2.33581 -> 4418
229. 2.29915 -> 4422
230. 1.80073 -> 4517
231. 1.72656 -> 4525
232. 1.46782 -> 4530
233. 1.45855 -> 4533
234. 1.457 -> 4534
235. 1.38218 -> 4537
236. 1.33264 -> 4538
237. 82.6344 -> 5001
238. 66.6834 -> 5002
239. 66.1068 -> 5003
240. 54.3324 -> 5004
241. 50.9759 -> 5005
242. 50.7275 -> 5010
243. 35.4576 -> 5013
244. 34.8858 -> 5015
245. 19.0635 -> 5016
246. 13.4935 -> 5029
247. 13.0259 -> 5057
248. 12.629 -> 5059
249. 12.6092 -> 5061
250. 12.0177 -> 5062
251. 6.29407 -> 5064
252. 3.81498 -> 5071
253. 3.49684 -> 5108
254. 2.90197 -> 5115
255. 2.89918 -> 5116
256. 2.88198 -> 5167
257. 2.81708 -> 5175
258. 2.68288 -> 5182
259. 2.63056 -> 5185
260. 2.53828 -> 5186
261. 2.50112 -> 5188
262. 2.44547 -> 5195
263. 2.43858 -> 5243
264. 2.33962 -> 5247
265. 2.32723 -> 5258
266. 2.31637 -> 5270
267. 2.30648 -> 5279
268. 2.27694 -> 5281
269. 2.26841 -> 5786
270. 2.26585 -> 5789
271. 2.10766 -> 5792
272. 1.92396 -> 5819
273. 1.24248 -> 5820
274. 1.13543 -> 5838
275. 1.11718 -> 5865
276. 1.1048 -> 5867
277. 1.0582 -> 5873
278. 1.05303 -> 5969
279. 1.0496 -> 5972
280. 73.9333 -> 6001
281. 57.3801 -> 6003
282. 35.5294 -> 6004
283. 33.8518 -> 6006
284. 33.7131 -> 6007
285. 20.0137 -> 6010
286. 20.0025 -> 6012
287. 19.0317 -> 6013
288. 17.1451 -> 6014
289. 10.6072 -> 6019
290. 10.3226 -> 6025
291. 10.0037 -> 6027
292. 9.9387 -> 6055
293. 9.68354 -> 6068
294. 9.66884 -> 6069
295. 9.56659 -> 6076
296. 9.22514 -> 6077
297. 7.67955 -> 6098
298. 5.80326 -> 6158
299. 5.70767 -> 6327
300. 5.63638 -> 6330
301. 5.56204 -> 6335
302. 5.4042 -> 6338
303. 5.36552 -> 6340
304. 5.31827 -> 6342
305. 5.31734 -> 6343
306. 5.16985 -> 6344
307. 2.57315 -> 6384
308. 2.52621 -> 6385
309. 2.51539 -> 6388
310. 2.30667 -> 6402
311. 2.23199 -> 6413
312. 2.22678 -> 6416
313. 1.59572 -> 6506
314. 1.02942 -> 6595
315. 1.02725 -> 6596
316. 1.01734 -> 6601
317. 1.0099 -> 6602
318. 103.638 -> 7001
319. 59.7737 -> 7002
320. 55.0696 -> 7003
321. 52.6888 -> 7004
322. 38.5279 -> 7005
323. 35.6284 -> 7006
324. 26.1442 -> 7009
325. 18.1219 -> 7019
326. 16.7132 -> 7050
327. 15.5533 -> 7051
328. 15.0104 -> 7052
329. 14.9969 -> 7053
330. 12.4047 -> 7055
331. 12.2042 -> 7057
332. 11.5388 -> 7060
333. 10.1975 -> 7061
334. 9.99504 -> 7067
335. 9.24024 -> 7071
336. 6.895 -> 7072
337. 3.95188 -> 7092
338. 3.85337 -> 7096
339. 3.85246 -> 7099
340. 3.84887 -> 7104
341. 3.56714 -> 7105
342. 3.44217 -> 7108
343. 3.37088 -> 7155
344. 2.74849 -> 7186
345. 2.74382 -> 7188
346. 2.49517 -> 7218
347. 2.39375 -> 7223
348. 2.33901 -> 7224
349. 2.33157 -> 7228
350. 2.30185 -> 7241
351. 2.29313 -> 7249
352. 2.28698 -> 7250
353. 2.25724 -> 7251
354. 2.25228 -> 7263
355. 2.21869 -> 7651
356. 2.10978 -> 7653
357. 2.08499 -> 7655
358. 2.08251 -> 7656
359. 2.07252 -> 7659
360. 2.04473 -> 7662
361. 1.19958 -> 7823
362. 1.14055 -> 7824
363. 68.9302 -> 8001
364. 46.3558 -> 8002
365. 39.2714 -> 8003
366. 34.1552 -> 8016
367. 24.932 -> 8020
368. 22.2293 -> 8022
369. 20.8166 -> 8036
370. 16.7508 -> 8038
371. 16.7281 -> 8041
372. 13.7383 -> 8049
373. 13.5785 -> 8074
374. 12.2106 -> 8139
375. 11.5574 -> 8146
376. 11.4184 -> 8147
377. 10.9247 -> 8150
378. 10.7098 -> 8151
379. 10.5469 -> 8152
380. 10.047 -> 8153
381. 9.91065 -> 8155
382. 8.72775 -> 8157
383. 7.64497 -> 8163
384. 7.28855 -> 8198
385. 5.63647 -> 8249
386. 5.54977 -> 8250
387. 5.37715 -> 8255
388. 4.50351 -> 8270
389. 4.10007 -> 8273
390. 4.01606 -> 8276
391. 3.92494 -> 8279
392. 3.74032 -> 8287
393. 3.58794 -> 8327
394. 3.34757 -> 8356
395. 87.0536 -> 9001
396. 57.8695 -> 9002
397. 54.6499 -> 9003
398. 49.9788 -> 9004
399. 42.3179 -> 9005
400. 36.1492 -> 9008
401. 20.2298 -> 9011
402. 16.309 -> 9014
403. 13.3448 -> 9074
404. 12.6424 -> 9077
405. 12.5355 -> 9078
406. 12.4975 -> 9079
407. 12.3682 -> 9080
408. 12.3186 -> 9081
409. 8.38613 -> 9083
410. 7.87398 -> 9178
411. 7.78351 -> 9179
412. 7.72804 -> 9180
413. 7.69007 -> 9181
414. 7.44703 -> 9186
415. 7.30712 -> 9210
416. 4.18953 -> 9247
417. 4.14287 -> 9248
418. 4.13822 -> 9249
419. 4.05288 -> 9250
420. 3.94361 -> 9251
421. 3.5547 -> 9255
422. 3.50516 -> 9256
423. 2.39181 -> 9378
424. 2.3229 -> 9380
425. 2.27862 -> 9415
426. 1.51343 -> 9445
427. 1.48476 -> 9447
428. 1.25799 -> 9448
429. 1.23321 -> 9449
430. 1.20968 -> 9453
431. 1.20639 -> 9478
432. 1.17002 -> 9481
433. 1.09581 -> 9482
434. 0.364597 -> 9602
435. 0.231331 -> 9675
436. 0.181792 -> 9678
437. 0.150244 -> 9681
438. 0.100705 -> 9685
439. 0.093266 -> 9687
440. 0.0551553 -> 9690
441. 0.0477207 -> 9692
442. 0.032851 -> 9695
443. 0.0328478 -> 9706
444. 0.0275819 -> 9708
445. 0.0176668 -> 9723
446. 0.0055796 -> 9731
447. 0.00464966 -> 9747
448. 0.0040297 -> 9759
449. 0.00371972 -> 9826
450. 0.00340981 -> 9836
451. 0.00216988 -> 9841
452. 0.00123994 -> 9851
453. 108.483 -> 10001
454. 106.805 -> 10003
455. 65.1114 -> 10004
456. 59.8861 -> 10005
457. 57.3617 -> 10006
458. 47.3368 -> 10008
459. 40.127 -> 10009
460. 40.0227 -> 10010
461. 19.1445 -> 10014
462. 16.5576 -> 10015
463. 16.3409 -> 10049
464. 9.25926 -> 10061
465. 7.56564 -> 10062
466. 7.54087 -> 10063
467. 6.6995 -> 10065
468. 4.88858 -> 10068
469. 4.60312 -> 10083
470. 4.34749 -> 10084
471. 3.70348 -> 10085
472. 3.41085 -> 10086
473. 2.5891 -> 10087
474. 2.40878 -> 10088
475. 2.35647 -> 10091
476. 1.85917 -> 10093
477. 0.708773 -> 10096
478. 0.622572 -> 10101
479. 0.495716 -> 10102
480. 0.313208 -> 10104
481. 0.238994 -> 10105
482. 0.232492 -> 10106
483. 0.226923 -> 10124
484. 0.199679 -> 10126
485. 0.118014 -> 10128
486. 0.110276 -> 10132
487. 0.0907695 -> 10133
488. 0.0734196 -> 10135
489. 0.0511345 -> 10147
490. 0.0483452 -> 10148
491. 0.0480382 -> 10153
492. 0.0458654 -> 10155
493. 0.0421459 -> 10161
494. 0.0418359 -> 10162
495. 0.0384267 -> 10172
496. 0.014568 -> 10178
497. 0.0123984 -> 10206
498. 0.00991858 -> 10207
499. 0.0096086 -> 10227
500. 0.00929861 -> 10270
501. 0.00743925 -> 10274
502. 0.00464966 -> 10275
503. 0.00216988 -> 10280
504. 0.00123994 -> 10394
505. 0.000929958 -> 10416
506. 0.000619972 -> 10419
507. 110.315 -> 11001
508. 102.783 -> 11002
509. 99.5069 -> 11003
510. 81.3096 -> 11004
511. 68.1142 -> 11005
512. 61.556 -> 11006
513. 48.4814 -> 11007
514. 48.0021 -> 11008
515. 45.5564 -> 11010
516. 44.7639 -> 11011
517. 37.9174 -> 11012
518. 29.2291 -> 11015
519. 28.3996 -> 11016
520. 28.3738 -> 11017
521. 24.6617 -> 11018
522. 21.8959 -> 11022
523. 21.8495 -> 11026
524. 21.7376 -> 11027
525. 21.7257 -> 11028
526. 21.6025 -> 11029
527. 21.3145 -> 11030
528. 19.0644 -> 11031
529. 16.6293 -> 11033
530. 16.3771 -> 11110
531. 14.1446 -> 11111
532. 13.3518 -> 11115
533. 12.7546 -> 11118
534. 10.8636 -> 11120
535. 10.0478 -> 11129
536. 9.5021 -> 11132
537. 9.00838 -> 11133
538. 7.57203 -> 11138
539. 7.53846 -> 11139
540. 7.22181 -> 11142
541. 7.16794 -> 11149
542. 6.40403 -> 11151
543. 6.36292 -> 11152
544. 5.91357 -> 11155
545. 5.80628 -> 11161
546. 5.61705 -> 11165
547. 5.49373 -> 11179
548. 5.24098 -> 11182
549. 5.00063 -> 11184
550. 4.98953 -> 11207
551. 4.89262 -> 11226
552. 4.82535 -> 11245
553. 4.80317 -> 11249
554. 4.78977 -> 11260
555. 4.78295 -> 11279
556. 4.64444 -> 11283
557. 4.60423 -> 11286
558. 4.52511 -> 11851
559. 4.44726 -> 11855
560. 3.39487 -> 11952
561. 3.32216 -> 11953
562. 75.8946 -> 12001
563. 68.1821 -> 12002
564. 58.4581 -> 12003
565. 53.8507 -> 12005
566. 51.333 -> 12006
567. 39.3262 -> 12007
568. 39.3259 -> 12010
569. 34.0008 -> 12013
570. 33.9302 -> 12014
571. 33.8976 -> 12016
572. 31.4632 -> 12017
573. 31.4277 -> 12019
574. 31.403 -> 12020
575. 31.275 -> 12021
576. 31.1475 -> 12022
577. 30.9831 -> 12024
578. 27.7575 -> 12025
579. 25.1169 -> 12027
580. 24.8479 -> 12048
581. 19.7776 -> 12050
582. 18.9951 -> 12058
583. 15.5374 -> 12059
584. 8.71722 -> 12063
585. 8.67783 -> 12065
586. 8.67697 -> 12066
587. 8.5598 -> 12084
588. 8.54903 -> 12085
589. 6.38944 -> 12100
590. 6.13085 -> 12103
591. 5.81375 -> 12105
592. 5.71746 -> 12115
593. 5.69804 -> 12117
594. 5.35094 -> 12120
595. 5.34506 -> 12159
596. 5.28421 -> 12163
597. 5.24875 -> 12165
598. 4.93385 -> 12204
599. 4.74323 -> 12326
600. 4.68557 -> 12361
601. 4.62005 -> 12364
602. 4.61501 -> 12381
603. 4.43106 -> 12386
604. 4.38985 -> 12398
605. 3.83004 -> 12422
606. 3.54864 -> 12428
607. 3.34022 -> 12430
608. 2.75765 -> 12435
609. 2.75305 -> 12486
610. 2.73943 -> 12487
611. 2.44359 -> 12488
612. 2.42503 -> 12489
613. 2.40161 -> 12809
614. 2.40068 -> 12810
615. 70.0275 -> 13001
616. 69.8847 -> 13002
617. 66.4586 -> 13003
618. 57.8928 -> 13004
619. 43.2052 -> 13005
620. 34.2075 -> 13009
621. 31.4384 -> 13012
622. 25.46 -> 13013
623. 25.398 -> 13014
624. 17.029 -> 13023
625. 16.4442 -> 13026
626. 15.6298 -> 13028
627. 15.506 -> 13029
628. 14.3375 -> 13033
629. 13.6319 -> 13034
630. 12.162 -> 13045
631. 11.2962 -> 13047
632. 7.26129 -> 13052
633. 3.82161 -> 13055
634. 3.76233 -> 13056
635. 2.97596 -> 13060
636. 2.50424 -> 13061
637. 2.43578 -> 13064
638. 2.30947 -> 13070
639. 2.30106 -> 13084
640. 2.12865 -> 13099
641. 2.0982 -> 13131
642. 2.06492 -> 13149
643. 1.93385 -> 13152
644. 1.68121 -> 13171
645. 1.6713 -> 13176
646. 1.64903 -> 13180
647. 1.22856 -> 13181
648. 1.09992 -> 13182
649. 1.06629 -> 13205
650. 1.06164 -> 13206
651. 1.04936 -> 13209
652. 0.767671 -> 13233
653. 0.645732 -> 13238
654. 0.601591 -> 13239
655. 0.480597 -> 13242
656. 0.472459 -> 13254
657. 0.0582503 -> 13255
658. 0.0511295 -> 13287
659. 0.0412119 -> 13288
660. 0.0365625 -> 13294
661. 0.0303713 -> 13296
662. 0.0288243 -> 13302
663. 0.0189067 -> 13304
664. 0.0154979 -> 13305
665. 0.0151882 -> 13348
666. 0.0123986 -> 13366
667. 0.00743925 -> 13372
668. 0.00371978 -> 13373
669. 0.00278984 -> 13377
670. 0.0018599 -> 13381
671. 0.000929958 -> 13382
672. 78.4099 -> 14001
673. 65.9934 -> 14003
674. 63.6242 -> 14005
675. 60.6937 -> 14006
676. 45.9008 -> 14007
677. 44.6068 -> 14008
678. 29.3532 -> 14009
679. 29.3461 -> 14010
680. 23.022 -> 14012
681. 20.7254 -> 14019
682. 20.3317 -> 14029
683. 14.4021 -> 14031
684. 12.2172 -> 14033
685. 12.1578 -> 14035
686. 11.9157 -> 14039
687. 11.8407 -> 14055
688. 11.7218 -> 14077
689. 11.6849 -> 14078
690. 10.7277 -> 14083
691. 10.6782 -> 14142
692. 10.5839 -> 14144
693. 8.97395 -> 14267
694. 8.89957 -> 14282
695. 8.25655 -> 14287
696. 8.17371 -> 14295
697. 7.86695 -> 14297
698. 7.72619 -> 14299
699. 7.64448 -> 14300
700. 3.86983 -> 14363
701. 2.68064 -> 14367
702. 2.58367 -> 14368
703. 2.49453 -> 14370
704. 2.38138 -> 14372
705. 2.36527 -> 14402
706. 2.33587 -> 14528
707. 2.28967 -> 14537
708. 70.1157 -> 15001
709. 65.5678 -> 15002
710. 44.0674 -> 15003
711. 41.2038 -> 15008
712. 25.7575 -> 15009
713. 13.0383 -> 15023
714. 10.9784 -> 15024
715. 8.75592 -> 15026
716. 8.61689 -> 15027
717. 7.18248 -> 15037
718. 7.16988 -> 15040
719. 7.10828 -> 15041
720. 7.06904 -> 15042
721. 6.47592 -> 15044
722. 6.39438 -> 15046
723. 5.9423 -> 15047
724. 4.72679 -> 15048
725. 4.69942 -> 15061
726. 4.67928 -> 15077
727. 4.5254 -> 15078
728. 4.39217 -> 15091
729. 4.18531 -> 15096
730. 4.09292 -> 15107
731. 3.71743 -> 15226
732. 3.68337 -> 15229
733. 3.6776 -> 15238
734. 3.64562 -> 15272
735. 3.63296 -> 15274
736. 3.54964 -> 15276
737. 3.39619 -> 15277
738. 3.19579 -> 15283
739. 3.04666 -> 15309
740. 2.74517 -> 15333
741. 2.28726 -> 15378
742. 2.18297 -> 15387
743. 2.18262 -> 15388
744. 2.13322 -> 15390
745. 2.04327 -> 15465
746. 2.03588 -> 15467
747. 2.03195 -> 15473
748. 2.02793 -> 15474
749. 2.02221 -> 15475
750. 2.01378 -> 15477
751. 1.3783 -> 15487
752. 1.36262 -> 15492
753. 1.02971 -> 15494
754. 1.00554 -> 15520
755. 1.00432 -> 15542
756. 0.175448 -> 15557
757. 0.0715789 -> 15582
758. 0.0418359 -> 15586
759. 0.0344009 -> 15620
760. 0.0278919 -> 15735
761. 0.026342 -> 15736
762. 0.0244824 -> 15739
763. 0.0220059 -> 15740
764. 0.0179768 -> 15742
765. 0.00805922 -> 15743
766. 0.00681929 -> 15768
767. 0.00402976 -> 15840
768. 0.00278984 -> 15849
769. 0.00154991 -> 15879
770. 0.000619972 -> 15898
771. 119.365 -> 16001
772. 78.7369 -> 16003
773. 73.8219 -> 16005
774. 68.4205 -> 16006
775. 59.7157 -> 16007
776. 59.7107 -> 16008
777. 52.8056 -> 16009
778. 39.6623 -> 16011
779. 39.0558 -> 16016
780. 36.0082 -> 16017
781. 35.7322 -> 16018
782. 18.8165 -> 16020
783. 16.2948 -> 16021
784. 12.3792 -> 16023
785. 11.5127 -> 16024
786. 11.0591 -> 16027
787. 8.00083 -> 16028
788. 7.46454 -> 16033
789. 7.43009 -> 16048
790. 7.17891 -> 16080
791. 5.51182 -> 16090
792. 5.49217 -> 16093
793. 5.4919 -> 16094
794. 5.44243 -> 16095
795. 5.38863 -> 16097
796. 4.50437 -> 16099
797. 4.45463 -> 16102
798. 3.94117 -> 16105
799. 2.98084 -> 16450
800. 2.87031 -> 16453
801. 2.84554 -> 16461
802. 2.40362 -> 16464
803. 2.3677 -> 16469
804. 2.36026 -> 16471
805. 2.35004 -> 16481
806. 2.34245 -> 16817
807. 2.07939 -> 16899
808. 131.727 -> 17001
809. 123.865 -> 17002
810. 99.0127 -> 17003
811. 63.8784 -> 17004
812. 58.974 -> 17007
813. 55.2976 -> 17010
814. 50.822 -> 17012
815. 43.6921 -> 17014
816. 36.7279 -> 17016
817. 30.4861 -> 17021
818. 24.7199 -> 17022
819. 24.4273 -> 17025
820. 20.4464 -> 17027
821. 15.0489 -> 17028
822. 14.7667 -> 17081
823. 14.6441 -> 17082
824. 14.1728 -> 17089
825. 11.6421 -> 17097
826. 10.5025 -> 17173
827. 10.3865 -> 17174
828. 9.86856 -> 17177
829. 9.40988 -> 17192
830. 9.31085 -> 17193
831. 9.25235 -> 17195
832. 9.2352 -> 17198
833. 9.1232 -> 17199
834. 9.06063 -> 17245
835. 8.56883 -> 17246
836. 7.86676 -> 17265
837. 7.63774 -> 17266
838. 7.46639 -> 17269
839. 6.83591 -> 17270
840. 6.70368 -> 17274
841. 6.60086 -> 17280
842. 6.57735 -> 17281
843. 6.5501 -> 17283
844. 6.19315 -> 17287
845. 6.17001 -> 17298
846. 6.16361 -> 17299
847. 5.95419 -> 17301
848. 5.85446 -> 17307
849. 5.72729 -> 17321
850. 5.64312 -> 17332
851. 2.97743 -> 17336
852. 2.96846 -> 17337
853. 2.53529 -> 17338
854. 2.46361 -> 17340
855. 2.32625 -> 17353
856. 1.96935 -> 17473
857. 1.93805 -> 17478
858. 1.8905 -> 17507
859. 1.60321 -> 17511
860. 1.57843 -> 17515
861. 1.28807 -> 17583
862. 1.22404 -> 17587
863. 1.16975 -> 17590
864. 1.10203 -> 17593
865. 1.07726 -> 17595
866. 1.07145 -> 17629
867. 1.04657 -> 17630
868. 1.04037 -> 17632
869. 0.160446 -> 17728
870. 0.149571 -> 17841
871. 0.148322 -> 17844
872. 0.138415 -> 17847
873. 0.0625968 -> 17853
874. 0.0483429 -> 17893
875. 0.0235543 -> 17895
876. 0.0161174 -> 17902
877. 0.0161155 -> 17904
878. 0.0120875 -> 17910
879. 0.00495964 -> 17915
880. 0.00216988 -> 17951
881. 0.0018599 -> 17952
882. 0.00154991 -> 17955
883. 0.000619972 -> 17963
884. 0.000309986 -> 17970
885. 89.9476 -> 18001
886. 87.1424 -> 18002
887. 82.409 -> 18004
888. 73.4372 -> 18005
889. 72.8054 -> 18006
890. 49.0827 -> 18009
891. 42.6508 -> 18011
892. 34.0355 -> 18020
893. 31.8071 -> 18022
894. 20.5607 -> 18025
895. 19.6943 -> 18029
896. 18.9645 -> 18032
897. 12.8259 -> 18033
898. 11.7505 -> 18062
899. 11.6073 -> 18064
900. 11.3194 -> 18066
901. 10.5465 -> 18070
902. 10.484 -> 18073
903. 9.88223 -> 18075
904. 7.26102 -> 18078
905. 7.20521 -> 18079
906. 6.83063 -> 18080
907. 6.26544 -> 18101
908. 6.15873 -> 18105
909. 4.39785 -> 18106
910. 3.62785 -> 18111
911. 3.11693 -> 18113
912. 3.10532 -> 18121
913. 3.09544 -> 18129
914. 3.08437 -> 18134
915. 2.56889 -> 18190
916. 2.35824 -> 18200
917. 2.33472 -> 18809
918. 2.32637 -> 18812
919. 2.30104 -> 18823
920. 2.26818 -> 18824
921. 2.26725 -> 18826
922. 2.24471 -> 18829
923. 2.09696 -> 18831
924. 2.06231 -> 18833
925. 80.7991 -> 19001
926. 62.9353 -> 19003
927. 59.8418 -> 19004
928. 59.0984 -> 19006
929. 57.2143 -> 19008
930. 55.4459 -> 19009
931. 46.5092 -> 19010
932. 39.0053 -> 19011
933. 35.5518 -> 19014
934. 35.4287 -> 19015
935. 26.5889 -> 19016
936. 26.0334 -> 19018
937. 24.9509 -> 19021
938. 23.2828 -> 19022
939. 20.7884 -> 19036
940. 20.4816 -> 19038
941. 20.2468 -> 19039
942. 20.244 -> 19040
943. 19.7409 -> 19042
944. 16.9327 -> 19043
945. 15.6526 -> 19045
946. 15.5573 -> 19046
947. 15.198 -> 19047
948. 14.863 -> 19049
949. 14.4534 -> 19051
950. 14.2698 -> 19052
951. 14.2376 -> 19054
952. 13.8546 -> 19056
953. 13.7638 -> 19062
954. 13.3111 -> 19063
955. 13.0575 -> 19077
956. 11.4739 -> 19090
957. 11.2233 -> 19097
958. 9.95299 -> 19099
959. 9.78747 -> 19116
960. 8.33693 -> 19119
961. 8.26462 -> 19135
962. 7.66111 -> 19137
963. 7.43583 -> 19142
964. 6.78601 -> 19145
965. 6.72043 -> 19148
966. 6.71871 -> 19151
967. 6.26649 -> 19154
968. 6.22035 -> 19156
969. 5.35846 -> 19157
970. 3.41142 -> 19158
971. 3.2268 -> 19173
972. 2.93021 -> 19183
973. 2.82397 -> 19243
974. 2.30199 -> 19397
975. 2.15687 -> 19403
976. 2.05669 -> 19406
977. 1.83632 -> 19411
978. 1.52546 -> 19413
979. 1.4876 -> 19414
980. 1.47414 -> 19418
981. 1.46715 -> 19428
982. 1.42266 -> 19429
983. 1.37584 -> 19441
984. 1.3542 -> 19688
985. 57.5366 -> 20001
986. 54.8785 -> 20004
987. 42.6821 -> 20005
988. 39.4581 -> 20006
989. 35.919 -> 20007
990. 27.3095 -> 20009
991. 20.8655 -> 20010
992. 19.229 -> 20033
993. 17.571 -> 20039
994. 16.3915 -> 20041
995. 16.205 -> 20045
996. 15.3936 -> 20058
997. 11.6364 -> 20065
998. 11.0888 -> 20069
999. 10.2821 -> 20076
1000. 6.21778 -> 20077
1001. 5.61936 -> 20189
1002. 4.78371 -> 20191
1003. 4.24213 -> 20195
1004. 3.97178 -> 20303
1005. 3.73194 -> 20309
1006. 3.65394 -> 20362
1007. 3.43964 -> 20380
1008. 3.36896 -> 20567
1009. 2.59885 -> 20577
1010. 2.48137 -> 20684
1011. 2.47145 -> 20689
1012. 2.40089 -> 20691
1013. 2.10336 -> 20800
1014. 2.02411 -> 20803
1015. 1.70535 -> 20822
1016. 1.63306 -> 20823
1017. 1.53371 -> 20824
1018. 1.43476 -> 20827
1019. 1.36004 -> 20849
1020. 1.34286 -> 20965
1021. 1.33204 -> 20971
1022. 1.30579 -> 20974
1023. 1.29091 -> 20977
1024. 1.27357 -> 20981
1025. 82.5029 -> 21001
1026. 50.0996 -> 21002
1027. 49.5425 -> 21003
1028. 48.3511 -> 21004
1029. 47.4486 -> 21005
1030. 38.6744 -> 21010
1031. 37.4887 -> 21011
1032. 35.8832 -> 21013
1033. 33.2094 -> 21014
1034. 27.6003 -> 21026
1035. 24.4278 -> 21035
1036. 24.2622 -> 21042
1037. 23.7518 -> 21043
1038. 21.4194 -> 21046
1039. 17.8001 -> 21049
1040. 17.7069 -> 21072
1041. 17.6875 -> 21073
1042. 16.2615 -> 21077
1043. 15.1087 -> 21081
1044. 14.4089 -> 21111
1045. 14.2125 -> 21113
1046. 11.8571 -> 21269
1047. 8.84175 -> 21284
1048. 8.73601 -> 21296
1049. 8.64953 -> 21298
1050. 8.15138 -> 21299
1051. 7.99393 -> 21300
1052. 7.93425 -> 21331
1053. 7.25395 -> 21341
1054. 6.64381 -> 21357
1055. 4.86253 -> 21579
1056. 3.91486 -> 21643
1057. 3.81757 -> 21657
1058. 3.56604 -> 21692
1059. 3.54341 -> 21706
1060. 3.52239 -> 21708
1061. 3.44527 -> 21954
1062. 3.40791 -> 21958
1063. 3.36736 -> 21973
1064. 118.02 -> 22001
1065. 105.078 -> 22002
1066. 85.0688 -> 22003
1067. 66.9586 -> 22005
1068. 58.8395 -> 22008
1069. 50.5945 -> 22011
1070. 49.1913 -> 22017
1071. 46.4105 -> 22023
1072. 40.8775 -> 22024
1073. 35.3224 -> 22025
1074. 33.6371 -> 22028
1075. 30.718 -> 22034
1076. 30.6112 -> 22035
1077. 27.5222 -> 22043
1078. 27.4688 -> 22046
1079. 26.9887 -> 22047
1080. 26.774 -> 22053
1081. 26.0318 -> 22054
1082. 25.4236 -> 22057
1083. 22.4359 -> 22069
1084. 15.0259 -> 22073
1085. 12.8262 -> 22075
1086. 8.41846 -> 22078
1087. 5.97328 -> 22082
1088. 5.88109 -> 22086
1089. 5.78632 -> 22087
1090. 5.75105 -> 22089
1091. 5.65962 -> 22091
1092. 5.22946 -> 22093
1093. 4.39814 -> 22094
1094. 4.23534 -> 22095
1095. 4.12678 -> 22096
1096. 3.85768 -> 22152
1097. 3.75899 -> 22159
1098. 3.3032 -> 22161
1099. 3.10393 -> 22165
1100. 2.97695 -> 22169
1101. 2.91268 -> 22181
1102. 2.75158 -> 22204
1103. 2.67003 -> 22209
1104. 2.50322 -> 22218
1105. 2.3831 -> 22268
1106. 2.32296 -> 22280
1107. 2.27925 -> 22364
1108. 2.25095 -> 22407
1109. 2.25004 -> 22409
1110. 2.16815 -> 22451
1111. 2.14099 -> 22800
1112. 2.10967 -> 22836
1113. 2.09654 -> 22849
1114. 1.34143 -> 22856
1115. 83.5418 -> 23001
1116. 82.8921 -> 23003
1117. 70.7678 -> 23004
1118. 70.5553 -> 23011
1119. 60.5243 -> 23013
1120. 57.7588 -> 23019
1121. 55.2736 -> 23021
1122. 42.6637 -> 23022
1123. 41.6621 -> 23023
1124. 36.3613 -> 23025
1125. 35.0824 -> 23027
1126. 26.4033 -> 23038
1127. 17.2721 -> 23046
1128. 16.8748 -> 23059
1129. 16.508 -> 23060
1130. 15.464 -> 23061
1131. 12.3837 -> 23067
1132. 12.1569 -> 23070
1133. 6.94481 -> 23083
1134. 6.37452 -> 23089
1135. 6.37205 -> 23091
1136. 6.35241 -> 23092
1137. 5.46149 -> 23097
1138. 4.50868 -> 23212
1139. 4.40501 -> 23214
1140. 3.64182 -> 23216
1141. 3.58501 -> 23220
1142. 3.55326 -> 23222
1143. 3.46412 -> 23226
1144. 3.38524 -> 23233
1145. 3.37504 -> 23234
1146. 2.68148 -> 23235
1147. 2.48403 -> 23236
1148. 2.4605 -> 23241
1149. 2.45058 -> 23242
1150. 2.42104 -> 23247
1151. 2.29757 -> 23325
1152. 2.26386 -> 23413
1153. 2.25686 -> 23426
1154. 2.25381 -> 23436
1155. 1.55432 -> 23477
1156. 85.0141 -> 24001
1157. 73.9257 -> 24002
1158. 66.5275 -> 24004
1159. 53.2317 -> 24005
1160. 53.0032 -> 24010
1161. 48.1627 -> 24011
1162. 35.4515 -> 24012
1163. 35.3439 -> 24013
1164. 25.9585 -> 24015
1165. 20.5233 -> 24024
1166. 18.3633 -> 24025
1167. 17.7638 -> 24026
1168. 17.4085 -> 24030
1169. 17.209 -> 24034
1170. 12.2143 -> 24035
1171. 10.5928 -> 24066
1172. 10.4989 -> 24069
1173. 8.7363 -> 24070
1174. 7.22305 -> 24071
1175. 6.81114 -> 24094
1176. 4.52428 -> 24096
1177. 4.25809 -> 24131
1178. 4.20644 -> 24134
1179. 4.17873 -> 24136
1180. 4.11174 -> 24209
1181. 3.99647 -> 24224
1182. 3.95416 -> 24234
1183. 3.77632 -> 24235
1184. 3.34315 -> 24237
1185. 3.33727 -> 24241
1186. 3.3039 -> 24243
1187. 3.29398 -> 24244
1188. 2.95825 -> 24246
1189. 2.85763 -> 24250
1190. 2.72959 -> 24251
1191. 2.72353 -> 24258
1192. 2.63292 -> 24272
1193. 2.6283 -> 24281
1194. 2.50607 -> 24286
1195. 2.50202 -> 24290
1196. 102.117 -> 25001
1197. 84.3106 -> 25002
1198. 79.851 -> 25003
1199. 79.5313 -> 25004
1200. 66.5424 -> 25005
1201. 55.8668 -> 25008
1202. 55.7219 -> 25011
1203. 48.5539 -> 25012
1204. 46.6427 -> 25016
1205. 43.9557 -> 25018
1206. 37.6791 -> 25019
1207. 31.6276 -> 25028
1208. 29.924 -> 25029
1209. 25.2161 -> 25033
1210. 21.2545 -> 25037
1211. 18.6713 -> 25039
1212. 11.5267 -> 25044
1213. 11.2122 -> 25050
1214. 10.9143 -> 25057
1215. 10.484 -> 25138
1216. 10.3947 -> 25139
1217. 10.1752 -> 25142
1218. 9.01969 -> 25143
1219. 8.88118 -> 25145
1220. 7.89823 -> 25147
1221. 7.65727 -> 25217
1222. 6.90933 -> 25238
1223. 6.70731 -> 25295
1224. 6.35411 -> 25298
1225. 5.89345 -> 25362
1226. 5.37118 -> 25364
1227. 3.27232 -> 25378
1228. 3.14428 -> 25384
1229. 2.47492 -> 25385
1230. 2.26535 -> 25389
1231. 2.1429 -> 25390
1232. 2.10244 -> 25391
1233. 1.88543 -> 25392
1234. 1.86739 -> 25394
1235. 1.82775 -> 25395
1236. 1.74304 -> 25397
1237. 1.59048 -> 25400
1238. 1.54838 -> 25428
1239. 1.54094 -> 25430
1240. 1.53815 -> 25432
1241. 1.37291 -> 25433
1242. 1.37074 -> 25439
1243. 1.34844 -> 25454
1244. 1.34813 -> 25458
1245. 1.32814 -> 25516
1246. 1.28859 -> 25539
1247. 1.28363 -> 25544
1248. 80.5754 -> 26001
1249. 65.1328 -> 26003
1250. 65.0016 -> 26004
1251. 63.0606 -> 26005
1252. 61.9884 -> 26006
1253. 43.4116 -> 26007
1254. 39.6582 -> 26008
1255. 37.7705 -> 26015
1256. 30.6004 -> 26023
1257. 18.9591 -> 26029
1258. 18.3703 -> 26037
1259. 14.4828 -> 26041
1260. 11.8488 -> 26044
1261. 8.77095 -> 26050
1262. 8.71048 -> 26060
1263. 8.4981 -> 26065
1264. 8.47106 -> 26069
1265. 7.79336 -> 26080
1266. 7.3355 -> 26104
1267. 7.19478 -> 26107
1268. 6.94549 -> 26111
1269. 6.76999 -> 26155
1270. 6.35886 -> 26156
1271. 6.32274 -> 26157
1272. 6.28587 -> 26181
1273. 6.16258 -> 26182
1274. 6.12612 -> 26188
1275. 6.11524 -> 26194
1276. 5.97746 -> 26195
1277. 5.86767 -> 26200
1278. 5.69528 -> 26202
1279. 5.63677 -> 26204
1280. 5.26029 -> 26208
1281. 4.78033 -> 26220
1282. 4.23971 -> 26231
1283. 4.03121 -> 26232
1284. 3.91777 -> 26235
1285. 3.72321 -> 26264
1286. 2.79896 -> 26271
1287. 2.02734 -> 26286
1288. 1.74439 -> 26290
1289. 1.7146 -> 26297
1290. 1.63062 -> 26303
1291. 1.51769 -> 26310
1292. 1.51518 -> 26320
1293. 1.49786 -> 26321
1294. 1.48054 -> 26322
1295. 1.43393 -> 26374
1296. 1.40669 -> 26375
1297. 1.36208 -> 26382
1298. 1.33107 -> 26527
1299. 1.31641 -> 26752
1300. 1.30904 -> 26790
1301. 1.30061 -> 26811
1302. 1.28326 -> 26813
1303. 98.8851 -> 27001
1304. 84.3504 -> 27004
1305. 77.7412 -> 27005
1306. 63.0772 -> 27007
1307. 50.7965 -> 27008
1308. 44.8512 -> 27010
1309. 43.5611 -> 27012
1310. 41.5071 -> 27014
1311. 39.5061 -> 27016
1312. 32.6727 -> 27018
1313. 27.0016 -> 27019
1314. 21.3299 -> 27024
1315. 11.7794 -> 27030
1316. 11.6596 -> 27107
1317. 10.7282 -> 27111
1318. 10.0021 -> 27124
1319. 9.28213 -> 27192
1320. 5.03651 -> 27204
1321. 4.74763 -> 27216
1322. 4.73408 -> 27220
1323. 4.7102 -> 27255
1324. 3.85509 -> 27257
1325. 3.76626 -> 27262
1326. 3.74401 -> 27263
1327. 3.68929 -> 27267
1328. 3.5165 -> 27282
1329. 3.51278 -> 27283
1330. 3.51186 -> 27286
1331. 3.3912 -> 27287
1332. 3.25129 -> 27295
1333. 3.2169 -> 27313
1334. 3.05945 -> 27314
1335. 3.04706 -> 27315
1336. 3.04489 -> 27316
1337. 2.41677 -> 27354
1338. 2.41306 -> 27367
1339. 2.18743 -> 27375
1340. 2.15916 -> 27377
1341. 2.09686 -> 27379
1342. 2.09469 -> 27380
1343. 2.09318 -> 27386
1344. 2.09194 -> 27389
1345. 2.0424 -> 27392
1346. 2.03405 -> 27394
1347. 1.99263 -> 27555
1348. 1.0575 -> 27646
1349. 1.05006 -> 27649
1350. 1.01785 -> 27651
1351. 1.01665 -> 27655
1352. 1.01042 -> 27656
1353. 0.491473 -> 27979
1354. 0.435725 -> 27981
1355. 0.386686 -> 27984
1356. 0.314557 -> 27985
1357. 0.106886 -> 27987
1358. 58.0675 -> 28001
1359. 42.3359 -> 28002
1360. 38.2536 -> 28009
1361. 29.6921 -> 28016
1362. 25.5022 -> 28018
1363. 25.0089 -> 28033
1364. 23.2595 -> 28034
1365. 21.477 -> 28035
1366. 17.2649 -> 28044
1367. 16.3347 -> 28051
1368. 13.2915 -> 28052
1369. 13.1869 -> 28054
1370. 13.1267 -> 28055
1371. 12.9519 -> 28058
1372. 7.42992 -> 28059
1373. 7.25089 -> 28060
1374. 6.83083 -> 28072
1375. 6.79527 -> 28081
1376. 6.76999 -> 28086
1377. 5.76264 -> 28087
1378. 5.25172 -> 28088
1379. 5.198 -> 28090
1380. 5.19556 -> 28100
1381. 5.11229 -> 28118
1382. 4.67393 -> 28124
1383. 4.20182 -> 28126
1384. 3.89373 -> 28150
1385. 3.81017 -> 28151
1386. 3.77552 -> 28153
1387. 3.74377 -> 28155
1388. 3.58541 -> 28156
1389. 3.38171 -> 28159
1390. 2.87639 -> 28162
1391. 2.86815 -> 28165
1392. 2.31854 -> 28166
1393. 2.10499 -> 28174
1394. 2.08544 -> 28175
1395. 2.06441 -> 28176
1396. 1.65163 -> 28178
1397. 1.493 -> 28181
1398. 0.584255 -> 28183
1399. 0.160511 -> 28186
1400. 0.147245 -> 28188
1401. 0.0198371 -> 28192
1402. 0.0185971 -> 28195
1403. 0.0182869 -> 28202
1404. 0.0148781 -> 28203
1405. 0.011469 -> 28205
1406. 0.0049597 -> 28226
1407. 0.00402976 -> 28235
1408. 0.00309982 -> 28244
1409. 0.00278984 -> 28248
1410. 0.00247987 -> 28339
1411. 0.00216988 -> 28452
1412. 0.0018599 -> 28572
1413. 0.000929958 -> 28674
1414. 77.4894 -> 29001
1415. 75.4199 -> 29002
1416. 70.2988 -> 29003
1417. 31.7397 -> 29004
1418. 31.2327 -> 29006
1419. 30.1569 -> 29007
1420. 29.8476 -> 29008
1421. 29.4373 -> 29009
1422. 29.0581 -> 29010
1423. 28.5901 -> 29012
1424. 23.3511 -> 29013
1425. 18.6195 -> 29014
1426. 17.4135 -> 29015
1427. 17.4011 -> 29016
1428. 17.3268 -> 29017
1429. 15.9073 -> 29018
1430. 10.5296 -> 29019
1431. 10.352 -> 29020
1432. 6.33373 -> 29022
1433. 6.19205 -> 29027
1434. 6.18308 -> 29028
1435. 3.97233 -> 29037
1436. 3.90079 -> 29045
1437. 3.86413 -> 29047
1438. 3.81265 -> 29215
1439. 3.28423 -> 29375
1440. 1.24578 -> 29379
1441. 1.2319 -> 29380
1442. 1.2207 -> 29382
1443. 1.18634 -> 29404
1444. 1.16081 -> 29406
1445. 1.13998 -> 29414
1446. 1.10645 -> 29416
1447. 1.09504 -> 29450
1448. 1.09008 -> 29452
1449. 1.06125 -> 29463
1450. 1.05629 -> 29470
1451. 1.01399 -> 29475
1452. 0.890307 -> 29604
1453. 0.418205 -> 29606
1454. 0.412007 -> 29607
1455. 0.400857 -> 29609
1456. 0.0681651 -> 29610
1457. 0.0520556 -> 29611
1458. 0.0223126 -> 29617
1459. 0.0210726 -> 29620
1460. 0.0198327 -> 29623
1461. 0.00123993 -> 29634
1462. 0.000309986 -> 29660
1463. 0 -> 29679



Rezultate rulari
Minim: 0
Maxim: 131.727
Medie: 15.0744



