0. 1596.54 -> 1
1. 1504.71 -> 4
2. 1460.99 -> 5
3. 1339.66 -> 6
4. 1157.17 -> 7
5. 1032.55 -> 14
6. 939.567 -> 15
7. 802.433 -> 18
8. 778.001 -> 23
9. 763.504 -> 24
10. 712.937 -> 82
11. 638.785 -> 84
12. 585.789 -> 169
13. 547.239 -> 171
14. 546.692 -> 357
15. 534.286 -> 358
16. 530.895 -> 373
17. 525.8 -> 423
18. 524.628 -> 429
19. 524.368 -> 431
20. 507.423 -> 432
21. 479.619 -> 433
22. 459.141 -> 436
23. 444.447 -> 437
24. 1134.99 -> 1001
25. 1115.19 -> 1002
26. 1054.89 -> 1003
27. 1046.51 -> 1004
28. 1020.55 -> 1016
29. 1014.13 -> 1021
30. 953.943 -> 1022
31. 949.79 -> 1023
32. 907 -> 1024
33. 823.421 -> 1038
34. 816.776 -> 1051
35. 731.154 -> 1052
36. 682.388 -> 1134
37. 670.082 -> 1152
38. 658.562 -> 1181
39. 573.037 -> 1298
40. 559.783 -> 1299
41. 508.444 -> 1300
42. 1627.55 -> 2001
43. 1585.31 -> 2002
44. 1548.31 -> 2003
45. 1463.67 -> 2004
46. 1453.17 -> 2005
47. 1448.22 -> 2006
48. 1383.73 -> 2007
49. 1124.27 -> 2008
50. 1015.6 -> 2009
51. 996.125 -> 2010
52. 985.207 -> 2011
53. 984.09 -> 2020
54. 924.903 -> 2025
55. 829.035 -> 2038
56. 773.778 -> 2056
57. 721.356 -> 2062
58. 669.898 -> 2063
59. 668.498 -> 2120
60. 667.624 -> 2122
61. 642.067 -> 2123
62. 628.141 -> 2124
63. 627.091 -> 2126
64. 602.32 -> 2135
65. 546.049 -> 2139
66. 491.731 -> 2312
67. 491.57 -> 2313
68. 480.371 -> 2320
69. 461.37 -> 2325
70. 427.514 -> 2357
71. 420.27 -> 2359
72. 388.533 -> 2360
73. 362.703 -> 2361
74. 1586.75 -> 3001
75. 1492.18 -> 3002
76. 1412.81 -> 3003
77. 1209.17 -> 3005
78. 1208.61 -> 3006
79. 1207.27 -> 3007
80. 1151.45 -> 3008
81. 1148.4 -> 3013
82. 1078.15 -> 3015
83. 1050.41 -> 3016
84. 1021.51 -> 3017
85. 971.622 -> 3025
86. 939.171 -> 3044
87. 896.68 -> 3047
88. 745.271 -> 3048
89. 722.324 -> 3049
90. 690.05 -> 3050
91. 682.563 -> 3053
92. 667.554 -> 3059
93. 638.691 -> 3084
94. 630.954 -> 3105
95. 621.684 -> 3106
96. 585.546 -> 3108
97. 570.29 -> 3203
98. 568.192 -> 3204
99. 560.134 -> 3378
100. 535.19 -> 3379
101. 529.751 -> 3411
102. 520.296 -> 3835
103. 515.938 -> 3868
104. 493.426 -> 3869
105. 479.582 -> 3875
106. 476.925 -> 3876
107. 1558.92 -> 4001
108. 1111.79 -> 4002
109. 1077.9 -> 4006
110. 1065.09 -> 4008
111. 1030.28 -> 4011
112. 965.114 -> 4012
113. 886.043 -> 4018
114. 869.91 -> 4028
115. 854.473 -> 4035
116. 853.43 -> 4036
117. 802.193 -> 4042
118. 799.864 -> 4046
119. 764.352 -> 4047
120. 741.611 -> 4059
121. 735.376 -> 4060
122. 715.57 -> 4061
123. 708.722 -> 4063
124. 667.904 -> 4064
125. 609.758 -> 4066
126. 581.924 -> 4067
127. 551.431 -> 4075
128. 522.202 -> 4076
129. 520.07 -> 4079
130. 509.966 -> 4140
131. 487.945 -> 4483
132. 1318.32 -> 5001
133. 1188.92 -> 5006
134. 1153.56 -> 5007
135. 1055.57 -> 5008
136. 1054.37 -> 5009
137. 987.591 -> 5010
138. 981.376 -> 5012
139. 980.121 -> 5014
140. 978.494 -> 5015
141. 855.81 -> 5016
142. 815.607 -> 5029
143. 708.12 -> 5046
144. 705.328 -> 5047
145. 690.534 -> 5052
146. 666.052 -> 5053
147. 631.073 -> 5054
148. 591.095 -> 5055
149. 527.056 -> 5065
150. 516.399 -> 5142
151. 467.187 -> 5151
152. 460.184 -> 5154
153. 398.379 -> 5169
154. 1312.16 -> 6001
155. 1236.45 -> 6004
156. 1223.56 -> 6006
157. 1181.79 -> 6008
158. 1137.2 -> 6010
159. 1085.06 -> 6014
160. 1061.6 -> 6016
161. 1053.43 -> 6018
162. 1020.99 -> 6019
163. 999.714 -> 6020
164. 950.302 -> 6024
165. 920.782 -> 6025
166. 917.788 -> 6026
167. 814.517 -> 6027
168. 759.575 -> 6029
169. 749.526 -> 6035
170. 739.619 -> 6053
171. 719.568 -> 6054
172. 615.7 -> 6055
173. 615.345 -> 6256
174. 576.578 -> 6259
175. 540.232 -> 6260
176. 525.119 -> 6463
177. 509.866 -> 6464
178. 486.437 -> 6483
179. 462.05 -> 6484
180. 1283.84 -> 7001
181. 1278.6 -> 7003
182. 1213.88 -> 7005
183. 1090.5 -> 7006
184. 1016.45 -> 7007
185. 934.28 -> 7009
186. 914.261 -> 7010
187. 906.885 -> 7018
188. 809.991 -> 7020
189. 791.199 -> 7031
190. 745.227 -> 7032
191. 734.87 -> 7033
192. 706.138 -> 7034
193. 681.394 -> 7036
194. 663.088 -> 7042
195. 632.55 -> 7043
196. 603.652 -> 7232
197. 583.481 -> 7252
198. 569.625 -> 7253
199. 528.068 -> 7329
200. 484.47 -> 7349
201. 464.254 -> 7350
202. 439.23 -> 7555
203. 429.857 -> 7566
204. 1387.75 -> 8001
205. 1370.82 -> 8002
206. 1303.09 -> 8003
207. 1290.55 -> 8004
208. 1177.14 -> 8005
209. 1113.46 -> 8006
210. 1100.57 -> 8007
211. 1071.5 -> 8008
212. 971.592 -> 8009
213. 964.421 -> 8014
214. 930.797 -> 8026
215. 910.097 -> 8027
216. 874.667 -> 8028
217. 790.527 -> 8032
218. 788.559 -> 8033
219. 773.25 -> 8049
220. 723.662 -> 8055
221. 722.654 -> 8056
222. 713.2 -> 8057
223. 658.216 -> 8124
224. 643.691 -> 8137
225. 622.742 -> 8249
226. 622.38 -> 8279
227. 609.061 -> 8319
228. 607.471 -> 8328
229. 606.216 -> 8329
230. 528.042 -> 8336
231. 515.201 -> 8421
232. 505.713 -> 8423
233. 479.226 -> 8425
234. 1153.99 -> 9001
235. 1088.61 -> 9003
236. 726.927 -> 9004
237. 712.405 -> 9011
238. 662.015 -> 9026
239. 606.643 -> 9164
240. 591.049 -> 9188
241. 578.596 -> 9302
242. 578.022 -> 9371
243. 570.701 -> 9372
244. 554.195 -> 9375
245. 553.611 -> 9890
246. 538.778 -> 9895
247. 1349.04 -> 10001
248. 1328.96 -> 10003
249. 1260.49 -> 10004
250. 1165.73 -> 10008
251. 1134.34 -> 10010
252. 1126.52 -> 10011
253. 892.995 -> 10013
254. 839.261 -> 10015
255. 825.582 -> 10046
256. 811.913 -> 10047
257. 780.295 -> 10049
258. 715.052 -> 10051
259. 646.63 -> 10057
260. 565.45 -> 10058
261. 552.039 -> 10059
262. 449.712 -> 10060
263. 433.741 -> 10103
264. 427.274 -> 10110
265. 423.757 -> 10112
266. 413.616 -> 10117
267. 405.497 -> 10157
268. 1581.47 -> 11001
269. 1524.01 -> 11004
270. 1493.65 -> 11005
271. 1263.3 -> 11006
272. 1220.68 -> 11013
273. 1201.69 -> 11014
274. 1196.6 -> 11015
275. 1190.27 -> 11016
276. 1049.7 -> 11017
277. 1036.28 -> 11020
278. 933.285 -> 11022
279. 894.656 -> 11049
280. 802.478 -> 11050
281. 711.198 -> 11069
282. 690.944 -> 11074
283. 665.355 -> 11100
284. 574.191 -> 11103
285. 566.91 -> 11269
286. 538.046 -> 11271
287. 536.787 -> 11299
288. 529.465 -> 11300
289. 520.995 -> 11470
290. 499.662 -> 11732
291. 469.442 -> 11733
292. 463.798 -> 11736
293. 1259.26 -> 12001
294. 1252.08 -> 12002
295. 1193.71 -> 12008
296. 1157.88 -> 12023
297. 1151.36 -> 12024
298. 1137.64 -> 12037
299. 1050.2 -> 12038
300. 955.588 -> 12039
301. 902.329 -> 12052
302. 839.08 -> 12053
303. 814.821 -> 12065
304. 802.251 -> 12066
305. 790.473 -> 12075
306. 733.685 -> 12076
307. 721.743 -> 12077
308. 716.041 -> 12101
309. 711.303 -> 12126
310. 689.819 -> 12129
311. 527.332 -> 12145
312. 522.697 -> 12146
313. 515.543 -> 12147
314. 493.991 -> 12148
315. 480.641 -> 12149
316. 451.752 -> 12316
317. 450.748 -> 12319
318. 418.454 -> 12320
319. 1434.99 -> 13001
320. 1076.51 -> 13002
321. 1063.01 -> 13003
322. 919.185 -> 13020
323. 790.477 -> 13023
324. 751.229 -> 13028
325. 749.947 -> 13031
326. 748.95 -> 13032
327. 622.938 -> 13034
328. 603.022 -> 13123
329. 577.705 -> 13124
330. 542.31 -> 13150
331. 539.344 -> 13159
332. 538.006 -> 13383
333. 488.301 -> 13395
334. 486.774 -> 13396
335. 480.919 -> 13445
336. 1192.83 -> 14001
337. 1100.74 -> 14002
338. 1085.54 -> 14003
339. 1078.97 -> 14007
340. 1034.97 -> 14010
341. 1031.42 -> 14022
342. 1029.13 -> 14024
343. 1020.58 -> 14026
344. 977.72 -> 14027
345. 771.608 -> 14035
346. 661.482 -> 14036
347. 659.045 -> 14053
348. 634.125 -> 14062
349. 622.567 -> 14101
350. 601.401 -> 14102
351. 581.831 -> 14103
352. 577.527 -> 14318
353. 553.663 -> 14664
354. 535.899 -> 14963
355. 532.648 -> 14969
356. 1549.04 -> 15001
357. 1472.56 -> 15002
358. 1462.35 -> 15003
359. 1435.04 -> 15004
360. 1432.56 -> 15007
361. 1373.55 -> 15008
362. 1277.43 -> 15009
363. 1247.97 -> 15011
364. 1212.13 -> 15012
365. 1206.7 -> 15013
366. 881.195 -> 15016
367. 881.078 -> 15038
368. 879.737 -> 15039
369. 756.755 -> 15044
370. 693.379 -> 15047
371. 652.814 -> 15051
372. 651.959 -> 15126
373. 645.793 -> 15127
374. 569.767 -> 15134
375. 546.183 -> 15184
376. 471.378 -> 15234
377. 391.694 -> 15444
378. 369.254 -> 15445
379. 1379.96 -> 16001
380. 1376.24 -> 16003
381. 1251.88 -> 16004
382. 1059.15 -> 16005
383. 1021.59 -> 16006
384. 928.338 -> 16008
385. 880.469 -> 16016
386. 872.825 -> 16017
387. 833.812 -> 16018
388. 772.246 -> 16019
389. 726.612 -> 16020
390. 718.126 -> 16022
391. 694.803 -> 16023
392. 681.665 -> 16025
393. 659.845 -> 16026
394. 657.56 -> 16027
395. 649.033 -> 16029
396. 630.056 -> 16030
397. 595.983 -> 16038
398. 593.164 -> 16047
399. 580.733 -> 16048
400. 569.744 -> 16049
401. 520.239 -> 16050
402. 502.527 -> 16151
403. 464.402 -> 16403
404. 1370.81 -> 17001
405. 1213.99 -> 17006
406. 1153.82 -> 17011
407. 1037.26 -> 17013
408. 1031.59 -> 17029
409. 1010.66 -> 17030
410. 998.311 -> 17042
411. 932.047 -> 17043
412. 915.361 -> 17055
413. 789.568 -> 17056
414. 731.713 -> 17057
415. 710.56 -> 17058
416. 696.999 -> 17059
417. 572.882 -> 17060
418. 567.463 -> 17067
419. 555.382 -> 17068
420. 554.668 -> 17364
421. 516.502 -> 17403
422. 488.508 -> 17418
423. 1345.17 -> 18001
424. 1314.97 -> 18002
425. 1177.73 -> 18006
426. 1149.9 -> 18008
427. 1138.3 -> 18009
428. 1125.18 -> 18010
429. 1102.9 -> 18011
430. 1000.28 -> 18012
431. 996.444 -> 18013
432. 961.971 -> 18014
433. 921.379 -> 18026
434. 895.021 -> 18027
435. 889.88 -> 18043
436. 873.828 -> 18055
437. 832.214 -> 18061
438. 794.541 -> 18070
439. 775.922 -> 18071
440. 755.816 -> 18077
441. 714.475 -> 18085
442. 607.746 -> 18089
443. 568.117 -> 18143
444. 534.481 -> 18144
445. 506.883 -> 18169
446. 503.307 -> 18170
447. 468.774 -> 18173
448. 1313.77 -> 19001
449. 1245.29 -> 19006
450. 1111.25 -> 19008
451. 1041.87 -> 19010
452. 1007.09 -> 19011
453. 995.535 -> 19015
454. 960.746 -> 19016
455. 891.975 -> 19019
456. 882.139 -> 19020
457. 871.663 -> 19028
458. 797.577 -> 19031
459. 773.952 -> 19032
460. 682.967 -> 19033
461. 678.059 -> 19137
462. 666.367 -> 19138
463. 639.121 -> 19139
464. 588.74 -> 19152
465. 499.375 -> 19153
466. 436.561 -> 19154
467. 1119.04 -> 20001
468. 1040.19 -> 20042
469. 1039.18 -> 20044
470. 1015.88 -> 20046
471. 811.619 -> 20050
472. 771.529 -> 20061
473. 729.519 -> 20081
474. 657.901 -> 20082
475. 650.737 -> 20088
476. 631.626 -> 20090
477. 621.577 -> 20095
478. 607.457 -> 20096
479. 594.211 -> 20098
480. 574.825 -> 20099
481. 571.416 -> 20104
482. 533.397 -> 20137
483. 530.543 -> 20138
484. 525.728 -> 20614
485. 525.561 -> 20623
486. 518.918 -> 20624
487. 513.353 -> 20691
488. 412.093 -> 20925
489. 1481.32 -> 21001
490. 1470.15 -> 21002
491. 1279.17 -> 21003
492. 1050.81 -> 21008
493. 995.008 -> 21022
494. 927.481 -> 21024
495. 916.666 -> 21025
496. 895.962 -> 21026
497. 715.748 -> 21027
498. 705.257 -> 21046
499. 698.064 -> 21050
500. 651.988 -> 21056
501. 649.626 -> 21059
502. 648.887 -> 21060
503. 608.923 -> 21061
504. 589.604 -> 21066
505. 584.493 -> 21067
506. 538.584 -> 21068
507. 525.143 -> 21119
508. 513.637 -> 21162
509. 504.161 -> 21167
510. 484.488 -> 21170
511. 1412.22 -> 22001
512. 1297.34 -> 22002
513. 1240.89 -> 22003
514. 1109.63 -> 22004
515. 1093.11 -> 22005
516. 967.886 -> 22009
517. 827.74 -> 22011
518. 745.56 -> 22014
519. 713.751 -> 22016
520. 709.351 -> 22043
521. 681.607 -> 22044
522. 549.662 -> 22045
523. 509.343 -> 22046
524. 479.207 -> 22153
525. 475.203 -> 22174
526. 436.763 -> 22176
527. 431.588 -> 22177
528. 396.161 -> 22178
529. 1585.94 -> 23001
530. 1517.92 -> 23002
531. 1494.17 -> 23006
532. 1300.1 -> 23007
533. 1267.69 -> 23008
534. 1185.57 -> 23009
535. 1147.37 -> 23011
536. 937.911 -> 23015
537. 854.704 -> 23017
538. 819.481 -> 23052
539. 747.59 -> 23053
540. 725.744 -> 23060
541. 683.221 -> 23061
542. 613.026 -> 23069
543. 596.771 -> 23073
544. 563.822 -> 23121
545. 508.554 -> 23122
546. 502.917 -> 23412
547. 500.163 -> 23642
548. 497.248 -> 23643
549. 494.115 -> 23644
550. 490.812 -> 23726
551. 1403.71 -> 24001
552. 1184.22 -> 24003
553. 1171.52 -> 24004
554. 1165.07 -> 24014
555. 1114.9 -> 24019
556. 1100.42 -> 24020
557. 1012.48 -> 24023
558. 900.747 -> 24024
559. 861.301 -> 24034
560. 860.318 -> 24037
561. 847.879 -> 24048
562. 699.609 -> 24049
563. 688.547 -> 24063
564. 681.99 -> 24068
565. 639.414 -> 24163
566. 628.07 -> 24164
567. 591.902 -> 24165
568. 586.492 -> 24166
569. 579.347 -> 24167
570. 544.233 -> 24186
571. 537.932 -> 24205
572. 537.48 -> 24209
573. 536.484 -> 24210
574. 532.756 -> 24211
575. 524.13 -> 24212
576. 514.834 -> 24215
577. 504.479 -> 24233
578. 494.705 -> 24234
579. 486.23 -> 24513
580. 1173 -> 25001
581. 1009.16 -> 25012
582. 903.725 -> 25020
583. 895.782 -> 25029
584. 868.569 -> 25030
585. 830.777 -> 25031
586. 829.754 -> 25051
587. 796.643 -> 25057
588. 760.664 -> 25071
589. 729.756 -> 25073
590. 705.291 -> 25078
591. 635.95 -> 25079
592. 635.729 -> 25080
593. 573.524 -> 25082
594. 561.784 -> 25287
595. 561.738 -> 25291
596. 560.497 -> 25292
597. 552.955 -> 25293
598. 541.165 -> 25294
599. 519.83 -> 25295
600. 513.109 -> 25296
601. 512.899 -> 25297
602. 471.758 -> 25472
603. 469.864 -> 25474
604. 468.883 -> 25611
605. 448.016 -> 25960
606. 440.312 -> 25962
607. 439.163 -> 25963
608. 1511.12 -> 26001
609. 1478 -> 26002
610. 1342.29 -> 26004
611. 1234.5 -> 26006
612. 1187.34 -> 26007
613. 1178.97 -> 26008
614. 1148.22 -> 26014
615. 1110.22 -> 26015
616. 1108.91 -> 26016
617. 1036.78 -> 26020
618. 939.445 -> 26025
619. 798.475 -> 26041
620. 796.599 -> 26048
621. 796.214 -> 26049
622. 766.023 -> 26052
623. 648.987 -> 26053
624. 640.637 -> 26106
625. 617.887 -> 26143
626. 439.962 -> 26147
627. 1523.29 -> 27001
628. 1461.98 -> 27002
629. 1431.28 -> 27003
630. 1427.42 -> 27004
631. 1228.16 -> 27005
632. 1214.78 -> 27008
633. 1201.23 -> 27009
634. 1199.16 -> 27010
635. 1015.71 -> 27011
636. 1009.02 -> 27012
637. 909.438 -> 27014
638. 887.852 -> 27015
639. 770.903 -> 27024
640. 759.752 -> 27025
641. 753.886 -> 27045
642. 684.832 -> 27046
643. 680.087 -> 27089
644. 677.229 -> 27090
645. 669.247 -> 27109
646. 655.994 -> 27180
647. 647.541 -> 27194
648. 642.858 -> 27195
649. 618.632 -> 27304
650. 607.185 -> 27308
651. 591.043 -> 27336
652. 586.441 -> 27337
653. 546.166 -> 27364
654. 532.26 -> 27377
655. 495.919 -> 27510
656. 467.6 -> 27513
657. 446.621 -> 27603
658. 446.146 -> 27611
659. 1480.44 -> 28001
660. 1251.85 -> 28003
661. 1192.03 -> 28004
662. 1183.87 -> 28006
663. 1138.2 -> 28008
664. 1051.58 -> 28012
665. 1001.11 -> 28014
666. 909.125 -> 28021
667. 905.505 -> 28028
668. 824.252 -> 28029
669. 738.163 -> 28030
670. 715.728 -> 28032
671. 672.996 -> 28035
672. 646.418 -> 28055
673. 598.475 -> 28057
674. 514.523 -> 28060
675. 489.554 -> 28149
676. 474.419 -> 28151
677. 458.944 -> 28152
678. 438.745 -> 28157
679. 426.693 -> 28177
680. 1232.15 -> 29001
681. 1219.1 -> 29005
682. 1165.25 -> 29007
683. 1119.01 -> 29012
684. 1107.54 -> 29016
685. 1087.08 -> 29018
686. 1083.57 -> 29019
687. 1064.74 -> 29020
688. 1047.1 -> 29021
689. 1016.09 -> 29022
690. 951.086 -> 29023
691. 895.287 -> 29037
692. 832.819 -> 29049
693. 767.93 -> 29051
694. 741.006 -> 29053
695. 706.806 -> 29054
696. 670.962 -> 29086
697. 669.85 -> 29100
698. 659.079 -> 29101
699. 640.267 -> 29102
700. 635.589 -> 29162
701. 613.788 -> 29163
702. 580.366 -> 29164
703. 567.345 -> 29217
704. 542.289 -> 29224
705. 535.981 -> 29236
706. 484.601 -> 29313



Rezultate rulari
Minim: 362.703
Maxim: 1627.55
Medie: 813.662



