0. 319.131 -> 1
1. 318.817 -> 2
2. 318.241 -> 4
3. 243.742 -> 6
4. 195.444 -> 7
5. 174.172 -> 15
6. 167.484 -> 22
7. 155.353 -> 23
8. 144.099 -> 31
9. 137.571 -> 34
10. 137.409 -> 36
11. 134.747 -> 43
12. 130.157 -> 48
13. 121.998 -> 49
14. 108.285 -> 51
15. 101.705 -> 52
16. 93.0099 -> 53
17. 92.3967 -> 54
18. 91.0065 -> 55
19. 83.4676 -> 57
20. 75.7147 -> 79
21. 75.5918 -> 90
22. 68.743 -> 91
23. 66.9512 -> 139
24. 63.5263 -> 158
25. 63.2779 -> 159
26. 56.5422 -> 162
27. 54.7436 -> 183
28. 48.7205 -> 185
29. 40.81 -> 213
30. 38.7184 -> 233
31. 38.618 -> 234
32. 37.2814 -> 238
33. 36.8398 -> 240
34. 34.9991 -> 242
35. 34.0088 -> 248
36. 326.938 -> 1001
37. 308.816 -> 1003
38. 303.695 -> 1004
39. 300.927 -> 1005
40. 242.647 -> 1006
41. 219.104 -> 1007
42. 216.545 -> 1011
43. 207.634 -> 1012
44. 202.75 -> 1013
45. 196.112 -> 1014
46. 182.406 -> 1016
47. 164.196 -> 1018
48. 154.164 -> 1019
49. 153.93 -> 1020
50. 142.306 -> 1021
51. 100.922 -> 1022
52. 100.186 -> 1024
53. 99.4054 -> 1025
54. 91.0116 -> 1029
55. 90.8707 -> 1030
56. 80.2334 -> 1034
57. 79.6129 -> 1036
58. 77.5531 -> 1037
59. 76.589 -> 1039
60. 73.416 -> 1040
61. 69.9101 -> 1076
62. 66.5469 -> 1081
63. 62.1 -> 1082
64. 60.1212 -> 1090
65. 54.5388 -> 1180
66. 54.4124 -> 1313
67. 53.7096 -> 1316
68. 47.6218 -> 1323
69. 34.5862 -> 1324
70. 34.3482 -> 1790
71. 33.1332 -> 1810
72. 25.231 -> 1850
73. 212.855 -> 2001
74. 208.329 -> 2002
75. 185.281 -> 2003
76. 176.146 -> 2005
77. 173.656 -> 2006
78. 150.386 -> 2012
79. 144.527 -> 2016
80. 136.208 -> 2020
81. 112.986 -> 2021
82. 98.7798 -> 2023
83. 90.1398 -> 2034
84. 89.5503 -> 2040
85. 89.2007 -> 2058
86. 87.5267 -> 2061
87. 86.6761 -> 2062
88. 75.1965 -> 2065
89. 74.9299 -> 2066
90. 63.2287 -> 2067
91. 59.2439 -> 2092
92. 55.081 -> 2099
93. 54.0736 -> 2100
94. 51.7933 -> 2104
95. 50.5852 -> 2110
96. 47.975 -> 2111
97. 46.0948 -> 2302
98. 45.6798 -> 2303
99. 44.1463 -> 2319
100. 33.7542 -> 2322
101. 33.4345 -> 2326
102. 25.984 -> 2328
103. 341.79 -> 3001
104. 326.057 -> 3002
105. 300.465 -> 3003
106. 294.554 -> 3004
107. 286.732 -> 3005
108. 212.729 -> 3008
109. 180.833 -> 3009
110. 173.649 -> 3011
111. 173.455 -> 3013
112. 166.349 -> 3014
113. 158.791 -> 3020
114. 157.228 -> 3021
115. 147.472 -> 3022
116. 119.294 -> 3026
117. 114.225 -> 3030
118. 113.463 -> 3032
119. 90.7822 -> 3034
120. 89.2935 -> 3046
121. 85.6206 -> 3047
122. 70.1835 -> 3048
123. 70.1549 -> 3192
124. 70.1357 -> 3193
125. 69.4816 -> 3194
126. 58.6379 -> 3195
127. 58.5654 -> 3196
128. 42.6449 -> 3198
129. 39.043 -> 3397
130. 221.544 -> 4001
131. 213.76 -> 4002
132. 167.447 -> 4003
133. 163.513 -> 4015
134. 162.404 -> 4020
135. 152.178 -> 4021
136. 146.768 -> 4023
137. 142.405 -> 4025
138. 133.331 -> 4027
139. 117.393 -> 4052
140. 115.605 -> 4053
141. 93.8808 -> 4062
142. 78.2834 -> 4064
143. 75.9854 -> 4066
144. 67.3304 -> 4068
145. 66.8046 -> 4076
146. 62.4098 -> 4078
147. 56.5746 -> 4082
148. 56.124 -> 4083
149. 53.4731 -> 4084
150. 49.1807 -> 4158
151. 47.8384 -> 4273
152. 47.6233 -> 4274
153. 47.5823 -> 4276
154. 45.358 -> 4277
155. 42.8703 -> 4282
156. 42.6688 -> 4284
157. 42.2168 -> 4792
158. 41.6088 -> 4796
159. 39.4927 -> 4798
160. 319.817 -> 5001
161. 315.9 -> 5002
162. 277.138 -> 5003
163. 262.109 -> 5006
164. 257.308 -> 5007
165. 247.706 -> 5008
166. 139.872 -> 5010
167. 113.114 -> 5011
168. 108.25 -> 5013
169. 106.02 -> 5014
170. 98.1007 -> 5015
171. 92.3762 -> 5024
172. 91.1585 -> 5025
173. 90.9587 -> 5027
174. 90.5988 -> 5064
175. 82.3497 -> 5068
176. 80.997 -> 5091
177. 64.9081 -> 5094
178. 63.3162 -> 5103
179. 63.1354 -> 5104
180. 60.8763 -> 5105
181. 60.308 -> 5115
182. 57.4977 -> 5118
183. 54.68 -> 5119
184. 54.6317 -> 5261
185. 51.3355 -> 5297
186. 50.5706 -> 5299
187. 43.8841 -> 5504
188. 42.116 -> 5775
189. 42.0753 -> 5776
190. 42.0403 -> 5777
191. 480.816 -> 6001
192. 446.744 -> 6002
193. 417.55 -> 6003
194. 219.382 -> 6004
195. 217.975 -> 6005
196. 201.035 -> 6006
197. 182.522 -> 6007
198. 180.662 -> 6008
199. 178.911 -> 6011
200. 175.76 -> 6012
201. 169.02 -> 6013
202. 167.916 -> 6014
203. 148.565 -> 6016
204. 125.467 -> 6017
205. 110.698 -> 6018
206. 110.595 -> 6019
207. 102.644 -> 6031
208. 99.7527 -> 6049
209. 97.0061 -> 6063
210. 94.877 -> 6064
211. 91.065 -> 6065
212. 78.0323 -> 6103
213. 77.9641 -> 6104
214. 74.5855 -> 6106
215. 69.8368 -> 6136
216. 67.7118 -> 6139
217. 66.0725 -> 6142
218. 63.5542 -> 6143
219. 60.4622 -> 6144
220. 60.0972 -> 6152
221. 50.1171 -> 6156
222. 48.3806 -> 6159
223. 47.6628 -> 6291
224. 44.3035 -> 6293
225. 36.9007 -> 6297
226. 34.3454 -> 6299
227. 34.3418 -> 6300
228. 34.1818 -> 6301
229. 33.1645 -> 6304
230. 32.3946 -> 6305
231. 333.498 -> 7001
232. 318.14 -> 7002
233. 276.334 -> 7005
234. 194.956 -> 7008
235. 189.627 -> 7009
236. 159.108 -> 7010
237. 143.486 -> 7013
238. 135.513 -> 7015
239. 130.61 -> 7022
240. 120.023 -> 7023
241. 112.941 -> 7025
242. 97.9805 -> 7032
243. 91.6765 -> 7044
244. 81.9879 -> 7045
245. 81.9268 -> 7052
246. 78.0447 -> 7070
247. 71.5388 -> 7071
248. 71.2601 -> 7102
249. 65.3529 -> 7106
250. 64.1971 -> 7107
251. 53.8668 -> 7108
252. 52.4001 -> 7110
253. 35.2923 -> 7111
254. 32.4334 -> 7149
255. 32.0801 -> 7885
256. 31.8721 -> 7886
257. 302.899 -> 8001
258. 147.463 -> 8002
259. 144.379 -> 8025
260. 133.709 -> 8029
261. 98.221 -> 8030
262. 81.2525 -> 8042
263. 74.0212 -> 8071
264. 71.5064 -> 8077
265. 69.2518 -> 8080
266. 64.6772 -> 8082
267. 61.8176 -> 8085
268. 60.9204 -> 8089
269. 58.9702 -> 8135
270. 57.9855 -> 8172
271. 57.5017 -> 8173
272. 55.8639 -> 8174
273. 53.6107 -> 8539
274. 52.6419 -> 8770
275. 52.3474 -> 8774
276. 36.4313 -> 8828
277. 284.962 -> 9001
278. 270.179 -> 9003
279. 263.361 -> 9004
280. 258.74 -> 9005
281. 252.846 -> 9006
282. 233.221 -> 9008
283. 196.133 -> 9009
284. 192.107 -> 9011
285. 169.344 -> 9012
286. 165.168 -> 9013
287. 155.242 -> 9016
288. 140.383 -> 9017
289. 139.755 -> 9019
290. 121.132 -> 9020
291. 120.757 -> 9022
292. 94.8903 -> 9025
293. 88.9227 -> 9026
294. 87.1672 -> 9029
295. 69.5287 -> 9030
296. 57.9492 -> 9042
297. 52.4122 -> 9058
298. 52.2744 -> 9059
299. 46.1892 -> 9060
300. 45.2323 -> 9061
301. 45.1057 -> 9063
302. 44.1939 -> 9390
303. 35.8385 -> 9416
304. 35.3113 -> 9472
305. 408.292 -> 10001
306. 272.153 -> 10003
307. 232.882 -> 10004
308. 223.9 -> 10006
309. 220.387 -> 10007
310. 175.067 -> 10008
311. 166.027 -> 10009
312. 155.44 -> 10013
313. 152.352 -> 10023
314. 145.468 -> 10026
315. 127.395 -> 10028
316. 114.701 -> 10044
317. 103.277 -> 10046
318. 93.7184 -> 10047
319. 91.6288 -> 10051
320. 76.1377 -> 10052
321. 76.0647 -> 10054
322. 59.7992 -> 10081
323. 59.5181 -> 10082
324. 50.0193 -> 10083
325. 48.7083 -> 10084
326. 48.6836 -> 10587
327. 45.0493 -> 10591
328. 323.968 -> 11001
329. 257.711 -> 11002
330. 256.025 -> 11008
331. 206.001 -> 11009
332. 172.477 -> 11012
333. 166.044 -> 11013
334. 166.04 -> 11014
335. 136.674 -> 11015
336. 134.574 -> 11018
337. 97.6702 -> 11024
338. 96.905 -> 11026
339. 74.6055 -> 11027
340. 73.2737 -> 11028
341. 68.7139 -> 11033
342. 68.6722 -> 11035
343. 66.373 -> 11036
344. 64.6141 -> 11129
345. 64.0585 -> 11133
346. 62.3754 -> 11135
347. 60.6176 -> 11136
348. 57.5785 -> 11137
349. 55.0754 -> 11243
350. 51.2661 -> 11244
351. 48.9232 -> 11249
352. 48.0662 -> 11250
353. 47.7494 -> 11251
354. 41.9675 -> 11253
355. 40.4836 -> 11580
356. 40.0536 -> 11581
357. 39.9286 -> 11583
358. 39.4595 -> 11585
359. 38.1571 -> 11586
360. 331.973 -> 12001
361. 223.262 -> 12002
362. 201.525 -> 12005
363. 178.707 -> 12006
364. 137.259 -> 12007
365. 135.536 -> 12009
366. 122.65 -> 12012
367. 109.874 -> 12015
368. 107.613 -> 12016
369. 104.326 -> 12018
370. 104.263 -> 12019
371. 102.261 -> 12021
372. 75.5091 -> 12022
373. 75.2055 -> 12023
374. 70.4136 -> 12031
375. 56.7551 -> 12061
376. 56.6945 -> 12062
377. 55.8342 -> 12063
378. 43.0971 -> 12073
379. 42.8938 -> 12074
380. 34.9169 -> 12673
381. 33.942 -> 12968
382. 213.539 -> 13001
383. 201.612 -> 13002
384. 200.463 -> 13003
385. 168.741 -> 13004
386. 166.91 -> 13005
387. 162.828 -> 13006
388. 140.727 -> 13007
389. 124.024 -> 13008
390. 91.7075 -> 13014
391. 86.7751 -> 13028
392. 85.6572 -> 13030
393. 74.4934 -> 13032
394. 56.1859 -> 13038
395. 52.2749 -> 13040
396. 50.0522 -> 13045
397. 49.2508 -> 13060
398. 48.6537 -> 13648
399. 45.1546 -> 13659
400. 41.0099 -> 13669
401. 40.3675 -> 13671
402. 40.2017 -> 13674
403. 354.403 -> 14001
404. 335.189 -> 14002
405. 301.548 -> 14003
406. 213.224 -> 14004
407. 206.431 -> 14013
408. 188.062 -> 14014
409. 170.642 -> 14026
410. 159.953 -> 14028
411. 159.719 -> 14029
412. 139.254 -> 14030
413. 138.478 -> 14031
414. 122.837 -> 14033
415. 121.384 -> 14035
416. 112.56 -> 14036
417. 109.889 -> 14038
418. 102.68 -> 14049
419. 80.1927 -> 14064
420. 72.9489 -> 14072
421. 67.0992 -> 14076
422. 60.9691 -> 14077
423. 59.9315 -> 14079
424. 39.83 -> 14082
425. 39.6715 -> 14129
426. 38.7757 -> 14146
427. 38.7509 -> 14147
428. 36.174 -> 14149
429. 31.2601 -> 14152
430. 30.296 -> 14194
431. 30.1303 -> 14195
432. 29.5343 -> 14197
433. 27.8339 -> 14200
434. 27.6223 -> 14201
435. 26.9158 -> 14202
436. 26.8267 -> 14203
437. 228.168 -> 15001
438. 224.536 -> 15002
439. 212.464 -> 15003
440. 183.488 -> 15004
441. 177.645 -> 15005
442. 161.703 -> 15006
443. 134.716 -> 15009
444. 129.335 -> 15025
445. 129.035 -> 15027
446. 104.011 -> 15028
447. 93.3244 -> 15047
448. 93.0046 -> 15064
449. 91.0521 -> 15067
450. 89.9408 -> 15070
451. 89.7971 -> 15092
452. 84.5495 -> 15093
453. 64.2026 -> 15141
454. 62.236 -> 15143
455. 61.9941 -> 15144
456. 53.9413 -> 15167
457. 53.897 -> 15445
458. 52.8257 -> 15446
459. 52.8222 -> 15450
460. 52.5654 -> 15452
461. 49.7423 -> 15498
462. 42.6679 -> 15499
463. 36.7166 -> 15500
464. 30.3503 -> 15726
465. 26.9546 -> 15734
466. 24.9032 -> 15858
467. 24.898 -> 15860
468. 236.254 -> 16001
469. 234.436 -> 16002
470. 210.182 -> 16003
471. 154.442 -> 16005
472. 151.885 -> 16010
473. 138.063 -> 16011
474. 132.743 -> 16013
475. 131.547 -> 16014
476. 101.911 -> 16015
477. 99.6284 -> 16036
478. 88.4663 -> 16037
479. 86.0801 -> 16038
480. 71.168 -> 16044
481. 70.4238 -> 16051
482. 67.7678 -> 16142
483. 59.0536 -> 16147
484. 58.381 -> 16203
485. 51.3913 -> 16204
486. 43.831 -> 16209
487. 43.0824 -> 16210
488. 38.7532 -> 16400
489. 38.2032 -> 16655
490. 37.5427 -> 16867
491. 332.19 -> 17001
492. 294.387 -> 17003
493. 280.118 -> 17004
494. 171.477 -> 17005
495. 135.463 -> 17014
496. 132.713 -> 17024
497. 132.569 -> 17034
498. 132.336 -> 17038
499. 126.675 -> 17040
500. 124.616 -> 17042
501. 120.626 -> 17043
502. 108.736 -> 17044
503. 102.65 -> 17050
504. 83.6748 -> 17052
505. 82.6358 -> 17057
506. 79.801 -> 17059
507. 71.6541 -> 17060
508. 69.5102 -> 17084
509. 58.5303 -> 17087
510. 58.4573 -> 17088
511. 56.2994 -> 17104
512. 55.5075 -> 17105
513. 52.485 -> 17106
514. 52.3804 -> 17108
515. 52.1538 -> 17109
516. 43.4908 -> 17122
517. 331.296 -> 18001
518. 286.485 -> 18002
519. 272.418 -> 18003
520. 186.86 -> 18004
521. 186.061 -> 18005
522. 181.747 -> 18008
523. 178.542 -> 18011
524. 169.127 -> 18012
525. 156.88 -> 18014
526. 156.858 -> 18015
527. 154.754 -> 18016
528. 154.669 -> 18018
529. 154.086 -> 18019
530. 151.114 -> 18020
531. 135.273 -> 18021
532. 129.808 -> 18026
533. 126.334 -> 18028
534. 125.14 -> 18029
535. 115.067 -> 18036
536. 100.835 -> 18074
537. 97.6612 -> 18075
538. 87.5678 -> 18076
539. 85.9687 -> 18077
540. 81.9909 -> 18082
541. 77.2794 -> 18083
542. 72.3577 -> 18085
543. 72.3048 -> 18088
544. 60.1941 -> 18089
545. 58.1816 -> 18090
546. 55.5963 -> 18091
547. 55.5255 -> 18139
548. 31.8809 -> 18141
549. 211.277 -> 19001
550. 184.58 -> 19003
551. 183.811 -> 19004
552. 164.646 -> 19006
553. 164.328 -> 19008
554. 150.505 -> 19011
555. 148.922 -> 19013
556. 140.972 -> 19017
557. 125.708 -> 19018
558. 119.646 -> 19027
559. 99.9019 -> 19028
560. 87.001 -> 19032
561. 80.3911 -> 19057
562. 74.5341 -> 19058
563. 73.7748 -> 19092
564. 71.5748 -> 19094
565. 69.3733 -> 19103
566. 60.8845 -> 19114
567. 59.4786 -> 19248
568. 59.2712 -> 19333
569. 57.4665 -> 19334
570. 52.6226 -> 19414
571. 46.8284 -> 19418
572. 45.6176 -> 19419
573. 45.5676 -> 19420
574. 45.1609 -> 19421
575. 45.1157 -> 19422
576. 44.631 -> 19425
577. 40.7603 -> 19445
578. 32.5138 -> 19826
579. 32.3711 -> 19831
580. 32.3178 -> 19832
581. 28.8148 -> 19835
582. 324.561 -> 20001
583. 228.513 -> 20002
584. 227.33 -> 20004
585. 214.859 -> 20005
586. 201.51 -> 20008
587. 198.545 -> 20010
588. 190.814 -> 20013
589. 175.292 -> 20014
590. 171.381 -> 20015
591. 157.115 -> 20016
592. 151.753 -> 20017
593. 119.756 -> 20022
594. 114.45 -> 20025
595. 109.096 -> 20031
596. 97.3415 -> 20033
597. 94.6576 -> 20034
598. 82.6462 -> 20036
599. 75.3998 -> 20039
600. 63.3511 -> 20063
601. 59.5382 -> 20069
602. 53.3545 -> 20077
603. 50.1956 -> 20100
604. 49.0579 -> 20186
605. 37.0745 -> 20443
606. 31.5751 -> 20947
607. 31.4682 -> 20948
608. 27.3708 -> 20949
609. 216.108 -> 21001
610. 210.388 -> 21003
611. 208.525 -> 21004
612. 199.962 -> 21006
613. 146.486 -> 21007
614. 138.295 -> 21023
615. 138.216 -> 21025
616. 136.443 -> 21027
617. 114.296 -> 21028
618. 113.306 -> 21044
619. 108.081 -> 21046
620. 102.307 -> 21048
621. 100.112 -> 21049
622. 94.5759 -> 21052
623. 90.2516 -> 21058
624. 88.2071 -> 21064
625. 87.0013 -> 21080
626. 86.3293 -> 21081
627. 85.9197 -> 21083
628. 83.153 -> 21084
629. 65.4882 -> 21090
630. 62.233 -> 21127
631. 61.0886 -> 21151
632. 60.9378 -> 21157
633. 53.8693 -> 21159
634. 53.2802 -> 21163
635. 51.293 -> 21164
636. 49.3723 -> 21731
637. 46.3085 -> 21733
638. 324.658 -> 22001
639. 273.682 -> 22006
640. 265.959 -> 22007
641. 240.822 -> 22008
642. 218.26 -> 22011
643. 213.977 -> 22012
644. 193.365 -> 22014
645. 186.575 -> 22016
646. 168.139 -> 22017
647. 155.048 -> 22021
648. 149.738 -> 22022
649. 140.803 -> 22023
650. 136.189 -> 22025
651. 135.847 -> 22028
652. 131.191 -> 22031
653. 122.707 -> 22035
654. 122.343 -> 22037
655. 89.8217 -> 22038
656. 77.9361 -> 22044
657. 66.5879 -> 22054
658. 58.6835 -> 22099
659. 49.4513 -> 22100
660. 35.8591 -> 22101
661. 35.6502 -> 22106
662. 293.515 -> 23001
663. 279.745 -> 23002
664. 266.656 -> 23006
665. 226.241 -> 23007
666. 212.603 -> 23011
667. 202.85 -> 23016
668. 188.711 -> 23018
669. 188.432 -> 23019
670. 173.944 -> 23020
671. 147.076 -> 23021
672. 132.555 -> 23022
673. 121.497 -> 23023
674. 103.39 -> 23034
675. 99.2274 -> 23037
676. 95.9299 -> 23044
677. 94.0747 -> 23078
678. 84.5694 -> 23084
679. 79.9052 -> 23126
680. 76.6076 -> 23127
681. 76.4979 -> 23141
682. 71.3318 -> 23143
683. 70.1452 -> 23156
684. 60.6175 -> 23157
685. 56.68 -> 23263
686. 54.7801 -> 23357
687. 54.1549 -> 23892
688. 46.5342 -> 23894
689. 40.1634 -> 23902
690. 35.5165 -> 23905
691. 33.1181 -> 23907
692. 31.6635 -> 23908
693. 186.224 -> 24001
694. 137.349 -> 24002
695. 133.708 -> 24011
696. 130.613 -> 24012
697. 117.681 -> 24014
698. 113.326 -> 24018
699. 110.495 -> 24019
700. 106.193 -> 24031
701. 98.875 -> 24035
702. 98.5572 -> 24037
703. 88.9247 -> 24038
704. 85.7585 -> 24040
705. 76.4247 -> 24041
706. 71.6597 -> 24093
707. 68.665 -> 24121
708. 67.4223 -> 24122
709. 58.2397 -> 24127
710. 55.892 -> 24235
711. 50.4296 -> 24240
712. 49.8164 -> 24243
713. 36.6606 -> 24244
714. 34.2361 -> 24531
715. 32.6469 -> 24532
716. 331.621 -> 25001
717. 325.973 -> 25004
718. 317.364 -> 25005
719. 222.484 -> 25006
720. 217.126 -> 25007
721. 202.985 -> 25012
722. 193.865 -> 25020
723. 188.924 -> 25021
724. 180.274 -> 25022
725. 180.209 -> 25023
726. 173.519 -> 25025
727. 149.893 -> 25026
728. 145.61 -> 25031
729. 142.679 -> 25049
730. 135.418 -> 25053
731. 126.448 -> 25070
732. 125.257 -> 25076
733. 112.779 -> 25079
734. 109.719 -> 25083
735. 103.11 -> 25085
736. 99.5328 -> 25088
737. 89.5625 -> 25089
738. 80.0043 -> 25091
739. 79.6203 -> 25099
740. 67.8593 -> 25100
741. 67.7036 -> 25102
742. 66.0775 -> 25115
743. 61.0991 -> 25124
744. 51.5567 -> 25177
745. 48.0593 -> 25302
746. 47.9857 -> 25303
747. 42.5034 -> 25304
748. 39.0332 -> 25552
749. 301.227 -> 26001
750. 293.92 -> 26002
751. 212.785 -> 26006
752. 212.473 -> 26007
753. 178.834 -> 26008
754. 175.99 -> 26010
755. 171.336 -> 26012
756. 134.983 -> 26014
757. 112.654 -> 26016
758. 105.632 -> 26026
759. 61.7927 -> 26043
760. 60.5009 -> 26048
761. 52.7002 -> 26167
762. 50.3404 -> 26169
763. 40.3396 -> 26571
764. 40.3306 -> 26613
765. 39.1379 -> 26681
766. 298.688 -> 27001
767. 188.197 -> 27003
768. 158.365 -> 27007
769. 149.818 -> 27009
770. 141.062 -> 27016
771. 125.331 -> 27017
772. 103.941 -> 27019
773. 103.485 -> 27020
774. 101.447 -> 27021
775. 97.8684 -> 27024
776. 80.5836 -> 27025
777. 80.5058 -> 27028
778. 77.946 -> 27029
779. 70.4091 -> 27039
780. 44.0025 -> 27044
781. 43.8279 -> 27045
782. 39.9646 -> 27361
783. 32.2757 -> 27370
784. 301.154 -> 28001
785. 293.471 -> 28002
786. 293.308 -> 28003
787. 278.026 -> 28004
788. 141.432 -> 28005
789. 138.105 -> 28006
790. 127.11 -> 28007
791. 124.739 -> 28009
792. 124.586 -> 28010
793. 115.937 -> 28015
794. 99.7998 -> 28018
795. 84.8771 -> 28019
796. 79.5046 -> 28020
797. 79.1815 -> 28021
798. 79.1515 -> 28022
799. 69.2361 -> 28029
800. 68.4942 -> 28030
801. 50.2364 -> 28045
802. 46.1407 -> 28046
803. 45.703 -> 28047
804. 42.7087 -> 28057
805. 41.8676 -> 28059
806. 40.2838 -> 28060
807. 279.231 -> 29001
808. 254.658 -> 29002
809. 222.313 -> 29003
810. 175.267 -> 29007
811. 153.656 -> 29009
812. 153.394 -> 29010
813. 141.405 -> 29011
814. 119.733 -> 29012
815. 101.431 -> 29017
816. 97.4952 -> 29018
817. 94.6446 -> 29044
818. 92.9054 -> 29045
819. 88.9802 -> 29046
820. 84.9168 -> 29080
821. 70.0138 -> 29084
822. 67.9187 -> 29085
823. 62.408 -> 29132
824. 61.3972 -> 29133
825. 61.3276 -> 29134
826. 61.1418 -> 29135
827. 53.3919 -> 29137
828. 45.8758 -> 29218
829. 41.8726 -> 29384



Rezultate rulari
Minim: 24.898
Maxim: 480.816
Medie: 114.461



