0. 350.182 -> 1
1. 335.207 -> 2
2. 188.891 -> 3
3. 188.446 -> 4
4. 182.84 -> 7
5. 139.857 -> 8
6. 48.5431 -> 10
7. 22.901 -> 11
8. 22.2973 -> 17
9. 17.9339 -> 18
10. 17.9115 -> 20
11. 16.8229 -> 21
12. 10.4027 -> 22
13. 3.7625 -> 26
14. 2.35609 -> 31
15. 2.32661 -> 34
16. 2.13675 -> 35
17. 2.02726 -> 36
18. 1.97359 -> 37
19. 1.82431 -> 40
20. 1.82074 -> 44
21. 0.940659 -> 45
22. 0.919559 -> 47
23. 0.904052 -> 52
24. 0.159575 -> 57
25. 0.138985 -> 62
26. 0.137956 -> 157
27. 0.134209 -> 334
28. 131.387 -> 1001
29. 65.3547 -> 1002
30. 60.2443 -> 1003
31. 24.5242 -> 1004
32. 22.5713 -> 1007
33. 22.3896 -> 1009
34. 22.0988 -> 1011
35. 17.9577 -> 1015
36. 12.5257 -> 1018
37. 10.9799 -> 1019
38. 9.24398 -> 1021
39. 8.346 -> 1024
40. 7.14116 -> 1025
41. 6.60859 -> 1028
42. 6.22311 -> 1033
43. 5.60846 -> 1034
44. 5.54444 -> 1036
45. 4.27337 -> 1037
46. 4.05271 -> 1049
47. 3.98808 -> 1059
48. 3.92006 -> 1061
49. 3.84016 -> 1075
50. 3.82004 -> 1078
51. 3.77309 -> 1082
52. 3.75636 -> 1083
53. 3.73675 -> 1084
54. 3.44752 -> 1085
55. 3.35427 -> 1092
56. 3.32538 -> 1156
57. 3.1727 -> 1568
58. 66.6427 -> 2001
59. 40.5336 -> 2002
60. 33.2609 -> 2003
61. 28.5189 -> 2006
62. 22.0561 -> 2012
63. 12.6649 -> 2013
64. 8.97784 -> 2014
65. 8.19271 -> 2016
66. 7.87693 -> 2017
67. 7.75569 -> 2019
68. 7.38819 -> 2021
69. 5.01057 -> 2025
70. 4.96167 -> 2026
71. 4.1212 -> 2027
72. 2.23641 -> 2035
73. 1.27332 -> 2036
74. 1.18667 -> 2047
75. 1.11415 -> 2060
76. 1.09039 -> 2062
77. 1.02493 -> 2095
78. 0.982031 -> 2196
79. 0.979733 -> 2242
80. 0.974133 -> 2325
81. 0.93468 -> 2326
82. 0.926637 -> 2453
83. 0.893846 -> 2481
84. 0.891732 -> 2534
85. 0.867708 -> 2536
86. 0.851442 -> 2578
87. 0.846916 -> 2744
88. 0.845629 -> 2766
89. 0.837397 -> 2781
90. 0.830476 -> 2786
91. 0.824741 -> 2838
92. 0.819814 -> 2878
93. 0.819714 -> 2932
94. 1240.31 -> 3001
95. 368.829 -> 3002
96. 321.756 -> 3004
97. 315.225 -> 3005
98. 312.237 -> 3007
99. 253.855 -> 3008
100. 244.866 -> 3009
101. 213.192 -> 3018
102. 207.603 -> 3019
103. 206.865 -> 3024
104. 206.358 -> 3034
105. 202.216 -> 3035
106. 196.479 -> 3036
107. 190.969 -> 3097
108. 190.433 -> 3102
109. 142.784 -> 3123
110. 135.939 -> 3130
111. 117.311 -> 3132
112. 100.991 -> 3134
113. 47.6489 -> 3135
114. 32.3112 -> 3137
115. 21.9079 -> 3139
116. 21.7775 -> 3140
117. 21.6037 -> 3142
118. 18.4958 -> 3145
119. 8.80984 -> 3148
120. 7.67554 -> 3151
121. 6.42679 -> 3152
122. 6.23754 -> 3157
123. 5.75626 -> 3158
124. 5.75442 -> 3159
125. 5.6138 -> 3161
126. 5.16989 -> 3162
127. 4.86703 -> 3167
128. 4.31381 -> 3170
129. 4.25687 -> 3174
130. 4.25476 -> 3176
131. 4.22879 -> 3177
132. 4.14221 -> 3178
133. 3.93501 -> 3181
134. 3.93405 -> 3243
135. 3.85528 -> 3249
136. 3.84619 -> 3337
137. 3.83779 -> 3341
138. 3.821 -> 3420
139. 3.82036 -> 3456
140. 3.80164 -> 3460
141. 583.164 -> 4001
142. 550.52 -> 4002
143. 545.648 -> 4003
144. 423.127 -> 4004
145. 375.661 -> 4005
146. 123.634 -> 4006
147. 122.177 -> 4007
148. 121.937 -> 4008
149. 121.528 -> 4009
150. 112.823 -> 4010
151. 106.284 -> 4011
152. 83.4564 -> 4020
153. 76.0375 -> 4021
154. 61.6453 -> 4022
155. 54.002 -> 4025
156. 44.5362 -> 4026
157. 43.651 -> 4034
158. 39.5998 -> 4039
159. 39.2899 -> 4042
160. 35.5432 -> 4044
161. 33.8154 -> 4045
162. 33.3308 -> 4047
163. 32.4158 -> 4050
164. 32.112 -> 4053
165. 30.1017 -> 4054
166. 29.472 -> 4055
167. 24.8563 -> 4056
168. 18.7151 -> 4058
169. 18.1122 -> 4060
170. 16.7877 -> 4076
171. 16.4559 -> 4082
172. 16.2647 -> 4086
173. 15.7229 -> 4087
174. 15.7036 -> 4091
175. 15.5752 -> 4100
176. 15.3454 -> 4102
177. 14.7015 -> 4111
178. 14.4897 -> 4134
179. 14.4222 -> 4355
180. 13.9473 -> 4542
181. 13.6366 -> 4547
182. 13.5593 -> 4554
183. 13.546 -> 4842
184. 728.239 -> 5001
185. 612.621 -> 5002
186. 580.321 -> 5003
187. 452.55 -> 5004
188. 238.128 -> 5005
189. 235.009 -> 5008
190. 181.771 -> 5010
191. 141.945 -> 5011
192. 60.5541 -> 5013
193. 55.2489 -> 5015
194. 54.9343 -> 5020
195. 54.8532 -> 5021
196. 44.6647 -> 5022
197. 44.0396 -> 5023
198. 41.9373 -> 5024
199. 41.1093 -> 5025
200. 38.9819 -> 5026
201. 37.9165 -> 5028
202. 29.9866 -> 5031
203. 28.57 -> 5041
204. 28.3016 -> 5043
205. 27.55 -> 5047
206. 24.7921 -> 5049
207. 23.3169 -> 5052
208. 15.5008 -> 5054
209. 15.1456 -> 5066
210. 14.9792 -> 5078
211. 12.6887 -> 5079
212. 12.4196 -> 5082
213. 12.2729 -> 5083
214. 12.1703 -> 5084
215. 5.36604 -> 5088
216. 5.3046 -> 5089
217. 4.54194 -> 5096
218. 4.41031 -> 5097
219. 4.37837 -> 5099
220. 4.36095 -> 5112
221. 4.25124 -> 5119
222. 4.14555 -> 5121
223. 4.13427 -> 5174
224. 4.12639 -> 5175
225. 4.06804 -> 5179
226. 4.04846 -> 5180
227. 4.04532 -> 5642
228. 275.968 -> 6001
229. 182.005 -> 6002
230. 152.16 -> 6010
231. 138.016 -> 6012
232. 137.862 -> 6013
233. 134.729 -> 6014
234. 132.028 -> 6016
235. 129.588 -> 6017
236. 128.063 -> 6019
237. 115.926 -> 6020
238. 51.6889 -> 6023
239. 47.8129 -> 6025
240. 41.6125 -> 6026
241. 39.8011 -> 6027
242. 24.9662 -> 6028
243. 24.6185 -> 6030
244. 24.5323 -> 6032
245. 24.3811 -> 6033
246. 23.3315 -> 6035
247. 21.5504 -> 6037
248. 21.387 -> 6039
249. 19.5455 -> 6041
250. 17.7221 -> 6045
251. 15.2527 -> 6090
252. 13.9215 -> 6098
253. 13.1395 -> 6104
254. 11.213 -> 6116
255. 10.9235 -> 6117
256. 10.6767 -> 6120
257. 7.50155 -> 6123
258. 7.32543 -> 6159
259. 7.23444 -> 6160
260. 7.2159 -> 6163
261. 7.15941 -> 6164
262. 7.00366 -> 6174
263. 6.98745 -> 6177
264. 6.6389 -> 6188
265. 6.47554 -> 6189
266. 6.38051 -> 6194
267. 6.34729 -> 6196
268. 6.24495 -> 6229
269. 6.14657 -> 6233
270. 6.12337 -> 6248
271. 6.11318 -> 6249
272. 6.10379 -> 6254
273. 6.05169 -> 6257
274. 5.89389 -> 6260
275. 5.04974 -> 6372
276. 4.09412 -> 6374
277. 3.3199 -> 6376
278. 2.0987 -> 6377
279. 1.50746 -> 6378
280. 1.03845 -> 6380
281. 1.03473 -> 6382
282. 0.703208 -> 6383
283. 0.672846 -> 6385
284. 0.465587 -> 6386
285. 0.113142 -> 6391
286. 0.106499 -> 6394
287. 0.103055 -> 6398
288. 0.102812 -> 6399
289. 0.0864672 -> 6400
290. 0.0816415 -> 6414
291. 0.0809314 -> 6427
292. 0.0758744 -> 6449
293. 0.0737943 -> 6452
294. 2373.4 -> 7001
295. 2099.68 -> 7002
296. 1837.39 -> 7006
297. 1781 -> 7007
298. 1674.65 -> 7008
299. 715.586 -> 7009
300. 541.88 -> 7011
301. 406.832 -> 7013
302. 354.259 -> 7017
303. 336.139 -> 7021
304. 318.564 -> 7024
305. 255.725 -> 7031
306. 254.851 -> 7033
307. 97.2128 -> 7043
308. 50.2484 -> 7044
309. 14.9366 -> 7049
310. 11.6291 -> 7050
311. 7.486 -> 7053
312. 7.41093 -> 7059
313. 7.06904 -> 7060
314. 7.04684 -> 7064
315. 6.954 -> 7065
316. 6.51198 -> 7067
317. 6.50212 -> 7069
318. 6.48718 -> 7071
319. 4.96373 -> 7072
320. 4.7908 -> 7082
321. 4.66179 -> 7091
322. 4.62199 -> 7106
323. 4.51807 -> 7125
324. 4.51372 -> 7191
325. 4.13628 -> 7193
326. 4.05942 -> 7302
327. 4.03257 -> 7693
328. 374.197 -> 8001
329. 217.257 -> 8002
330. 168.304 -> 8004
331. 45.1201 -> 8005
332. 44.6069 -> 8009
333. 44.5825 -> 8011
334. 5.81153 -> 8013
335. 5.76386 -> 8020
336. 5.59088 -> 8023
337. 5.20843 -> 8028
338. 5.18713 -> 8030
339. 3.5542 -> 8031
340. 3.46811 -> 8035
341. 3.38717 -> 8285
342. 3.38456 -> 8286
343. 3.36471 -> 8682
344. 3.35043 -> 8685
345. 3.27235 -> 8702
346. 3.19789 -> 8925
347. 3.19445 -> 8930
348. 3.19124 -> 8935
349. 1082.89 -> 9001
350. 1044.68 -> 9002
351. 338.855 -> 9003
352. 148.111 -> 9004
353. 116.877 -> 9008
354. 88.1699 -> 9011
355. 87.9674 -> 9012
356. 84.777 -> 9013
357. 75.8442 -> 9014
358. 37.6648 -> 9015
359. 30.6762 -> 9022
360. 24.9618 -> 9023
361. 13.3132 -> 9025
362. 7.7031 -> 9026
363. 7.6606 -> 9028
364. 7.4748 -> 9029
365. 5.54964 -> 9032
366. 4.11223 -> 9034
367. 4.07192 -> 9038
368. 3.47312 -> 9039
369. 3.38582 -> 9040
370. 3.23467 -> 9042
371. 2.96095 -> 9043
372. 2.81053 -> 9046
373. 2.63091 -> 9060
374. 2.52646 -> 9072
375. 2.51763 -> 9075
376. 2.33336 -> 9087
377. 2.30273 -> 9089
378. 2.19004 -> 9096
379. 2.12282 -> 9097
380. 2.07819 -> 9099
381. 2.06318 -> 9104
382. 1.96757 -> 9105
383. 1.96332 -> 9113
384. 1.95571 -> 9123
385. 1.94797 -> 9124
386. 1.93498 -> 9125
387. 1.88464 -> 9127
388. 1.84711 -> 9594
389. 1.84597 -> 9616
390. 1.83436 -> 9633
391. 245.232 -> 10001
392. 183.249 -> 10002
393. 180.409 -> 10003
394. 132.228 -> 10007
395. 129.464 -> 10009
396. 118.303 -> 10011
397. 116.14 -> 10042
398. 114.933 -> 10045
399. 106.04 -> 10046
400. 105.433 -> 10062
401. 104.366 -> 10063
402. 100.103 -> 10065
403. 89.9688 -> 10071
404. 66.5658 -> 10073
405. 65.2659 -> 10076
406. 44.7691 -> 10077
407. 35.0011 -> 10079
408. 9.52226 -> 10083
409. 9.03994 -> 10086
410. 6.71026 -> 10087
411. 6.61392 -> 10090
412. 6.60355 -> 10091
413. 3.66669 -> 10097
414. 1.51544 -> 10101
415. 1.29859 -> 10106
416. 1.28348 -> 10110
417. 1.08078 -> 10111
418. 0.659292 -> 10113
419. 0.430377 -> 10114
420. 0.353993 -> 10117
421. 0.331107 -> 10120
422. 0.287566 -> 10122
423. 0.270081 -> 10198
424. 0.258742 -> 10205
425. 0.258298 -> 10209
426. 0.255983 -> 10238
427. 0.245393 -> 10478
428. 0.245119 -> 10576
429. 0.244061 -> 10586
430. 437.475 -> 11001
431. 389.823 -> 11002
432. 81.0963 -> 11003
433. 72.4006 -> 11005
434. 65.2948 -> 11007
435. 61.2254 -> 11008
436. 37.182 -> 11010
437. 29.9957 -> 11014
438. 25.6142 -> 11016
439. 25.4893 -> 11017
440. 23.1876 -> 11018
441. 15.5015 -> 11020
442. 12.3478 -> 11023
443. 12.2182 -> 11025
444. 12.0581 -> 11026
445. 10.5484 -> 11027
446. 7.32695 -> 11032
447. 6.68944 -> 11034
448. 6.67895 -> 11035
449. 6.33214 -> 11050
450. 5.88651 -> 11051
451. 5.79625 -> 11060
452. 5.44942 -> 11061
453. 5.44001 -> 11062
454. 5.41658 -> 11063
455. 5.39475 -> 11065
456. 4.94973 -> 11066
457. 4.6081 -> 11076
458. 4.52472 -> 11088
459. 4.28515 -> 11090
460. 4.25248 -> 11092
461. 4.2054 -> 11156
462. 4.11332 -> 11202
463. 4.11054 -> 11302
464. 4.08439 -> 11303
465. 4.06863 -> 11305
466. 393.34 -> 12001
467. 391.464 -> 12002
468. 243.518 -> 12003
469. 235.743 -> 12006
470. 215.068 -> 12009
471. 181.98 -> 12012
472. 78.2065 -> 12013
473. 71.8741 -> 12016
474. 29.9328 -> 12017
475. 27.6359 -> 12020
476. 27.2704 -> 12021
477. 27.0467 -> 12022
478. 25.023 -> 12023
479. 16.295 -> 12024
480. 14.9906 -> 12027
481. 9.46179 -> 12029
482. 9.23591 -> 12030
483. 8.51528 -> 12031
484. 8.43393 -> 12032
485. 8.3192 -> 12033
486. 8.27197 -> 12034
487. 8.07588 -> 12037
488. 8.04426 -> 12039
489. 7.76796 -> 12087
490. 7.56234 -> 12089
491. 1406.38 -> 13001
492. 1218.83 -> 13002
493. 966.231 -> 13003
494. 810.437 -> 13004
495. 807.109 -> 13005
496. 593.176 -> 13006
497. 339.495 -> 13007
498. 138.419 -> 13009
499. 136.934 -> 13012
500. 94.1153 -> 13013
501. 77.2499 -> 13014
502. 65.5344 -> 13015
503. 45.8412 -> 13016
504. 32.4415 -> 13018
505. 32.3843 -> 13020
506. 24.2802 -> 13021
507. 16.5206 -> 13023
508. 16.4113 -> 13024
509. 16.2517 -> 13025
510. 16.1492 -> 13028
511. 14.7839 -> 13029
512. 14.0301 -> 13030
513. 13.8501 -> 13033
514. 11.4547 -> 13034
515. 8.51135 -> 13037
516. 5.82185 -> 13039
517. 5.1525 -> 13041
518. 5.12149 -> 13047
519. 4.99062 -> 13059
520. 4.92886 -> 13060
521. 4.89072 -> 13097
522. 4.75081 -> 13104
523. 4.61712 -> 13189
524. 4.51658 -> 13192
525. 4.27781 -> 13211
526. 4.21634 -> 13263
527. 4.10373 -> 13264
528. 2005.3 -> 14001
529. 1248.08 -> 14002
530. 1004.63 -> 14003
531. 401.518 -> 14004
532. 401.302 -> 14005
533. 233.44 -> 14007
534. 224.736 -> 14008
535. 217.437 -> 14009
536. 169.439 -> 14010
537. 105.33 -> 14011
538. 35.2635 -> 14014
539. 34.8771 -> 14018
540. 25.207 -> 14019
541. 24.3425 -> 14020
542. 20.3599 -> 14022
543. 7.79891 -> 14024
544. 6.57589 -> 14026
545. 4.82982 -> 14027
546. 4.01616 -> 14033
547. 2.61467 -> 14035
548. 1.93441 -> 14045
549. 1.6554 -> 14049
550. 1.58944 -> 14050
551. 1.42176 -> 14053
552. 1.36731 -> 14054
553. 1.21313 -> 14071
554. 1.18163 -> 14084
555. 1.09795 -> 14085
556. 1.06939 -> 14087
557. 1.03033 -> 14261
558. 1.02932 -> 14264
559. 1.00559 -> 14267
560. 469.112 -> 15001
561. 467.936 -> 15002
562. 377.153 -> 15003
563. 180.394 -> 15004
564. 162.513 -> 15005
565. 68.1209 -> 15006
566. 27.0316 -> 15007
567. 24.7338 -> 15008
568. 23.6038 -> 15009
569. 19.5326 -> 15011
570. 17.4481 -> 15013
571. 16.0563 -> 15019
572. 15.5553 -> 15022
573. 15.1715 -> 15024
574. 10.0787 -> 15031
575. 7.35442 -> 15034
576. 5.41999 -> 15035
577. 4.7736 -> 15037
578. 4.18532 -> 15039
579. 4.18144 -> 15047
580. 3.92929 -> 15050
581. 3.7462 -> 15066
582. 3.74186 -> 15071
583. 3.26622 -> 15074
584. 3.22493 -> 15089
585. 2.95929 -> 15139
586. 2.94644 -> 15141
587. 2.90362 -> 15656
588. 2.9033 -> 15661
589. 2.9019 -> 15727
590. 2700.18 -> 16001
591. 1554.72 -> 16002
592. 1550.59 -> 16004
593. 1273.16 -> 16005
594. 1125.05 -> 16006
595. 911.331 -> 16007
596. 690.262 -> 16008
597. 677.707 -> 16009
598. 452.662 -> 16010
599. 235.123 -> 16011
600. 228.561 -> 16013
601. 220.531 -> 16014
602. 185.681 -> 16018
603. 164.19 -> 16019
604. 159.67 -> 16020
605. 60.1157 -> 16021
606. 52.3452 -> 16028
607. 48.9857 -> 16030
608. 40.2487 -> 16032
609. 33.2976 -> 16033
610. 31.3318 -> 16035
611. 21.6143 -> 16041
612. 19.1494 -> 16060
613. 16.8471 -> 16077
614. 14.2172 -> 16087
615. 9.30494 -> 16092
616. 7.91504 -> 16097
617. 7.31289 -> 16100
618. 5.2144 -> 16105
619. 5.11773 -> 16106
620. 4.95088 -> 16112
621. 4.3723 -> 16116
622. 1.51819 -> 16118
623. 1.49624 -> 16121
624. 1.25088 -> 16124
625. 0.718643 -> 16127
626. 0.590229 -> 16147
627. 0.5094 -> 16148
628. 0.39909 -> 16149
629. 0.309127 -> 16150
630. 0.300801 -> 16152
631. 0.242262 -> 16157
632. 0.232906 -> 16158
633. 0.215882 -> 16195
634. 0.212671 -> 16208
635. 0.193513 -> 16209
636. 0.186699 -> 16210
637. 0.182424 -> 16403
638. 0.180299 -> 16410
639. 0.178151 -> 16431
640. 0.177102 -> 16438
641. 0.176942 -> 16473
642. 0.165952 -> 16474
643. 0.150663 -> 16476
644. 0.142796 -> 16478
645. 0.131455 -> 16772
646. 1331.47 -> 17001
647. 1152.53 -> 17002
648. 143.263 -> 17003
649. 101.06 -> 17004
650. 48.5793 -> 17005
651. 37.4005 -> 17006
652. 27.3055 -> 17007
653. 24.9931 -> 17014
654. 18.6953 -> 17016
655. 17.6166 -> 17021
656. 15.8446 -> 17023
657. 11.8813 -> 17025
658. 7.55503 -> 17026
659. 5.97131 -> 17033
660. 5.28933 -> 17034
661. 4.69375 -> 17035
662. 4.44469 -> 17036
663. 3.82857 -> 17038
664. 2.36027 -> 17039
665. 1.81896 -> 17040
666. 1.72143 -> 17041
667. 0.759698 -> 17042
668. 0.735413 -> 17049
669. 0.727207 -> 17053
670. 0.696785 -> 17057
671. 0.693277 -> 17059
672. 0.652988 -> 17065
673. 0.573395 -> 17066
674. 0.567417 -> 17097
675. 0.564459 -> 17211
676. 0.542415 -> 17236
677. 0.524473 -> 17251
678. 0.404621 -> 17255
679. 0.363925 -> 17258
680. 0.360523 -> 17261
681. 0.351934 -> 17264
682. 0.310596 -> 17272
683. 0.301068 -> 17273
684. 0.283416 -> 17285
685. 0.264249 -> 17326
686. 0.263625 -> 17370
687. 0.262415 -> 17395
688. 0.24617 -> 17494
689. 0.246095 -> 17496
690. 0.227689 -> 17536
691. 0.217323 -> 17669
692. 0.215141 -> 17672
693. 0.210829 -> 17691
694. 680.128 -> 18001
695. 492.226 -> 18002
696. 442.66 -> 18003
697. 268.635 -> 18005
698. 215.226 -> 18009
699. 141.306 -> 18012
700. 132.49 -> 18018
701. 106.85 -> 18020
702. 70.315 -> 18021
703. 61.3091 -> 18022
704. 42.0948 -> 18023
705. 41.4049 -> 18025
706. 16.5335 -> 18026
707. 13.6263 -> 18028
708. 10.6112 -> 18029
709. 7.71714 -> 18034
710. 6.79208 -> 18046
711. 6.65795 -> 18050
712. 6.62954 -> 18054
713. 6.4614 -> 18059
714. 6.45969 -> 18061
715. 6.37674 -> 18069
716. 5.9385 -> 18071
717. 5.72435 -> 18072
718. 5.70818 -> 18075
719. 5.23909 -> 18076
720. 5.2343 -> 18078
721. 4.99986 -> 18082
722. 4.56473 -> 18084
723. 4.2795 -> 18098
724. 4.21251 -> 18321
725. 4.19935 -> 18449
726. 4.03958 -> 18452
727. 1283.09 -> 19001
728. 871.308 -> 19003
729. 787.073 -> 19005
730. 780.601 -> 19006
731. 690.556 -> 19007
732. 587.582 -> 19008
733. 544.103 -> 19011
734. 212.726 -> 19012
735. 95.0573 -> 19014
736. 82.1413 -> 19015
737. 80.5051 -> 19016
738. 70.0148 -> 19018
739. 57.0622 -> 19019
740. 48.5697 -> 19020
741. 45.7659 -> 19021
742. 29.9735 -> 19023
743. 13.9813 -> 19025
744. 7.80205 -> 19031
745. 4.8787 -> 19034
746. 4.79044 -> 19036
747. 3.9089 -> 19051
748. 3.44323 -> 19054
749. 3.42535 -> 19122
750. 3.40236 -> 19123
751. 3.40131 -> 19124
752. 3.2488 -> 19129
753. 3.23468 -> 19235
754. 3.22335 -> 19237
755. 3.17993 -> 19483
756. 666.643 -> 20001
757. 284.344 -> 20002
758. 264.082 -> 20003
759. 205.887 -> 20004
760. 129.354 -> 20006
761. 61.4141 -> 20008
762. 60.0631 -> 20009
763. 59.3856 -> 20011
764. 54.5086 -> 20012
765. 47.7012 -> 20015
766. 46.9281 -> 20017
767. 46.1956 -> 20018
768. 36.0293 -> 20019
769. 33.9385 -> 20025
770. 30.2471 -> 20026
771. 29.0333 -> 20029
772. 28.5785 -> 20031
773. 26.3857 -> 20033
774. 17.7372 -> 20034
775. 17.5673 -> 20063
776. 17.4041 -> 20067
777. 17.1936 -> 20600
778. 1334.96 -> 21001
779. 488.596 -> 21002
780. 286.124 -> 21003
781. 284.37 -> 21004
782. 179.607 -> 21005
783. 83.0373 -> 21007
784. 79.798 -> 21008
785. 10.1343 -> 21009
786. 10.1242 -> 21010
787. 9.06443 -> 21011
788. 7.39118 -> 21015
789. 5.82217 -> 21017
790. 5.06296 -> 21022
791. 4.9487 -> 21023
792. 4.94635 -> 21025
793. 4.89681 -> 21027
794. 4.64047 -> 21028
795. 4.63127 -> 21031
796. 4.25691 -> 21038
797. 4.15566 -> 21040
798. 4.06642 -> 21062
799. 3.58351 -> 21063
800. 3.52699 -> 21068
801. 3.51283 -> 21070
802. 3.45942 -> 21084
803. 3.41646 -> 21095
804. 3.36301 -> 21096
805. 3.27687 -> 21099
806. 426.189 -> 22001
807. 413.027 -> 22002
808. 202.627 -> 22003
809. 191.325 -> 22004
810. 102.664 -> 22005
811. 101.415 -> 22006
812. 89.324 -> 22007
813. 89.145 -> 22008
814. 87.1606 -> 22009
815. 86.1728 -> 22011
816. 83.1988 -> 22020
817. 75.9914 -> 22021
818. 58.3484 -> 22023
819. 40.3272 -> 22026
820. 38.5984 -> 22027
821. 37.7149 -> 22035
822. 37.6738 -> 22036
823. 36.6712 -> 22037
824. 36.6549 -> 22038
825. 32.6333 -> 22040
826. 32.4594 -> 22043
827. 31.7891 -> 22046
828. 31.027 -> 22048
829. 31.0179 -> 22051
830. 30.1464 -> 22052
831. 30.1112 -> 22059
832. 29.8337 -> 22064
833. 29.3549 -> 22065
834. 22.2666 -> 22066
835. 21.8469 -> 22067
836. 20.5932 -> 22068
837. 19.273 -> 22069
838. 18.8577 -> 22071
839. 15.1236 -> 22102
840. 9.38238 -> 22109
841. 9.17164 -> 22114
842. 7.91475 -> 22115
843. 7.82576 -> 22117
844. 7.08721 -> 22121
845. 6.81687 -> 22135
846. 6.7385 -> 22142
847. 6.16231 -> 22146
848. 6.08209 -> 22229
849. 5.82794 -> 22445
850. 5.64966 -> 22449
851. 5.35312 -> 22452
852. 5.19969 -> 22506
853. 5.19053 -> 22639
854. 5.18243 -> 22640
855. 5.09381 -> 22728
856. 5.08985 -> 22730
857. 4.30936 -> 22732
858. 4.17748 -> 22782
859. 4.15952 -> 22786
860. 4.11634 -> 22788
861. 4.11006 -> 22789
862. 4.08856 -> 22790
863. 1135.87 -> 23001
864. 864.461 -> 23002
865. 684.7 -> 23003
866. 629.496 -> 23005
867. 285.339 -> 23006
868. 275.603 -> 23007
869. 275.461 -> 23008
870. 183.414 -> 23009
871. 171.84 -> 23014
872. 170.213 -> 23015
873. 160.887 -> 23017
874. 160.221 -> 23018
875. 158.872 -> 23019
876. 121.418 -> 23020
877. 112.719 -> 23093
878. 107.22 -> 23095
879. 104.958 -> 23097
880. 103.863 -> 23098
881. 103.336 -> 23117
882. 100.522 -> 23121
883. 100.474 -> 23122
884. 99.742 -> 23129
885. 97.5238 -> 23145
886. 38.8079 -> 23181
887. 28.4243 -> 23215
888. 23.2714 -> 23224
889. 21.807 -> 23226
890. 20.8133 -> 23236
891. 17.5426 -> 23242
892. 17.4728 -> 23263
893. 16.6909 -> 23264
894. 16.6367 -> 23267
895. 16.6101 -> 23269
896. 16.5496 -> 23272
897. 16.242 -> 23273
898. 15.6002 -> 23274
899. 15.0527 -> 23275
900. 15.0026 -> 23313
901. 14.8394 -> 23370
902. 14.7424 -> 23371
903. 14.4638 -> 23375
904. 14.4557 -> 23384
905. 13.7601 -> 23386
906. 13.6146 -> 23408
907. 13.6054 -> 23409
908. 336.828 -> 24001
909. 215.296 -> 24002
910. 12.8624 -> 24004
911. 10.3358 -> 24007
912. 8.32067 -> 24014
913. 8.22366 -> 24015
914. 4.80431 -> 24016
915. 3.82221 -> 24020
916. 3.62561 -> 24023
917. 3.59665 -> 24025
918. 3.23214 -> 24028
919. 3.18043 -> 24039
920. 2.9981 -> 24041
921. 2.94999 -> 24046
922. 2.85082 -> 24053
923. 2.82883 -> 24054
924. 2.73502 -> 24060
925. 2.5956 -> 24061
926. 2.47234 -> 24063
927. 2.31216 -> 24066
928. 2.30284 -> 24067
929. 2.15006 -> 24071
930. 2.08799 -> 24076
931. 2.0722 -> 24084
932. 2.07049 -> 24092
933. 2.04759 -> 24522
934. 1.99777 -> 24546
935. 1.99262 -> 24615
936. 1.97857 -> 24617
937. 1.9593 -> 24654
938. 1.894 -> 24661
939. 1.88807 -> 24677
940. 1.88795 -> 24685
941. 1.87304 -> 24715
942. 1.83027 -> 24718
943. 395.095 -> 25001
944. 200.629 -> 25002
945. 141.959 -> 25003
946. 69.3777 -> 25004
947. 69.3425 -> 25006
948. 16.7421 -> 25007
949. 16.2928 -> 25008
950. 11.0094 -> 25010
951. 9.62935 -> 25011
952. 8.25726 -> 25014
953. 4.96652 -> 25017
954. 3.28521 -> 25019
955. 3.0178 -> 25022
956. 2.89318 -> 25026
957. 2.87945 -> 25098
958. 2.86157 -> 25100
959. 2.79031 -> 25103
960. 2.78893 -> 25143
961. 2.77398 -> 25173
962. 2.76851 -> 25185
963. 2.75603 -> 25264
964. 2.75125 -> 25369
965. 2.74922 -> 25370
966. 2.73983 -> 25371
967. 2.68858 -> 25425
968. 2.68787 -> 25438
969. 2.68526 -> 25439
970. 2.67695 -> 25443
971. 2.67582 -> 25455
972. 2.66464 -> 25457
973. 1314.43 -> 26001
974. 268.501 -> 26002
975. 268.239 -> 26003
976. 250.424 -> 26006
977. 241.917 -> 26009
978. 235.01 -> 26012
979. 215.004 -> 26013
980. 214.994 -> 26020
981. 213.288 -> 26021
982. 209.502 -> 26024
983. 205.55 -> 26027
984. 205.354 -> 26030
985. 202.301 -> 26031
986. 200.924 -> 26033
987. 158.239 -> 26096
988. 33.6692 -> 26413
989. 8.47622 -> 26418
990. 6.08784 -> 26419
991. 6.03978 -> 26420
992. 4.93234 -> 26422
993. 4.87549 -> 26429
994. 4.58624 -> 26434
995. 4.51937 -> 26464
996. 4.50058 -> 26465
997. 4.46203 -> 26467
998. 4.45932 -> 26471
999. 4.4143 -> 26472
1000. 4.40314 -> 26490
1001. 4.37 -> 26500
1002. 4.26197 -> 26508
1003. 4.20899 -> 26603
1004. 4.15811 -> 26722
1005. 4.02336 -> 26723
1006. 4.01599 -> 26724
1007. 282.561 -> 27001
1008. 13.5847 -> 27002
1009. 9.14749 -> 27004
1010. 3.12925 -> 27005
1011. 2.44489 -> 27011
1012. 2.40144 -> 27013
1013. 2.00093 -> 27014
1014. 1.9508 -> 27015
1015. 1.93443 -> 27016
1016. 1.904 -> 27017
1017. 1.54181 -> 27018
1018. 1.29046 -> 27023
1019. 0.686247 -> 27037
1020. 0.617245 -> 27039
1021. 0.500041 -> 27044
1022. 0.470391 -> 27051
1023. 0.419831 -> 27063
1024. 0.368858 -> 27148
1025. 0.323527 -> 27155
1026. 0.314124 -> 27156
1027. 0.295297 -> 27193
1028. 0.289447 -> 27196
1029. 0.269401 -> 27198
1030. 0.266446 -> 27199
1031. 0.255173 -> 27203
1032. 0.230612 -> 27352
1033. 0.21488 -> 27355
1034. 0.214852 -> 27362
1035. 0.214249 -> 27428
1036. 0.213603 -> 27453
1037. 0.210247 -> 27465
1038. 0.208408 -> 27467
1039. 0.199103 -> 27469
1040. 0.195593 -> 27583
1041. 0.190311 -> 27959
1042. 935.363 -> 28001
1043. 629.806 -> 28002
1044. 544.464 -> 28003
1045. 430.384 -> 28005
1046. 261.215 -> 28008
1047. 253.077 -> 28014
1048. 249.723 -> 28071
1049. 249.694 -> 28074
1050. 249.303 -> 28076
1051. 249.28 -> 28079
1052. 248.973 -> 28080
1053. 248.56 -> 28082
1054. 248.22 -> 28083
1055. 238.688 -> 28091
1056. 238.659 -> 28094
1057. 236.314 -> 28095
1058. 191.921 -> 28097
1059. 185.717 -> 28103
1060. 169.293 -> 28106
1061. 168.876 -> 28108
1062. 161.6 -> 28110
1063. 160.528 -> 28115
1064. 151.012 -> 28117
1065. 144.364 -> 28124
1066. 131.312 -> 28126
1067. 130.925 -> 28127
1068. 130.518 -> 28131
1069. 99.4609 -> 28134
1070. 58.6868 -> 28136
1071. 47.267 -> 28187
1072. 46.8293 -> 28189
1073. 39.4178 -> 28190
1074. 31.3965 -> 28192
1075. 28.8847 -> 28194
1076. 28.4522 -> 28195
1077. 19.0729 -> 28196
1078. 18.976 -> 28197
1079. 17.2112 -> 28200
1080. 12.992 -> 28202
1081. 9.75706 -> 28213
1082. 8.17082 -> 28216
1083. 6.61211 -> 28219
1084. 6.29716 -> 28223
1085. 6.25646 -> 28232
1086. 6.0546 -> 28238
1087. 5.64306 -> 28244
1088. 5.53418 -> 28249
1089. 5.51079 -> 28253
1090. 5.22718 -> 28264
1091. 4.91663 -> 28268
1092. 4.2223 -> 28272
1093. 4.2166 -> 28274
1094. 4.15228 -> 28287
1095. 3.59156 -> 28292
1096. 3.55791 -> 28294
1097. 3.5025 -> 28297
1098. 3.36162 -> 28309
1099. 3.30115 -> 28312
1100. 2.85915 -> 28339
1101. 2.76466 -> 28370
1102. 2.75065 -> 28373
1103. 2.31974 -> 28374
1104. 2.3096 -> 28400
1105. 2.23334 -> 28401
1106. 2.2155 -> 28402
1107. 2.19491 -> 28404
1108. 2.19272 -> 28582
1109. 361.582 -> 29001
1110. 329.945 -> 29002
1111. 243.289 -> 29003
1112. 240.635 -> 29004
1113. 186.489 -> 29011
1114. 186.21 -> 29012
1115. 174.318 -> 29014
1116. 174.287 -> 29016
1117. 137.26 -> 29017
1118. 130.493 -> 29020
1119. 128.459 -> 29024
1120. 121.376 -> 29032
1121. 114.449 -> 29034
1122. 104.684 -> 29041
1123. 102.213 -> 29066
1124. 102.107 -> 29067
1125. 101.97 -> 29070
1126. 99.8572 -> 29072
1127. 99.8546 -> 29073
1128. 99.5041 -> 29074
1129. 97.1546 -> 29075
1130. 97.1361 -> 29079
1131. 97.1337 -> 29080
1132. 90.0705 -> 29093
1133. 89.7879 -> 29094
1134. 76.1219 -> 29095
1135. 68.8926 -> 29100
1136. 25.2358 -> 29102
1137. 24.9417 -> 29104
1138. 23.2824 -> 29108
1139. 23.079 -> 29110
1140. 18.0396 -> 29114
1141. 17.3097 -> 29115
1142. 17.2666 -> 29119
1143. 17.0288 -> 29121
1144. 16.7111 -> 29137
1145. 15.717 -> 29144
1146. 15.3921 -> 29147
1147. 15.3324 -> 29166
1148. 15.1177 -> 29180
1149. 14.3467 -> 29292
1150. 13.9085 -> 29295
1151. 13.7422 -> 29550
1152. 13.649 -> 29560



Rezultate rulari
Minim: 0.0737943
Maxim: 2700.18
Medie: 98.1796



