0. 12430.1 -> 1
1. 6074.07 -> 2
2. 5115.33 -> 3
3. 4171.25 -> 8
4. 3045.49 -> 11
5. 2281.06 -> 14
6. 2235.13 -> 15
7. 2180.26 -> 17
8. 2114.99 -> 18
9. 1609.82 -> 19
10. 913.742 -> 21
11. 822.202 -> 33
12. 754.468 -> 34
13. 549.938 -> 36
14. 531.291 -> 38
15. 529.476 -> 39
16. 466.692 -> 40
17. 300.293 -> 43
18. 291.325 -> 50
19. 266.674 -> 55
20. 266.22 -> 60
21. 266.035 -> 66
22. 238.614 -> 67
23. 233.437 -> 70
24. 232.634 -> 73
25. 232.473 -> 77
26. 193.186 -> 78
27. 183.885 -> 86
28. 183.75 -> 88
29. 169.461 -> 98
30. 142.458 -> 101
31. 140.878 -> 102
32. 121.522 -> 103
33. 113.469 -> 104
34. 111.666 -> 105
35. 109.263 -> 106
36. 109.219 -> 107
37. 103.486 -> 108
38. 100.635 -> 117
39. 98.2146 -> 123
40. 94.9124 -> 140
41. 94.9047 -> 141
42. 90.9496 -> 161
43. 89.7382 -> 168
44. 74.3146 -> 181
45. 70.7023 -> 182
46. 65.0873 -> 183
47. 64.3526 -> 186
48. 60.5756 -> 192
49. 54.464 -> 193
50. 45.104 -> 201
51. 43.3302 -> 223
52. 43.2474 -> 225
53. 29.3462 -> 228
54. 23.1955 -> 232
55. 21.8797 -> 233
56. 13.6351 -> 239
57. 13.6255 -> 240
58. 13.5468 -> 247
59. 12.8093 -> 248
60. 12.7289 -> 261
61. 12.139 -> 266
62. 12.1332 -> 271
63. 11.9715 -> 589
64. 11.1618 -> 590
65. 5030.05 -> 1001
66. 4441.17 -> 1002
67. 3902.44 -> 1003
68. 3576.66 -> 1004
69. 3416.23 -> 1007
70. 3398.88 -> 1008
71. 3290.77 -> 1009
72. 3174.67 -> 1020
73. 2260.13 -> 1024
74. 2075.21 -> 1025
75. 1746.88 -> 1026
76. 1473.6 -> 1027
77. 1468.69 -> 1028
78. 1436.38 -> 1030
79. 1084.25 -> 1031
80. 1083.92 -> 1032
81. 1071.68 -> 1033
82. 1000.53 -> 1034
83. 994.946 -> 1035
84. 862.105 -> 1037
85. 715.591 -> 1039
86. 565.702 -> 1045
87. 495.04 -> 1047
88. 367.828 -> 1048
89. 347.026 -> 1050
90. 322.582 -> 1051
91. 301.197 -> 1052
92. 271.451 -> 1054
93. 258.779 -> 1055
94. 230.466 -> 1060
95. 198.445 -> 1078
96. 191.667 -> 1080
97. 190.142 -> 1138
98. 169.838 -> 1143
99. 166.974 -> 1144
100. 166.914 -> 1155
101. 155.631 -> 1156
102. 151.284 -> 1159
103. 150.213 -> 1160
104. 147.553 -> 1212
105. 142.092 -> 1237
106. 130.675 -> 1238
107. 124.789 -> 1242
108. 123.238 -> 1247
109. 119.995 -> 1274
110. 116.102 -> 1318
111. 113.368 -> 1320
112. 112.443 -> 1321
113. 97.7526 -> 1334
114. 96.8133 -> 1338
115. 92.1161 -> 1411
116. 86.1223 -> 1412
117. 85.3032 -> 1413
118. 84.2262 -> 1548
119. 82.5732 -> 1549
120. 27052.8 -> 2001
121. 21736.5 -> 2002
122. 7771.11 -> 2003
123. 6701.83 -> 2004
124. 6701.1 -> 2005
125. 4060.71 -> 2006
126. 3461.63 -> 2007
127. 3046.53 -> 2008
128. 2939.8 -> 2009
129. 2508.89 -> 2010
130. 1871.8 -> 2011
131. 1608.83 -> 2014
132. 1195.66 -> 2029
133. 1155.57 -> 2030
134. 1095.08 -> 2031
135. 1071.55 -> 2032
136. 1071 -> 2033
137. 1043.59 -> 2036
138. 912.672 -> 2038
139. 511.758 -> 2039
140. 264.381 -> 2043
141. 254.261 -> 2045
142. 219.54 -> 2047
143. 219.005 -> 2048
144. 200.129 -> 2057
145. 195.024 -> 2058
146. 176.965 -> 2059
147. 125.647 -> 2060
148. 122.73 -> 2064
149. 107.692 -> 2069
150. 105.363 -> 2070
151. 103.155 -> 2073
152. 100.866 -> 2074
153. 92.9676 -> 2080
154. 89.7133 -> 2081
155. 89.428 -> 2082
156. 89.3964 -> 2083
157. 88.7002 -> 2087
158. 87.7403 -> 2088
159. 76.3458 -> 2089
160. 75.3281 -> 2091
161. 73.0739 -> 2092
162. 72.7546 -> 2094
163. 72.1014 -> 2097
164. 62.4859 -> 2098
165. 62.2025 -> 2100
166. 61.78 -> 2104
167. 59.3147 -> 2107
168. 59.2111 -> 2108
169. 57.0321 -> 2133
170. 26.8538 -> 2221
171. 26.7516 -> 2256
172. 26.4655 -> 2267
173. 25.8559 -> 2271
174. 24.8596 -> 2280
175. 23.617 -> 2281
176. 23.1393 -> 2282
177. 22.0961 -> 2283
178. 20.848 -> 2286
179. 20.4868 -> 2328
180. 20.1263 -> 2332
181. 19.7274 -> 2339
182. 16.1693 -> 2349
183. 16.1203 -> 2350
184. 15.8353 -> 2351
185. 14.0971 -> 2450
186. 13.9866 -> 2455
187. 13.7973 -> 2456
188. 11.0906 -> 2457
189. 11696.5 -> 3001
190. 11184.2 -> 3002
191. 6965.19 -> 3003
192. 4718.18 -> 3008
193. 4022.89 -> 3009
194. 2824.58 -> 3010
195. 2488.44 -> 3011
196. 1081.89 -> 3013
197. 737.601 -> 3014
198. 733.035 -> 3015
199. 730.926 -> 3016
200. 624.863 -> 3018
201. 608.078 -> 3019
202. 592.944 -> 3026
203. 562.182 -> 3028
204. 526.255 -> 3029
205. 500.472 -> 3034
206. 472.331 -> 3035
207. 467.252 -> 3036
208. 462.851 -> 3040
209. 455.915 -> 3041
210. 408.492 -> 3043
211. 335.947 -> 3044
212. 321.196 -> 3045
213. 319.06 -> 3054
214. 306.139 -> 3055
215. 304.327 -> 3058
216. 238.309 -> 3067
217. 220.699 -> 3071
218. 218.436 -> 3072
219. 180.274 -> 3075
220. 158.69 -> 3076
221. 153.438 -> 3077
222. 152.906 -> 3078
223. 131.729 -> 3079
224. 131.516 -> 3080
225. 125.182 -> 3081
226. 122.823 -> 3082
227. 118.924 -> 3110
228. 115.324 -> 3120
229. 89.524 -> 3127
230. 87.9284 -> 3499
231. 58.8332 -> 3625
232. 46.2315 -> 3843
233. 40.6446 -> 3844
234. 24.1725 -> 3931
235. 23.4465 -> 3933
236. 22.7918 -> 3934
237. 22.3603 -> 3935
238. 21.9231 -> 3936
239. 21.13 -> 3937
240. 20.725 -> 3938
241. 15.9928 -> 3940
242. 15.3397 -> 3943
243. 14.7799 -> 3944
244. 14.1308 -> 3945
245. 13.4014 -> 3953
246. 12.7991 -> 3963
247. 12.5411 -> 3966
248. 12.3756 -> 3967
249. 28104.8 -> 4001
250. 23057 -> 4002
251. 20194.7 -> 4004
252. 11520.6 -> 4006
253. 10857.6 -> 4007
254. 6787.26 -> 4009
255. 6521.27 -> 4014
256. 5513.97 -> 4015
257. 5213.86 -> 4017
258. 4496.54 -> 4018
259. 4199.68 -> 4021
260. 4127.04 -> 4022
261. 3908.4 -> 4026
262. 3042.59 -> 4028
263. 2499.04 -> 4032
264. 2120.19 -> 4033
265. 1844.53 -> 4034
266. 1334.7 -> 4037
267. 1062.84 -> 4042
268. 1001.17 -> 4043
269. 951.087 -> 4045
270. 727.293 -> 4046
271. 688.288 -> 4051
272. 582.402 -> 4052
273. 576.142 -> 4062
274. 555.061 -> 4068
275. 439.186 -> 4069
276. 437.061 -> 4071
277. 428.896 -> 4078
278. 337.222 -> 4081
279. 302.94 -> 4091
280. 202.626 -> 4092
281. 202.314 -> 4093
282. 171.088 -> 4094
283. 171.083 -> 4096
284. 168.512 -> 4101
285. 156.647 -> 4102
286. 150.27 -> 4103
287. 140.774 -> 4115
288. 136.536 -> 4118
289. 129.001 -> 4196
290. 126.003 -> 4203
291. 116.948 -> 4224
292. 114.714 -> 4225
293. 112.788 -> 4589
294. 110.935 -> 4593
295. 108.599 -> 4595
296. 103.028 -> 4599
297. 3088.21 -> 5001
298. 2374.78 -> 5002
299. 1635.34 -> 5003
300. 1316.07 -> 5008
301. 1264.81 -> 5011
302. 1061.27 -> 5013
303. 949.363 -> 5015
304. 933.007 -> 5017
305. 850.937 -> 5018
306. 819.214 -> 5019
307. 811.867 -> 5020
308. 763.674 -> 5021
309. 714.059 -> 5023
310. 699.052 -> 5025
311. 652.797 -> 5041
312. 599.773 -> 5046
313. 597.044 -> 5047
314. 567.454 -> 5058
315. 465.635 -> 5061
316. 462.456 -> 5062
317. 445.939 -> 5064
318. 393.671 -> 5089
319. 389.676 -> 5090
320. 384.847 -> 5091
321. 349.335 -> 5092
322. 334.99 -> 5119
323. 304.751 -> 5163
324. 290.474 -> 5166
325. 118.79 -> 5171
326. 104.211 -> 5329
327. 103.993 -> 5330
328. 103.988 -> 5331
329. 97.4852 -> 5332
330. 96.1409 -> 5334
331. 95.3159 -> 5335
332. 93.6584 -> 5349
333. 93.3935 -> 5353
334. 80.2074 -> 5359
335. 73.8813 -> 5360
336. 71.3069 -> 5362
337. 67.5436 -> 5364
338. 65.3364 -> 5365
339. 63.3496 -> 5369
340. 59.5461 -> 5370
341. 55.6378 -> 5372
342. 53.39 -> 5384
343. 52.6358 -> 5385
344. 49.8948 -> 5396
345. 30.7028 -> 5397
346. 30.4899 -> 5398
347. 30.1997 -> 5399
348. 30.0441 -> 5412
349. 22.4607 -> 5413
350. 21.2853 -> 5435
351. 15.4547 -> 5439
352. 13.5258 -> 5444
353. 12.9814 -> 5736
354. 12.6287 -> 5935
355. 25523.6 -> 6001
356. 5715.99 -> 6002
357. 5616.97 -> 6003
358. 5281.18 -> 6004
359. 4868.12 -> 6005
360. 4797.75 -> 6006
361. 2824.94 -> 6007
362. 2048.45 -> 6010
363. 2045.43 -> 6011
364. 2014.52 -> 6012
365. 1197.34 -> 6017
366. 1170.05 -> 6018
367. 1002.69 -> 6019
368. 905.008 -> 6020
369. 696.707 -> 6021
370. 622.66 -> 6023
371. 573.738 -> 6024
372. 268.491 -> 6025
373. 136.826 -> 6030
374. 118.543 -> 6033
375. 118.509 -> 6035
376. 103.06 -> 6036
377. 101.984 -> 6037
378. 99.3255 -> 6038
379. 86.7196 -> 6040
380. 78.0346 -> 6043
381. 77.4407 -> 6067
382. 71.5682 -> 6068
383. 70.3828 -> 6069
384. 70.1686 -> 6070
385. 69.3191 -> 6071
386. 65.2809 -> 6072
387. 55.9528 -> 6073
388. 54.7242 -> 6074
389. 51.3227 -> 6077
390. 40.4786 -> 6120
391. 35.9692 -> 6185
392. 33.1337 -> 6186
393. 33.1117 -> 6187
394. 30.3101 -> 6189
395. 30.0718 -> 6210
396. 29.2964 -> 6251
397. 28.8238 -> 6261
398. 28.6981 -> 6270
399. 28.5768 -> 6271
400. 28.4878 -> 6278
401. 28.0449 -> 6280
402. 27.7043 -> 6281
403. 27.2337 -> 6284
404. 20.2532 -> 6285
405. 13.1957 -> 6290
406. 12.8407 -> 6336
407. 12.7114 -> 6357
408. 12.2207 -> 6366
409. 10.7879 -> 6367
410. 10.6113 -> 6762
411. 6983.32 -> 7001
412. 6426.59 -> 7002
413. 5862.27 -> 7004
414. 4820.6 -> 7005
415. 4274.13 -> 7006
416. 3955.4 -> 7008
417. 3953.01 -> 7009
418. 2106.4 -> 7010
419. 2088.97 -> 7012
420. 1890.61 -> 7014
421. 1554.85 -> 7016
422. 933.02 -> 7017
423. 839.94 -> 7018
424. 666.84 -> 7022
425. 613.695 -> 7023
426. 593.88 -> 7028
427. 591.219 -> 7029
428. 587.915 -> 7030
429. 587.638 -> 7031
430. 563.994 -> 7032
431. 528.966 -> 7033
432. 487.578 -> 7041
433. 426.855 -> 7044
434. 397.733 -> 7045
435. 358.28 -> 7046
436. 323.709 -> 7053
437. 318.2 -> 7054
438. 314.036 -> 7055
439. 299.892 -> 7060
440. 296.263 -> 7063
441. 294.884 -> 7064
442. 291.845 -> 7065
443. 285.668 -> 7066
444. 237.172 -> 7067
445. 217.361 -> 7069
446. 189.535 -> 7075
447. 180.449 -> 7077
448. 177.546 -> 7081
449. 172.789 -> 7083
450. 166.719 -> 7084
451. 166.063 -> 7087
452. 108.742 -> 7088
453. 97.6787 -> 7112
454. 91.6359 -> 7113
455. 84.2806 -> 7116
456. 68.2976 -> 7120
457. 58.4235 -> 7145
458. 56.918 -> 7156
459. 46.0528 -> 7159
460. 38.2071 -> 7162
461. 33.9406 -> 7167
462. 33.0442 -> 7194
463. 29.361 -> 7196
464. 29.3537 -> 7197
465. 29.2105 -> 7199
466. 22.3726 -> 7200
467. 21.3696 -> 7201
468. 15.9708 -> 7204
469. 14.0985 -> 7206
470. 14.0373 -> 7253
471. 13.7913 -> 7254
472. 13.6307 -> 7264
473. 13.3959 -> 7293
474. 13.1321 -> 7295
475. 12.8327 -> 7296
476. 12.0787 -> 7297
477. 11.6995 -> 7549
478. 11.3486 -> 7555
479. 45364.3 -> 8001
480. 33840.7 -> 8002
481. 29863 -> 8003
482. 29861.4 -> 8005
483. 19315.8 -> 8006
484. 18364 -> 8007
485. 13244.8 -> 8008
486. 10092.9 -> 8009
487. 10091.2 -> 8010
488. 9482.71 -> 8011
489. 9481.47 -> 8012
490. 3376.32 -> 8013
491. 2278.89 -> 8015
492. 2205.57 -> 8016
493. 1421.36 -> 8017
494. 455.574 -> 8019
495. 454.956 -> 8020
496. 429.785 -> 8021
497. 402.633 -> 8023
498. 394.141 -> 8024
499. 384.367 -> 8025
500. 304.018 -> 8026
501. 224.327 -> 8030
502. 180.45 -> 8031
503. 150.337 -> 8033
504. 118.292 -> 8055
505. 116.983 -> 8059
506. 110.624 -> 8060
507. 108.544 -> 8064
508. 108.409 -> 8065
509. 99.2651 -> 8074
510. 88.2194 -> 8080
511. 84.6239 -> 8081
512. 76.9048 -> 8082
513. 76.4705 -> 8083
514. 54.007 -> 8084
515. 53.9332 -> 8086
516. 52.1738 -> 8087
517. 48.9119 -> 8088
518. 35.0884 -> 8089
519. 34.6422 -> 8094
520. 34.054 -> 8099
521. 25.9709 -> 8100
522. 23.5386 -> 8101
523. 15.4459 -> 8143
524. 14.3408 -> 8144
525. 13.7949 -> 8150
526. 13.7329 -> 8315
527. 13.5283 -> 8324
528. 12.9733 -> 8333
529. 12.9109 -> 8334
530. 12.218 -> 8363
531. 12.1901 -> 8385
532. 12.1448 -> 8391
533. 12.0844 -> 8392
534. 11.5215 -> 8393
535. 5761.7 -> 9001
536. 4347 -> 9002
537. 4273.99 -> 9003
538. 4197.85 -> 9004
539. 3378.29 -> 9006
540. 3280.32 -> 9007
541. 2796 -> 9008
542. 2772.15 -> 9011
543. 2582.42 -> 9013
544. 1385.95 -> 9015
545. 1360.55 -> 9016
546. 1131.64 -> 9018
547. 1086.61 -> 9020
548. 922.226 -> 9023
549. 884.537 -> 9025
550. 816.929 -> 9027
551. 425.668 -> 9028
552. 366.449 -> 9030
553. 209.534 -> 9031
554. 200.573 -> 9054
555. 171.543 -> 9058
556. 148.621 -> 9065
557. 144.779 -> 9070
558. 143.285 -> 9072
559. 141.242 -> 9086
560. 136.603 -> 9092
561. 96.2963 -> 9105
562. 86.893 -> 9116
563. 86.7239 -> 9117
564. 86.2956 -> 9176
565. 67.712 -> 9180
566. 49.8842 -> 9197
567. 49.7415 -> 9198
568. 47.8541 -> 9200
569. 47.328 -> 9201
570. 35.941 -> 9202
571. 33.7883 -> 9205
572. 33.039 -> 9207
573. 18.3054 -> 9208
574. 16.055 -> 9249
575. 14.6918 -> 9493
576. 14.5603 -> 9750
577. 14.3342 -> 9751
578. 14.3004 -> 9765
579. 13.7824 -> 9766
580. 13.6335 -> 9769
581. 13.4161 -> 9770
582. 12.348 -> 9771
583. 12.227 -> 9782
584. 12.2022 -> 9783
585. 12.0911 -> 9785
586. 11.7734 -> 9786
587. 11.4182 -> 9790
588. 11732 -> 10001
589. 11598.2 -> 10002
590. 7549 -> 10003
591. 6446.55 -> 10004
592. 5627.28 -> 10007
593. 5351.02 -> 10011
594. 5099.92 -> 10012
595. 4725.92 -> 10013
596. 4723.97 -> 10014
597. 4421.43 -> 10015
598. 2704.76 -> 10016
599. 1791.19 -> 10020
600. 1353.41 -> 10021
601. 1108.75 -> 10023
602. 848.545 -> 10024
603. 645.124 -> 10025
604. 614.358 -> 10028
605. 329.785 -> 10034
606. 304.352 -> 10037
607. 270.684 -> 10041
608. 257.885 -> 10042
609. 188.807 -> 10044
610. 175.667 -> 10046
611. 63.2893 -> 10047
612. 53.806 -> 10057
613. 53.5138 -> 10058
614. 53.0348 -> 10059
615. 51.5286 -> 10060
616. 41.4222 -> 10061
617. 37.202 -> 10070
618. 36.8738 -> 10072
619. 32.2468 -> 10078
620. 32.0743 -> 10080
621. 31.9121 -> 10082
622. 28.549 -> 10085
623. 26.7808 -> 10093
624. 25.7618 -> 10095
625. 25.7325 -> 10097
626. 24.8289 -> 10134
627. 22.7876 -> 10150
628. 20.5101 -> 10154
629. 20.241 -> 10156
630. 19.707 -> 10344
631. 17.3875 -> 10347
632. 17.3702 -> 10349
633. 17.3375 -> 10350
634. 16.2563 -> 10352
635. 16.131 -> 10353
636. 13.508 -> 10354
637. 13.4793 -> 10355
638. 13.4342 -> 10356
639. 13.2998 -> 10361
640. 13.1164 -> 10363
641. 12.991 -> 10364
642. 12.9298 -> 10366
643. 12.3255 -> 10367
644. 12.1493 -> 10368
645. 10.9581 -> 10884
646. 24073.5 -> 11001
647. 15298.3 -> 11002
648. 6242.92 -> 11004
649. 5169.81 -> 11005
650. 4261.36 -> 11007
651. 4260.57 -> 11008
652. 4259.41 -> 11010
653. 3291.07 -> 11011
654. 2724.15 -> 11012
655. 2575.12 -> 11013
656. 2204.52 -> 11017
657. 1397.99 -> 11018
658. 1354.45 -> 11019
659. 537.046 -> 11020
660. 487.244 -> 11027
661. 203.536 -> 11028
662. 199.332 -> 11035
663. 191.327 -> 11039
664. 127.01 -> 11040
665. 90.3436 -> 11042
666. 90.1402 -> 11043
667. 75.4935 -> 11047
668. 68.3262 -> 11048
669. 56.5391 -> 11050
670. 55.6084 -> 11058
671. 31.8279 -> 11061
672. 26.5169 -> 11062
673. 24.3083 -> 11073
674. 24.2202 -> 11075
675. 23.4524 -> 11076
676. 19.9951 -> 11078
677. 18.8294 -> 11093
678. 18.3931 -> 11365
679. 17.1233 -> 11379
680. 16.7693 -> 11387
681. 16.5901 -> 11395
682. 15.4448 -> 11396
683. 15.3443 -> 11432
684. 15.3008 -> 11441
685. 11.4734 -> 11471
686. 11.2751 -> 11647
687. 9.97542 -> 11648
688. 9.48922 -> 11672
689. 9.42142 -> 11673
690. 8.39772 -> 11675
691. 8.36992 -> 11676
692. 8.36843 -> 11789
693. 7.15035 -> 11792
694. 6.86398 -> 11968
695. 6.7073 -> 11971
696. 5.79673 -> 11975
697. 4.89327 -> 11984
698. 4.62795 -> 11990
699. 4.18721 -> 11995
700. 3.42542 -> 11996
701. 2402.8 -> 12001
702. 2303.34 -> 12002
703. 2129.91 -> 12003
704. 2129.66 -> 12004
705. 2029.87 -> 12006
706. 1948.31 -> 12007
707. 1926.99 -> 12009
708. 1880.71 -> 12015
709. 1689.82 -> 12021
710. 1444.56 -> 12025
711. 1290.94 -> 12028
712. 1066.29 -> 12033
713. 1057.24 -> 12034
714. 975.385 -> 12050
715. 797.855 -> 12051
716. 792.236 -> 12052
717. 618.066 -> 12053
718. 613.88 -> 12056
719. 530.564 -> 12058
720. 420.648 -> 12061
721. 401.909 -> 12064
722. 384.559 -> 12067
723. 379.337 -> 12069
724. 337.544 -> 12077
725. 303.972 -> 12078
726. 292.958 -> 12079
727. 178.463 -> 12081
728. 171.386 -> 12082
729. 166.965 -> 12083
730. 117.716 -> 12085
731. 116.461 -> 12087
732. 83.7099 -> 12088
733. 82.9207 -> 12089
734. 70.4559 -> 12094
735. 48.8862 -> 12098
736. 39.8716 -> 12099
737. 36.5555 -> 12103
738. 33.9787 -> 12107
739. 31.327 -> 12110
740. 23.174 -> 12122
741. 22.277 -> 12124
742. 21.4672 -> 12126
743. 20.0106 -> 12131
744. 19.5098 -> 12138
745. 18.5037 -> 12150
746. 18.3574 -> 12153
747. 16.4298 -> 12162
748. 16.1513 -> 12167
749. 15.1671 -> 12171
750. 9.81951 -> 12173
751. 9.34192 -> 12175
752. 7.39159 -> 12176
753. 6.68279 -> 12696
754. 6.53175 -> 12698
755. 5.64247 -> 12700
756. 5.38611 -> 12703
757. 5.35103 -> 12710
758. 5.27035 -> 12711
759. 3.79983 -> 12712
760. 3.63806 -> 12713
761. 3.49041 -> 12714
762. 19933.2 -> 13001
763. 18355.1 -> 13003
764. 16073.4 -> 13004
765. 9415.37 -> 13007
766. 8881.2 -> 13009
767. 5381.69 -> 13010
768. 5378.67 -> 13011
769. 5226.47 -> 13012
770. 4413.42 -> 13013
771. 4078.9 -> 13014
772. 3365.58 -> 13017
773. 3155.23 -> 13018
774. 3088.39 -> 13024
775. 2874.77 -> 13031
776. 2589.24 -> 13032
777. 2391.29 -> 13034
778. 2242.33 -> 13042
779. 2134.76 -> 13043
780. 1784.28 -> 13045
781. 1559.46 -> 13046
782. 1126.61 -> 13047
783. 923.642 -> 13048
784. 513.202 -> 13051
785. 512.871 -> 13052
786. 406.223 -> 13053
787. 321.816 -> 13056
788. 274.151 -> 13064
789. 214.655 -> 13065
790. 201.511 -> 13068
791. 184.075 -> 13069
792. 172.03 -> 13070
793. 164.116 -> 13071
794. 163.536 -> 13072
795. 132.38 -> 13073
796. 131.362 -> 13074
797. 94.2246 -> 13075
798. 70.2202 -> 13079
799. 69.9928 -> 13090
800. 66.2756 -> 13101
801. 64.2814 -> 13118
802. 55.1898 -> 13123
803. 51.5575 -> 13126
804. 49.1045 -> 13137
805. 45.4025 -> 13138
806. 41.1649 -> 13143
807. 41.1333 -> 13144
808. 40.2965 -> 13151
809. 37.7386 -> 13178
810. 34.9991 -> 13179
811. 34.9313 -> 13181
812. 31.9133 -> 13182
813. 30.6977 -> 13187
814. 30.5675 -> 13188
815. 29.8554 -> 13190
816. 25.5131 -> 13192
817. 25.2135 -> 13195
818. 24.6058 -> 13196
819. 22.6785 -> 13219
820. 20.6397 -> 13223
821. 19.0012 -> 13346
822. 16.7285 -> 13368
823. 16.6394 -> 13369
824. 16.6182 -> 13372
825. 14.7284 -> 13375
826. 14.5849 -> 13377
827. 14.0073 -> 13379
828. 13.9346 -> 13468
829. 13.1169 -> 13480
830. 13.0865 -> 13481
831. 10353.4 -> 14001
832. 8640.25 -> 14002
833. 4835.44 -> 14004
834. 4369.83 -> 14005
835. 4298.26 -> 14009
836. 3244.37 -> 14010
837. 3182.26 -> 14011
838. 2032.55 -> 14013
839. 1742.66 -> 14015
840. 1139.93 -> 14016
841. 846.488 -> 14024
842. 834.304 -> 14025
843. 828.223 -> 14033
844. 768.97 -> 14036
845. 745.99 -> 14039
846. 680.876 -> 14041
847. 565.143 -> 14047
848. 484.103 -> 14050
849. 394.074 -> 14052
850. 381.772 -> 14056
851. 381.369 -> 14058
852. 376.102 -> 14059
853. 339.745 -> 14061
854. 339.4 -> 14062
855. 255.236 -> 14063
856. 252.785 -> 14064
857. 180.049 -> 14068
858. 157.861 -> 14084
859. 110.836 -> 14096
860. 76.0416 -> 14098
861. 66.4542 -> 14108
862. 59.8977 -> 14110
863. 56.4632 -> 14148
864. 53.0753 -> 14149
865. 45.4935 -> 14178
866. 31.5793 -> 14180
867. 31.5784 -> 14181
868. 31.5603 -> 14182
869. 31.4598 -> 14183
870. 25.7103 -> 14184
871. 25.5264 -> 14193
872. 24.9176 -> 14206
873. 17.5384 -> 14227
874. 15.8001 -> 14242
875. 14.9724 -> 14244
876. 14.9069 -> 14245
877. 13.5732 -> 14246
878. 12.8376 -> 14247
879. 12.3111 -> 14314
880. 12.3006 -> 14315
881. 12.0337 -> 14316
882. 11.3749 -> 14317
883. 11.1765 -> 14319
884. 10.5924 -> 14479
885. 10857.7 -> 15001
886. 10803.6 -> 15002
887. 9559.19 -> 15003
888. 8434.68 -> 15004
889. 7592.49 -> 15005
890. 6895.14 -> 15007
891. 6457.38 -> 15008
892. 6194.67 -> 15015
893. 4375.41 -> 15016
894. 3566.22 -> 15018
895. 1753.96 -> 15019
896. 970.462 -> 15020
897. 906.742 -> 15025
898. 892.155 -> 15026
899. 844.512 -> 15027
900. 821.446 -> 15028
901. 690.721 -> 15029
902. 624.057 -> 15045
903. 587.555 -> 15046
904. 535.513 -> 15047
905. 472.419 -> 15049
906. 372.956 -> 15050
907. 318.663 -> 15059
908. 315.671 -> 15062
909. 292.283 -> 15063
910. 284.415 -> 15064
911. 282.363 -> 15066
912. 229.803 -> 15096
913. 229.742 -> 15097
914. 217.951 -> 15145
915. 194.066 -> 15156
916. 179.927 -> 15169
917. 155.541 -> 15206
918. 155.443 -> 15207
919. 100.767 -> 15210
920. 93.1527 -> 15296
921. 89.4724 -> 15297
922. 83.1839 -> 15365
923. 83.1159 -> 15366
924. 83.0226 -> 15367
925. 82.2956 -> 15370
926. 7878.23 -> 16001
927. 7691.36 -> 16002
928. 7667.24 -> 16003
929. 5632.88 -> 16004
930. 5132.2 -> 16005
931. 4688.66 -> 16006
932. 4420.73 -> 16007
933. 3412.97 -> 16009
934. 3412.41 -> 16010
935. 3319.84 -> 16011
936. 2469.07 -> 16012
937. 2106.6 -> 16014
938. 1942.07 -> 16016
939. 1380.32 -> 16018
940. 1377.59 -> 16019
941. 1373.77 -> 16020
942. 677.987 -> 16022
943. 612.126 -> 16032
944. 542.484 -> 16033
945. 510.795 -> 16034
946. 451.703 -> 16035
947. 417.659 -> 16036
948. 405.07 -> 16039
949. 365.713 -> 16041
950. 288.983 -> 16042
951. 268.808 -> 16049
952. 252.299 -> 16050
953. 251.34 -> 16051
954. 193.07 -> 16064
955. 192.645 -> 16065
956. 192.629 -> 16066
957. 180.326 -> 16069
958. 159.401 -> 16070
959. 157.982 -> 16071
960. 116.47 -> 16074
961. 116.261 -> 16076
962. 88.0676 -> 16077
963. 82.2273 -> 16078
964. 63.7832 -> 16091
965. 63.5069 -> 16098
966. 62.3324 -> 16107
967. 59.6393 -> 16108
968. 59.4559 -> 16109
969. 58.7841 -> 16114
970. 56.6886 -> 16115
971. 43.0265 -> 16118
972. 38.6218 -> 16121
973. 36.2303 -> 16128
974. 35.7601 -> 16129
975. 23.471 -> 16164
976. 22.7446 -> 16201
977. 20.2238 -> 16204
978. 19.8159 -> 16215
979. 18.8459 -> 16224
980. 18.3819 -> 16235
981. 18.2006 -> 16236
982. 16.7193 -> 16238
983. 16.4905 -> 16239
984. 16.4224 -> 16241
985. 15.3349 -> 16246
986. 14.8733 -> 16253
987. 13.0338 -> 16254
988. 12.0357 -> 16263
989. 11.4913 -> 16264
990. 11.0479 -> 16268
991. 11.0009 -> 16509
992. 10.7085 -> 16510
993. 9.03744 -> 16511
994. 8411.44 -> 17001
995. 7772.68 -> 17002
996. 6045.9 -> 17003
997. 5421.77 -> 17005
998. 5418.5 -> 17006
999. 5407.59 -> 17007
1000. 4497.25 -> 17008
1001. 3551.16 -> 17015
1002. 3483.37 -> 17016
1003. 2631.81 -> 17017
1004. 2518.56 -> 17018
1005. 2501.93 -> 17019
1006. 2399.96 -> 17020
1007. 2141.44 -> 17024
1008. 1855.4 -> 17025
1009. 1764.46 -> 17026
1010. 1529.92 -> 17027
1011. 1363.64 -> 17029
1012. 1244.05 -> 17031
1013. 1173.33 -> 17032
1014. 1063.07 -> 17033
1015. 1021.08 -> 17034
1016. 812.892 -> 17035
1017. 812.417 -> 17036
1018. 384.739 -> 17038
1019. 342.423 -> 17046
1020. 339.12 -> 17047
1021. 338.826 -> 17048
1022. 323.312 -> 17050
1023. 323.192 -> 17051
1024. 322.942 -> 17054
1025. 202.359 -> 17056
1026. 159.554 -> 17067
1027. 139.273 -> 17068
1028. 134.155 -> 17076
1029. 126.492 -> 17083
1030. 124.195 -> 17084
1031. 112.434 -> 17117
1032. 110.143 -> 17119
1033. 106.883 -> 17230
1034. 105.235 -> 17232
1035. 101.202 -> 17247
1036. 100.803 -> 17253
1037. 100.649 -> 17254
1038. 100.006 -> 17255
1039. 99.7532 -> 17257
1040. 94.0134 -> 17260
1041. 93.8572 -> 17279
1042. 93.3811 -> 17280
1043. 93.2769 -> 17281
1044. 92.9209 -> 17290
1045. 92.6247 -> 17329
1046. 89.455 -> 17333
1047. 86.5198 -> 17464
1048. 82.1877 -> 17511
1049. 24463.1 -> 18001
1050. 23790.2 -> 18002
1051. 20969.2 -> 18003
1052. 16411.7 -> 18004
1053. 16237.1 -> 18005
1054. 15368.1 -> 18006
1055. 14236.6 -> 18009
1056. 14207.9 -> 18010
1057. 6480.12 -> 18011
1058. 6478.44 -> 18012
1059. 6027.21 -> 18013
1060. 4884.2 -> 18014
1061. 4380.67 -> 18015
1062. 3502.14 -> 18016
1063. 3302.28 -> 18020
1064. 3281.69 -> 18025
1065. 3257.85 -> 18027
1066. 2827.83 -> 18028
1067. 2779.46 -> 18035
1068. 2077.43 -> 18037
1069. 814.365 -> 18039
1070. 797.274 -> 18045
1071. 793.349 -> 18046
1072. 763.445 -> 18048
1073. 763.333 -> 18049
1074. 761.679 -> 18050
1075. 737.144 -> 18051
1076. 715.123 -> 18055
1077. 705.225 -> 18058
1078. 677.953 -> 18060
1079. 550.901 -> 18066
1080. 520.044 -> 18067
1081. 508.403 -> 18068
1082. 497.759 -> 18070
1083. 497.347 -> 18073
1084. 491.273 -> 18074
1085. 481.723 -> 18090
1086. 476.309 -> 18095
1087. 471.497 -> 18097
1088. 423.075 -> 18099
1089. 419.872 -> 18114
1090. 413.984 -> 18281
1091. 392.806 -> 18375
1092. 352.242 -> 18377
1093. 337.215 -> 18380
1094. 314.45 -> 18384
1095. 274.765 -> 18402
1096. 272.82 -> 18403
1097. 253.004 -> 18412
1098. 240.275 -> 18414
1099. 139.276 -> 18620
1100. 127.643 -> 18621
1101. 126.224 -> 18623
1102. 120.815 -> 18624
1103. 102.934 -> 18660
1104. 102.679 -> 18661
1105. 97.0174 -> 18662
1106. 95.7591 -> 18706
1107. 93.964 -> 18723
1108. 92.1444 -> 18766
1109. 91.1427 -> 18861
1110. 90.5247 -> 18906
1111. 87.6531 -> 18960
1112. 84.0803 -> 18993
1113. 24439.8 -> 19001
1114. 13026.4 -> 19002
1115. 12287.4 -> 19003
1116. 11803.1 -> 19004
1117. 10956.8 -> 19005
1118. 5456.8 -> 19006
1119. 2641.86 -> 19008
1120. 2628.56 -> 19009
1121. 1793.03 -> 19010
1122. 1756.88 -> 19011
1123. 1541.65 -> 19012
1124. 1081.68 -> 19013
1125. 827.966 -> 19015
1126. 817.496 -> 19017
1127. 795.192 -> 19018
1128. 663.684 -> 19020
1129. 628.971 -> 19021
1130. 482.238 -> 19023
1131. 416.609 -> 19025
1132. 335.976 -> 19027
1133. 312.889 -> 19028
1134. 274.324 -> 19029
1135. 272.833 -> 19031
1136. 267.113 -> 19032
1137. 239.093 -> 19033
1138. 236.003 -> 19035
1139. 198.004 -> 19050
1140. 197.673 -> 19052
1141. 196.966 -> 19053
1142. 188.21 -> 19062
1143. 182.449 -> 19064
1144. 154.623 -> 19065
1145. 127.051 -> 19067
1146. 107.877 -> 19068
1147. 107.476 -> 19070
1148. 107.213 -> 19071
1149. 88.6644 -> 19072
1150. 87.8643 -> 19075
1151. 87.5301 -> 19076
1152. 80.9602 -> 19078
1153. 79.9524 -> 19086
1154. 77.6188 -> 19087
1155. 74.1345 -> 19088
1156. 73.2111 -> 19089
1157. 72.4821 -> 19101
1158. 71.9227 -> 19110
1159. 68.8785 -> 19132
1160. 64.0973 -> 19188
1161. 54.939 -> 19202
1162. 49.6909 -> 19327
1163. 44.6073 -> 19329
1164. 39.3818 -> 19331
1165. 37.8015 -> 19332
1166. 37.0452 -> 19333
1167. 34.2779 -> 19336
1168. 23.5807 -> 19338
1169. 23.2564 -> 19344
1170. 22.3557 -> 19349
1171. 22.0874 -> 19351
1172. 20.9305 -> 19357
1173. 20.5803 -> 19358
1174. 20.2584 -> 19359
1175. 19.9482 -> 19360
1176. 19.0924 -> 19361
1177. 19.008 -> 19377
1178. 17.0937 -> 19380
1179. 15.7929 -> 19381
1180. 14.7295 -> 19385
1181. 14.46 -> 19577
1182. 14.4365 -> 19579
1183. 14.069 -> 19580
1184. 12.8249 -> 19719
1185. 12.8152 -> 19720
1186. 11.8977 -> 19744
1187. 37970.9 -> 20001
1188. 13319.2 -> 20002
1189. 9241.39 -> 20004
1190. 8994.73 -> 20006
1191. 7234.23 -> 20007
1192. 6046.53 -> 20013
1193. 5110.59 -> 20015
1194. 3766.96 -> 20016
1195. 3729.09 -> 20017
1196. 3486.26 -> 20019
1197. 3436.02 -> 20020
1198. 2753.03 -> 20022
1199. 2736.65 -> 20023
1200. 2709.44 -> 20025
1201. 2653.58 -> 20026
1202. 2526.61 -> 20029
1203. 2259.77 -> 20053
1204. 2038.74 -> 20074
1205. 1831.44 -> 20076
1206. 1830.82 -> 20077
1207. 1659.79 -> 20080
1208. 1123.36 -> 20083
1209. 994.655 -> 20084
1210. 811.308 -> 20087
1211. 704.651 -> 20088
1212. 534.346 -> 20089
1213. 392.11 -> 20092
1214. 361.188 -> 20093
1215. 301.144 -> 20094
1216. 182.204 -> 20095
1217. 160.833 -> 20105
1218. 152.715 -> 20107
1219. 152.154 -> 20108
1220. 144.819 -> 20113
1221. 131.411 -> 20116
1222. 121.851 -> 20120
1223. 121.495 -> 20122
1224. 119.492 -> 20123
1225. 119.02 -> 20124
1226. 118.708 -> 20129
1227. 100.393 -> 20133
1228. 93.1262 -> 20147
1229. 78.5754 -> 20148
1230. 75.7241 -> 20162
1231. 73.0086 -> 20164
1232. 70.6051 -> 20167
1233. 62.0355 -> 20168
1234. 54.2112 -> 20171
1235. 54.2046 -> 20259
1236. 50.5691 -> 20260
1237. 45.2942 -> 20262
1238. 45.0851 -> 20263
1239. 43.7424 -> 20264
1240. 37.0424 -> 20269
1241. 36.3954 -> 20447
1242. 27.0789 -> 20448
1243. 25.01 -> 20450
1244. 24.935 -> 20451
1245. 23.3987 -> 20452
1246. 16.6296 -> 20454
1247. 13.9095 -> 20614
1248. 12.9359 -> 20848
1249. 16302.9 -> 21001
1250. 15363 -> 21002
1251. 13912.5 -> 21003
1252. 11308.5 -> 21004
1253. 8784.35 -> 21005
1254. 6771.51 -> 21006
1255. 6750.61 -> 21007
1256. 5999.41 -> 21008
1257. 4821.81 -> 21009
1258. 4775.59 -> 21015
1259. 4131.21 -> 21016
1260. 3646.44 -> 21025
1261. 3639.91 -> 21027
1262. 3625.26 -> 21028
1263. 3476.95 -> 21029
1264. 2904.3 -> 21034
1265. 2801.8 -> 21038
1266. 2747.5 -> 21039
1267. 2371.56 -> 21041
1268. 1936.52 -> 21042
1269. 1838.04 -> 21046
1270. 1460.22 -> 21058
1271. 585.196 -> 21059
1272. 352.101 -> 21061
1273. 329.151 -> 21067
1274. 318.931 -> 21069
1275. 285.719 -> 21070
1276. 285.194 -> 21071
1277. 284.111 -> 21083
1278. 280.468 -> 21087
1279. 256.548 -> 21088
1280. 251.801 -> 21089
1281. 247.301 -> 21091
1282. 234.061 -> 21093
1283. 199.673 -> 21094
1284. 181.112 -> 21095
1285. 160.889 -> 21096
1286. 160.867 -> 21097
1287. 160.493 -> 21099
1288. 69.661 -> 21115
1289. 61.1639 -> 21127
1290. 57.2482 -> 21135
1291. 55.3084 -> 21144
1292. 51.2019 -> 21145
1293. 41.0026 -> 21147
1294. 40.9608 -> 21155
1295. 40.8618 -> 21156
1296. 33.3539 -> 21160
1297. 33.3485 -> 21161
1298. 30.1661 -> 21162
1299. 17.23 -> 21166
1300. 17.0973 -> 21167
1301. 16.2187 -> 21180
1302. 16.2106 -> 21263
1303. 16.1134 -> 21264
1304. 13.9078 -> 21272
1305. 13.065 -> 21274
1306. 12.3213 -> 21276
1307. 12.0464 -> 21277
1308. 12.006 -> 21278
1309. 11.8902 -> 21282
1310. 11.5063 -> 21284
1311. 10.775 -> 21285
1312. 10.4676 -> 21295
1313. 10.3073 -> 21296
1314. 10.0505 -> 21298
1315. 8.80746 -> 21303
1316. 8.6585 -> 21304
1317. 53791.9 -> 22001
1318. 26631.4 -> 22002
1319. 18930.7 -> 22003
1320. 13426.4 -> 22005
1321. 13171 -> 22006
1322. 8807.45 -> 22007
1323. 8174.34 -> 22009
1324. 6412.66 -> 22013
1325. 4903.67 -> 22015
1326. 4449.86 -> 22022
1327. 2704.72 -> 22029
1328. 2254.16 -> 22030
1329. 2180.06 -> 22031
1330. 2179.54 -> 22032
1331. 2121.22 -> 22033
1332. 1997.31 -> 22034
1333. 1125.91 -> 22036
1334. 1104.8 -> 22048
1335. 885.964 -> 22050
1336. 558.875 -> 22051
1337. 442.33 -> 22062
1338. 200.703 -> 22064
1339. 156.719 -> 22077
1340. 111.416 -> 22085
1341. 103.262 -> 22093
1342. 95.9308 -> 22099
1343. 95.2975 -> 22103
1344. 89.1164 -> 22104
1345. 86.271 -> 22110
1346. 82.1617 -> 22138
1347. 82.059 -> 22139
1348. 81.3471 -> 22140
1349. 76.139 -> 22142
1350. 68.284 -> 22143
1351. 65.8789 -> 22157
1352. 65.2206 -> 22158
1353. 65.1747 -> 22165
1354. 57.386 -> 22219
1355. 56.8106 -> 22226
1356. 50.39 -> 22228
1357. 50.1518 -> 22229
1358. 42.6729 -> 22230
1359. 42.4036 -> 22232
1360. 39.0214 -> 22239
1361. 38.9143 -> 22241
1362. 31.7318 -> 22243
1363. 30.4404 -> 22251
1364. 30.3332 -> 22263
1365. 28.9061 -> 22264
1366. 28.877 -> 22265
1367. 25.9188 -> 22266
1368. 25.6 -> 22272
1369. 23.2567 -> 22273
1370. 21.2243 -> 22275
1371. 20.9344 -> 22279
1372. 20.6172 -> 22280
1373. 17.3145 -> 22281
1374. 15.0648 -> 22285
1375. 13.7357 -> 22337
1376. 13.327 -> 22338
1377. 12.928 -> 22379
1378. 12.8479 -> 22405
1379. 12.5268 -> 22408
1380. 12.2348 -> 22409
1381. 11.6728 -> 22452
1382. 10.744 -> 22456
1383. 22401.2 -> 23001
1384. 18596.8 -> 23002
1385. 18036.9 -> 23003
1386. 11112.9 -> 23004
1387. 11064.4 -> 23005
1388. 9056.66 -> 23011
1389. 8879.3 -> 23013
1390. 8578.99 -> 23014
1391. 8522.71 -> 23015
1392. 5826.64 -> 23017
1393. 4570.34 -> 23023
1394. 4154.22 -> 23027
1395. 2335.58 -> 23029
1396. 1036.17 -> 23030
1397. 1032.2 -> 23031
1398. 723.834 -> 23032
1399. 661.825 -> 23043
1400. 632.183 -> 23045
1401. 529.586 -> 23047
1402. 516.096 -> 23049
1403. 475.636 -> 23051
1404. 439.243 -> 23054
1405. 417.34 -> 23064
1406. 417.071 -> 23066
1407. 389.588 -> 23067
1408. 335.903 -> 23068
1409. 333.64 -> 23070
1410. 317.689 -> 23077
1411. 309.136 -> 23080
1412. 285.363 -> 23085
1413. 276.379 -> 23088
1414. 274.091 -> 23091
1415. 273.8 -> 23092
1416. 273.493 -> 23093
1417. 268.854 -> 23097
1418. 268.776 -> 23098
1419. 235.791 -> 23103
1420. 231.647 -> 23104
1421. 211.643 -> 23297
1422. 183.623 -> 23299
1423. 177.303 -> 23301
1424. 158.966 -> 23302
1425. 99.2797 -> 23303
1426. 71.7907 -> 23306
1427. 71.625 -> 23307
1428. 70.8583 -> 23308
1429. 66.2812 -> 23315
1430. 58.908 -> 23332
1431. 51.7086 -> 23343
1432. 51.1676 -> 23344
1433. 44.3916 -> 23345
1434. 44.3088 -> 23346
1435. 38.298 -> 23348
1436. 35.5736 -> 23355
1437. 29.6571 -> 23361
1438. 29.4077 -> 23377
1439. 28.5514 -> 23378
1440. 24.2105 -> 23381
1441. 23.9823 -> 23382
1442. 23.2673 -> 23413
1443. 22.1428 -> 23446
1444. 21.7597 -> 23448
1445. 19.5098 -> 23449
1446. 19.1493 -> 23452
1447. 17.1752 -> 23453
1448. 16.541 -> 23753
1449. 16.384 -> 23754
1450. 15.888 -> 23850
1451. 15.3038 -> 23853
1452. 15.2828 -> 23855
1453. 14.0161 -> 23902
1454. 37412.7 -> 24001
1455. 26840.5 -> 24002
1456. 4024.21 -> 24006
1457. 3061.95 -> 24010
1458. 2275.83 -> 24011
1459. 2022.8 -> 24012
1460. 1395.21 -> 24013
1461. 1218.67 -> 24017
1462. 1167.54 -> 24026
1463. 739.374 -> 24027
1464. 528.273 -> 24028
1465. 511.846 -> 24030
1466. 392.041 -> 24032
1467. 359.734 -> 24033
1468. 272.531 -> 24041
1469. 229.472 -> 24046
1470. 223.552 -> 24062
1471. 216.971 -> 24064
1472. 197.916 -> 24065
1473. 191.797 -> 24067
1474. 188.903 -> 24068
1475. 173.866 -> 24069
1476. 173.788 -> 24070
1477. 168.677 -> 24075
1478. 168.518 -> 24077
1479. 143.653 -> 24078
1480. 142.42 -> 24087
1481. 112.385 -> 24090
1482. 111.618 -> 24091
1483. 110.717 -> 24092
1484. 86.1539 -> 24093
1485. 86.0473 -> 24094
1486. 82.2189 -> 24095
1487. 79.0297 -> 24098
1488. 76.7644 -> 24110
1489. 65.7287 -> 24112
1490. 64.037 -> 24114
1491. 51.354 -> 24115
1492. 51.2897 -> 24123
1493. 44.7869 -> 24125
1494. 44.3945 -> 24126
1495. 43.7867 -> 24127
1496. 43.2748 -> 24128
1497. 43.264 -> 24129
1498. 38.5232 -> 24130
1499. 24.9069 -> 24144
1500. 22.3234 -> 24158
1501. 16.8624 -> 24161
1502. 15.3229 -> 24172
1503. 14.5152 -> 24175
1504. 13.5809 -> 24182
1505. 13.4607 -> 24183
1506. 12.378 -> 24187
1507. 12.3112 -> 24248
1508. 11.463 -> 24849
1509. 11.4565 -> 24866
1510. 11.2194 -> 24889
1511. 11.0288 -> 24891
1512. 10.9655 -> 24896
1513. 9664.78 -> 25001
1514. 7037.51 -> 25002
1515. 6687 -> 25003
1516. 6488.45 -> 25005
1517. 2570.17 -> 25007
1518. 2568.77 -> 25008
1519. 1914.49 -> 25010
1520. 1741.31 -> 25011
1521. 1681.86 -> 25013
1522. 1480.02 -> 25017
1523. 1223.57 -> 25018
1524. 1120.42 -> 25020
1525. 893.458 -> 25021
1526. 777.339 -> 25025
1527. 617.999 -> 25030
1528. 597.283 -> 25031
1529. 426.205 -> 25032
1530. 414.131 -> 25033
1531. 388.301 -> 25034
1532. 345.326 -> 25035
1533. 312.531 -> 25037
1534. 269.638 -> 25052
1535. 223.456 -> 25053
1536. 153.63 -> 25056
1537. 148.177 -> 25058
1538. 130.983 -> 25060
1539. 111.803 -> 25061
1540. 102.406 -> 25062
1541. 100.157 -> 25063
1542. 98.184 -> 25201
1543. 97.0038 -> 25207
1544. 95.2645 -> 25212
1545. 93.9118 -> 25609
1546. 78.2904 -> 25615
1547. 74.1081 -> 25619
1548. 54.2678 -> 25639
1549. 48.3082 -> 25718
1550. 48.266 -> 25719
1551. 46.5229 -> 25720
1552. 40.6875 -> 25721
1553. 40.671 -> 25722
1554. 30.6871 -> 25723
1555. 26.9886 -> 25725
1556. 25.0531 -> 25730
1557. 24.8532 -> 25738
1558. 24.4452 -> 25739
1559. 24.1482 -> 25740
1560. 23.8811 -> 25741
1561. 15.0611 -> 25742
1562. 14.357 -> 25743
1563. 13.5434 -> 25745
1564. 10.0606 -> 25746
1565. 4.77624 -> 25964
1566. 4.66638 -> 25967
1567. 4.18521 -> 25968
1568. 7818.85 -> 26001
1569. 6426.48 -> 26003
1570. 1691.14 -> 26004
1571. 952.434 -> 26016
1572. 854.352 -> 26024
1573. 844.592 -> 26026
1574. 687.759 -> 26028
1575. 646.37 -> 26030
1576. 562.957 -> 26031
1577. 541.005 -> 26032
1578. 537.749 -> 26033
1579. 513.398 -> 26034
1580. 501.485 -> 26035
1581. 491.336 -> 26036
1582. 359.814 -> 26037
1583. 347.055 -> 26039
1584. 313.309 -> 26041
1585. 300.279 -> 26046
1586. 284.111 -> 26060
1587. 217.368 -> 26065
1588. 187.973 -> 26066
1589. 171.918 -> 26068
1590. 170.839 -> 26077
1591. 161.326 -> 26127
1592. 155.2 -> 26132
1593. 155.005 -> 26133
1594. 152.568 -> 26186
1595. 141.693 -> 26191
1596. 141.628 -> 26218
1597. 124.323 -> 26219
1598. 104.054 -> 26223
1599. 96.9894 -> 26911
1600. 10113.7 -> 27001
1601. 10072.3 -> 27002
1602. 9551.38 -> 27003
1603. 7412.87 -> 27004
1604. 7412.55 -> 27005
1605. 7381.19 -> 27006
1606. 6311.56 -> 27007
1607. 6072.82 -> 27012
1608. 4056.2 -> 27014
1609. 3887.69 -> 27015
1610. 3810.73 -> 27016
1611. 2937.4 -> 27019
1612. 2190.14 -> 27021
1613. 2152.98 -> 27022
1614. 1754.31 -> 27023
1615. 1474.56 -> 27024
1616. 1433.45 -> 27025
1617. 1157.44 -> 27026
1618. 773.448 -> 27027
1619. 753.678 -> 27030
1620. 653.502 -> 27042
1621. 652.652 -> 27044
1622. 627.423 -> 27045
1623. 614.44 -> 27046
1624. 602.283 -> 27047
1625. 585.507 -> 27048
1626. 501.939 -> 27051
1627. 412.054 -> 27060
1628. 366.816 -> 27064
1629. 365.127 -> 27065
1630. 355.273 -> 27066
1631. 349.258 -> 27069
1632. 292.006 -> 27070
1633. 272.184 -> 27073
1634. 258.195 -> 27075
1635. 257.837 -> 27200
1636. 255.805 -> 27201
1637. 227.798 -> 27203
1638. 226.017 -> 27206
1639. 199.277 -> 27207
1640. 199.117 -> 27208
1641. 162.145 -> 27225
1642. 156.372 -> 27255
1643. 156.318 -> 27256
1644. 151.68 -> 27258
1645. 146.504 -> 27408
1646. 133.011 -> 27410
1647. 129.229 -> 27419
1648. 127.77 -> 27449
1649. 125.899 -> 27454
1650. 124.699 -> 27496
1651. 118.263 -> 27625
1652. 110.256 -> 27630
1653. 108.902 -> 27633
1654. 108.504 -> 27634
1655. 101.824 -> 27635
1656. 101.505 -> 27637
1657. 100.433 -> 27638
1658. 99.7006 -> 27640
1659. 96.8298 -> 27643
1660. 96.5087 -> 27646
1661. 95.4532 -> 27753
1662. 93.2545 -> 27758
1663. 89.1193 -> 27761
1664. 86.6897 -> 27762
1665. 84.4566 -> 27765
1666. 83.6786 -> 27766
1667. 20626 -> 28001
1668. 13252.8 -> 28002
1669. 8631.7 -> 28004
1670. 1793.92 -> 28005
1671. 1787.73 -> 28006
1672. 1630.34 -> 28007
1673. 1369.45 -> 28008
1674. 594.522 -> 28009
1675. 253.239 -> 28020
1676. 175.241 -> 28021
1677. 150.247 -> 28031
1678. 146.713 -> 28033
1679. 145.854 -> 28044
1680. 139.3 -> 28046
1681. 116.459 -> 28050
1682. 114.021 -> 28087
1683. 113.174 -> 28102
1684. 112.793 -> 28104
1685. 112.103 -> 28113
1686. 111.863 -> 28117
1687. 105.821 -> 28118
1688. 100.3 -> 28142
1689. 99.6415 -> 28206
1690. 92.8702 -> 28210
1691. 92.5764 -> 28212
1692. 87.3313 -> 28216
1693. 6625.8 -> 29001
1694. 6173.78 -> 29002
1695. 2818.96 -> 29003
1696. 2514.48 -> 29005
1697. 2498.75 -> 29007
1698. 2234.14 -> 29009
1699. 1583.03 -> 29010
1700. 1470.9 -> 29011
1701. 1226.2 -> 29013
1702. 923.504 -> 29015
1703. 687.021 -> 29021
1704. 680.706 -> 29022
1705. 631.595 -> 29023
1706. 574.06 -> 29024
1707. 573.469 -> 29025
1708. 436.692 -> 29029
1709. 296.84 -> 29031
1710. 269.703 -> 29032
1711. 87.7062 -> 29033
1712. 80.0726 -> 29089
1713. 77.8727 -> 29090
1714. 76.521 -> 29091
1715. 74.7789 -> 29094
1716. 69.5575 -> 29096
1717. 66.2731 -> 29100
1718. 66.2204 -> 29101
1719. 59.6202 -> 29109
1720. 48.7713 -> 29113
1721. 44.8503 -> 29114
1722. 33.3328 -> 29118
1723. 31.5882 -> 29123
1724. 31.2825 -> 29125
1725. 31.2415 -> 29126
1726. 30.1889 -> 29127
1727. 28.6052 -> 29136
1728. 26.181 -> 29138
1729. 25.9929 -> 29139
1730. 25.5176 -> 29140
1731. 24.5607 -> 29141
1732. 24.0079 -> 29144
1733. 23.9527 -> 29145
1734. 21.9783 -> 29445
1735. 21.9069 -> 29462
1736. 20.3341 -> 29466
1737. 19.7815 -> 29469
1738. 18.4148 -> 29470
1739. 18.293 -> 29472
1740. 15.9669 -> 29474
1741. 15.9011 -> 29477
1742. 15.0974 -> 29479
1743. 14.2008 -> 29480
1744. 13.8235 -> 29615
1745. 13.5953 -> 29617
1746. 13.2855 -> 29638
1747. 12.6141 -> 29639
1748. 11.9782 -> 29923
1749. 11.9065 -> 29961
1750. 11.3185 -> 29963



Rezultate rulari
Minim: 3.42542
Maxim: 53791.9
Medie: 1548.73



