0. 144922 -> 1
1. 106680 -> 2
2. 101447 -> 3
3. 83025.1 -> 4
4. 82224 -> 5
5. 44132.9 -> 7
6. 43461.4 -> 11
7. 41999.3 -> 18
8. 41064.6 -> 19
9. 41054.9 -> 20
10. 41029.5 -> 21
11. 39028.9 -> 22
12. 32567.2 -> 23
13. 26087.7 -> 24
14. 25782.2 -> 25
15. 25424.8 -> 26
16. 23575.3 -> 31
17. 22660.5 -> 33
18. 22553.4 -> 34
19. 20561.5 -> 36
20. 20371.5 -> 53
21. 19243.8 -> 58
22. 18563.7 -> 59
23. 17363.6 -> 84
24. 17050 -> 85
25. 16482 -> 86
26. 11976.8 -> 88
27. 10710.9 -> 110
28. 9304.13 -> 126
29. 9147.1 -> 129
30. 9034.59 -> 130
31. 8414.54 -> 131
32. 6371.63 -> 132
33. 6034.37 -> 133
34. 5592.7 -> 134
35. 4522.7 -> 153
36. 4163.58 -> 260
37. 4128.07 -> 288
38. 3971.09 -> 289
39. 3803.03 -> 290
40. 3405.8 -> 291
41. 3222.99 -> 292
42. 3221.24 -> 295
43. 2925.76 -> 296
44. 2697.33 -> 297
45. 2324.55 -> 300
46. 310513 -> 1001
47. 291564 -> 1002
48. 273222 -> 1003
49. 225914 -> 1004
50. 188339 -> 1005
51. 187385 -> 1006
52. 186138 -> 1007
53. 116895 -> 1009
54. 107543 -> 1012
55. 77854.1 -> 1014
56. 63810.2 -> 1025
57. 61185.9 -> 1026
58. 42830.5 -> 1030
59. 39493.1 -> 1034
60. 36433.7 -> 1035
61. 33936.6 -> 1041
62. 33896.5 -> 1042
63. 31519 -> 1045
64. 30193 -> 1046
65. 30175.8 -> 1047
66. 29786.9 -> 1048
67. 25388.6 -> 1049
68. 24615 -> 1051
69. 23984.5 -> 1053
70. 23109.8 -> 1054
71. 20924.8 -> 1057
72. 16797.6 -> 1058
73. 16650.7 -> 1059
74. 15533.8 -> 1062
75. 13826.2 -> 1063
76. 13455.4 -> 1075
77. 12494.7 -> 1084
78. 12154.7 -> 1114
79. 12147.5 -> 1115
80. 12034.3 -> 1123
81. 11011.4 -> 1126
82. 10242.9 -> 1131
83. 10229.6 -> 1133
84. 6045.52 -> 1134
85. 5625.36 -> 1221
86. 5533.62 -> 1232
87. 5207.71 -> 1243
88. 4608.35 -> 1250
89. 4449.54 -> 1259
90. 3877.38 -> 1266
91. 3599.07 -> 1274
92. 3553.6 -> 1275
93. 3379.27 -> 1276
94. 2581.34 -> 1299
95. 2094.84 -> 1301
96. 132524 -> 2001
97. 114053 -> 2002
98. 97397.3 -> 2003
99. 89350.2 -> 2004
100. 74506.7 -> 2005
101. 72018.9 -> 2009
102. 71051.5 -> 2010
103. 57205.1 -> 2019
104. 43097.7 -> 2020
105. 38703.7 -> 2051
106. 36700.6 -> 2052
107. 32308.3 -> 2063
108. 32233.5 -> 2067
109. 31399.7 -> 2068
110. 31229.6 -> 2069
111. 30882.9 -> 2071
112. 28764.6 -> 2074
113. 28057.1 -> 2075
114. 26748.8 -> 2076
115. 22493.7 -> 2100
116. 22010.1 -> 2104
117. 21756.8 -> 2107
118. 18258 -> 2108
119. 17816.6 -> 2115
120. 17553.5 -> 2116
121. 17512.2 -> 2117
122. 17059.8 -> 2139
123. 15945.7 -> 2140
124. 15914.9 -> 2141
125. 15244.4 -> 2145
126. 15192.7 -> 2146
127. 13990 -> 2147
128. 13566.5 -> 2151
129. 12628.3 -> 2154
130. 12382 -> 2158
131. 11164.7 -> 2160
132. 11041.7 -> 2162
133. 10537.9 -> 2204
134. 10082.9 -> 2219
135. 9315.89 -> 2220
136. 9076.28 -> 2224
137. 8051.69 -> 2225
138. 7032.04 -> 2256
139. 6992.67 -> 2258
140. 6889.24 -> 2260
141. 6728.38 -> 2264
142. 6712.57 -> 2265
143. 5757.58 -> 2266
144. 5308.55 -> 2267
145. 4120.41 -> 2383
146. 4090.98 -> 2391
147. 3999.28 -> 2416
148. 3845.23 -> 2417
149. 2971.33 -> 2420
150. 2795.53 -> 2422
151. 2738.46 -> 2424
152. 2607.67 -> 2425
153. 2417.17 -> 2426
154. 2310.87 -> 2427
155. 2108.44 -> 2428
156. 1858.33 -> 2700
157. 1748.44 -> 2701
158. 250659 -> 3001
159. 219072 -> 3002
160. 158093 -> 3005
161. 101073 -> 3008
162. 100316 -> 3009
163. 88697.9 -> 3020
164. 76065.8 -> 3021
165. 73989.5 -> 3023
166. 72915.9 -> 3024
167. 39787.3 -> 3028
168. 35608.9 -> 3037
169. 32701.9 -> 3040
170. 30263 -> 3042
171. 27714.6 -> 3045
172. 27614.5 -> 3048
173. 27098.4 -> 3050
174. 19056.3 -> 3052
175. 18547.4 -> 3059
176. 17851.9 -> 3061
177. 17489.4 -> 3062
178. 17207.4 -> 3063
179. 16313.5 -> 3064
180. 14530.9 -> 3065
181. 14168.7 -> 3070
182. 11990.1 -> 3091
183. 8821.69 -> 3095
184. 7741.05 -> 3109
185. 6531.57 -> 3110
186. 5951.25 -> 3111
187. 5369.01 -> 3112
188. 5307.52 -> 3113
189. 4415.23 -> 3115
190. 4390.39 -> 3116
191. 4365.25 -> 3122
192. 4237.35 -> 3130
193. 4142.07 -> 3133
194. 4125.6 -> 3135
195. 3858.28 -> 3137
196. 3026.32 -> 3170
197. 3015.81 -> 3171
198. 2965.32 -> 3192
199. 2803.6 -> 3428
200. 2757.44 -> 3431
201. 1894.38 -> 3432
202. 141592 -> 4001
203. 125414 -> 4004
204. 109290 -> 4005
205. 102339 -> 4006
206. 68807 -> 4008
207. 58811 -> 4012
208. 55114.9 -> 4014
209. 44022.3 -> 4015
210. 36971.5 -> 4019
211. 36377.5 -> 4023
212. 33605.8 -> 4024
213. 29150.8 -> 4027
214. 26153.7 -> 4028
215. 25031.4 -> 4032
216. 24123.2 -> 4034
217. 20159.4 -> 4035
218. 18867.6 -> 4037
219. 18383.8 -> 4040
220. 18123.6 -> 4041
221. 16686.2 -> 4043
222. 16202.3 -> 4045
223. 15115.4 -> 4049
224. 14366.9 -> 4055
225. 12947.5 -> 4062
226. 12129.2 -> 4063
227. 12046 -> 4064
228. 11447.9 -> 4070
229. 8615.9 -> 4073
230. 8507.65 -> 4074
231. 8207.46 -> 4075
232. 8111.1 -> 4084
233. 7564.25 -> 4085
234. 7203.86 -> 4086
235. 7041.91 -> 4096
236. 5900.15 -> 4100
237. 5866.27 -> 4101
238. 4966.53 -> 4102
239. 4864.33 -> 4104
240. 4515.7 -> 4149
241. 4469.41 -> 4150
242. 4353.63 -> 4151
243. 3715.93 -> 4155
244. 3265.36 -> 4201
245. 2985.73 -> 4202
246. 2762.54 -> 4237
247. 2706.72 -> 4249
248. 2289.34 -> 4250
249. 2289 -> 4253
250. 2169.08 -> 4256
251. 1379.68 -> 4399
252. 1327.61 -> 4400
253. 1262.36 -> 4401
254. 209095 -> 5001
255. 207452 -> 5002
256. 89870.3 -> 5003
257. 82451.2 -> 5004
258. 80755.4 -> 5005
259. 55143.5 -> 5006
260. 55024.8 -> 5007
261. 47464.7 -> 5008
262. 20802.4 -> 5009
263. 20662.2 -> 5011
264. 20640.7 -> 5012
265. 19751.5 -> 5013
266. 19739.6 -> 5014
267. 17289.3 -> 5018
268. 16002.5 -> 5055
269. 14783.1 -> 5056
270. 12923.4 -> 5057
271. 12404.4 -> 5058
272. 11176.7 -> 5059
273. 10199.7 -> 5060
274. 8160.84 -> 5068
275. 7729.73 -> 5075
276. 6913.27 -> 5077
277. 5723.09 -> 5080
278. 5396.07 -> 5082
279. 5279.5 -> 5083
280. 5236.23 -> 5085
281. 4406.47 -> 5143
282. 4164.59 -> 5144
283. 4066.84 -> 5151
284. 3898.98 -> 5153
285. 3571.13 -> 5154
286. 2474.79 -> 5155
287. 2394.01 -> 5313
288. 2385.2 -> 5885
289. 2306.88 -> 5886
290. 2273.48 -> 5890
291. 2245.42 -> 5891
292. 253399 -> 6001
293. 202385 -> 6002
294. 93688.3 -> 6005
295. 91913.2 -> 6006
296. 86779.3 -> 6007
297. 83493.1 -> 6008
298. 82038.3 -> 6010
299. 64480.6 -> 6011
300. 46879.6 -> 6014
301. 46721.4 -> 6015
302. 46336.9 -> 6016
303. 43098.9 -> 6017
304. 42124.3 -> 6019
305. 41974.6 -> 6020
306. 35528.7 -> 6021
307. 28965 -> 6022
308. 21488 -> 6029
309. 21160.8 -> 6030
310. 20801.8 -> 6032
311. 20419.2 -> 6042
312. 18542.2 -> 6043
313. 18073.3 -> 6045
314. 17726.7 -> 6050
315. 16842.6 -> 6075
316. 15938.3 -> 6076
317. 13517.5 -> 6078
318. 8516.64 -> 6081
319. 8512.28 -> 6082
320. 8470.45 -> 6083
321. 7762.79 -> 6084
322. 6884.22 -> 6085
323. 5724.52 -> 6088
324. 5177.32 -> 6096
325. 4939.58 -> 6148
326. 4661.37 -> 6164
327. 4000.88 -> 6165
328. 3915.17 -> 6166
329. 3715.48 -> 6167
330. 3267.56 -> 6481
331. 3016.02 -> 6484
332. 2538.24 -> 6556
333. 2299.1 -> 6558
334. 2243.44 -> 6828
335. 236116 -> 7001
336. 210473 -> 7002
337. 189967 -> 7005
338. 156696 -> 7006
339. 151862 -> 7007
340. 146927 -> 7009
341. 136143 -> 7010
342. 97732.4 -> 7011
343. 84293.3 -> 7012
344. 84158.5 -> 7014
345. 79341.2 -> 7017
346. 77639.2 -> 7019
347. 61309 -> 7025
348. 59957.6 -> 7026
349. 58161 -> 7028
350. 54607.2 -> 7030
351. 45866.6 -> 7031
352. 40829.7 -> 7035
353. 40674.7 -> 7036
354. 34560.3 -> 7054
355. 33162.4 -> 7061
356. 32428.1 -> 7062
357. 29169.8 -> 7063
358. 28122.6 -> 7064
359. 24421.6 -> 7070
360. 22606.3 -> 7085
361. 20280.8 -> 7088
362. 18929.3 -> 7093
363. 18698 -> 7094
364. 18213.5 -> 7096
365. 16980.2 -> 7097
366. 15359.8 -> 7098
367. 14450.7 -> 7100
368. 14052.4 -> 7101
369. 13841.1 -> 7104
370. 12969.4 -> 7112
371. 11999 -> 7113
372. 11155.2 -> 7119
373. 8855.97 -> 7120
374. 7826.91 -> 7121
375. 7369.11 -> 7122
376. 6586.12 -> 7123
377. 6107.45 -> 7124
378. 6090.78 -> 7125
379. 5617.16 -> 7195
380. 5277.75 -> 7205
381. 4419.84 -> 7225
382. 3477.56 -> 7260
383. 3389.03 -> 7261
384. 3383.84 -> 7262
385. 2559.05 -> 7263
386. 2496.47 -> 7274
387. 2093.99 -> 7275
388. 2055.55 -> 7277
389. 1503.12 -> 7289
390. 1479.02 -> 7298
391. 226787 -> 8001
392. 225891 -> 8002
393. 218099 -> 8003
394. 189250 -> 8004
395. 160224 -> 8007
396. 156995 -> 8010
397. 112753 -> 8011
398. 111267 -> 8012
399. 88979.4 -> 8013
400. 57754.1 -> 8014
401. 45646.3 -> 8024
402. 43994.5 -> 8026
403. 43799.2 -> 8027
404. 33383 -> 8028
405. 32929.3 -> 8030
406. 31366.7 -> 8031
407. 27918.1 -> 8032
408. 27145.9 -> 8033
409. 25453.2 -> 8036
410. 21798.5 -> 8037
411. 21192.8 -> 8041
412. 19057 -> 8044
413. 16849.8 -> 8053
414. 16560.9 -> 8055
415. 16090.2 -> 8059
416. 13860.3 -> 8069
417. 12920.7 -> 8077
418. 12910.4 -> 8082
419. 12559 -> 8084
420. 11152.6 -> 8086
421. 10368.5 -> 8087
422. 9984.64 -> 8088
423. 9230.82 -> 8142
424. 8810.1 -> 8154
425. 8697.59 -> 8155
426. 7637.64 -> 8157
427. 5896.62 -> 8158
428. 5167.4 -> 8159
429. 4688.19 -> 8161
430. 4553.12 -> 8163
431. 3910.51 -> 8164
432. 3560.22 -> 8179
433. 3412.39 -> 8190
434. 3188.88 -> 8311
435. 2794.34 -> 8336
436. 2788.48 -> 8480
437. 2647.37 -> 8481
438. 2359.67 -> 8483
439. 2348.53 -> 8484
440. 2311.39 -> 8485
441. 2186.09 -> 8486
442. 2177.03 -> 8490
443. 1895.5 -> 8759
444. 142544 -> 9001
445. 142519 -> 9002
446. 125425 -> 9003
447. 97579.5 -> 9005
448. 77151.1 -> 9008
449. 67197.4 -> 9012
450. 56271.3 -> 9013
451. 42103.3 -> 9020
452. 41542.2 -> 9021
453. 40082.7 -> 9022
454. 38590 -> 9023
455. 38132.7 -> 9024
456. 34744.2 -> 9025
457. 33779 -> 9026
458. 26916.4 -> 9028
459. 26228.4 -> 9030
460. 19045.2 -> 9033
461. 16926.5 -> 9038
462. 14619.2 -> 9040
463. 13035 -> 9041
464. 12363.2 -> 9043
465. 11368.6 -> 9061
466. 11352.4 -> 9062
467. 11128.9 -> 9063
468. 10869.8 -> 9125
469. 10165.4 -> 9127
470. 10057.8 -> 9128
471. 8348.16 -> 9130
472. 8179.46 -> 9132
473. 7871.47 -> 9133
474. 7184.76 -> 9139
475. 6999.95 -> 9141
476. 6913.66 -> 9142
477. 6332.12 -> 9172
478. 5882.01 -> 9199
479. 4903.37 -> 9216
480. 3917.08 -> 9217
481. 3826.84 -> 9245
482. 3431.18 -> 9250
483. 3386.56 -> 9251
484. 3308.58 -> 9254
485. 3185.42 -> 9260
486. 2737.41 -> 9261
487. 2655.73 -> 9276
488. 2628.82 -> 9278
489. 2363.86 -> 9279
490. 1810.55 -> 9289
491. 1511.59 -> 9294
492. 168177 -> 10001
493. 92371.7 -> 10003
494. 91894.9 -> 10006
495. 91122.2 -> 10007
496. 73250.9 -> 10009
497. 72547.7 -> 10012
498. 58720.3 -> 10015
499. 49513.4 -> 10018
500. 43555.4 -> 10029
501. 40893.8 -> 10030
502. 40864.8 -> 10031
503. 40838.3 -> 10032
504. 40016.2 -> 10033
505. 35781.9 -> 10034
506. 33101.6 -> 10036
507. 30192 -> 10037
508. 29162.7 -> 10042
509. 24437.5 -> 10043
510. 22825 -> 10061
511. 22078 -> 10078
512. 21533.3 -> 10080
513. 20376.3 -> 10093
514. 19831.7 -> 10101
515. 18999.7 -> 10102
516. 17452 -> 10118
517. 17201.2 -> 10125
518. 15539.1 -> 10126
519. 14861.7 -> 10127
520. 13743.2 -> 10132
521. 13655.2 -> 10145
522. 13566.6 -> 10146
523. 13495.8 -> 10150
524. 12248.5 -> 10151
525. 10246.3 -> 10153
526. 9983.85 -> 10154
527. 9124.19 -> 10155
528. 9015.63 -> 10157
529. 7427.21 -> 10160
530. 5448.15 -> 10166
531. 4465.83 -> 10167
532. 4297.1 -> 10169
533. 4031.41 -> 10186
534. 2884.08 -> 10229
535. 2785.24 -> 10230
536. 2175.56 -> 10231
537. 2143.37 -> 10232
538. 2121.24 -> 10233
539. 2112.01 -> 10234
540. 2022.98 -> 10574
541. 1924.83 -> 10576
542. 1915.85 -> 10578
543. 296072 -> 11001
544. 266745 -> 11002
545. 166293 -> 11004
546. 159203 -> 11007
547. 150007 -> 11010
548. 111148 -> 11011
549. 110568 -> 11012
550. 92409.7 -> 11024
551. 90054.3 -> 11025
552. 89181.1 -> 11026
553. 85435.8 -> 11027
554. 85070.1 -> 11030
555. 66059.6 -> 11031
556. 45183.8 -> 11035
557. 36973 -> 11038
558. 35197.9 -> 11039
559. 33331.2 -> 11040
560. 29833.3 -> 11042
561. 19195 -> 11045
562. 19070.9 -> 11053
563. 19067.4 -> 11054
564. 17076.3 -> 11055
565. 16515.3 -> 11057
566. 14709.5 -> 11058
567. 12786.3 -> 11067
568. 12776.8 -> 11068
569. 12160 -> 11073
570. 10809.7 -> 11091
571. 9826.7 -> 11092
572. 9722.48 -> 11093
573. 8760.81 -> 11104
574. 8152.59 -> 11106
575. 7489.12 -> 11122
576. 7385.46 -> 11148
577. 7114.73 -> 11149
578. 7008.25 -> 11150
579. 6665.55 -> 11151
580. 5974.09 -> 11154
581. 5970.7 -> 11155
582. 4694.76 -> 11168
583. 4599.16 -> 11208
584. 4589.08 -> 11209
585. 4575.71 -> 11254
586. 4061.98 -> 11305
587. 3980.46 -> 11306
588. 3830.55 -> 11307
589. 3820.37 -> 11308
590. 3446.85 -> 11658
591. 3368.43 -> 11748
592. 2661.43 -> 11936
593. 2638.43 -> 11937
594. 2630 -> 11941
595. 2462.73 -> 11964
596. 242670 -> 12001
597. 181833 -> 12002
598. 181818 -> 12003
599. 178749 -> 12004
600. 178424 -> 12005
601. 147632 -> 12006
602. 101240 -> 12007
603. 68430.5 -> 12010
604. 67657.7 -> 12011
605. 47060.4 -> 12019
606. 46257.4 -> 12020
607. 37680.8 -> 12022
608. 36250.2 -> 12023
609. 34557 -> 12025
610. 33567.7 -> 12031
611. 23135.7 -> 12035
612. 23017.8 -> 12036
613. 22065.4 -> 12037
614. 21732.2 -> 12058
615. 21659.8 -> 12059
616. 21196.5 -> 12060
617. 21195.9 -> 12061
618. 19280.9 -> 12062
619. 18859.7 -> 12063
620. 16957.4 -> 12064
621. 16818.4 -> 12065
622. 14778.4 -> 12071
623. 14135.8 -> 12075
624. 12731.5 -> 12076
625. 12502.7 -> 12092
626. 12421.5 -> 12093
627. 11388.1 -> 12095
628. 6408.7 -> 12096
629. 6061.34 -> 12097
630. 5576.87 -> 12103
631. 4832.18 -> 12105
632. 4738.1 -> 12113
633. 4240.52 -> 12161
634. 4225.33 -> 12195
635. 4044.19 -> 12196
636. 3151.31 -> 12197
637. 2835.18 -> 12211
638. 2823.63 -> 12417
639. 2397.26 -> 12437
640. 2319.09 -> 12447
641. 2303.11 -> 12627
642. 2112.76 -> 12628
643. 290272 -> 13001
644. 272714 -> 13002
645. 149403 -> 13003
646. 141241 -> 13010
647. 133322 -> 13012
648. 119618 -> 13013
649. 81464.9 -> 13014
650. 76803.3 -> 13017
651. 70350.8 -> 13021
652. 44926 -> 13022
653. 40656.8 -> 13023
654. 39950.7 -> 13024
655. 36003.8 -> 13025
656. 31474.3 -> 13026
657. 25534.5 -> 13027
658. 25085.8 -> 13032
659. 23787.9 -> 13039
660. 22089.4 -> 13040
661. 18020.3 -> 13046
662. 17653.5 -> 13048
663. 17027.6 -> 13049
664. 15422.4 -> 13050
665. 15106 -> 13055
666. 15062.8 -> 13057
667. 13101.3 -> 13058
668. 12560.9 -> 13061
669. 12370.6 -> 13063
670. 10377.7 -> 13065
671. 10240.4 -> 13066
672. 9665.12 -> 13067
673. 9320.63 -> 13106
674. 7918.65 -> 13107
675. 7878.06 -> 13124
676. 7503.64 -> 13125
677. 7080 -> 13127
678. 6566.41 -> 13128
679. 6045.61 -> 13129
680. 5729.41 -> 13130
681. 5077.56 -> 13134
682. 4568.28 -> 13246
683. 4522.58 -> 13284
684. 4470.94 -> 13291
685. 4243.48 -> 13292
686. 4188.95 -> 13293
687. 4077.96 -> 13294
688. 3918.3 -> 13295
689. 3914.36 -> 13297
690. 3576.17 -> 13298
691. 3518.63 -> 13311
692. 2667.81 -> 13312
693. 2290.87 -> 13639
694. 1852.4 -> 13647
695. 295359 -> 14001
696. 231564 -> 14002
697. 216162 -> 14003
698. 208729 -> 14004
699. 133300 -> 14005
700. 108433 -> 14006
701. 67928.1 -> 14008
702. 44351.8 -> 14010
703. 42628.6 -> 14012
704. 33116.4 -> 14014
705. 29495.8 -> 14024
706. 29226.4 -> 14025
707. 28771.4 -> 14029
708. 28461 -> 14030
709. 27588.5 -> 14031
710. 15365.9 -> 14034
711. 15101.9 -> 14040
712. 10613.2 -> 14052
713. 10142.3 -> 14060
714. 8001.12 -> 14080
715. 7398.57 -> 14085
716. 7368.6 -> 14086
717. 6772.24 -> 14087
718. 6709.33 -> 14095
719. 6677.01 -> 14167
720. 6659.69 -> 14168
721. 5679.3 -> 14169
722. 5559.49 -> 14172
723. 5419.87 -> 14216
724. 4773.7 -> 14217
725. 4693.07 -> 14222
726. 3430.63 -> 14247
727. 3042.08 -> 14259
728. 2387.03 -> 14295
729. 1986.96 -> 14304
730. 1963.4 -> 14306
731. 130918 -> 15001
732. 115180 -> 15003
733. 111196 -> 15004
734. 110583 -> 15005
735. 95606.1 -> 15007
736. 77312.1 -> 15008
737. 66400.1 -> 15014
738. 64841.6 -> 15015
739. 40700.4 -> 15017
740. 36921.4 -> 15021
741. 34845.4 -> 15024
742. 33664 -> 15028
743. 33603.2 -> 15031
744. 31837.1 -> 15032
745. 30732.1 -> 15037
746. 30497.3 -> 15041
747. 29852.2 -> 15044
748. 29715 -> 15045
749. 28051.5 -> 15049
750. 28035.7 -> 15050
751. 26296.1 -> 15059
752. 24018 -> 15060
753. 21571.9 -> 15067
754. 15423.8 -> 15072
755. 14556.5 -> 15085
756. 14308.4 -> 15089
757. 10332.1 -> 15090
758. 10319.3 -> 15095
759. 7984.84 -> 15097
760. 7005.64 -> 15107
761. 6940.71 -> 15108
762. 6032.78 -> 15109
763. 5545.34 -> 15111
764. 5432.11 -> 15124
765. 5003.33 -> 15136
766. 3579.47 -> 15182
767. 3248.7 -> 15210
768. 2991.78 -> 15212
769. 2991.25 -> 15213
770. 2909.46 -> 15334
771. 2691.83 -> 15381
772. 2616.01 -> 15382
773. 2542.1 -> 15383
774. 2416.9 -> 15479
775. 2357.14 -> 15907
776. 2203.25 -> 15930
777. 2180.97 -> 15931
778. 2085.78 -> 15934
779. 1680.27 -> 15939
780. 1673.99 -> 15950
781. 218712 -> 16001
782. 145756 -> 16006
783. 126337 -> 16015
784. 118416 -> 16016
785. 116028 -> 16021
786. 79766.5 -> 16023
787. 72567.2 -> 16025
788. 50756.4 -> 16026
789. 49830.3 -> 16028
790. 49462.1 -> 16031
791. 46771.1 -> 16033
792. 46697.1 -> 16034
793. 30306.4 -> 16036
794. 29852.5 -> 16040
795. 28199 -> 16042
796. 27386.7 -> 16043
797. 25935.9 -> 16044
798. 18771 -> 16045
799. 18386.5 -> 16046
800. 18249.9 -> 16047
801. 17655.4 -> 16050
802. 15998.4 -> 16051
803. 14496.7 -> 16052
804. 14215.6 -> 16053
805. 13357 -> 16070
806. 11847.7 -> 16071
807. 10116.5 -> 16086
808. 8689.67 -> 16091
809. 8064.78 -> 16108
810. 7490.53 -> 16115
811. 6804.81 -> 16117
812. 6535.62 -> 16118
813. 6497.88 -> 16119
814. 6216.65 -> 16120
815. 6152.31 -> 16121
816. 6086.3 -> 16122
817. 5492.25 -> 16124
818. 4828.56 -> 16138
819. 4352.41 -> 16154
820. 4204.83 -> 16157
821. 3932.7 -> 16165
822. 3878.83 -> 16169
823. 3654.42 -> 16186
824. 2928.81 -> 16187
825. 2917.86 -> 16188
826. 2629.93 -> 16230
827. 2554.81 -> 16231
828. 2478.65 -> 16407
829. 1589.81 -> 16408
830. 207627 -> 17001
831. 201821 -> 17002
832. 199194 -> 17003
833. 127873 -> 17004
834. 127688 -> 17005
835. 118354 -> 17011
836. 111285 -> 17018
837. 107495 -> 17021
838. 103969 -> 17022
839. 102657 -> 17024
840. 100110 -> 17025
841. 91279.9 -> 17026
842. 84657 -> 17027
843. 80043.5 -> 17028
844. 72991.4 -> 17029
845. 49853.4 -> 17030
846. 49301.2 -> 17043
847. 43050.9 -> 17044
848. 35162.7 -> 17048
849. 31250.6 -> 17064
850. 29434.8 -> 17077
851. 28498.6 -> 17078
852. 23583.6 -> 17139
853. 23372.4 -> 17142
854. 19301 -> 17143
855. 18053.1 -> 17144
856. 14890.5 -> 17168
857. 13276.2 -> 17169
858. 11012.3 -> 17174
859. 10751.6 -> 17176
860. 10646.2 -> 17178
861. 9249.07 -> 17192
862. 7609.2 -> 17222
863. 7474.55 -> 17231
864. 7338.76 -> 17236
865. 6506.11 -> 17237
866. 6455.99 -> 17238
867. 5645.11 -> 17241
868. 5386.87 -> 17242
869. 5078.72 -> 17243
870. 4837.12 -> 17244
871. 4545.1 -> 17245
872. 4263.14 -> 17246
873. 3757.04 -> 17249
874. 3514.99 -> 17334
875. 2978.99 -> 17335
876. 2822.11 -> 17349
877. 2362.57 -> 17407
878. 301463 -> 18001
879. 199902 -> 18002
880. 199736 -> 18003
881. 160515 -> 18005
882. 155263 -> 18011
883. 133742 -> 18016
884. 115672 -> 18017
885. 99650.9 -> 18026
886. 85684.6 -> 18028
887. 56251.4 -> 18029
888. 54013.7 -> 18031
889. 52185.7 -> 18034
890. 51345.4 -> 18039
891. 48175 -> 18040
892. 44375.9 -> 18041
893. 36277.7 -> 18048
894. 35885.1 -> 18049
895. 35883 -> 18050
896. 31527.7 -> 18060
897. 30760.3 -> 18061
898. 28307.4 -> 18062
899. 22984 -> 18067
900. 21962.2 -> 18069
901. 17713.4 -> 18070
902. 14899.2 -> 18073
903. 14220.1 -> 18074
904. 11152.7 -> 18075
905. 10284.4 -> 18076
906. 9205.05 -> 18085
907. 9204.53 -> 18086
908. 8729.67 -> 18089
909. 8683.49 -> 18090
910. 8455.27 -> 18096
911. 8108.91 -> 18131
912. 6223.75 -> 18132
913. 6209.84 -> 18134
914. 5522.26 -> 18141
915. 5325.04 -> 18248
916. 4228.48 -> 18253
917. 4161.92 -> 18278
918. 3867.87 -> 18279
919. 3263.19 -> 18280
920. 3186 -> 18580
921. 3145.31 -> 18581
922. 2619.04 -> 18626
923. 231195 -> 19001
924. 170349 -> 19005
925. 140178 -> 19006
926. 102060 -> 19007
927. 38487.4 -> 19008
928. 36997.1 -> 19009
929. 30594.5 -> 19010
930. 23207.1 -> 19012
931. 22608.7 -> 19024
932. 22438 -> 19025
933. 22206.2 -> 19027
934. 21702.9 -> 19040
935. 18335.1 -> 19042
936. 17992.5 -> 19043
937. 17719.9 -> 19047
938. 16462 -> 19048
939. 16252.9 -> 19055
940. 15259.9 -> 19056
941. 14107.2 -> 19058
942. 11988.6 -> 19064
943. 11446.4 -> 19181
944. 9294.76 -> 19182
945. 8546.96 -> 19183
946. 7414.2 -> 19195
947. 7198.9 -> 19197
948. 7163.7 -> 19198
949. 6416.01 -> 19199
950. 6405.62 -> 19204
951. 6370.9 -> 19211
952. 6291.51 -> 19216
953. 6279.96 -> 19217
954. 5492.84 -> 19287
955. 4979.08 -> 19291
956. 4975.62 -> 19293
957. 4957.5 -> 19306
958. 4729.9 -> 19312
959. 4160.84 -> 19316
960. 4081.51 -> 19317
961. 3894.32 -> 19318
962. 3871.75 -> 19327
963. 3783.68 -> 19400
964. 3610.54 -> 19414
965. 3309.96 -> 19419
966. 3099.53 -> 19420
967. 3070.24 -> 19432
968. 2956.66 -> 19433
969. 2556.17 -> 19469
970. 2543.16 -> 19470
971. 2536.15 -> 19474
972. 2296.47 -> 19477
973. 1549.31 -> 19497
974. 207161 -> 20001
975. 204977 -> 20010
976. 204445 -> 20011
977. 107050 -> 20013
978. 93509.8 -> 20014
979. 72595.3 -> 20017
980. 71694.4 -> 20018
981. 59365.5 -> 20019
982. 58143.9 -> 20023
983. 55610.7 -> 20025
984. 55415.3 -> 20026
985. 50377.6 -> 20028
986. 42300 -> 20031
987. 40117.5 -> 20041
988. 37802.4 -> 20042
989. 36737.2 -> 20043
990. 35808.4 -> 20044
991. 25137.3 -> 20046
992. 23714 -> 20082
993. 23494.4 -> 20083
994. 23453.1 -> 20085
995. 19614.2 -> 20086
996. 15059.2 -> 20101
997. 14030.6 -> 20104
998. 13050.5 -> 20105
999. 10809.2 -> 20106
1000. 10375.5 -> 20108
1001. 8727.1 -> 20114
1002. 5717.77 -> 20115
1003. 5495.8 -> 20233
1004. 4760.65 -> 20250
1005. 4169.24 -> 20332
1006. 3736.88 -> 20597
1007. 3525.03 -> 20598
1008. 2797.53 -> 20599
1009. 2365.12 -> 20601
1010. 1995.3 -> 20685
1011. 1791.02 -> 20692
1012. 1780.09 -> 20693
1013. 1648.53 -> 20694
1014. 175518 -> 21001
1015. 175352 -> 21002
1016. 152540 -> 21003
1017. 152203 -> 21004
1018. 147199 -> 21005
1019. 146246 -> 21007
1020. 123157 -> 21008
1021. 109931 -> 21010
1022. 53563.1 -> 21011
1023. 53434.3 -> 21012
1024. 42310.4 -> 21013
1025. 38068.1 -> 21015
1026. 22497.4 -> 21016
1027. 21256.4 -> 21017
1028. 20525 -> 21040
1029. 16737.2 -> 21042
1030. 10945.8 -> 21043
1031. 10183.9 -> 21044
1032. 10139.7 -> 21045
1033. 9610.32 -> 21047
1034. 9380.36 -> 21049
1035. 9219.55 -> 21052
1036. 8537.74 -> 21053
1037. 8012.86 -> 21054
1038. 7585.96 -> 21056
1039. 7503.19 -> 21068
1040. 6997.03 -> 21104
1041. 6910.15 -> 21178
1042. 6575.49 -> 21206
1043. 5440.66 -> 21212
1044. 4855.85 -> 21257
1045. 3838.23 -> 21259
1046. 2789.42 -> 21262
1047. 2753.69 -> 21264
1048. 2518.1 -> 21267
1049. 2511.71 -> 21303
1050. 2354.78 -> 21364
1051. 2014.8 -> 21404
1052. 1824.37 -> 21725
1053. 211761 -> 22001
1054. 208506 -> 22003
1055. 155335 -> 22004
1056. 144482 -> 22006
1057. 144461 -> 22007
1058. 141547 -> 22009
1059. 133956 -> 22010
1060. 101098 -> 22011
1061. 67317.9 -> 22014
1062. 57033.3 -> 22018
1063. 49730.1 -> 22023
1064. 42645 -> 22024
1065. 42067.3 -> 22025
1066. 41786.1 -> 22026
1067. 40084.4 -> 22034
1068. 35325.6 -> 22038
1069. 22553.4 -> 22042
1070. 20938.5 -> 22043
1071. 18646.2 -> 22044
1072. 17835.6 -> 22045
1073. 13734.2 -> 22055
1074. 12082.2 -> 22109
1075. 12071.3 -> 22110
1076. 8671.4 -> 22118
1077. 7651.41 -> 22119
1078. 6829.14 -> 22144
1079. 5739.77 -> 22145
1080. 5198.79 -> 22146
1081. 5054.34 -> 22209
1082. 4977.82 -> 22212
1083. 4417.69 -> 22213
1084. 4342.69 -> 22215
1085. 3713.75 -> 22216
1086. 3530.9 -> 22411
1087. 3512.83 -> 22412
1088. 3408.35 -> 22423
1089. 2017.9 -> 22425
1090. 1946.9 -> 22427
1091. 1738.78 -> 22519
1092. 154512 -> 23001
1093. 133462 -> 23008
1094. 132612 -> 23010
1095. 125713 -> 23011
1096. 96334.9 -> 23012
1097. 88821 -> 23013
1098. 88791.3 -> 23014
1099. 74413.8 -> 23015
1100. 69121.1 -> 23016
1101. 67974.4 -> 23021
1102. 55480.9 -> 23023
1103. 53584.8 -> 23038
1104. 47112.9 -> 23039
1105. 43060.7 -> 23040
1106. 41666.1 -> 23041
1107. 40882.3 -> 23043
1108. 40819.6 -> 23045
1109. 39611 -> 23046
1110. 39233.8 -> 23047
1111. 29279.1 -> 23048
1112. 29085.5 -> 23049
1113. 26417.7 -> 23056
1114. 24561.4 -> 23069
1115. 24073.9 -> 23072
1116. 22351.8 -> 23074
1117. 21828.4 -> 23075
1118. 21608.6 -> 23105
1119. 21536.9 -> 23106
1120. 17154.8 -> 23107
1121. 16283.2 -> 23108
1122. 14577 -> 23109
1123. 11460.8 -> 23111
1124. 9601.26 -> 23130
1125. 9346.34 -> 23135
1126. 9242.75 -> 23152
1127. 8851.21 -> 23159
1128. 7336.78 -> 23160
1129. 6932.51 -> 23176
1130. 6910.6 -> 23178
1131. 6903.82 -> 23179
1132. 4685.52 -> 23182
1133. 4579.46 -> 23183
1134. 4502.45 -> 23252
1135. 4379.49 -> 23258
1136. 3988.51 -> 23266
1137. 3504.52 -> 23268
1138. 3404.39 -> 23370
1139. 3153.03 -> 23371
1140. 2942.49 -> 23388
1141. 2852.11 -> 23389
1142. 2544.15 -> 23543
1143. 2528.4 -> 23545
1144. 236638 -> 24001
1145. 228439 -> 24002
1146. 172403 -> 24006
1147. 156366 -> 24007
1148. 152557 -> 24008
1149. 146208 -> 24009
1150. 146144 -> 24010
1151. 132248 -> 24011
1152. 111616 -> 24012
1153. 110321 -> 24022
1154. 106956 -> 24025
1155. 104102 -> 24026
1156. 100453 -> 24029
1157. 100381 -> 24030
1158. 93705.5 -> 24031
1159. 88012.6 -> 24032
1160. 79981.9 -> 24035
1161. 79863.7 -> 24036
1162. 78226.7 -> 24039
1163. 67944 -> 24041
1164. 50056 -> 24042
1165. 35140.8 -> 24044
1166. 33934.5 -> 24047
1167. 31785.9 -> 24048
1168. 29360.4 -> 24049
1169. 28573.3 -> 24050
1170. 28537.1 -> 24051
1171. 28301 -> 24055
1172. 28006.5 -> 24059
1173. 27917.6 -> 24060
1174. 25694.7 -> 24061
1175. 22078.9 -> 24071
1176. 20885.9 -> 24073
1177. 18585.2 -> 24079
1178. 18533.6 -> 24087
1179. 18297.5 -> 24088
1180. 17933.1 -> 24089
1181. 10442.9 -> 24090
1182. 7165.88 -> 24091
1183. 6980.38 -> 24096
1184. 6634.86 -> 24097
1185. 6548.75 -> 24098
1186. 6505.5 -> 24109
1187. 6283.62 -> 24110
1188. 6017.11 -> 24111
1189. 5881.86 -> 24114
1190. 5788.07 -> 24115
1191. 5732.68 -> 24118
1192. 5596.26 -> 24129
1193. 4536.59 -> 24130
1194. 4466.82 -> 24242
1195. 3719.46 -> 24243
1196. 3442.91 -> 24247
1197. 3230.29 -> 24252
1198. 3141.42 -> 24253
1199. 2820.66 -> 24263
1200. 2682.34 -> 24264
1201. 2468.86 -> 24283
1202. 2419.81 -> 24284
1203. 2285.37 -> 24461
1204. 2160.31 -> 24462
1205. 2087.34 -> 24463
1206. 1823.45 -> 24465
1207. 1780.65 -> 24537
1208. 1457.18 -> 24973
1209. 300753 -> 25001
1210. 283645 -> 25002
1211. 192516 -> 25003
1212. 187939 -> 25004
1213. 169264 -> 25005
1214. 141761 -> 25007
1215. 132032 -> 25010
1216. 125844 -> 25011
1217. 113629 -> 25012
1218. 113374 -> 25014
1219. 71429.3 -> 25017
1220. 70891.5 -> 25018
1221. 69715.2 -> 25019
1222. 64834.5 -> 25021
1223. 61359.5 -> 25022
1224. 60841.9 -> 25023
1225. 56893.6 -> 25026
1226. 46422.4 -> 25028
1227. 46164.6 -> 25029
1228. 35320.7 -> 25030
1229. 27231.3 -> 25031
1230. 14022.5 -> 25035
1231. 13524.6 -> 25081
1232. 13128.4 -> 25082
1233. 11946.2 -> 25083
1234. 11124.7 -> 25087
1235. 9392.76 -> 25116
1236. 8186.35 -> 25124
1237. 7542.42 -> 25125
1238. 7389.18 -> 25137
1239. 7270.67 -> 25148
1240. 6813.48 -> 25153
1241. 6788.32 -> 25154
1242. 6096.62 -> 25155
1243. 4671.17 -> 25156
1244. 4664.75 -> 25203
1245. 4372.03 -> 25204
1246. 3945.57 -> 25207
1247. 3925.1 -> 25208
1248. 3586.67 -> 25215
1249. 2908.7 -> 25508
1250. 2846.07 -> 25509
1251. 2730.78 -> 25510
1252. 2728.67 -> 25512
1253. 2694.21 -> 25514
1254. 2674.39 -> 25678
1255. 2028.2 -> 25679
1256. 2023.48 -> 25682
1257. 1961.03 -> 25691
1258. 185193 -> 26001
1259. 182388 -> 26002
1260. 165825 -> 26003
1261. 109034 -> 26004
1262. 82765.9 -> 26010
1263. 53714.5 -> 26011
1264. 43879.1 -> 26015
1265. 40825.6 -> 26018
1266. 26830.3 -> 26019
1267. 9699.23 -> 26035
1268. 9519.12 -> 26040
1269. 8408.5 -> 26041
1270. 7918.25 -> 26042
1271. 7735.02 -> 26044
1272. 7329.24 -> 26045
1273. 7303.34 -> 26052
1274. 6256.23 -> 26053
1275. 5657.7 -> 26054
1276. 5497.19 -> 26214
1277. 4893.98 -> 26216
1278. 4822.46 -> 26230
1279. 4805.64 -> 26285
1280. 4124.39 -> 26298
1281. 4050.65 -> 26351
1282. 3999.09 -> 26474
1283. 2584.58 -> 26477
1284. 2419.77 -> 26827
1285. 277456 -> 27001
1286. 256423 -> 27002
1287. 234568 -> 27003
1288. 151379 -> 27004
1289. 128725 -> 27007
1290. 126584 -> 27016
1291. 103454 -> 27017
1292. 84574.7 -> 27022
1293. 81003.5 -> 27023
1294. 74603.1 -> 27024
1295. 63113.4 -> 27025
1296. 59426.2 -> 27027
1297. 59257.6 -> 27028
1298. 51733.7 -> 27035
1299. 51721.2 -> 27036
1300. 50271.9 -> 27037
1301. 49312.7 -> 27038
1302. 49276.7 -> 27039
1303. 49262.5 -> 27040
1304. 46910.8 -> 27041
1305. 35772.8 -> 27042
1306. 35521.3 -> 27043
1307. 32784.5 -> 27047
1308. 31409.4 -> 27050
1309. 29725.1 -> 27051
1310. 28570.3 -> 27052
1311. 26981.9 -> 27054
1312. 26674 -> 27055
1313. 26521.9 -> 27058
1314. 25175.3 -> 27060
1315. 25038.7 -> 27093
1316. 23131.2 -> 27094
1317. 22924.5 -> 27095
1318. 21420.5 -> 27100
1319. 21419.4 -> 27103
1320. 20907.7 -> 27104
1321. 20185.3 -> 27105
1322. 18742.8 -> 27106
1323. 17732.8 -> 27107
1324. 12985.6 -> 27108
1325. 11313.9 -> 27116
1326. 10687.7 -> 27118
1327. 10084.2 -> 27121
1328. 9332.96 -> 27123
1329. 9040.88 -> 27169
1330. 8322.55 -> 27268
1331. 6969.05 -> 27269
1332. 6548.97 -> 27272
1333. 5396.7 -> 27273
1334. 4230.11 -> 27300
1335. 3756.26 -> 27336
1336. 3128.28 -> 27358
1337. 2980.56 -> 27758
1338. 2592.75 -> 27760
1339. 2306.71 -> 27762
1340. 1747.1 -> 27772
1341. 265628 -> 28001
1342. 265121 -> 28002
1343. 231014 -> 28003
1344. 226633 -> 28004
1345. 169073 -> 28005
1346. 163362 -> 28006
1347. 142798 -> 28007
1348. 141066 -> 28008
1349. 131385 -> 28009
1350. 112493 -> 28016
1351. 89305.7 -> 28017
1352. 67438.7 -> 28020
1353. 26967.1 -> 28021
1354. 24895.3 -> 28032
1355. 21465.2 -> 28033
1356. 14313.3 -> 28039
1357. 12852.1 -> 28079
1358. 12146.8 -> 28083
1359. 9805.69 -> 28087
1360. 8830.13 -> 28090
1361. 7915.48 -> 28091
1362. 7895.5 -> 28103
1363. 7878.09 -> 28104
1364. 7561.74 -> 28105
1365. 6600.92 -> 28106
1366. 6356.84 -> 28121
1367. 4883.67 -> 28280
1368. 4793.03 -> 28316
1369. 4371.28 -> 28317
1370. 3699.19 -> 28318
1371. 3694.17 -> 28319
1372. 2615.34 -> 28320
1373. 2546.05 -> 28396
1374. 2520.51 -> 28401
1375. 2116.64 -> 28403
1376. 2108.68 -> 28405
1377. 128023 -> 29001
1378. 114671 -> 29002
1379. 81790.5 -> 29004
1380. 55146.5 -> 29008
1381. 47498 -> 29019
1382. 45663.4 -> 29027
1383. 44504.9 -> 29028
1384. 44220.6 -> 29030
1385. 42971.5 -> 29034
1386. 37903.1 -> 29036
1387. 37395.6 -> 29043
1388. 36965.6 -> 29044
1389. 36543 -> 29046
1390. 35798.7 -> 29047
1391. 28725.6 -> 29061
1392. 13663.1 -> 29123
1393. 13651.5 -> 29124
1394. 13598.6 -> 29125
1395. 11002.4 -> 29126
1396. 9759.41 -> 29131
1397. 9430.39 -> 29154
1398. 8791.89 -> 29164
1399. 7498.03 -> 29165
1400. 7122.45 -> 29185
1401. 6876.08 -> 29192
1402. 6741.12 -> 29193
1403. 5110.94 -> 29195
1404. 4403.61 -> 29435
1405. 3325.39 -> 29471
1406. 3199.77 -> 29590
1407. 2669.17 -> 29642
1408. 2645.8 -> 29645
1409. 2638.12 -> 29646
1410. 2357.93 -> 29647
1411. 2159.56 -> 29699



Rezultate rulari
Minim: 1262.36
Maxim: 310513
Medie: 38036



