0. 3.56318 -> 23
1. 3.51658 -> 24
2. 3.23224 -> 249
3. 3.15615 -> 264
4. 2.86635 -> 265
5. 2.83973 -> 718
6. 2.76845 -> 719
7. 2.69425 -> 721
8. 2.59373 -> 723
9. 2.57133 -> 744
10. 2.25731 -> 813
11. 2.24965 -> 814
12. 18.9222 -> 1049
13. 6.49309 -> 1050
14. 6.41496 -> 1059
15. 5.25867 -> 1115
16. 5.14303 -> 1118
17. 5.1306 -> 1123
18. 5.0994 -> 1133
19. 5.08657 -> 1134
20. 4.80044 -> 1136
21. 4.36354 -> 1137
22. 3.54073 -> 1142
23. 3.53478 -> 1146
24. 3.08928 -> 1203
25. 2.58441 -> 1211
26. 2.18448 -> 1213
27. 2.17744 -> 1216
28. 2.09315 -> 1221
29. 2.01865 -> 1227
30. 1.86243 -> 1576
31. 1.86023 -> 1578
32. 1.76654 -> 1580
33. 1.71271 -> 1582
34. 9.36005 -> 2079
35. 8.23071 -> 2080
36. 5.65971 -> 2088
37. 4.86429 -> 2121
38. 3.24143 -> 2122
39. 2.28256 -> 2123
40. 2.27042 -> 2124
41. 2.00915 -> 2251
42. 1.99381 -> 2252
43. 1.9323 -> 2601
44. 2.84083 -> 3118
45. 2.7923 -> 3119
46. 2.31201 -> 3121
47. 1.90548 -> 3472
48. 4.55069 -> 4100
49. 4.3989 -> 4102
50. 2.80958 -> 4103
51. 2.38321 -> 4110
52. 3.36415 -> 5050
53. 2.50429 -> 5051
54. 2.49134 -> 5053
55. 2.42136 -> 5335
56. 1.96099 -> 5341
57. 1.87107 -> 5343
58. 1.6564 -> 5949
59. 2.80679 -> 6047
60. 2.46146 -> 6048
61. 2.43829 -> 6363
62. 2.20245 -> 6480
63. 1.86265 -> 6505
64. 1.80152 -> 6515
65. 7.39739 -> 7115
66. 5.60641 -> 7116
67. 4.05197 -> 7120
68. 3.97057 -> 7125
69. 3.92142 -> 7148
70. 3.44045 -> 7150
71. 2.7899 -> 7156
72. 2.47231 -> 7171
73. 2.02607 -> 7173
74. 1.92284 -> 7687
75. 1.90566 -> 7695
76. 1.90218 -> 7696
77. 4.97654 -> 8138
78. 4.5367 -> 8139
79. 4.46573 -> 8147
80. 4.00026 -> 8164
81. 3.93083 -> 8165
82. 2.25791 -> 8190
83. 2.0175 -> 8191
84. 3.85728 -> 9016
85. 3.16 -> 9017
86. 2.4602 -> 9021
87. 2.3541 -> 9033
88. 2.26257 -> 9044
89. 2.20327 -> 9326
90. 2.09577 -> 9334
91. 2.00038 -> 9830
92. 1.96751 -> 9836
93. 3.98267 -> 10073
94. 3.4758 -> 10074
95. 3.24725 -> 10075
96. 3.00967 -> 10081
97. 2.82435 -> 10109
98. 2.62959 -> 10111
99. 2.54905 -> 10129
100. 2.48441 -> 10562
101. 2.48409 -> 10563
102. 2.41699 -> 10564
103. 2.38767 -> 10565
104. 2.34156 -> 10567
105. 2.2771 -> 10569
106. 1.9582 -> 10570
107. 4.27752 -> 11064
108. 3.34463 -> 11065
109. 3.04658 -> 11076
110. 2.56346 -> 11411
111. 2.28746 -> 11641
112. 2.27669 -> 11677
113. 2.27451 -> 11678
114. 2.18304 -> 11684
115. 14.268 -> 12110
116. 6.09752 -> 12111
117. 6.07519 -> 12113
118. 3.03382 -> 12123
119. 2.70425 -> 12234
120. 2.69283 -> 12235
121. 2.41466 -> 12237
122. 2.22027 -> 12241
123. 2.15258 -> 12270
124. 2.09058 -> 12296
125. 1.99401 -> 12473
126. 1.9897 -> 12474
127. 1.97346 -> 12475
128. 1.94131 -> 12476
129. 1.86383 -> 12477
130. 1.86057 -> 12478
131. 1.60364 -> 12479
132. 1.50492 -> 12807
133. 1.50308 -> 12808
134. 38.9562 -> 13001
135. 8.69456 -> 13002
136. 7.51766 -> 13003
137. 4.23931 -> 13008
138. 4.03007 -> 13010
139. 3.19276 -> 13011
140. 3.1545 -> 13012
141. 2.80698 -> 13015
142. 2.41082 -> 13016
143. 2.31215 -> 13031
144. 2.22737 -> 13040
145. 2.05857 -> 13041
146. 2.00503 -> 13042
147. 1.84816 -> 13960
148. 2.72899 -> 14040
149. 2.67834 -> 14041
150. 2.50384 -> 14059
151. 2.49937 -> 14064
152. 2.44194 -> 14076
153. 2.2799 -> 14172
154. 2.07191 -> 14175
155. 2.06492 -> 14205
156. 2.03195 -> 14211
157. 2.02527 -> 14217
158. 2.00515 -> 14226
159. 9.51809 -> 15046
160. 5.429 -> 15047
161. 5.42575 -> 15048
162. 4.62203 -> 15050
163. 4.61949 -> 15051
164. 2.80396 -> 15052
165. 2.51065 -> 15092
166. 2.39935 -> 15552
167. 2.07563 -> 15554
168. 3.21997 -> 16002
169. 2.98154 -> 16003
170. 2.93241 -> 16005
171. 2.76736 -> 16009
172. 2.75668 -> 16011
173. 2.42539 -> 16013
174. 2.33904 -> 16144
175. 2.09036 -> 16294
176. 2.01627 -> 16349
177. 1.80633 -> 16350
178. 1.79011 -> 16353
179. 1.68686 -> 16354
180. 1.63815 -> 16356
181. 1.42609 -> 16361
182. 4.98381 -> 17006
183. 4.91893 -> 17007
184. 3.39751 -> 17011
185. 3.30292 -> 17013
186. 3.13686 -> 17018
187. 2.74229 -> 17093
188. 2.72929 -> 17094
189. 2.50833 -> 17095
190. 1.73954 -> 17097
191. 4.97704 -> 18087
192. 2.66946 -> 18088
193. 2.26816 -> 18369
194. 2.1671 -> 18478
195. 2.06872 -> 18482
196. 2.04403 -> 18493
197. 2.02003 -> 18494
198. 1.73546 -> 18496
199. 14.9764 -> 19014
200. 4.40743 -> 19015
201. 2.73 -> 19069
202. 2.41046 -> 19070
203. 2.36206 -> 19072
204. 2.30021 -> 19074
205. 1.87253 -> 19078
206. 1.86921 -> 19091
207. 1.63028 -> 19093
208. 16.0333 -> 20013
209. 6.45345 -> 20014
210. 6.33413 -> 20016
211. 5.65499 -> 20020
212. 5.35132 -> 20022
213. 2.9746 -> 20027
214. 2.51419 -> 20040
215. 2.39194 -> 20137
216. 2.28483 -> 20863
217. 2.26231 -> 20867
218. 2.24208 -> 20869
219. 1.70868 -> 20876
220. 13.2007 -> 21041
221. 5.64083 -> 21042
222. 3.57421 -> 21043
223. 3.18797 -> 21046
224. 3.17579 -> 21057
225. 2.74102 -> 21062
226. 2.57637 -> 21064
227. 1.68605 -> 21065
228. 5.77024 -> 22001
229. 5.17825 -> 22002
230. 4.75449 -> 22012
231. 4.5712 -> 22076
232. 4.44968 -> 22080
233. 4.20088 -> 22146
234. 3.33085 -> 22148
235. 3.0172 -> 22178
236. 3.01362 -> 22181
237. 2.83245 -> 22182
238. 1.97677 -> 22267
239. 1.94479 -> 22273
240. 1.80509 -> 22278
241. 1.66778 -> 22283
242. 2.14107 -> 23032
243. 1.80721 -> 23033
244. 1.79906 -> 23049
245. 1.56204 -> 23988
246. 10.3191 -> 24001
247. 2.07979 -> 24002
248. 1.79348 -> 24028
249. 1.67254 -> 24029
250. 1.5757 -> 24031
251. 1.31264 -> 24033
252. 1.05303 -> 24034
253. 9.37821 -> 25001
254. 8.26294 -> 25002
255. 6.21486 -> 25055
256. 6.1419 -> 25056
257. 4.37379 -> 25057
258. 3.93402 -> 25064
259. 2.98655 -> 25115
260. 2.95481 -> 25116
261. 2.3803 -> 25117
262. 2.32287 -> 25119
263. 2.28371 -> 25123
264. 2.21315 -> 25133
265. 2.19321 -> 25153
266. 1.93661 -> 25172
267. 1.91575 -> 25173
268. 1.83511 -> 25570
269. 1.73776 -> 25571
270. 1.72975 -> 25578
271. 1.66659 -> 25580
272. 14.901 -> 26178
273. 4.23252 -> 26179
274. 3.17349 -> 26209
275. 2.79559 -> 26211
276. 2.74573 -> 26212
277. 2.68017 -> 26213
278. 2.54353 -> 26354
279. 2.45972 -> 26379
280. 2.04077 -> 26405
281. 1.9521 -> 26406
282. 1.8747 -> 26563
283. 1.42882 -> 26564
284. 10.3079 -> 27043
285. 4.15292 -> 27044
286. 3.88137 -> 27045
287. 3.36744 -> 27047
288. 2.88095 -> 27048
289. 2.46477 -> 27050
290. 2.20113 -> 27052
291. 1.78279 -> 27092
292. 1.66373 -> 27093
293. 1.62867 -> 27430
294. 1.59547 -> 27432
295. 1.58976 -> 27438
296. 3.17454 -> 28202
297. 2.84457 -> 28203
298. 2.23938 -> 28208
299. 2.00011 -> 28402
300. 1.96813 -> 28406
301. 1.86457 -> 28407
302. 1.84681 -> 28411
303. 1.8235 -> 28738
304. 1.67564 -> 28742
305. 1.64512 -> 28744
306. 1.63699 -> 28745
307. 6.92849 -> 29004
308. 6.30538 -> 29005
309. 4.99338 -> 29007
310. 4.87712 -> 29012
311. 3.40295 -> 29255
312. 2.98286 -> 29256
313. 2.23756 -> 29258
314. 2.23562 -> 29262
315. 2.22701 -> 29371
316. 1.77874 -> 29381
317. 1.67841 -> 29382



Rezultate rulari
Minim: 1.05303
Maxim: 38.9562
Medie: 3.3794



