  Studenti.cpp
d:\info\info_fac\oop\lab poo\note\note\studenti.h(10): error C2065: 'Student': undeclared identifier
d:\info\info_fac\oop\lab poo\note\note\studenti.h(10): error C2923: 'std::vector': 'Student' is not a valid template type argument for parameter '_Ty'
d:\info\info_fac\oop\lab poo\note\note\studenti.h(10): error C3203: 'allocator': unspecialized class template can't be used as a template argument for template parameter '_Alloc', expected a real type
d:\info\info_fac\oop\lab poo\note\note\studenti.h(11): error C2065: 'Student': undeclared identifier
d:\info\info_fac\oop\lab poo\note\note\studenti.h(11): error C2923: 'std::initializer_list': 'Student' is not a valid template type argument for parameter '_Elem'
d:\info\info_fac\oop\lab poo\note\note\studenti.h(7): error C2011: 'Studenti': 'class' type redefinition
  d:\info\info_fac\oop\lab poo\note\note\studenti.h(7): note: see declaration of 'Studenti'
d:\info\info_fac\oop\lab poo\note\note\studenti.cpp(5): error C2027: use of undefined type 'Studenti'
  d:\info\info_fac\oop\lab poo\note\note\studenti.h(7): note: see declaration of 'Studenti'
d:\info\info_fac\oop\lab poo\note\note\studenti.cpp(6): error C4430: missing type specifier - int assumed. Note: C++ does not support default-int
d:\info\info_fac\oop\lab poo\note\note\studenti.cpp(11): error C2065: 'stud': undeclared identifier
d:\info\info_fac\oop\lab poo\note\note\studenti.cpp(13): warning C4508: '{ctor}': function should return a value; 'void' return type assumed
d:\info\info_fac\oop\lab poo\note\note\studenti.cpp(16): error C2027: use of undefined type 'Studenti'
  d:\info\info_fac\oop\lab poo\note\note\studenti.h(7): note: see declaration of 'Studenti'
d:\info\info_fac\oop\lab poo\note\note\studenti.cpp(17): error C4430: missing type specifier - int assumed. Note: C++ does not support default-int
d:\info\info_fac\oop\lab poo\note\note\studenti.cpp(18): warning C4508: '{dtor}': function should return a value; 'void' return type assumed
  Student.cpp
d:\info\info_fac\oop\lab poo\note\note\studenti.h(10): error C2065: 'Student': undeclared identifier
d:\info\info_fac\oop\lab poo\note\note\studenti.h(10): error C2923: 'std::vector': 'Student' is not a valid template type argument for parameter '_Ty'
d:\info\info_fac\oop\lab poo\note\note\studenti.h(10): error C3203: 'allocator': unspecialized class template can't be used as a template argument for template parameter '_Alloc', expected a real type
d:\info\info_fac\oop\lab poo\note\note\studenti.h(11): error C2065: 'Student': undeclared identifier
d:\info\info_fac\oop\lab poo\note\note\studenti.h(11): error C2923: 'std::initializer_list': 'Student' is not a valid template type argument for parameter '_Elem'
d:\info\info_fac\oop\lab poo\note\note\student.cpp(12): error C2440: 'initializing': cannot convert from 'const char *' to 'char *'
  d:\info\info_fac\oop\lab poo\note\note\student.cpp(12): note: Conversion loses qualifiers
d:\info\info_fac\oop\lab poo\note\note\student.cpp(12): error C2439: 'Student::nume': member could not be initialized
  d:\info\info_fac\oop\lab poo\note\note\student.h(9): note: see declaration of 'Student::nume'
  Note.cpp
d:\info\info_fac\oop\lab poo\note\note\studenti.h(10): error C2065: 'Student': undeclared identifier
d:\info\info_fac\oop\lab poo\note\note\studenti.h(10): error C2923: 'std::vector': 'Student' is not a valid template type argument for parameter '_Ty'
d:\info\info_fac\oop\lab poo\note\note\studenti.h(10): error C3203: 'allocator': unspecialized class template can't be used as a template argument for template parameter '_Alloc', expected a real type
d:\info\info_fac\oop\lab poo\note\note\studenti.h(11): error C2065: 'Student': undeclared identifier
d:\info\info_fac\oop\lab poo\note\note\studenti.h(11): error C2923: 'std::initializer_list': 'Student' is not a valid template type argument for parameter '_Elem'
d:\info\info_fac\oop\lab poo\note\note\note.cpp(12): error C2440: 'initializing': cannot convert from 'initializer list' to 'Studenti'
  d:\info\info_fac\oop\lab poo\note\note\note.cpp(12): note: No constructor could take the source type, or constructor overload resolution was ambiguous
d:\info\info_fac\oop\lab poo\note\note\note.cpp(13): error C2440: 'initializing': cannot convert from 'initializer list' to 'Studenti'
  d:\info\info_fac\oop\lab poo\note\note\note.cpp(13): note: No constructor could take the source type, or constructor overload resolution was ambiguous
d:\info\info_fac\oop\lab poo\note\note\note.cpp(15): error C2678: binary '[': no operator found which takes a left-hand operand of type 'std::vector' (or there is no acceptable conversion)
  d:\vs\vc\tools\msvc\14.12.25827\include\vector(1804): note: could be 'const _Ty &std::vector<_Ty,_Alloc>::operator [](const _Vector_alloc<_Alloc_types>::_Val_types::size_type) const'
  d:\vs\vc\tools\msvc\14.12.25827\include\vector(1790): note: or       '_Ty &std::vector<_Ty,_Alloc>::operator [](const _Vector_alloc<_Alloc_types>::_Val_types::size_type)'
  d:\info\info_fac\oop\lab poo\note\note\note.cpp(15): note: while trying to match the argument list '(std::vector, int)'
d:\info\info_fac\oop\lab poo\note\note\note.cpp(15): error C2228: left of '.nume' must have class/struct/union
d:\info\info_fac\oop\lab poo\note\note\note.cpp(15): error C2088: '[': illegal for class
d:\info\info_fac\oop\lab poo\note\note\note.cpp(15): error C2228: left of '.nota' must have class/struct/union
  Generating Code...
