  main.cpp
c:\users\alex\desktop\tema2\main.cpp(34): warning C4244: '=': conversion from 'double' to 'float', possible loss of data
c:\users\alex\desktop\tema2\main.cpp(41): warning C4244: 'initializing': conversion from 'float' to 'int', possible loss of data
c:\users\alex\desktop\tema2\main.cpp(42): warning C4244: 'return': conversion from 'int' to 'float', possible loss of data
c:\users\alex\desktop\tema2\main.cpp(48): warning C4244: '=': conversion from 'double' to 'float', possible loss of data
c:\users\alex\desktop\tema2\main.cpp(49): warning C4244: '=': conversion from 'int' to 'float', possible loss of data
c:\users\alex\desktop\tema2\main.cpp(50): warning C4244: 'return': conversion from 'float' to 'int', possible loss of data
c:\users\alex\desktop\tema2\main.cpp(59): warning C4244: '=': conversion from 'float' to 'int', possible loss of data
c:\users\alex\desktop\tema2\main.cpp(71): warning C4244: '=': conversion from 'double' to 'int', possible loss of data
c:\users\alex\desktop\tema2\main.cpp(76): warning C4244: '=': conversion from 'double' to 'float', possible loss of data
c:\users\alex\desktop\tema2\main.cpp(101): warning C4305: 'initializing': truncation from 'double' to 'float'
c:\users\alex\desktop\tema2\main.cpp(154): warning C4244: 'argument': conversion from 'time_t' to 'unsigned int', possible loss of data
c:\users\alex\desktop\tema2\main.cpp(100): warning C4101: 'parinte2': unreferenced local variable
c:\users\alex\desktop\tema2\main.cpp(100): warning C4101: 'parinte1': unreferenced local variable
c:\users\alex\desktop\tema2\main.cpp(256): warning C4244: 'argument': conversion from 'time_t' to 'unsigned int', possible loss of data
c:\users\alex\desktop\tema2\main.cpp(277): warning C4305: '=': truncation from 'double' to 'float'
c:\users\alex\desktop\tema2\main.cpp(278): warning C4305: '=': truncation from 'double' to 'float'
c:\users\alex\desktop\tema2\main.cpp(283): warning C4305: '=': truncation from 'double' to 'float'
c:\users\alex\desktop\tema2\main.cpp(284): warning C4305: '=': truncation from 'double' to 'float'
c:\users\alex\desktop\tema2\main.cpp(339): warning C4244: 'argument': conversion from 'time_t' to 'unsigned int', possible loss of data
c:\users\alex\desktop\tema2\main.cpp(269): warning C4101: 'vect': unreferenced local variable
c:\users\alex\desktop\tema2\main.cpp(273): warning C4101: 'n': unreferenced local variable
  tema2.vcxproj -> E:\University\Anu 2\AG\tema2\Debug\tema2.exe
  tema2.vcxproj -> E:\University\Anu 2\AG\tema2\Debug\tema2.pdb (Full PDB)
